Test verify: done.
Test verify: done.
Test keygen: 0, 1, 2, 3, 4, 5, 6, 7, 8, 9, 10, 11, 12, f correct 
 
g correct 
 
G correct 
 
F correct 
 
h correct 
 
done.
malloc(): corrupted top size
Test sign: sig  
-90, 
 -67, 282, -165, -199, 473, -136, -250, 9, -203, -122, 86, 134, 51, -277, -15, -89, 64, -172, 10, -107, 98, -71, -85, 188, -104, -138, -191, -142, -17, -249, 
 174, -476, -191, 11, -45, -51, 85, -249, 41, 199, 146, 330, -12, -85, 107, 240, 141, -77, -55, 244, -187, 121, 5, 259, -30, 56, -20, 23, 53, -55, 
 33, 405, 305, 192, -254, 26, -94, 131, 85, -58, 62, -435, -183, -98, -19, -136, 89, -168, 224, -27, -86, 262, 18, 274, -335, -24, 70, -33, -178, -43, 
 79, -71, 143, 114, 304, -252, 16, -83, -192, -14, -74, -256, 109, -275, -207, 91, 119, 36, -371, 95, 114, 26, -200, 31, -25, -136, -178, 234, 70, -23, 
 -302, -166, -300, -88, -97, 49, -213, -64, -54, -398, -58, 122, 23, 182, -335, -162, -55, -109, 281, 45, -79, -167, 105, 110, 182, 182, 31, -113, -128, -172, 
 -19, -221, 70, -293, -65, -381, 237, 4, 231, -171, -183, 38, 113, 36, 78, 56, 39, 361, 8, 115, 215, -56, 203, 44, -33, -208, -104, -76, -90, -101, 
 -94, 128, 167, 183, -72, -382, -112, 94, -168, -13, 115, -26, 38, -83, 22, -37, -70, -201, -156, 36, -22, 9, 238, -230, 228, -126, 109, -295, -389, -185, 
 204, 161, -35, -7, -121, -118, -18, 116, 53, 47, 7, -91, -10, 281, -124, 242, 1, 88, -144, 170, 98, 71, 157, 29, -245, 207, 50, 5, 48, -290, 
 -119, 37, 86, -16, 547, -12, -81, 225, -104, 131, -184, 106, 137, 15, 28, -144, -128, 101, 7, -135, 223, 83, -81, 2, -42, -292, 73, -266, 145, 19, 
 -141, 218, -114, -328, 241, 8, -200, -332, -197, -162, 80, -92, 217, -62, -196, 55, -100, 37, -75, -78, -240, 287, -56, 217, -245, 84, -141, 7, -168, 60, 
 -5, -60, 13, 239, 24, -272, -122, -271, 328, -38, 177, 90, 248, -87, -89, -189, 131, 27, 64, -169, -17, 76, -63, 81, 272, -239, 96, -69, -264, 164, 
 136, -225, 199, 10, -45, 328, -275, -175, -425, -93, -87, -97, -95, -334, -345, 142, 116, 65, -392, 15, 195, -46, -174, -60, -254, -16, 11, 114, 72, -166, 
 68, 47, -139, 38, -24, -57, -122, -90, 103, 137, -44, 214, 73, 123, 9, -106, 34, 85, -124, -191, 115, 59, 254, -67, -75, 50, -107, -307, -158, -18, 
 -227, -391, -382, -215, 66, 38, 13, -13, 145, -88, 16, 134, 1, 110, -29, 171, 10, 119, 265, -99, -29, 30, 121, -142, -63, 68, -157, -116, 116, -367, 
 35, -219, 122, -159, 27, 32, 80, -52, 59, -10, -36, -224, 15, -144, -181, -100, -304, 128, -67, -311, 437, 82, 26, 19, -84, -351, -15, 297, -57, 68, 
 -13, -9, 208, -48, 181, -264, -106, 124, -226, 173, 29, 67, -146, 93, 24, 239, 154, 62, -105, -270, -176, 15, 167, 102, -152, 236, 65, 208, 61, 121, 
 87, 77, -33, 102, 63, -395, 181, -133, -63, 6, -48, -61, 97, -76, -39, -30, -298, -151, 116, 41, 288, 48, -223, 298, 123, 205, -26, 75, -64, 196, 
 -105, 61, 158, 44, -106, 61, 61, -110, -213, 207, 45, 125, 34, 23, -3, -228, 54, -37, 0, -100, 117, -96, -157, 226, -219, -38, 141, -314, 126, 167, 
 104, -83, -119, 9, -95, 55, 247, -25, 116, -154, -189, 59, -163, -1, -139, -136, -102, 18, 194, 233, 153, 152, 62, 379, 73, 177, -393, 35, 93, 127, 
 -190, -163, 112, -139, -35, 5, 230, 191, -92, 45, 71, -53, 136, -413, 43, 306, -27, -196, 1, -78, 132, -85, 31, -89, -77, 242, 242, 4, 267, -34, 
 -19, 256, 116, 265, 20, -178, -47, 246, -115, -299, -211, -166, -333, 353, 305, 11, 209, 152, -438, -3, -71, 94, -103, 255, -361, 212, -125, 344, 25, 19, 
 -57, 200, 131, 248, -221, -66, 200, -72, 4, -80, 106, 149, -32, -60, -179, -196, 60, -247, -254, 105, 148, 275, 102, 341, 93, 85, -50, 62, 72, -82, 
 -23, -138, -183, 184, -289, 57, -107, 76, 240, 26, -11, 136, -246, -8, 135, -199, 87, -201, 279, 223, -167, 21, -227, -186, 417, -216, -114, -251, 70, -51, 
 110, -145, -115, -6, 237, 175, 85, 99, 64, 131, -228, 57, 210, -215, -79, -51, 31, -229, -100, -208, 83, -372, -152, 18, 314, -15, -378, 177, 155, 128, 
 -13, -309, 303, -38, -56, 81, -100, -15, -29, 38, -94, 163, 165, -166, -155, -207, -37, -6, 250, -34, 61, 17, -4, -143, 404, 92, 102, 223, -38, 259, 
 93, 65, -73, -40, 161, 211, -141, 177, 101, -272, -396, -130, -137, 254, -130, -462, 468, 26, -79, -154, -8, 103, 152, -94, -47, 466, 96, 41, 173, 36, 
 -25, 146, 41, -151, -237, 195, -49, 162, -227, -224, -128, -141, 104, -53, 186, -104, -265, 186, 213, 5, -5, 151, 292, 146, -563, -25, 198, -304, 239, 20, 
 144, -82, 17, -106, 135, -72, 95, -110, 219, -437, 116, -305, -68, 95, -85, -277, 62, -15, -264, -152, -23, -203, -197, -141, 294, -92, 18, 51, 198, 35, 
 90, 220, 16, -108, 151, 44, 224, 118, -154, -36, -121, -72, 30, 81, -26, 265, -355, -213, -150, 298, -201, 110, -107, 170, -157, -6, 212, -64, 185, -211, 
 67, -305, 173, -383, 117, -160, -225, 129, -244, 294, 10, 16, 299, 104, -58, -337, -18, 166, 89, 222, 136, 101, 110, -36, -299, 12, -4, 172, -215, -22, 
 -63, -63, 129, -88, -144, 198, -7, 277, -190, 85, 38, 195, -151, -76, -143, 61, 86, 48, -183, 148, 86, -180, 42, 85, -369, -61, -79, -6, 250, -394, 
 -252, -14, 303, -81, 62, -64, -278, -326, 46, -58, 175, 179, 80, -41, 120, -159, -89, 337, -134, 354, -312, -100, 168, 28, -92, 13, -82, 226, 7, -34, 
 -137, 281, -36, -121, 153, -435, -19, -175, -357, -218, 217, 230, -152, 56, 86, 93, 150, 73, -509, -205, 282, 11, 43, -51, -59, -324, 50, 204, 53, 15, 
 250, -9, 195, 239, -70, 5, -154, -215, 94, -35, 161, -18, 219, 65, -81, -189, 7, 19, -121, 410, 114, 214, 80, 7, 42, 101, 13, -252, -34, -189, 
 7, 3, -45, 
 
. done.
Test keygen: 0, 1, 2, 3, 4, 5, 6, 7, 8, 9, 10, 11, 12, f correct 
 
g correct 
 
G correct 
 
F correct 
 
h correct 
 
done.
