#-----------------------------------------------------------
# Vivado v2022.1 (64-bit)
# SW Build 3526262 on Mon Apr 18 15:47:01 MDT 2022
# IP Build 3524634 on Mon Apr 18 20:55:01 MDT 2022
# Start of session at: Thu May 23 13:06:44 2024
# Process ID: 11076
# Current directory: /home/ubuntu/fsic_pqc/vivado/vitis_prj/hls_userdma/hls_userdma.prj/solution1/sim/verilog
# Command line: vivado -source open_wave.tcl
# Log file: /home/ubuntu/fsic_pqc/vivado/vitis_prj/hls_userdma/hls_userdma.prj/solution1/sim/verilog/vivado.log
# Journal file: /home/ubuntu/fsic_pqc/vivado/vitis_prj/hls_userdma/hls_userdma.prj/solution1/sim/verilog/vivado.jou
# Running On: ubuntu2004, OS: Linux, CPU Frequency: 2592.000 MHz, CPU Physical cores: 2, Host memory: 10425 MB
#-----------------------------------------------------------
start_gui
source open_wave.tcl
# current_fileset
WARNING: [Board 49-26] cannot add Board Part xilinx.com:vpk120_es:part0:1.2 available at /tools/Xilinx/Vivado/2022.1/data/xhub/boards/XilinxBoardStore/boards/Xilinx/vpk120/es/1.2/board.xml as part xcvp1202-vsva2785-2mp-e-s-es1 specified in board_part file is either invalid or not available
WARNING: [Board 49-26] cannot add Board Part xilinx.com:vpk120_es_revb:part0:1.0 available at /tools/Xilinx/Vivado/2022.1/data/xhub/boards/XilinxBoardStore/boards/Xilinx/vpk120_revb/es/1.0/board.xml as part xcvp1202-vsva2785-2mp-e-s-es1 specified in board_part file is either invalid or not available
WARNING: [Board 49-26] cannot add Board Part xilinx.com:zcu208ld:part0:2.0 available at /tools/Xilinx/Vivado/2022.1/data/xhub/boards/XilinxBoardStore/boards/Xilinx/zcu208ld/production/2.0/board.xml as part xczu58dr-fsvg1517-2-i specified in board_part file is either invalid or not available
WARNING: [Board 49-26] cannot add Board Part xilinx.com:zcu216ld:part0:2.0 available at /tools/Xilinx/Vivado/2022.1/data/xhub/boards/XilinxBoardStore/boards/Xilinx/zcu216ld/production/2.0/board.xml as part xczu59dr-ffvf1760-2-i specified in board_part file is either invalid or not available
WARNING: [Board 49-26] cannot add Board Part xilinx.com:zcu670:part0:2.0 available at /tools/Xilinx/Vivado/2022.1/data/xhub/boards/XilinxBoardStore/boards/Xilinx/zcu670/2.0/board.xml as part xczu67dr-fsve1156-2-i specified in board_part file is either invalid or not available
WARNING: [Board 49-26] cannot add Board Part xilinx.com:zcu670ld:part0:1.0 available at /tools/Xilinx/Vivado/2022.1/data/xhub/boards/XilinxBoardStore/boards/Xilinx/zcu670ld/1.0/board.xml as part xczu57dr-fsve1156-2-i specified in board_part file is either invalid or not available
INFO: [IP_Flow 19-234] Refreshing IP repositories
INFO: [IP_Flow 19-1704] No user IP repositories specified
INFO: [IP_Flow 19-2313] Loaded Vivado IP repository '/tools/Xilinx/Vivado/2022.1/data/ip'.
current_fileset: Time (s): cpu = 00:00:08 ; elapsed = 00:00:05 . Memory (MB): peak = 7557.484 ; gain = 38.617 ; free physical = 1087 ; free virtual = 16375
# open_wave_database userdma.wdb
INFO: [Wavedata 42-564]   Found protocol instance at /apatb_userdma_top/AESL_inst_userdma/AESL_inst_userdma_activity
INFO: [Wavedata 42-564]   Found protocol instance at /apatb_userdma_top/AESL_inst_userdma/entry_proc_U0/entry_proc_U0_activity
INFO: [Wavedata 42-564]   Found protocol instance at /apatb_userdma_top/AESL_inst_userdma/getinstream_U0/getinstream_U0_activity
INFO: [Wavedata 42-564]   Found protocol instance at /apatb_userdma_top/AESL_inst_userdma/getinstream_U0/grp_getinstream_Pipeline_VITIS_LOOP_80_1_fu_93/grp_getinstream_Pipeline_VITIS_LOOP_80_1_fu_93_activity
INFO: [Wavedata 42-564]   Found protocol instance at /apatb_userdma_top/AESL_inst_userdma/paralleltostreamwithburst_U0/grp_paralleltostreamwithburst_Pipeline_VITIS_LOOP_131_2_fu_115/grp_paralleltostreamwithburst_Pipeline_VITIS_LOOP_131_2_fu_115_activity
INFO: [Wavedata 42-564]   Found protocol instance at /apatb_userdma_top/AESL_inst_userdma/paralleltostreamwithburst_U0/paralleltostreamwithburst_U0_activity
INFO: [Wavedata 42-564]   Found protocol instance at /apatb_userdma_top/AESL_inst_userdma/sendoutstream_U0/sendoutstream_U0_activity
INFO: [Wavedata 42-564]   Found protocol instance at /apatb_userdma_top/AESL_inst_userdma/streamtoparallelwithburst_U0/grp_streamtoparallelwithburst_Pipeline_VITIS_LOOP_27_2_fu_115/grp_streamtoparallelwithburst_Pipeline_VITIS_LOOP_27_2_fu_115_activity
INFO: [Wavedata 42-564]   Found protocol instance at /apatb_userdma_top/AESL_inst_userdma/streamtoparallelwithburst_U0/streamtoparallelwithburst_U0_activity
open_wave_config /home/ubuntu/fsic_pqc/vivado/vitis_prj/hls_userdma/hls_userdma.prj/solution1/sim/verilog/userdma.wcfg
current_wave_config {userdma.wcfg}
userdma.wcfg
add_wave {{/apatb_userdma_top/AESL_inst_userdma/s2m_buf_sts}} 
current_wave_config {userdma.wcfg}
userdma.wcfg
add_wave {{/apatb_userdma_top/AESL_inst_userdma/m2s_buf_sts}} 
current_wave_config {userdma.wcfg}
userdma.wcfg
add_wave {{/apatb_userdma_top/AESL_inst_userdma/sendoutstream_U0_m2s_buf_sts}} 
close_sim
INFO: [Simtcl 6-16] Simulation closed
exit
INFO: [Common 17-206] Exiting Vivado at Thu May 23 13:13:22 2024...
