00000000
40b6e000
00000000
40c2e400
fffffff8
40761fff
00000000
40c2fb80
fffffffe
40bd14ff
ffffffff
40b88aff
00000000
40c46f00
00000001
40c0c600
fffffff0
40553fff
ffffffff
40adffff
fffffff0
40633fff
ffffffff
40b2f4ff
00000000
40c32900
00000000
40a38400
00000002
40b89100
00000000
40c5e080
00000002
40c51200
00000004
40951000
00000001
40b31700
00000001
40c36480
00000002
40b8ce00
00000000
40c62a80
00000000
40c19f00
00000001
40c04980
fffffffc
40996fff
00000000
40ba2800
00000002
40bb6d00
00000000
40bd1900
ffffffff
40c7387f
00000002
40ba0f00
00000001
40b94c00
00000000
40c16800
ffffffff
40b55fff
ffffffff
40c1c77f
00000000
40c6b280
00000000
40b37900
00000000
40c70b80
00000001
40be6300
fffffffe
40b85bff
fffffffe
40b30fff
00000002
40ab1a00
00000001
40a37a00
ffffffe6
407c6fff
00000000
40c18400
00000003
40bebd00
00000002
40c34780
fffffffe
40ada5ff
fffffffe
40c482ff
00000060
40380000
00000001
40c20780
00000004
409a1000
00000000
40c57b80
00000002
40b73100
00000001
40c4a980
00000000
40ba7c00
00000002
4095fc00
ffffffe8
40629fff
0000000c
408cd000
fffffff8
408b9fff
fffffffe
40b3e3ff
00000002
40bd3d00
00000000
40c54f00
00000002
40a93e00
fffffffe
40c326ff
ffffffff
40c1ee7f
00000000
40b2d500
00000000
40be9500
ffffffff
40c3ea7f
00000000
40c34080
00000003
409a4800
fffffffe
40b5b6ff
00000000
40c33380
ffffffff
40c3dfff
00000000
40ad6a00
ffffffff
40c3a37f
fffffffe
40c797ff
fffffffd
40b410ff
00000001
40c6fb80
00000002
40be8e00
fffffff7
40a2a3ff
00000001
40bd9400
00000000
40bc0400
00000000
40a3de00
fffffffc
40ad2dff
00000000
40b6d200
00000000
40c2d180
00000000
40b90200
00000000
40c64c00
00000001
40c06180
00000000
40c19700
ffffffff
40c3587f
00000000
40b94000
ffffffff
40be66ff
00000001
40bf9700
fffffff0
407d4fff
ffffffff
40b65aff
ffffffff
40c14f7f
fffffff2
40949fff
00000000
40b04b00
00000002
40b34e00
ffffffff
40bf63ff
00000000
40bc0100
fffffff8
40909bff
fffffffc
409617ff
fffffffe
40b0c1ff
00000004
40af5e00
ffffffff
40a68bff
ffffffff
40b58fff
00000000
40bcee00
00000000
40b88b00
fffffff0
409afbff
ffffffec
4087a7ff
fffffffd
40a439ff
ffffffff
40b393ff
00000001
40c44f00
0000000e
4075b000
00000002
40a70200
00000000
40b38100
fffffffd
40ab9dff
00000002
40c7a300
00000001
40b01500
00000001
40c39a80
00000000
40c27e80
fffffffe
40ac11ff
fffffff6
4082f7ff
00000002
40ba0b00
00000000
40c61200
00000008
40a6be00
fffffffe
40b575ff
ffffffff
40c4767f
00000000
40b35900
00000000
40b56700
00000002
40bf4c00
00000000
40ba5900
fffffffe
40b0e6ff
ffffffff
40be3aff
00000001
40b35200
fffffff9
409c97ff
fffffffe
40c111ff
fffffffe
40c5f87f
ffffffff
40c458ff
fffffffd
4094e3ff
ffffffff
40a0ddff
fffffffc
40b7d6ff
00000000
40c45980
00000002
40bac400
fffffffe
40c552ff
fffffff8
4083cfff
ffffffff
40a0c5ff
00000000
40c58980
00000000
405cc000
00000001
40c74f00
ffffffff
409f5fff
00000000
40b4a300
fffffffe
40c2efff
00000000
40b4db00
00000004
40bfaf00
00000000
40c4b000
00000000
40b16800
00000000
40aea000
00000000
40c5c180
00000002
40bba800
fffffffd
40baadff
00000000
40713000
fffffffe
40c67dff
00000000
40bef800
ffffffff
40c0a8ff
fffffffe
40be0eff
fffffffb
409a4bff
00000001
40c67680
fffffffd
40b6eeff
fffffffe
40c5ce7f
ffffffff
40bbbbff
00000018
40895000
fffffffe
40beb0ff
fffffffd
40b654ff
00000000
40c3db00
00000002
40c1d500
ffffffff
40c5dcff
00000000
40c4d780
00000008
4080c000
0000000a
40870800
00000000
40c7ec00
fffffffd
40b8d0ff
00000000
40c0b000
fffffffe
40aec1ff
00000000
40b3aa00
00000000
40ae9a00
00000000
40c10380
00000001
40c08700
fffffffe
40c444ff
00000002
40a8ba00
ffffffff
40b18cff
ffffffff
40c19fff
fffffffb
40a0b7ff
fffffffe
40c1a57f
00000001
40bd2400
00000000
40b26f00
fffffffd
40abbfff
fffffffe
40bb66ff
fffffffe
40b174ff
ffffffff
40c1eaff
fffffffc
40b769ff
fffffffd
40c1deff
00000000
40b91600
00000002
40c5bd00
fffffffc
40a76fff
fffffffe
409edfff
00000000
40c13100
00000003
409fc400
00000000
40c65880
00000006
409d2000
00000000
40c0af80
fffffff6
408317ff
ffffffff
40a6edff
ffffffff
40c656ff
ffffffff
40a205ff
00000002
40b6e400
ffffffff
40b5b1ff
fffffffa
408727ff
ffffffff
40b976ff
00000002
40c15a80
fffffffa
40a713ff
00000000
40b65400
00000000
40bb5200
fffffff9
40ab9fff
ffffffff
40bbfbff
fffffffe
40b49fff
fffffffa
40ab09ff
fffffffe
40b7ceff
00000000
40b57a00
00000001
40c64280
00000000
40c6a400
00000000
40c23580
ffffffff
40c7ab7f
00000000
40b41100
fffffffc
40a6d5ff
00000003
40b5ab00
ffffffff
40c21eff
00000001
40ba4a00
00000004
40a3a200
00000000
40c07600
00000001
40c43e00
fffffffc
40a223ff
ffffffff
40c774ff
00000001
40c6e380
00000000
40b17c00
fffffffd
40c0ba7f
fffffff8
409e97ff
00000000
40a24e00
fffffff7
40a09bff
fffffffd
40ba66ff
fffffffc
40b83eff
00000003
40c0dc80
00000002
40c28c00
00000002
40b6c300
00000001
40b4db00
fffffffc
40a4d1ff
00000000
40b16900
00000000
40c7e780
fffffffe
40b8e0ff
00000004
40925800
00000000
40b8a100
00000001
40c4f300
00000002
40b7ae00
fffffffe
4096f7ff
fffffec0
4043ffff
fffffffb
40abe7ff
00000000
40b6c100
00000001
40c21400
fffffffe
40a7abff
00000002
40bffd00
00000000
40b18f00
00000002
40c56680
00000002
40bd8400
00000001
40c46600
fffffffe
40aeb1ff
0000000a
40aa1000
00000005
40be2700
00000003
40be1500
00000006
40aea000
00000004
40a95000
fffffffe
40b507ff
00000006
40b80e00
00000002
40c44480
00000001
40c2c180
00000002
40c69b80
00000000
40c63d80
00000001
40b97300
fffffff0
4077efff
00000001
40c56100
ffffffff
40c430ff
00000000
40c55680
00000000
40c29600
fffffffc
40a401ff
00000000
40c21000
00000000
40c67080
00000007
40b76500
00000000
40b72b00
00000002
40c53600
ffffffff
40b6fbff
00000002
40c27400
00000001
40c77e80
ffffffff
40b098ff
00000003
40b27100
00000002
40c64980
00000001
40b97400
fffffff0
408cb7ff
00000000
40c26300
00000000
40af6a00
ffffffff
40a5f9ff
fffffffd
40b920ff
00000007
40afb800
00000003
40b85500
00000002
40c23600
00000000
40c06600
00000005
40ac8e00
0000000a
40af8c00
00000004
40c64480
00000001
40c63f80
00000000
40b9e000
fffffffc
40bb34ff
fffffff0
40928bff
fffffffe
40be61ff
ffffffff
40c29a7f
fffffffd
40b4a9ff
fffffffd
40b1ecff
fffffffa
409ba7ff
00000001
40c33600
fffffff8
409cdbff
fffffffc
40b476ff
fffffffe
40c749ff
00000001
40b31900
00000000
40c00a00
fffffff4
409aabff
fffffffc
40b666ff
00000001
40b36e00
00000000
40a3c600
fffffff0
407c0fff
00000000
40a5a000
00000000
40c79000
00000000
40c34180
00000002
40c42980
fffffff4
40ab05ff
00000002
40b27f00
00000000
40c2de80
ffffffe8
4077ffff
ffffffe8
409293ff
00000004
40bd7c00
00000000
40b61d00
fffffffe
40c721ff
00000001
40c2bd80
00000000
40ba5d00
fffffff0
409e3fff
00000000
40bb5600
fffffffe
40c6feff
fffffffc
40a679ff
00000000
40aa7200
00000003
40a13e00
ffffffff
40c347ff
00000002
40b0fe00
00000002
40c5a280
00000001
40c37080
ffffffe0
407c6fff
00000008
40a3f000
00000001
40c0ce80
00000000
40c36d00
fffffffe
40b929ff
00000003
40bc4e00
00000003
40a8aa00
00000002
40c53080
fffffffa
40b22fff
00000008
409a0c00
00000002
40c27780
fffffff8
40984bff
fffffffc
40c0c9ff
00000003
40b57700
fffffff3
408bbfff
fffffffe
40bf70ff
00000001
40c58a00
fffffffe
40a78dff
00000003
40c42a00
00000009
40a72200
00000000
40a60000
00000000
40c25180
ffffffff
40c168ff
00000004
40b5ac00
00000001
40bb3600
00000001
40c04c00
00000000
40c18600
00000000
40c18300
00000000
406c0000
00000003
40b97c00
00000002
40bf1a00
fffffffe
40bb65ff
00000004
40b0ad00
00000003
40c76080
00000000
40c2db80
fffffffe
40b8a4ff
ffffffff
40c58cff
00000006
40a73600
00000020
407a1000
ffffffff
40a123ff
fffffffe
40c1efff
00000000
40c13500
ffffffff
40a4e9ff
00000010
4087d800
fffffffd
40bcd8ff
00000002
40bfa300
fffffff8
409f03ff
00000001
40c6b100
fffffffe
40b0f6ff
00000000
40b22600
00000002
40b0ea00
00000004
40a19e00
fffffff7
40aa09ff
00000002
40b17200
00000002
40b93700
00000004
40bda300
00000000
40bd3b00
00000000
40b83d00
fffffffe
40b1c8ff
ffffffff
40b5dcff
00000007
40a8d600
00000007
40bb4100
00000003
40b93e00
fffffffe
40bb15ff
00000005
40bd2800
00000002
40c6ea00
00000001
40c1e300
00000004
40bc1800
fffffffe
40b130ff
00000006
40b7d100
00000004
40c74600
00000010
40840000
00000000
40c1ab80
00000008
4091a400
fffffffe
40b85aff
00000004
40be7000
00000001
40c3d500
00000005
40bdbf00
00000002
40c6e000
fffffffd
40b275ff
00000000
40bb2600
00000002
40b0bf00
0000000a
40b53e00
00000008
40adfe00
00000002
40ab8400
fffffffe
40c0e6ff
ffffffe0
4071efff
fffffffe
40c6d7ff
00000002
40ba9600
00000005
40a14200
00000001
40c12b00
00000001
40c00800
00000001
40c25580
00000002
40bde600
00000000
40c39d80
fffffffe
40c5c07f
fffffffc
40ae4dff
00000003
40c67c80
ffffffff
40c640ff
00000010
4074f000
00000002
40acc200
00000006
40b6e600
00000000
40b6ef00
fffffffb
40a93fff
fffffec0
4056bfff
00000000
40b7c000
00000002
40a94a00
fffffffd
40b0d5ff
00000000
40b80000
00000003
40c7c400
00000001
40c3f380
ffffffff
40c0ea7f
00000002
40c4db80
00000000
40c54e80
fffffffa
40a289ff
00000000
40bbf900
ffffffff
40bd47ff
00000001
40c59500
ffffffff
40b9a9ff
fffffff8
408157ff
ffffffff
40c7017f
00000004
409a3000
fffffffe
40ac39ff
00000001
40c00680
00000002
40bec500
00000008
40a46200
00000000
40ae8e00
00000000
40c62700
00000000
4081d000
00000001
40c12b00
00000002
40c6d680
00000000
40b78400
fffffffc
40a6e9ff
00000005
40b68100
ffffffff
40bc73ff
00000000
408f5000
fffffffe
40c0627f
00000003
40c12800
0000000b
40a32800
00000001
40b68200
fffffff8
40ae83ff
00000000
40beee00
00000001
40b2aa00
ffffffd8
407ccfff
fffffffe
40bb9fff
00000001
40b5f600
00000006
40bc1900
00000002
40c62080
00000002
40a80200
00000000
40baca00
fffffffc
40ae77ff
fffffffd
40b88eff
00000000
40c60e00
00000001
40c5a400
00000002
40b8d100
fffffffe
40ac59ff
00000000
40bf9a00
00000001
40c6d400
00000000
40c2f900
fffffffc
40bd56ff
ffffffff
40a405ff
00000001
40c4ed80
00000000
40a39800
00000000
40be7900
fffffff9
40a3f9ff
00000008
408ca000
00000008
40943c00
ffffffff
40b9faff
fffffffe
40b911ff
00000000
40c3be00
00000000
40c5e880
00000002
40c23d00
fffffffc
40ba50ff
00000002
40c45480
00000002
40a71e00
ffffffec
409433ff
00000001
40c2b200
00000002
40c78000
ffffffff
40c5127f
00000001
40c6c280
00000000
40c46f00
00000002
40bc1300
00000000
40c05780
00000000
40a3c600
fffffffe
40c7c97f
0000000a
40ae2e00
00000008
40afb200
00000001
40c32c00
00000008
4086f000
00000006
40aa7a00
00000002
40c7a000
00000004
40bc4100
00000002
40b36000
00000000
40b1da00
00000009
40a4c400
00000000
4089a000
fffffffc
40b8edff
0000001c
4083c000
00000002
40c58780
00000004
40bc7000
fffffff8
40aad5ff
00000002
40a36400
00000008
409de400
00000002
40bb6f00
00000001
40c29e80
00000001
40c41400
00000002
40b7c100
fffffffe
40ac7bff
00000000
40c7f500
00000048
407a8000
00000002
40c10e80
00000000
40b27500
0000000c
40980c00
fffffffd
40ba2fff
00000000
40c31200
fffffffc
40b977ff
fffffffe
40bc4bff
fffffffa
40aae5ff
00000000
40c47f00
fffffffe
40c745ff
00000000
40c75400
00000004
40ad6e00
fffffffa
40a5c9ff
fffffffc
40b624ff
00000002
40c34180
fffffffc
408407ff
00000010
407bb000
ffffffff
40c5a1ff
fffffffe
40a3cfff
00000007
40ab9c00
00000000
40c06300
00000001
40c70600
fffffffe
40bcaaff
fffffffc
40b455ff
00000010
4087c000
00000002
40c22700
fffffffe
40c2a47f
00000001
40c11a00
fffffffd
40b791ff
fffffffe
40c31d7f
fffffffb
40b0ceff
00000000
40904c00
fffffffc
40b5c6ff
00000000
408ae000
fffffff8
40a479ff
00000000
40c60800
ffffffff
40c7967f
00000000
40bf6300
fffffffc
40b466ff
00000000
40b1e700
fffffffe
40bf0eff
ffffffff
40c5eaff
00000000
40c56d80
00000007
40aba200
00000000
40be3300
fffffffe
40bf9dff
fffffffe
40b6cdff
00000030
406be000
00000000
40b0b300
00000000
40c37280
fffffffa
40a047ff
00000003
40b74300
00000002
40af5600
00000003
40bde900
fffffffe
40c1ea7f
00000008
40ac1a00
00000000
40a53000
00000000
40c4f280
fffffffe
40c434ff
fffffffe
40ac85ff
00000008
4075e000
00000000
40a8c200
00000000
40c64400
0000000a
409c8400
00000004
40b3b900
00000001
40be7e00
fffffffc
409253ff
00000001
40c68b00
00000000
40c0af80
00000002
40bde000
00000002
40c00380
00000001
40b24900
fffffffe
40bb8dff
fffffff4
409c3fff
fffffff6
40a5dbff
00000000
40a2b400
00000000
40aed000
00000000
40b6fb00
fffffffe
40c7217f
00000008
409b6400
fffffffe
40c503ff
ffffffff
40c1897f
fffffffe
40c7197f
00000004
40ba7a00
00000000
40c0c400
fffffffe
40bad3ff
ffffffff
40b28aff
ffffffff
40ba13ff
00000003
40b59900
00000004
40b26300
fffffffd
40c2bdff
00000002
40b72700
00000000
40c5e000
fffffffe
40c7f8ff
00000001
40b96100
ffffffff
40bc6dff
00000001
40c2a200
00000004
40bd7200
fffffff8
40a19fff
00000002
40c73780
fffffffc
40b753ff
00000001
40c6cc80
ffffffff
40c4aaff
00000000
40bf1b00
00000000
40c20000
ffffffff
40bd9cff
00000000
40c50d00
00000002
40c53280
00000000
40abd800
fffffffe
40c33eff
ffffffff
40c4997f
00000000
40b5a700
00000001
40c6ac80
00000004
40a8e400
fffffff8
40a719ff
00000028
408d4000
00000002
40c03d80
00000000
40b18a00
ffffffff
40bc18ff
00000001
40c45d00
00000002
40b7de00
00000000
40c6ba80
00000001
40bbe200
00000002
40c0c880
00000000
40bcf200
00000000
40b52200
fffffffe
40accfff
00000002
40c52080
00000006
40bbb500
00000004
40943400
00000002
40b8d500
fffffffe
40c3fbff
ffffffff
40c5237f
fffffffc
40af93ff
fffffffd
40b600ff
fffffff8
40957bff
fffffff6
40ad45ff
fffffffd
40bc66ff
ffffffff
40b14aff
fffffffe
409ce3ff
00000000
40aa3000
ffffffc8
4073dfff
fffffffc
40ab67ff
00000002
40a1c000
00000000
40c3c880
00000000
40c52680
fffffffe
40b3fbff
00000000
40a40e00
fffffffa
4098a7ff
ffffffff
40b85cff
fffffff0
408ee7ff
00000000
40c0a980
00000000
407d5000
fffffffb
40ba22ff
ffffffec
409777ff
00000002
40c42080
00000000
40bd8700
fffffffd
40c549ff
00000001
40c6b700
00000002
40b07800
00000000
40c4e900
fffffffe
40c0587f
00000002
40a8de00
00000000
40c21900
fffffffe
40c5d47f
00000000
40a2ea00
fffffff6
40a9d1ff
fffffffa
40a37dff
ffffffff
40c503ff
fffffff0
409f1fff
00000002
40b18e00
00000000
40ab7400
00000002
40a52a00
fffffffe
40c0b87f
fffffff0
4092e3ff
00000002
40c57880
00000002
40c1ed80
00000000
40c49200
fffffff2
4093bbff
00000002
40b58c00
00000000
40c6fa80
00000002
40c07e80
fffffff8
40a509ff
00000006
40915c00
00000001
40c22800
fffffffa
40ab07ff
fffffffa
40bccbff
00000002
40bf1700
ffffffff
40bb2aff
fffffffe
40c7f07f
00000001
40bc4a00
00000000
40c37f80
0000000a
40a34800
00000000
40b98600
00000004
40a1a600
00000001
40c1f700
00000000
40b68400
00000001
40bca900
00000001
40b4b400
00000001
40a8b400
00000000
40c08c00
fffffffe
40b36fff
0000001c
40806800
ffffffff
40a6adff
00000002
40b47800
fffffffb
40ade7ff
00000001
40bc9300
00000001
40c06580
ffffffd8
4035ffff
00000002
40b82b00
fffffffd
40b714ff
00000006
40a52200
00000003
40a57400
00000001
40c0fa00
fffffffd
40ba66ff
fffffff3
408c77ff
00000002
40c1cb80
00000002
40c06e80
00000000
408d2800
00000004
40bf0200
00000004
40bfa200
fffffff5
407c8fff
ffffffff
40a571ff
00000007
40a0be00
fffffffd
40ae91ff
fffffff0
40843fff
00000004
40ba5000
00000001
40bff500
fffffffd
40b522ff
00000001
40c50d80
ffffffff
40c4e87f
00000001
40b7b300
ffffffff
40c1fa7f
00000001
40c4fb80
00000001
40c43a00
fffffffe
40b726ff
00000002
40c58580
00000000
40c24580
00000005
40ad2a00
00000000
40c6ca00
00000001
40b2c800
ffffffff
40aa87ff
ffffffe1
408227ff
00000003
40b58c00
00000006
40ad9400
ffffffff
40c1747f
00000000
40c2bc00
00000002
40c56700
fffffffe
40855fff
fffffdb0
4021ffff
00000002
40c67980
00000003
40bf0d00
00000007
4089c800
ffffffe1
408effff
fffffffc
40a0d1ff
00000001
40b12d00
00000004
40bc2700
ffffffff
40a469ff
fffffffd
40a441ff
ffffffff
40b085ff
fffffffd
40aed7ff
ffffffff
40b876ff
fffffff9
40a793ff
00000002
40b5cf00
00000000
40b8a900
fffffffe
40b3e3ff
ffffffff
40b40dff
00000002
40ba7b00
00000000
40bfd500
00000000
40c2fe00
ffffffff
40c149ff
00000002
40b47600
00000002
40b15200
00000000
40b8ce00
00000000
40b6a400
fffffffd
409f0bff
00000000
40b4a400
00000002
40a05e00
00000001
40c70300
fffffffe
40a859ff
00000003
40bda700
00000000
40c6d580
00000002
40af3c00
ffffffff
40b2e5ff
0000000e
4072a000
fffffffc
40b0abff
00000000
40c38480
00000002
40c5ec80
00000004
40c5eb80
00000000
40b09400
00000001
40c19900
fffffffd
4093fbff
00000000
40c26600
fffffffd
40be89ff
fffffffa
40bf05ff
00000000
40b9e300
ffffffff
40a399ff
ffffffff
40a32fff
00000001
40c68f00
00000000
40a8fa00
00000001
40b0f100
00000001
40c7c000
00000001
40c0ae80
00000001
40c03e00
00000004
40b5d600
fffffffe
40c5e0ff
00000001
40c27c80
00000001
40af1400
00000002
40acb000
fffffff5
40a245ff
fffffffd
40be0aff
00000002
40b68b00
00000002
40c05e80
ffffffff
40c0857f
ffffffff
40b840ff
fffffff0
408fe7ff
00000012
4084c800
ffffffff
40c2b9ff
00000001
40b70c00
fffffffd
40b74dff
00000006
40bccc00
ffffffe9
40898fff
ffffffff
40a717ff
ffffffff
40b8dfff
00000000
40c33600
00000006
40af2e00
00000001
40c0f980
00000004
40bce800
00000002
40a61c00
ffffffff
40b5a2ff
00000004
40bb8700
00000001
40c72900
00000002
40c44680
fffffff9
40acd1ff
00000000
40bb9f00
00000005
40aad200
00000001
40b2b300
fffffffe
40bc93ff
00000001
40c73980
fffffff8
408dcfff
00000001
40bb1400
ffffffef
407affff
00000002
40b8bc00
ffffffff
40b5f5ff
fffffffc
40b3c0ff
00000000
40c4d700
fffffff0
40858fff
00000001
40b2a200
00000003
40c35e80
00000001
40b74100
00000000
40c14d00
00000000
40c06b80
0000001e
40879800
00000000
40ba0400
fffffffd
408787ff
ffffffff
40ba07ff
00000002
40b3cc00
00000001
40aa5e00
fffffffa
409957ff
00000000
40bbb800
00000003
40ad6600
ffffffff
40b6f0ff
fffffffa
40960fff
00000002
40b84600
00000003
40c51300
fffffff9
4094e7ff
00000001
40c5b680
ffffffff
40c234ff
00000001
40bfdb00
fffffffe
40c1ed7f
00000003
40bf6b00
00000001
40c4c580
00000002
40c31d80
00000002
40c7ee80
fffffff8
40a1ffff
00000003
40b80900
00000037
40780000
ffffffff
40bf33ff
00000001
40c72f80
00000003
40b01d00
00000002
40b93d00
fffffff5
409777ff
ffffffc5
40605fff
fffffffc
40af01ff
00000003
40c56c80
00000000
40c5b080
00000000
40c5fd00
fffffffe
40ba45ff
00000000
40c3ba00
ffffffff
40b6efff
00000001
40c0a080
00000001
40b64e00
00000001
40c2e800
fffffffc
409063ff
fffffffe
40bef5ff
00000005
40823000
ffffffff
40b790ff
ffffffed
408bafff
fffffffc
40b68bff
00000003
40b33700
00000000
40a66600
00000001
40b8a700
ffffffff
40c3707f
00000002
40c24500
00000000
40bb0c00
ffffffb5
40681fff
00000001
40b6d400
00000006
40be3100
00000003
40b3ca00
ffffffff
40c2dfff
00000000
40c69e00
00000002
40b59100
00000011
407c7000
00000001
40c5da80
00000001
40c51880
00000007
40985c00
00000004
40b67a00
fffff4f9
400fffff
00000003
40b49100
00000002
408c9800
fffffffd
40b65cff
fffffffe
40b535ff
00000001
40c55300
00000001
40b6db00
00000001
40b77c00
00000000
40c42d00
fffffff7
40a363ff
fffffffc
40af71ff
fffffffe
40b856ff
00000003
40bd7900
00000001
40c5f480
00000000
40c2e580
00000007
409f0400
00000000
40c0df80
fffffffe
40b40dff
00000000
40b0cf00
00000002
40c7c880
00000003
40c5d380
00000003
40bc0c00
00000013
40874000
00000009
40a7fc00
ffffffff
40b656ff
fffffffc
40b9cbff
00000002
40c64080
00000000
40b97600
fffffffb
40a225ff
00000001
40a2a400
00000001
40b5e200
00000005
40ab6200
00000002
40c6ab80
00000000
40c2ed00
