

================================================================
== Vitis HLS Report for 'streamtoparallelwithburst_Pipeline_VITIS_LOOP_29_2'
================================================================
* Date:           Fri May 24 13:42:55 2024

* Version:        2022.1 (Build 3526262 on Mon Apr 18 15:47:01 MDT 2022)
* Project:        hls_userdma.prj
* Solution:       solution1 (Vivado IP Flow Target)
* Product family: zynq
* Target device:  xc7z020-clg400-1


================================================================
== Performance Estimates
================================================================
+ Timing: 
    * Summary: 
    +--------+----------+----------+------------+
    |  Clock |  Target  | Estimated| Uncertainty|
    +--------+----------+----------+------------+
    |ap_clk  |  10.00 ns|  7.300 ns|     2.70 ns|
    +--------+----------+----------+------------+

+ Latency: 
    * Summary: 
    +---------+---------+----------+----------+-----+-----+---------+
    |  Latency (cycles) |  Latency (absolute) |  Interval | Pipeline|
    |   min   |   max   |    min   |    max   | min | max |   Type  |
    +---------+---------+----------+----------+-----+-----+---------+
    |        ?|        ?|         ?|         ?|    ?|    ?|       no|
    +---------+---------+----------+----------+-----+-----+---------+

    + Detail: 
        * Instance: 
        N/A

        * Loop: 
        +-------------------+---------+---------+----------+-----------+-----------+------+----------+
        |                   |  Latency (cycles) | Iteration|  Initiation Interval  | Trip |          |
        |     Loop Name     |   min   |   max   |  Latency |  achieved |   target  | Count| Pipelined|
        +-------------------+---------+---------+----------+-----------+-----------+------+----------+
        |- VITIS_LOOP_29_2  |        ?|        ?|        18|          1|          1|     ?|       yes|
        +-------------------+---------+---------+----------+-----------+-----------+------+----------+



================================================================
== Utilization Estimates
================================================================
* Summary: 
+-----------------+---------+-----+--------+-------+-----+
|       Name      | BRAM_18K| DSP |   FF   |  LUT  | URAM|
+-----------------+---------+-----+--------+-------+-----+
|DSP              |        -|    -|       -|      -|    -|
|Expression       |        -|    -|       0|    577|    -|
|FIFO             |        -|    -|       -|      -|    -|
|Instance         |        -|    -|       -|      -|    -|
|Memory           |        -|    -|       -|      -|    -|
|Multiplexer      |        -|    -|       -|    141|    -|
|Register         |        -|    -|     421|     32|    -|
+-----------------+---------+-----+--------+-------+-----+
|Total            |        0|    0|     421|    750|    0|
+-----------------+---------+-----+--------+-------+-----+
|Available        |      280|  220|  106400|  53200|    0|
+-----------------+---------+-----+--------+-------+-----+
|Utilization (%)  |        0|    0|      ~0|      1|    0|
+-----------------+---------+-----+--------+-------+-----+

+ Detail: 
    * Instance: 
    N/A

    * DSP: 
    N/A

    * Memory: 
    N/A

    * FIFO: 
    N/A

    * Expression: 
    +------------------------------------+----------+----+---+-----+------------+------------+
    |            Variable Name           | Operation| DSP| FF| LUT | Bitwidth P0| Bitwidth P1|
    +------------------------------------+----------+----+---+-----+------------+------------+
    |add_ln29_fu_199_p2                  |         +|   0|  0|   38|          31|           1|
    |add_ln34_1_fu_282_p2                |         +|   0|  0|   71|          64|          64|
    |add_ln34_fu_258_p2                  |         +|   0|  0|   39|          32|           2|
    |add_ln36_fu_243_p2                  |         +|   0|  0|   71|          64|          64|
    |add_ln39_fu_300_p2                  |         +|   0|  0|   39|          32|           1|
    |ap_condition_541                    |       and|   0|  0|    2|           1|           1|
    |ap_condition_545                    |       and|   0|  0|    2|           1|           1|
    |icmp_ln29_fu_193_p2                 |      icmp|   0|  0|   18|          32|          32|
    |ap_block_pp0_stage0_01001           |        or|   0|  0|    2|           1|           1|
    |ap_block_pp0_stage0_11001           |        or|   0|  0|    2|           1|           1|
    |ap_block_state18_pp0_stage0_iter17  |        or|   0|  0|    2|           1|           1|
    |ap_block_state3_io                  |        or|   0|  0|    2|           1|           1|
    |ap_block_state4_io                  |        or|   0|  0|    2|           1|           1|
    |or_ln34_fu_272_p2                   |        or|   0|  0|   35|          35|           3|
    |a_1_fu_313_p3                       |    select|   0|  0|   32|           1|          32|
    |high_1_fu_211_p3                    |    select|   0|  0|    2|           1|           1|
    |select_ln39_fu_306_p3               |    select|   0|  0|   32|           1|          32|
    |shl_ln34_fu_338_p2                  |       shl|   0|  0|  182|          64|          64|
    |ap_enable_pp0                       |       xor|   0|  0|    2|           1|           2|
    |xor_ln37_fu_205_p2                  |       xor|   0|  0|    2|           1|           2|
    +------------------------------------+----------+----+---+-----+------------+------------+
    |Total                               |          |   0|  0|  577|         366|         307|
    +------------------------------------+----------+----+---+-----+------------+------------+

    * Multiplexer: 
    +-------------------------------+----+-----------+-----+-----------+
    |              Name             | LUT| Input Size| Bits| Total Bits|
    +-------------------------------+----+-----------+-----+-----------+
    |a_fu_86                        |   9|          2|   32|         64|
    |ap_done_int                    |   9|          2|    1|          2|
    |ap_enable_reg_pp0_iter1        |   9|          2|    1|          2|
    |ap_phi_mux_high_phi_fu_164_p4  |   9|          2|    1|          2|
    |ap_sig_allocacmp_i_load        |   9|          2|   31|         62|
    |gmem0_blk_n_AW                 |   9|          2|    1|          2|
    |gmem0_blk_n_B                  |   9|          2|    1|          2|
    |gmem0_blk_n_W                  |   9|          2|    1|          2|
    |high_reg_161                   |   9|          2|    1|          2|
    |i_fu_90                        |   9|          2|   31|         62|
    |inbuf_blk_n                    |   9|          2|    1|          2|
    |m_axi_gmem0_AWADDR             |  14|          3|   64|        192|
    |m_axi_gmem0_WDATA              |  14|          3|   64|        192|
    |m_axi_gmem0_WSTRB              |  14|          3|    8|         24|
    +-------------------------------+----+-----------+-----+-----------+
    |Total                          | 141|         31|  238|        612|
    +-------------------------------+----+-----------+-----+-----------+

    * Register: 
    +-----------------------------------+----+----+-----+-----------+
    |                Name               | FF | LUT| Bits| Const Bits|
    +-----------------------------------+----+----+-----+-----------+
    |a_fu_86                            |  32|   0|   32|          0|
    |ap_CS_fsm                          |   1|   0|    1|          0|
    |ap_done_reg                        |   1|   0|    1|          0|
    |ap_enable_reg_pp0_iter1            |   1|   0|    1|          0|
    |ap_enable_reg_pp0_iter10           |   1|   0|    1|          0|
    |ap_enable_reg_pp0_iter11           |   1|   0|    1|          0|
    |ap_enable_reg_pp0_iter12           |   1|   0|    1|          0|
    |ap_enable_reg_pp0_iter13           |   1|   0|    1|          0|
    |ap_enable_reg_pp0_iter14           |   1|   0|    1|          0|
    |ap_enable_reg_pp0_iter15           |   1|   0|    1|          0|
    |ap_enable_reg_pp0_iter16           |   1|   0|    1|          0|
    |ap_enable_reg_pp0_iter17           |   1|   0|    1|          0|
    |ap_enable_reg_pp0_iter2            |   1|   0|    1|          0|
    |ap_enable_reg_pp0_iter3            |   1|   0|    1|          0|
    |ap_enable_reg_pp0_iter4            |   1|   0|    1|          0|
    |ap_enable_reg_pp0_iter5            |   1|   0|    1|          0|
    |ap_enable_reg_pp0_iter6            |   1|   0|    1|          0|
    |ap_enable_reg_pp0_iter7            |   1|   0|    1|          0|
    |ap_enable_reg_pp0_iter8            |   1|   0|    1|          0|
    |ap_enable_reg_pp0_iter9            |   1|   0|    1|          0|
    |ap_loop_exit_ready_pp0_iter10_reg  |   1|   0|    1|          0|
    |ap_loop_exit_ready_pp0_iter11_reg  |   1|   0|    1|          0|
    |ap_loop_exit_ready_pp0_iter12_reg  |   1|   0|    1|          0|
    |ap_loop_exit_ready_pp0_iter13_reg  |   1|   0|    1|          0|
    |ap_loop_exit_ready_pp0_iter14_reg  |   1|   0|    1|          0|
    |ap_loop_exit_ready_pp0_iter15_reg  |   1|   0|    1|          0|
    |ap_loop_exit_ready_pp0_iter16_reg  |   1|   0|    1|          0|
    |ap_loop_exit_ready_pp0_iter1_reg   |   1|   0|    1|          0|
    |ap_loop_exit_ready_pp0_iter2_reg   |   1|   0|    1|          0|
    |ap_loop_exit_ready_pp0_iter3_reg   |   1|   0|    1|          0|
    |ap_loop_exit_ready_pp0_iter4_reg   |   1|   0|    1|          0|
    |ap_loop_exit_ready_pp0_iter5_reg   |   1|   0|    1|          0|
    |ap_loop_exit_ready_pp0_iter6_reg   |   1|   0|    1|          0|
    |ap_loop_exit_ready_pp0_iter7_reg   |   1|   0|    1|          0|
    |ap_loop_exit_ready_pp0_iter8_reg   |   1|   0|    1|          0|
    |ap_loop_exit_ready_pp0_iter9_reg   |   1|   0|    1|          0|
    |high_1_reg_393                     |   1|   0|    1|          0|
    |high_reg_161                       |   1|   0|    1|          0|
    |i_fu_90                            |  31|   0|   31|          0|
    |icmp_ln29_reg_389                  |   1|   0|    1|          0|
    |in_val_data_filed_V_reg_399        |  32|   0|   32|          0|
    |shl_ln34_reg_425                   |  64|   0|   64|          0|
    |trunc_ln2_reg_404                  |  61|   0|   61|          0|
    |trunc_ln34_1_reg_409               |  61|   0|   61|          0|
    |zext_ln34_1_cast_reg_384           |   6|   0|   64|         58|
    |zext_ln36_reg_414                  |  32|   0|   64|         32|
    |high_reg_161                       |  64|  32|    1|          0|
    +-----------------------------------+----+----+-----+-----------+
    |Total                              | 421|  32|  448|         90|
    +-----------------------------------+----+----+-----+-----------+



================================================================
== Interface
================================================================
* Summary: 
+----------------------+-----+-----+------------+----------------------------------------------------+--------------+
|       RTL Ports      | Dir | Bits|  Protocol  |                    Source Object                   |    C Type    |
+----------------------+-----+-----+------------+----------------------------------------------------+--------------+
|ap_clk                |   in|    1|  ap_ctrl_hs|  streamtoparallelwithburst_Pipeline_VITIS_LOOP_29_2|  return value|
|ap_rst                |   in|    1|  ap_ctrl_hs|  streamtoparallelwithburst_Pipeline_VITIS_LOOP_29_2|  return value|
|ap_start              |   in|    1|  ap_ctrl_hs|  streamtoparallelwithburst_Pipeline_VITIS_LOOP_29_2|  return value|
|ap_done               |  out|    1|  ap_ctrl_hs|  streamtoparallelwithburst_Pipeline_VITIS_LOOP_29_2|  return value|
|ap_idle               |  out|    1|  ap_ctrl_hs|  streamtoparallelwithburst_Pipeline_VITIS_LOOP_29_2|  return value|
|ap_ready              |  out|    1|  ap_ctrl_hs|  streamtoparallelwithburst_Pipeline_VITIS_LOOP_29_2|  return value|
|inbuf_dout            |   in|   33|     ap_fifo|                                               inbuf|       pointer|
|inbuf_num_data_valid  |   in|    7|     ap_fifo|                                               inbuf|       pointer|
|inbuf_fifo_cap        |   in|    7|     ap_fifo|                                               inbuf|       pointer|
|inbuf_empty_n         |   in|    1|     ap_fifo|                                               inbuf|       pointer|
|inbuf_read            |  out|    1|     ap_fifo|                                               inbuf|       pointer|
|m_axi_gmem0_AWVALID   |  out|    1|       m_axi|                                               gmem0|       pointer|
|m_axi_gmem0_AWREADY   |   in|    1|       m_axi|                                               gmem0|       pointer|
|m_axi_gmem0_AWADDR    |  out|   64|       m_axi|                                               gmem0|       pointer|
|m_axi_gmem0_AWID      |  out|    1|       m_axi|                                               gmem0|       pointer|
|m_axi_gmem0_AWLEN     |  out|   32|       m_axi|                                               gmem0|       pointer|
|m_axi_gmem0_AWSIZE    |  out|    3|       m_axi|                                               gmem0|       pointer|
|m_axi_gmem0_AWBURST   |  out|    2|       m_axi|                                               gmem0|       pointer|
|m_axi_gmem0_AWLOCK    |  out|    2|       m_axi|                                               gmem0|       pointer|
|m_axi_gmem0_AWCACHE   |  out|    4|       m_axi|                                               gmem0|       pointer|
|m_axi_gmem0_AWPROT    |  out|    3|       m_axi|                                               gmem0|       pointer|
|m_axi_gmem0_AWQOS     |  out|    4|       m_axi|                                               gmem0|       pointer|
|m_axi_gmem0_AWREGION  |  out|    4|       m_axi|                                               gmem0|       pointer|
|m_axi_gmem0_AWUSER    |  out|    1|       m_axi|                                               gmem0|       pointer|
|m_axi_gmem0_WVALID    |  out|    1|       m_axi|                                               gmem0|       pointer|
|m_axi_gmem0_WREADY    |   in|    1|       m_axi|                                               gmem0|       pointer|
|m_axi_gmem0_WDATA     |  out|   64|       m_axi|                                               gmem0|       pointer|
|m_axi_gmem0_WSTRB     |  out|    8|       m_axi|                                               gmem0|       pointer|
|m_axi_gmem0_WLAST     |  out|    1|       m_axi|                                               gmem0|       pointer|
|m_axi_gmem0_WID       |  out|    1|       m_axi|                                               gmem0|       pointer|
|m_axi_gmem0_WUSER     |  out|    1|       m_axi|                                               gmem0|       pointer|
|m_axi_gmem0_ARVALID   |  out|    1|       m_axi|                                               gmem0|       pointer|
|m_axi_gmem0_ARREADY   |   in|    1|       m_axi|                                               gmem0|       pointer|
|m_axi_gmem0_ARADDR    |  out|   64|       m_axi|                                               gmem0|       pointer|
|m_axi_gmem0_ARID      |  out|    1|       m_axi|                                               gmem0|       pointer|
|m_axi_gmem0_ARLEN     |  out|   32|       m_axi|                                               gmem0|       pointer|
|m_axi_gmem0_ARSIZE    |  out|    3|       m_axi|                                               gmem0|       pointer|
|m_axi_gmem0_ARBURST   |  out|    2|       m_axi|                                               gmem0|       pointer|
|m_axi_gmem0_ARLOCK    |  out|    2|       m_axi|                                               gmem0|       pointer|
|m_axi_gmem0_ARCACHE   |  out|    4|       m_axi|                                               gmem0|       pointer|
|m_axi_gmem0_ARPROT    |  out|    3|       m_axi|                                               gmem0|       pointer|
|m_axi_gmem0_ARQOS     |  out|    4|       m_axi|                                               gmem0|       pointer|
|m_axi_gmem0_ARREGION  |  out|    4|       m_axi|                                               gmem0|       pointer|
|m_axi_gmem0_ARUSER    |  out|    1|       m_axi|                                               gmem0|       pointer|
|m_axi_gmem0_RVALID    |   in|    1|       m_axi|                                               gmem0|       pointer|
|m_axi_gmem0_RREADY    |  out|    1|       m_axi|                                               gmem0|       pointer|
|m_axi_gmem0_RDATA     |   in|   64|       m_axi|                                               gmem0|       pointer|
|m_axi_gmem0_RLAST     |   in|    1|       m_axi|                                               gmem0|       pointer|
|m_axi_gmem0_RID       |   in|    1|       m_axi|                                               gmem0|       pointer|
|m_axi_gmem0_RFIFONUM  |   in|    9|       m_axi|                                               gmem0|       pointer|
|m_axi_gmem0_RUSER     |   in|    1|       m_axi|                                               gmem0|       pointer|
|m_axi_gmem0_RRESP     |   in|    2|       m_axi|                                               gmem0|       pointer|
|m_axi_gmem0_BVALID    |   in|    1|       m_axi|                                               gmem0|       pointer|
|m_axi_gmem0_BREADY    |  out|    1|       m_axi|                                               gmem0|       pointer|
|m_axi_gmem0_BRESP     |   in|    2|       m_axi|                                               gmem0|       pointer|
|m_axi_gmem0_BID       |   in|    1|       m_axi|                                               gmem0|       pointer|
|m_axi_gmem0_BUSER     |   in|    1|       m_axi|                                               gmem0|       pointer|
|tmp                   |   in|   32|     ap_none|                                                 tmp|        scalar|
|even                  |   in|    1|     ap_none|                                                even|        scalar|
|out_memory_assign     |   in|   64|     ap_none|                                   out_memory_assign|        scalar|
|zext_ln34_1           |   in|    6|     ap_none|                                         zext_ln34_1|        scalar|
|shl_ln34_1            |   in|    8|     ap_none|                                          shl_ln34_1|        scalar|
+----------------------+-----+-----+------------+----------------------------------------------------+--------------+

