#-----------------------------------------------------------
# Vivado v2022.1 (64-bit)
# SW Build 3526262 on Mon Apr 18 15:47:01 MDT 2022
# IP Build 3524634 on Mon Apr 18 20:55:01 MDT 2022
# Start of session at: Mon May 27 08:40:40 2024
# Process ID: 4950
# Current directory: /home/ubuntu/PQC_Falcon/impl_ASIC/fiFFNTT_sim_v1/vivado/vvd_caravel_fpga
# Command line: vivado
# Log file: /home/ubuntu/PQC_Falcon/impl_ASIC/fiFFNTT_sim_v1/vivado/vvd_caravel_fpga/vivado.log
# Journal file: /home/ubuntu/PQC_Falcon/impl_ASIC/fiFFNTT_sim_v1/vivado/vvd_caravel_fpga/vivado.jou
# Running On: ubuntu2004, OS: Linux, CPU Frequency: 3194.000 MHz, CPU Physical cores: 2, Host memory: 8323 MB
#-----------------------------------------------------------
start_gui
WARNING: [Board 49-26] cannot add Board Part xilinx.com:vpk120_es:part0:1.2 available at /tools/Xilinx/Vivado/2022.1/data/xhub/boards/XilinxBoardStore/boards/Xilinx/vpk120/es/1.2/board.xml as part xcvp1202-vsva2785-2mp-e-s-es1 specified in board_part file is either invalid or not available
WARNING: [Board 49-26] cannot add Board Part xilinx.com:vpk120_es_revb:part0:1.0 available at /tools/Xilinx/Vivado/2022.1/data/xhub/boards/XilinxBoardStore/boards/Xilinx/vpk120_revb/es/1.0/board.xml as part xcvp1202-vsva2785-2mp-e-s-es1 specified in board_part file is either invalid or not available
WARNING: [Board 49-26] cannot add Board Part xilinx.com:zcu208ld:part0:2.0 available at /tools/Xilinx/Vivado/2022.1/data/xhub/boards/XilinxBoardStore/boards/Xilinx/zcu208ld/production/2.0/board.xml as part xczu58dr-fsvg1517-2-i specified in board_part file is either invalid or not available
WARNING: [Board 49-26] cannot add Board Part xilinx.com:zcu216ld:part0:2.0 available at /tools/Xilinx/Vivado/2022.1/data/xhub/boards/XilinxBoardStore/boards/Xilinx/zcu216ld/production/2.0/board.xml as part xczu59dr-ffvf1760-2-i specified in board_part file is either invalid or not available
WARNING: [Board 49-26] cannot add Board Part xilinx.com:zcu670:part0:2.0 available at /tools/Xilinx/Vivado/2022.1/data/xhub/boards/XilinxBoardStore/boards/Xilinx/zcu670/2.0/board.xml as part xczu67dr-fsve1156-2-i specified in board_part file is either invalid or not available
WARNING: [Board 49-26] cannot add Board Part xilinx.com:zcu670ld:part0:1.0 available at /tools/Xilinx/Vivado/2022.1/data/xhub/boards/XilinxBoardStore/boards/Xilinx/zcu670ld/1.0/board.xml as part xczu57dr-fsve1156-2-i specified in board_part file is either invalid or not available
open_project /home/ubuntu/PQC_Falcon/impl_ASIC/fiFFNTT_sim_v1/vivado/vvd_caravel_fpga/vvd_caravel_fpga.xpr
Scanning sources...
Finished scanning sources
INFO: [IP_Flow 19-234] Refreshing IP repositories
WARNING: [IP_Flow 19-3685] Ignored loading user repository '/home/ubuntu/PQC_Falcon/impl_ASIC/fiFFNTT_sim_v1/vivado/vitis_prj/hls_caravel_ps'. The path is contained within another repository.
INFO: [IP_Flow 19-1700] Loaded user IP repository '/home/ubuntu/PQC_Falcon/impl_ASIC/fiFFNTT_sim_v1/vivado/vitis_prj'.
WARNING: [IP_Flow 19-3685] Ignored loading user repository '/home/ubuntu/PQC_Falcon/impl_ASIC/fiFFNTT_sim_v1/vivado/vitis_prj/hls_output_pin'. The path is contained within another repository.
INFO: [IP_Flow 19-2313] Loaded Vivado IP repository '/tools/Xilinx/Vivado/2022.1/data/ip'.
WARNING: [IP_Flow 19-1663] Duplicate IP found for 'xilinx.com:hls:userdma:1.0'. The one found in IP location '/home/ubuntu/PQC_Falcon/impl_ASIC/fiFFNTT_sim_v1/vivado/vitis_prj/hls_userdma/hls_userdma.prj/solution1/impl/ip' will take precedence over the same IP in location /home/ubuntu/PQC_Falcon/impl_ASIC/fiFFNTT_sim_v1/vivado/vitis_prj/DMA_version1/hls_userdma/hls_userdma.prj/solution1/impl/ip
WARNING: [IP_Flow 19-3664] IP 'design_1_xbar_1' generated file not found '/home/ubuntu/PQC_Falcon/impl_ASIC/fiFFNTT_sim_v1/vivado/vvd_caravel_fpga/vvd_caravel_fpga.gen/sources_1/bd/design_1/ip/design_1_xbar_1/design_1_xbar_1.dcp'. Please regenerate to continue.
WARNING: [IP_Flow 19-3664] IP 'design_1_xbar_1' generated file not found '/home/ubuntu/PQC_Falcon/impl_ASIC/fiFFNTT_sim_v1/vivado/vvd_caravel_fpga/vvd_caravel_fpga.gen/sources_1/bd/design_1/ip/design_1_xbar_1/design_1_xbar_1_stub.v'. Please regenerate to continue.
WARNING: [IP_Flow 19-3664] IP 'design_1_xbar_1' generated file not found '/home/ubuntu/PQC_Falcon/impl_ASIC/fiFFNTT_sim_v1/vivado/vvd_caravel_fpga/vvd_caravel_fpga.gen/sources_1/bd/design_1/ip/design_1_xbar_1/design_1_xbar_1_stub.vhdl'. Please regenerate to continue.
WARNING: [IP_Flow 19-3664] IP 'design_1_xbar_1' generated file not found '/home/ubuntu/PQC_Falcon/impl_ASIC/fiFFNTT_sim_v1/vivado/vvd_caravel_fpga/vvd_caravel_fpga.gen/sources_1/bd/design_1/ip/design_1_xbar_1/design_1_xbar_1_sim_netlist.v'. Please regenerate to continue.
WARNING: [IP_Flow 19-3664] IP 'design_1_xbar_1' generated file not found '/home/ubuntu/PQC_Falcon/impl_ASIC/fiFFNTT_sim_v1/vivado/vvd_caravel_fpga/vvd_caravel_fpga.gen/sources_1/bd/design_1/ip/design_1_xbar_1/design_1_xbar_1_sim_netlist.vhdl'. Please regenerate to continue.
WARNING: [IP_Flow 19-3664] IP 'design_1_auto_us_0' generated file not found '/home/ubuntu/PQC_Falcon/impl_ASIC/fiFFNTT_sim_v1/vivado/vvd_caravel_fpga/vvd_caravel_fpga.gen/sources_1/bd/design_1/ip/design_1_auto_us_0/design_1_auto_us_0.dcp'. Please regenerate to continue.
WARNING: [IP_Flow 19-3664] IP 'design_1_auto_us_0' generated file not found '/home/ubuntu/PQC_Falcon/impl_ASIC/fiFFNTT_sim_v1/vivado/vvd_caravel_fpga/vvd_caravel_fpga.gen/sources_1/bd/design_1/ip/design_1_auto_us_0/design_1_auto_us_0_stub.v'. Please regenerate to continue.
WARNING: [IP_Flow 19-3664] IP 'design_1_auto_us_0' generated file not found '/home/ubuntu/PQC_Falcon/impl_ASIC/fiFFNTT_sim_v1/vivado/vvd_caravel_fpga/vvd_caravel_fpga.gen/sources_1/bd/design_1/ip/design_1_auto_us_0/design_1_auto_us_0_stub.vhdl'. Please regenerate to continue.
WARNING: [IP_Flow 19-3664] IP 'design_1_auto_us_0' generated file not found '/home/ubuntu/PQC_Falcon/impl_ASIC/fiFFNTT_sim_v1/vivado/vvd_caravel_fpga/vvd_caravel_fpga.gen/sources_1/bd/design_1/ip/design_1_auto_us_0/design_1_auto_us_0_sim_netlist.v'. Please regenerate to continue.
WARNING: [IP_Flow 19-3664] IP 'design_1_auto_us_0' generated file not found '/home/ubuntu/PQC_Falcon/impl_ASIC/fiFFNTT_sim_v1/vivado/vvd_caravel_fpga/vvd_caravel_fpga.gen/sources_1/bd/design_1/ip/design_1_auto_us_0/design_1_auto_us_0_sim_netlist.vhdl'. Please regenerate to continue.
WARNING: [IP_Flow 19-3664] IP 'design_1_auto_pc_0' generated file not found '/home/ubuntu/PQC_Falcon/impl_ASIC/fiFFNTT_sim_v1/vivado/vvd_caravel_fpga/vvd_caravel_fpga.gen/sources_1/bd/design_1/ip/design_1_auto_pc_0/design_1_auto_pc_0.dcp'. Please regenerate to continue.
WARNING: [IP_Flow 19-3664] IP 'design_1_auto_pc_0' generated file not found '/home/ubuntu/PQC_Falcon/impl_ASIC/fiFFNTT_sim_v1/vivado/vvd_caravel_fpga/vvd_caravel_fpga.gen/sources_1/bd/design_1/ip/design_1_auto_pc_0/design_1_auto_pc_0_stub.v'. Please regenerate to continue.
WARNING: [IP_Flow 19-3664] IP 'design_1_auto_pc_0' generated file not found '/home/ubuntu/PQC_Falcon/impl_ASIC/fiFFNTT_sim_v1/vivado/vvd_caravel_fpga/vvd_caravel_fpga.gen/sources_1/bd/design_1/ip/design_1_auto_pc_0/design_1_auto_pc_0_stub.vhdl'. Please regenerate to continue.
WARNING: [IP_Flow 19-3664] IP 'design_1_auto_pc_0' generated file not found '/home/ubuntu/PQC_Falcon/impl_ASIC/fiFFNTT_sim_v1/vivado/vvd_caravel_fpga/vvd_caravel_fpga.gen/sources_1/bd/design_1/ip/design_1_auto_pc_0/design_1_auto_pc_0_sim_netlist.v'. Please regenerate to continue.
WARNING: [IP_Flow 19-3664] IP 'design_1_auto_pc_0' generated file not found '/home/ubuntu/PQC_Falcon/impl_ASIC/fiFFNTT_sim_v1/vivado/vvd_caravel_fpga/vvd_caravel_fpga.gen/sources_1/bd/design_1/ip/design_1_auto_pc_0/design_1_auto_pc_0_sim_netlist.vhdl'. Please regenerate to continue.
WARNING: [IP_Flow 19-3664] IP 'design_1_caravel_0_0' generated file not found '/home/ubuntu/PQC_Falcon/impl_ASIC/fiFFNTT_sim_v1/vivado/vvd_caravel_fpga/vvd_caravel_fpga.gen/sources_1/bd/design_1/ip/design_1_caravel_0_0/design_1_caravel_0_0.dcp'. Please regenerate to continue.
WARNING: [IP_Flow 19-3664] IP 'design_1_caravel_0_0' generated file not found '/home/ubuntu/PQC_Falcon/impl_ASIC/fiFFNTT_sim_v1/vivado/vvd_caravel_fpga/vvd_caravel_fpga.gen/sources_1/bd/design_1/ip/design_1_caravel_0_0/design_1_caravel_0_0_stub.v'. Please regenerate to continue.
WARNING: [IP_Flow 19-3664] IP 'design_1_caravel_0_0' generated file not found '/home/ubuntu/PQC_Falcon/impl_ASIC/fiFFNTT_sim_v1/vivado/vvd_caravel_fpga/vvd_caravel_fpga.gen/sources_1/bd/design_1/ip/design_1_caravel_0_0/design_1_caravel_0_0_stub.vhdl'. Please regenerate to continue.
WARNING: [IP_Flow 19-3664] IP 'design_1_caravel_0_0' generated file not found '/home/ubuntu/PQC_Falcon/impl_ASIC/fiFFNTT_sim_v1/vivado/vvd_caravel_fpga/vvd_caravel_fpga.gen/sources_1/bd/design_1/ip/design_1_caravel_0_0/design_1_caravel_0_0_sim_netlist.v'. Please regenerate to continue.
WARNING: [IP_Flow 19-3664] IP 'design_1_caravel_0_0' generated file not found '/home/ubuntu/PQC_Falcon/impl_ASIC/fiFFNTT_sim_v1/vivado/vvd_caravel_fpga/vvd_caravel_fpga.gen/sources_1/bd/design_1/ip/design_1_caravel_0_0/design_1_caravel_0_0_sim_netlist.vhdl'. Please regenerate to continue.
WARNING: [IP_Flow 19-3664] IP 'design_1_processing_system7_0_0' generated file not found '/home/ubuntu/PQC_Falcon/impl_ASIC/fiFFNTT_sim_v1/vivado/vvd_caravel_fpga/vvd_caravel_fpga.gen/sources_1/bd/design_1/ip/design_1_processing_system7_0_0/design_1_processing_system7_0_0.dcp'. Please regenerate to continue.
WARNING: [IP_Flow 19-3664] IP 'design_1_processing_system7_0_0' generated file not found '/home/ubuntu/PQC_Falcon/impl_ASIC/fiFFNTT_sim_v1/vivado/vvd_caravel_fpga/vvd_caravel_fpga.gen/sources_1/bd/design_1/ip/design_1_processing_system7_0_0/design_1_processing_system7_0_0_stub.v'. Please regenerate to continue.
WARNING: [IP_Flow 19-3664] IP 'design_1_processing_system7_0_0' generated file not found '/home/ubuntu/PQC_Falcon/impl_ASIC/fiFFNTT_sim_v1/vivado/vvd_caravel_fpga/vvd_caravel_fpga.gen/sources_1/bd/design_1/ip/design_1_processing_system7_0_0/design_1_processing_system7_0_0_stub.vhdl'. Please regenerate to continue.
WARNING: [IP_Flow 19-3664] IP 'design_1_processing_system7_0_0' generated file not found '/home/ubuntu/PQC_Falcon/impl_ASIC/fiFFNTT_sim_v1/vivado/vvd_caravel_fpga/vvd_caravel_fpga.gen/sources_1/bd/design_1/ip/design_1_processing_system7_0_0/design_1_processing_system7_0_0_sim_netlist.v'. Please regenerate to continue.
WARNING: [IP_Flow 19-3664] IP 'design_1_processing_system7_0_0' generated file not found '/home/ubuntu/PQC_Falcon/impl_ASIC/fiFFNTT_sim_v1/vivado/vvd_caravel_fpga/vvd_caravel_fpga.gen/sources_1/bd/design_1/ip/design_1_processing_system7_0_0/design_1_processing_system7_0_0_sim_netlist.vhdl'. Please regenerate to continue.
WARNING: [IP_Flow 19-3664] IP 'design_1_auto_pc_1' generated file not found '/home/ubuntu/PQC_Falcon/impl_ASIC/fiFFNTT_sim_v1/vivado/vvd_caravel_fpga/vvd_caravel_fpga.gen/sources_1/bd/design_1/ip/design_1_auto_pc_1/design_1_auto_pc_1.dcp'. Please regenerate to continue.
WARNING: [IP_Flow 19-3664] IP 'design_1_auto_pc_1' generated file not found '/home/ubuntu/PQC_Falcon/impl_ASIC/fiFFNTT_sim_v1/vivado/vvd_caravel_fpga/vvd_caravel_fpga.gen/sources_1/bd/design_1/ip/design_1_auto_pc_1/design_1_auto_pc_1_stub.v'. Please regenerate to continue.
WARNING: [IP_Flow 19-3664] IP 'design_1_auto_pc_1' generated file not found '/home/ubuntu/PQC_Falcon/impl_ASIC/fiFFNTT_sim_v1/vivado/vvd_caravel_fpga/vvd_caravel_fpga.gen/sources_1/bd/design_1/ip/design_1_auto_pc_1/design_1_auto_pc_1_stub.vhdl'. Please regenerate to continue.
WARNING: [IP_Flow 19-3664] IP 'design_1_auto_pc_1' generated file not found '/home/ubuntu/PQC_Falcon/impl_ASIC/fiFFNTT_sim_v1/vivado/vvd_caravel_fpga/vvd_caravel_fpga.gen/sources_1/bd/design_1/ip/design_1_auto_pc_1/design_1_auto_pc_1_sim_netlist.v'. Please regenerate to continue.
WARNING: [IP_Flow 19-3664] IP 'design_1_auto_pc_1' generated file not found '/home/ubuntu/PQC_Falcon/impl_ASIC/fiFFNTT_sim_v1/vivado/vvd_caravel_fpga/vvd_caravel_fpga.gen/sources_1/bd/design_1/ip/design_1_auto_pc_1/design_1_auto_pc_1_sim_netlist.vhdl'. Please regenerate to continue.
WARNING: [IP_Flow 19-3664] IP 'design_1_userdma_0_0' generated file not found '/home/ubuntu/PQC_Falcon/impl_ASIC/fiFFNTT_sim_v1/vivado/vvd_caravel_fpga/vvd_caravel_fpga.gen/sources_1/bd/design_1/ip/design_1_userdma_0_0/design_1_userdma_0_0.dcp'. Please regenerate to continue.
WARNING: [IP_Flow 19-3664] IP 'design_1_userdma_0_0' generated file not found '/home/ubuntu/PQC_Falcon/impl_ASIC/fiFFNTT_sim_v1/vivado/vvd_caravel_fpga/vvd_caravel_fpga.gen/sources_1/bd/design_1/ip/design_1_userdma_0_0/design_1_userdma_0_0_stub.v'. Please regenerate to continue.
WARNING: [IP_Flow 19-3664] IP 'design_1_userdma_0_0' generated file not found '/home/ubuntu/PQC_Falcon/impl_ASIC/fiFFNTT_sim_v1/vivado/vvd_caravel_fpga/vvd_caravel_fpga.gen/sources_1/bd/design_1/ip/design_1_userdma_0_0/design_1_userdma_0_0_stub.vhdl'. Please regenerate to continue.
WARNING: [IP_Flow 19-3664] IP 'design_1_userdma_0_0' generated file not found '/home/ubuntu/PQC_Falcon/impl_ASIC/fiFFNTT_sim_v1/vivado/vvd_caravel_fpga/vvd_caravel_fpga.gen/sources_1/bd/design_1/ip/design_1_userdma_0_0/design_1_userdma_0_0_sim_netlist.v'. Please regenerate to continue.
WARNING: [IP_Flow 19-3664] IP 'design_1_userdma_0_0' generated file not found '/home/ubuntu/PQC_Falcon/impl_ASIC/fiFFNTT_sim_v1/vivado/vvd_caravel_fpga/vvd_caravel_fpga.gen/sources_1/bd/design_1/ip/design_1_userdma_0_0/design_1_userdma_0_0_sim_netlist.vhdl'. Please regenerate to continue.
open_project: Time (s): cpu = 00:00:10 ; elapsed = 00:00:15 . Memory (MB): peak = 7636.191 ; gain = 137.098 ; free physical = 1646 ; free virtual = 3463
reset_run synth_1
reset_run design_1_caravel_0_0_synth_1
launch_runs impl_1 -to_step write_bitstream -jobs 2
[Mon May 27 08:43:14 2024] Launched design_1_caravel_0_0_synth_1, design_1_auto_pc_1_synth_1, design_1_auto_us_0_synth_1, design_1_xbar_1_synth_1, design_1_auto_pc_0_synth_1, design_1_userdma_0_0_synth_1, synth_1...
Run output will be captured here:
design_1_caravel_0_0_synth_1: /home/ubuntu/PQC_Falcon/impl_ASIC/fiFFNTT_sim_v1/vivado/vvd_caravel_fpga/vvd_caravel_fpga.runs/design_1_caravel_0_0_synth_1/runme.log
design_1_auto_pc_1_synth_1: /home/ubuntu/PQC_Falcon/impl_ASIC/fiFFNTT_sim_v1/vivado/vvd_caravel_fpga/vvd_caravel_fpga.runs/design_1_auto_pc_1_synth_1/runme.log
design_1_auto_us_0_synth_1: /home/ubuntu/PQC_Falcon/impl_ASIC/fiFFNTT_sim_v1/vivado/vvd_caravel_fpga/vvd_caravel_fpga.runs/design_1_auto_us_0_synth_1/runme.log
design_1_xbar_1_synth_1: /home/ubuntu/PQC_Falcon/impl_ASIC/fiFFNTT_sim_v1/vivado/vvd_caravel_fpga/vvd_caravel_fpga.runs/design_1_xbar_1_synth_1/runme.log
design_1_auto_pc_0_synth_1: /home/ubuntu/PQC_Falcon/impl_ASIC/fiFFNTT_sim_v1/vivado/vvd_caravel_fpga/vvd_caravel_fpga.runs/design_1_auto_pc_0_synth_1/runme.log
design_1_userdma_0_0_synth_1: /home/ubuntu/PQC_Falcon/impl_ASIC/fiFFNTT_sim_v1/vivado/vvd_caravel_fpga/vvd_caravel_fpga.runs/design_1_userdma_0_0_synth_1/runme.log
synth_1: /home/ubuntu/PQC_Falcon/impl_ASIC/fiFFNTT_sim_v1/vivado/vvd_caravel_fpga/vvd_caravel_fpga.runs/synth_1/runme.log
[Mon May 27 08:43:15 2024] Launched impl_1...
Run output will be captured here: /home/ubuntu/PQC_Falcon/impl_ASIC/fiFFNTT_sim_v1/vivado/vvd_caravel_fpga/vvd_caravel_fpga.runs/impl_1/runme.log
launch_runs: Time (s): cpu = 00:00:27 ; elapsed = 00:00:44 . Memory (MB): peak = 7712.363 ; gain = 48.012 ; free physical = 4926 ; free virtual = 6992
update_compile_order -fileset sources_1
open_bd_design {/home/ubuntu/PQC_Falcon/impl_ASIC/fiFFNTT_sim_v1/vivado/vvd_caravel_fpga/vvd_caravel_fpga.srcs/sources_1/bd/design_1/design_1.bd}
Reading block design file </home/ubuntu/PQC_Falcon/impl_ASIC/fiFFNTT_sim_v1/vivado/vvd_caravel_fpga/vvd_caravel_fpga.srcs/sources_1/bd/design_1/design_1.bd>...
Adding component instance block -- xilinx.com:ip:axi_interconnect:2.1 - axi_mem_intercon
Adding component instance block -- xilinx.com:ip:axi_crossbar:2.1 - xbar
Adding component instance block -- xilinx.com:ip:axi_dwidth_converter:2.1 - auto_us
Adding component instance block -- xilinx.com:ip:axi_protocol_converter:2.1 - auto_pc
Adding component instance block -- xilinx.com:ip:axi_quad_spi:3.2 - axi_quad_spi_0
Adding component instance block -- xilinx.com:ip:blk_mem_gen:8.4 - blk_mem_gen_0
Adding component instance block -- xilinx.com:module_ref:caravel:1.0 - caravel_0
Adding component instance block -- xilinx.com:hls:caravel_ps:0.0 - caravel_ps_0
Adding component instance block -- xilinx.com:ip:clk_wiz:6.0 - clk_wiz_0
Adding component instance block -- xilinx.com:hls:output_pin:0.0 - output_pin_0
Adding component instance block -- xilinx.com:ip:processing_system7:5.5 - processing_system7_0
Adding component instance block -- xilinx.com:ip:axi_interconnect:2.1 - ps7_0_axi_periph
Adding component instance block -- xilinx.com:ip:axi_crossbar:2.1 - xbar
Adding component instance block -- xilinx.com:ip:axi_protocol_converter:2.1 - auto_pc
Adding component instance block -- xilinx.com:module_ref:ps_axil:1.0 - ps_axil_0
Adding component instance block -- xilinx.com:ip:proc_sys_reset:5.0 - rst_ps7_0_10M
Adding component instance block -- xilinx.com:module_ref:spiflash:1.0 - spiflash_0
Adding component instance block -- xilinx.com:hls:userdma:1.0 - userdma_0
Successfully read diagram <design_1> from block design file </home/ubuntu/PQC_Falcon/impl_ASIC/fiFFNTT_sim_v1/vivado/vvd_caravel_fpga/vvd_caravel_fpga.srcs/sources_1/bd/design_1/design_1.bd>
open_bd_design: Time (s): cpu = 00:00:05 ; elapsed = 00:00:07 . Memory (MB): peak = 7712.363 ; gain = 0.000 ; free physical = 2014 ; free virtual = 4144
regenerate_bd_layout
regenerate_bd_layout
