INFO: [VRFC 10-2263] Analyzing Verilog file "/home/ubuntu/irq_test_v1/vivado/vvd_srcs/caravel_soc/rtl/header/user_defines.v" into library xil_defaultlib
INFO: [VRFC 10-2263] Analyzing Verilog file "/home/ubuntu/irq_test_v1/vivado/vvd_srcs/caravel_soc/rtl/header/defines.v" into library xil_defaultlib
INFO: [VRFC 10-2263] Analyzing Verilog file "/home/ubuntu/irq_test_v1/vivado/fsic_defines.v" into library xil_defaultlib
WARNING: [VRFC 10-3381] ignoring re-definition of command line macro 'USER_PROJECT_SIDEBAND_SUPPORT' [/home/ubuntu/irq_test_v1/vivado/fsic_defines.v:4]
WARNING: [VRFC 10-3381] ignoring re-definition of command line macro 'USE_EDGEDETECT_IP' [/home/ubuntu/irq_test_v1/vivado/fsic_defines.v:5]
WARNING: [VRFC 10-3381] ignoring re-definition of command line macro 'pSERIALIO_WIDTH' [/home/ubuntu/irq_test_v1/vivado/fsic_defines.v:6]
INFO: [VRFC 10-2263] Analyzing Verilog file "/home/ubuntu/irq_test_v1/vivado/vvd_srcs/caravel_soc/rtl/user/user_subsys/user_prj/user_prj2/rtl/In_copy.v" into library xil_defaultlib
INFO: [VRFC 10-311] analyzing module ccs_in_wait_v1
INFO: [VRFC 10-311] analyzing module ccs_out_wait_v1
INFO: [VRFC 10-311] analyzing module mgc_io_sync_v2
INFO: [VRFC 10-311] analyzing module ccs_in_v1
INFO: [VRFC 10-311] analyzing module In_copy_ccs_sample_mem_ccs_ram_sync_singleport_rwport_en_2_64_10_1024_1024_64_5_gen
INFO: [VRFC 10-311] analyzing module In_copy_run_run_fsm
INFO: [VRFC 10-311] analyzing module In_copy_run_staller
INFO: [VRFC 10-311] analyzing module In_copy_run_mode_triosy_obj_mode_triosy_wait_ctrl
INFO: [VRFC 10-311] analyzing module In_copy_run_qin_triosy_obj_qin_triosy_wait_ctrl
INFO: [VRFC 10-311] analyzing module In_copy_run_ap_start_rsci_ap_start_wait_ctrl
INFO: [VRFC 10-311] analyzing module In_copy_run_ap_done_rsci_ap_done_wait_ctrl
INFO: [VRFC 10-311] analyzing module In_copy_run_wait_dp
INFO: [VRFC 10-311] analyzing module In_copy_run_in_data_rsci_in_data_wait_ctrl
INFO: [VRFC 10-311] analyzing module In_copy_run_mode_triosy_obj
INFO: [VRFC 10-311] analyzing module In_copy_run_qin_triosy_obj
INFO: [VRFC 10-311] analyzing module In_copy_run_ap_start_rsci
INFO: [VRFC 10-311] analyzing module In_copy_run_ap_done_rsci
INFO: [VRFC 10-311] analyzing module In_copy_run_in_data_rsci
INFO: [VRFC 10-311] analyzing module In_copy_run
INFO: [VRFC 10-311] analyzing module In_copy
INFO: [VRFC 10-2263] Analyzing Verilog file "/home/ubuntu/irq_test_v1/vivado/vvd_srcs/caravel_soc/rtl/user/logic_analyzer/rtl/LogicAnalyzer.v" into library xil_defaultlib
INFO: [VRFC 10-311] analyzing module LOGIC_ANLZ
INFO: [VRFC 10-2263] Analyzing Verilog file "/home/ubuntu/irq_test_v1/vivado/vvd_srcs/caravel_soc/vip/RAM128.v" into library xil_defaultlib
INFO: [VRFC 10-311] analyzing module RAM128
INFO: [VRFC 10-2263] Analyzing Verilog file "/home/ubuntu/irq_test_v1/vivado/vvd_srcs/caravel_soc/vip/RAM256.v" into library xil_defaultlib
INFO: [VRFC 10-311] analyzing module RAM256
INFO: [VRFC 10-2263] Analyzing Verilog file "/home/ubuntu/irq_test_v1/vivado/vvd_srcs/caravel_soc/rtl/user/logic_analyzer/rtl/Sram.v" into library xil_defaultlib
INFO: [VRFC 10-311] analyzing module sram
INFO: [VRFC 10-2263] Analyzing Verilog file "/home/ubuntu/irq_test_v1/vivado/vvd_srcs/caravel_soc/rtl/soc/VexRiscv_MinDebugCache.v" into library xil_defaultlib
INFO: [VRFC 10-311] analyzing module VexRiscv
INFO: [VRFC 10-311] analyzing module InstructionCache
INFO: [VRFC 10-2263] Analyzing Verilog file "/home/ubuntu/irq_test_v1/vivado/vvd_srcs/caravel_soc/rtl/user/user_subsys/axil_slav/rtl/axil_slav.v" into library xil_defaultlib
INFO: [VRFC 10-311] analyzing module AXIL_SLAV
INFO: [VRFC 10-2263] Analyzing Verilog file "/home/ubuntu/irq_test_v1/vivado/vvd_srcs/caravel_soc/rtl/user/user_subsys/axis_mstr/rtl/axis_mstr.v" into library xil_defaultlib
INFO: [VRFC 10-311] analyzing module AXIS_MSTR
INFO: [VRFC 10-2263] Analyzing Verilog file "/home/ubuntu/irq_test_v1/vivado/vvd_srcs/caravel_soc/rtl/user/user_subsys/axis_slav/rtl/axis_slav.v" into library xil_defaultlib
INFO: [VRFC 10-311] analyzing module AXIS_SLAV
INFO: [VRFC 10-2263] Analyzing Verilog file "/home/ubuntu/irq_test_v1/vivado/vvd_srcs/caravel_soc/rtl/soc/chip_io.v" into library xil_defaultlib
INFO: [VRFC 10-311] analyzing module chip_io
INFO: [VRFC 10-2263] Analyzing Verilog file "/home/ubuntu/irq_test_v1/vivado/vvd_srcs/caravel_soc/rtl/user/user_subsys/user_prj/user_prj0/rtl/concat_EdgeDetect_Top_fsic.v" into library xil_defaultlib
INFO: [VRFC 10-311] analyzing module ccs_in_wait_coupled_v1
INFO: [VRFC 10-311] analyzing module ccs_in_wait_v1
WARNING: [VRFC 10-3609] overwriting previous definition of module 'ccs_in_wait_v1' [/home/ubuntu/irq_test_v1/vivado/vvd_srcs/caravel_soc/rtl/user/user_subsys/user_prj/user_prj0/rtl/concat_EdgeDetect_Top_fsic.v:63]
INFO: [VRFC 10-311] analyzing module ccs_out_wait_v1
WARNING: [VRFC 10-3609] overwriting previous definition of module 'ccs_out_wait_v1' [/home/ubuntu/irq_test_v1/vivado/vvd_srcs/caravel_soc/rtl/user/user_subsys/user_prj/user_prj0/rtl/concat_EdgeDetect_Top_fsic.v:109]
INFO: [VRFC 10-311] analyzing module mgc_io_sync_v2
WARNING: [VRFC 10-3609] overwriting previous definition of module 'mgc_io_sync_v2' [/home/ubuntu/irq_test_v1/vivado/vvd_srcs/caravel_soc/rtl/user/user_subsys/user_prj/user_prj0/rtl/concat_EdgeDetect_Top_fsic.v:156]
INFO: [VRFC 10-311] analyzing module ccs_out_v1
INFO: [VRFC 10-311] analyzing module ccs_genreg_v1
INFO: [VRFC 10-311] analyzing module ccs_fifo_wait_core_v5
INFO: [VRFC 10-311] analyzing module ccs_pipe_v6
INFO: [VRFC 10-311] analyzing module EdgeDetect_VerDer_ccs_sample_mem_ccs_ram_sync_singleport_rwport_en_7_64_7_80_80_64_5_gen
INFO: [VRFC 10-311] analyzing module EdgeDetect_VerDer_ccs_sample_mem_ccs_ram_sync_singleport_rwport_en_6_64_7_80_80_64_5_gen
INFO: [VRFC 10-311] analyzing module EdgeDetect_VerDer_run_run_fsm
INFO: [VRFC 10-311] analyzing module EdgeDetect_VerDer_run_staller
INFO: [VRFC 10-311] analyzing module EdgeDetect_VerDer_run_wait_dp
INFO: [VRFC 10-311] analyzing module EdgeDetect_VerDer_run_dy_rsci_dy_wait_dp
INFO: [VRFC 10-311] analyzing module EdgeDetect_VerDer_run_dy_rsci_dy_wait_ctrl
INFO: [VRFC 10-311] analyzing module EdgeDetect_VerDer_run_pix_out_rsci_pix_out_wait_dp
INFO: [VRFC 10-311] analyzing module EdgeDetect_VerDer_run_pix_out_rsci_pix_out_wait_ctrl
INFO: [VRFC 10-311] analyzing module EdgeDetect_VerDer_run_dat_in_rsci_dat_in_wait_dp
INFO: [VRFC 10-311] analyzing module EdgeDetect_VerDer_run_dat_in_rsci_dat_in_wait_ctrl
INFO: [VRFC 10-311] analyzing module EdgeDetect_HorDer_run_run_fsm
INFO: [VRFC 10-311] analyzing module EdgeDetect_HorDer_run_staller
INFO: [VRFC 10-311] analyzing module EdgeDetect_HorDer_run_dx_rsci_dx_wait_dp
INFO: [VRFC 10-311] analyzing module EdgeDetect_HorDer_run_dx_rsci_dx_wait_ctrl
INFO: [VRFC 10-311] analyzing module EdgeDetect_HorDer_run_pix_out_rsci_pix_out_wait_dp
INFO: [VRFC 10-311] analyzing module EdgeDetect_HorDer_run_pix_out_rsci_pix_out_wait_ctrl
INFO: [VRFC 10-311] analyzing module EdgeDetect_HorDer_run_pix_in_rsci_pix_in_wait_ctrl
INFO: [VRFC 10-311] analyzing module EdgeDetect_MagAng_run_run_fsm
INFO: [VRFC 10-311] analyzing module EdgeDetect_MagAng_run_staller
INFO: [VRFC 10-311] analyzing module EdgeDetect_MagAng_run_crc32_dat_out_triosy_obj_crc32_dat_out_triosy_wait_ctrl
INFO: [VRFC 10-311] analyzing module EdgeDetect_MagAng_run_crc32_pix_in_triosy_obj_crc32_pix_in_triosy_wait_ctrl
INFO: [VRFC 10-311] analyzing module EdgeDetect_MagAng_run_dat_out_rsci_dat_out_wait_dp
INFO: [VRFC 10-311] analyzing module EdgeDetect_MagAng_run_dat_out_rsci_dat_out_wait_ctrl
INFO: [VRFC 10-311] analyzing module EdgeDetect_MagAng_run_pix_in_rsci_pix_in_wait_dp
INFO: [VRFC 10-311] analyzing module EdgeDetect_MagAng_run_pix_in_rsci_pix_in_wait_ctrl
INFO: [VRFC 10-311] analyzing module EdgeDetect_MagAng_run_dy_in_rsci_dy_in_wait_ctrl
INFO: [VRFC 10-311] analyzing module EdgeDetect_MagAng_run_dx_in_rsci_dx_in_wait_ctrl
INFO: [VRFC 10-311] analyzing module EdgeDetect_VerDer_run_dy_rsci
INFO: [VRFC 10-311] analyzing module EdgeDetect_VerDer_run_pix_out_rsci
INFO: [VRFC 10-311] analyzing module EdgeDetect_VerDer_run_dat_in_rsci
INFO: [VRFC 10-311] analyzing module EdgeDetect_HorDer_run_dx_rsci
INFO: [VRFC 10-311] analyzing module EdgeDetect_HorDer_run_pix_out_rsci
INFO: [VRFC 10-311] analyzing module EdgeDetect_HorDer_run_pix_in_rsci
INFO: [VRFC 10-311] analyzing module EdgeDetect_MagAng_run_crc32_dat_out_triosy_obj
INFO: [VRFC 10-311] analyzing module EdgeDetect_MagAng_run_crc32_pix_in_triosy_obj
INFO: [VRFC 10-311] analyzing module EdgeDetect_MagAng_run_dat_out_rsci
INFO: [VRFC 10-311] analyzing module EdgeDetect_MagAng_run_pix_in_rsci
INFO: [VRFC 10-311] analyzing module EdgeDetect_MagAng_run_dy_in_rsci
INFO: [VRFC 10-311] analyzing module EdgeDetect_MagAng_run_dx_in_rsci
INFO: [VRFC 10-311] analyzing module EdgeDetect_VerDer_run
INFO: [VRFC 10-311] analyzing module EdgeDetect_HorDer_run
INFO: [VRFC 10-311] analyzing module EdgeDetect_MagAng_run
INFO: [VRFC 10-311] analyzing module EdgeDetect_VerDer
INFO: [VRFC 10-311] analyzing module EdgeDetect_HorDer
INFO: [VRFC 10-311] analyzing module EdgeDetect_MagAng
INFO: [VRFC 10-311] analyzing module EdgeDetect_Top_struct
INFO: [VRFC 10-311] analyzing module EdgeDetect_Top
INFO: [VRFC 10-2263] Analyzing Verilog file "/home/ubuntu/irq_test_v1/vivado/vvd_srcs/caravel_soc/rtl/user/config_ctrl/rtl/config_ctrl.v" into library xil_defaultlib
INFO: [VRFC 10-311] analyzing module CFG_CTRL
INFO: [VRFC 10-2263] Analyzing Verilog file "/home/ubuntu/irq_test_v1/vivado/vvd_srcs/caravel_soc/rtl/user/rtl/fsic.v" into library xil_defaultlib
INFO: [VRFC 10-311] analyzing module FSIC
INFO: [VRFC 10-2263] Analyzing Verilog file "/home/ubuntu/irq_test_v1/vivado/vvd_srcs/caravel_soc/rtl/user/fsic_clkrst/rtl/fsic_clkrst.v" into library xil_defaultlib
INFO: [VRFC 10-311] analyzing module FSIC_CLKRST
INFO: [VRFC 10-2263] Analyzing Verilog file "/home/ubuntu/irq_test_v1/vivado/vvd_srcs/caravel_soc/rtl/user/io_serdes/rtl/fsic_coreclk_phase_cnt.v" into library xil_defaultlib
INFO: [VRFC 10-311] analyzing module fsic_coreclk_phase_cnt
INFO: [VRFC 10-2263] Analyzing Verilog file "/home/ubuntu/irq_test_v1/vivado/vvd_srcs/caravel_soc/rtl/user/io_serdes/rtl/fsic_io_serdes_rx.v" into library xil_defaultlib
INFO: [VRFC 10-311] analyzing module fsic_io_serdes_rx
INFO: [VRFC 10-2263] Analyzing Verilog file "/home/ubuntu/irq_test_v1/vivado/vvd_srcs/caravel_soc/rtl/user/mprj_io/rtl/fsic_mprj_io.v" into library xil_defaultlib
INFO: [VRFC 10-311] analyzing module MPRJ_IOz
INFO: [VRFC 10-2263] Analyzing Verilog file "/home/ubuntu/irq_test_v1/vivado/vvd_srcs/caravel_soc/rtl/soc/gpio_control_block.v" into library xil_defaultlib
INFO: [VRFC 10-311] analyzing module gpio_control_block
INFO: [VRFC 10-2263] Analyzing Verilog file "/home/ubuntu/irq_test_v1/vivado/vvd_srcs/caravel_soc/rtl/soc/gpio_defaults_block.v" into library xil_defaultlib
INFO: [VRFC 10-311] analyzing module gpio_defaults_block
INFO: [VRFC 10-2263] Analyzing Verilog file "/home/ubuntu/irq_test_v1/vivado/vvd_srcs/caravel_soc/rtl/soc/housekeeping.v" into library xil_defaultlib
INFO: [VRFC 10-311] analyzing module housekeeping
INFO: [VRFC 10-311] analyzing module boledu_fd_sc_hd__clkbuf_8
INFO: [VRFC 10-2263] Analyzing Verilog file "/home/ubuntu/irq_test_v1/vivado/vvd_srcs/caravel_soc/rtl/soc/housekeeping_spi.v" into library xil_defaultlib
INFO: [VRFC 10-311] analyzing module housekeeping_spi
INFO: [VRFC 10-2263] Analyzing Verilog file "/home/ubuntu/irq_test_v1/vivado/vvd_srcs/caravel_soc/rtl/user/io_serdes/rtl/io_serdes.v" into library xil_defaultlib
INFO: [VRFC 10-311] analyzing module IO_SERDES
INFO: [VRFC 10-2263] Analyzing Verilog file "/home/ubuntu/irq_test_v1/vivado/vvd_srcs/caravel_soc/rtl/user/user_subsys/irq_mux/rtl/irq_mux.v" into library xil_defaultlib
INFO: [VRFC 10-311] analyzing module IRQ_MUX
INFO: [VRFC 10-2263] Analyzing Verilog file "/home/ubuntu/irq_test_v1/vivado/vvd_srcs/caravel_soc/rtl/user/user_subsys/la_mux/rtl/la_mux.v" into library xil_defaultlib
INFO: [VRFC 10-311] analyzing module LA_MUX
INFO: [VRFC 10-2263] Analyzing Verilog file "/home/ubuntu/irq_test_v1/vivado/vvd_srcs/caravel_soc/rtl/soc/mgmt_core.v" into library xil_defaultlib
INFO: [VRFC 10-311] analyzing module mgmt_core
INFO: [VRFC 10-2263] Analyzing Verilog file "/home/ubuntu/irq_test_v1/vivado/vvd_srcs/caravel_soc/rtl/soc/mgmt_core_wrapper.v" into library xil_defaultlib
INFO: [VRFC 10-311] analyzing module mgmt_core_wrapper
INFO: [VRFC 10-2263] Analyzing Verilog file "/home/ubuntu/irq_test_v1/vivado/vvd_srcs/caravel_soc/rtl/soc/mprj_io.v" into library xil_defaultlib
INFO: [VRFC 10-311] analyzing module mprj_io
INFO: [VRFC 10-311] analyzing module boledu_io
INFO: [VRFC 10-2263] Analyzing Verilog file "/home/ubuntu/irq_test_v1/vivado/vvd_srcs/caravel_soc/rtl/user/user_subsys/user_prj/user_prj0/rtl/spram.v" into library xil_defaultlib
INFO: [VRFC 10-311] analyzing module SPRAM
INFO: [VRFC 10-2263] Analyzing Verilog file "/home/ubuntu/irq_test_v1/vivado/vvd_srcs/caravel_soc/rtl/user/user_subsys/user_prj/user_prj2/rtl/stage.v" into library xil_defaultlib
INFO: [VRFC 10-311] analyzing module ccs_in_wait_v1
WARNING: [VRFC 10-3609] overwriting previous definition of module 'ccs_in_wait_v1' [/home/ubuntu/irq_test_v1/vivado/vvd_srcs/caravel_soc/rtl/user/user_subsys/user_prj/user_prj2/rtl/stage.v:21]
INFO: [VRFC 10-311] analyzing module ccs_out_wait_v1
WARNING: [VRFC 10-3609] overwriting previous definition of module 'ccs_out_wait_v1' [/home/ubuntu/irq_test_v1/vivado/vvd_srcs/caravel_soc/rtl/user/user_subsys/user_prj/user_prj2/rtl/stage.v:67]
INFO: [VRFC 10-311] analyzing module mgc_io_sync_v2
WARNING: [VRFC 10-3609] overwriting previous definition of module 'mgc_io_sync_v2' [/home/ubuntu/irq_test_v1/vivado/vvd_srcs/caravel_soc/rtl/user/user_subsys/user_prj/user_prj2/rtl/stage.v:114]
INFO: [VRFC 10-311] analyzing module ccs_in_v1
WARNING: [VRFC 10-3609] overwriting previous definition of module 'ccs_in_v1' [/home/ubuntu/irq_test_v1/vivado/vvd_srcs/caravel_soc/rtl/user/user_subsys/user_prj/user_prj2/rtl/stage.v:146]
INFO: [VRFC 10-311] analyzing module ROM_1i10_1o14_64308806abd59d677de1cc2043c30c27bd
INFO: [VRFC 10-311] analyzing module ROM_1i10_1o14_281e23127cb7ddaedd69e0bbd10d0137bd
INFO: [VRFC 10-311] analyzing module ROM_1i10_1o64_a49ff3631daca65e62d175dd412366e6bd
INFO: [VRFC 10-311] analyzing module ROM_1i10_1o62_e041a31844d9eff753e17f0437c907cdbd
INFO: [VRFC 10-311] analyzing module mgc_shift_l_v5
INFO: [VRFC 10-311] analyzing module leading_sign_57_0_1_0
INFO: [VRFC 10-311] analyzing module mgc_shift_r_v5
INFO: [VRFC 10-311] analyzing module leading_sign_53_0
INFO: [VRFC 10-311] analyzing module stage_ccs_sample_mem_ccs_ram_sync_singleport_rwport_en_7_16_10_1024_1024_16_5_gen
INFO: [VRFC 10-311] analyzing module stage_ccs_sample_mem_ccs_ram_sync_singleport_rwport_en_6_64_10_1024_1024_64_5_gen
INFO: [VRFC 10-311] analyzing module stage_ccs_sample_mem_ccs_ram_sync_singleport_rwport_en_5_16_10_1024_1024_16_5_gen
INFO: [VRFC 10-311] analyzing module stage_ccs_sample_mem_ccs_ram_sync_singleport_rwport_en_4_64_10_1024_1024_64_5_gen
INFO: [VRFC 10-311] analyzing module stage_run_run_fsm
INFO: [VRFC 10-311] analyzing module stage_run_staller
INFO: [VRFC 10-311] analyzing module stage_run_out_u_triosy_obj_out_u_triosy_wait_ctrl
INFO: [VRFC 10-311] analyzing module stage_run_out_f_d_triosy_obj_out_f_d_triosy_wait_ctrl
INFO: [VRFC 10-311] analyzing module stage_run_in_u_triosy_obj_in_u_triosy_wait_ctrl
INFO: [VRFC 10-311] analyzing module stage_run_in_f_d_triosy_obj_in_f_d_triosy_wait_ctrl
INFO: [VRFC 10-311] analyzing module stage_run_mode1_triosy_obj_mode1_triosy_wait_ctrl
INFO: [VRFC 10-311] analyzing module stage_run_out1_rsci_out1_wait_ctrl
INFO: [VRFC 10-311] analyzing module stage_run_wait_dp
INFO: [VRFC 10-311] analyzing module stage_run_ap_done_rsci_ap_done_wait_ctrl
INFO: [VRFC 10-311] analyzing module stage_run_ap_start_rsci_ap_start_wait_ctrl
INFO: [VRFC 10-311] analyzing module stage_run_out_u_triosy_obj
INFO: [VRFC 10-311] analyzing module stage_run_out_f_d_triosy_obj
INFO: [VRFC 10-311] analyzing module stage_run_in_u_triosy_obj
INFO: [VRFC 10-311] analyzing module stage_run_in_f_d_triosy_obj
INFO: [VRFC 10-311] analyzing module stage_run_mode1_triosy_obj
INFO: [VRFC 10-311] analyzing module stage_run_out1_rsci
INFO: [VRFC 10-311] analyzing module stage_run_ap_done_rsci
INFO: [VRFC 10-311] analyzing module stage_run_ap_start_rsci
INFO: [VRFC 10-311] analyzing module stage_run
INFO: [VRFC 10-311] analyzing module stage_struct
INFO: [VRFC 10-311] analyzing module fiFFNTT
INFO: [VRFC 10-2263] Analyzing Verilog file "/home/ubuntu/irq_test_v1/vivado/vvd_srcs/caravel_soc/rtl/user/axis_switch/rtl/sw_caravel.v" into library xil_defaultlib
INFO: [VRFC 10-311] analyzing module AXIS_SW
INFO: [VRFC 10-2263] Analyzing Verilog file "/home/ubuntu/irq_test_v1/vivado/vvd_srcs/caravel_soc/rtl/user/user_subsys/user_prj/user_prj0/rtl/user_prj0.v" into library xil_defaultlib
INFO: [VRFC 10-311] analyzing module USER_PRJ0
INFO: [VRFC 10-2263] Analyzing Verilog file "/home/ubuntu/irq_test_v1/vivado/vvd_srcs/caravel_soc/rtl/user/user_subsys/user_prj/user_prj1/rtl/user_prj1.v" into library xil_defaultlib
INFO: [VRFC 10-311] analyzing module USER_PRJ1
INFO: [VRFC 10-311] analyzing module multiplier_adder
INFO: [VRFC 10-311] analyzing module bram11
INFO: [VRFC 10-311] analyzing module fir
INFO: [VRFC 10-2263] Analyzing Verilog file "/home/ubuntu/irq_test_v1/vivado/vvd_srcs/caravel_soc/rtl/user/user_subsys/user_prj/user_prj2/rtl/user_prj2.v" into library xil_defaultlib
INFO: [VRFC 10-311] analyzing module USER_PRJ2
WARNING: [VRFC 10-3380] identifier 'RD_IDLE' is used before its declaration [/home/ubuntu/irq_test_v1/vivado/vvd_srcs/caravel_soc/rtl/user/user_subsys/user_prj/user_prj2/rtl/user_prj2.v:113]
WARNING: [VRFC 10-3380] identifier 'RESET' is used before its declaration [/home/ubuntu/irq_test_v1/vivado/vvd_srcs/caravel_soc/rtl/user/user_subsys/user_prj/user_prj2/rtl/user_prj2.v:152]
INFO: [VRFC 10-2263] Analyzing Verilog file "/home/ubuntu/irq_test_v1/vivado/vvd_srcs/caravel_soc/rtl/user/user_subsys/user_prj/user_prj3/rtl/user_prj3.v" into library xil_defaultlib
INFO: [VRFC 10-311] analyzing module USER_PRJ3
INFO: [VRFC 10-2263] Analyzing Verilog file "/home/ubuntu/irq_test_v1/vivado/vvd_srcs/caravel_soc/rtl/user/rtl/user_project_wrapper.v" into library xil_defaultlib
INFO: [VRFC 10-311] analyzing module user_project_wrapper
INFO: [VRFC 10-2263] Analyzing Verilog file "/home/ubuntu/irq_test_v1/vivado/vvd_srcs/caravel_soc/rtl/user/user_subsys/rtl/user_subsys.v" into library xil_defaultlib
INFO: [VRFC 10-311] analyzing module USER_SUBSYS
INFO: [VRFC 10-2263] Analyzing SystemVerilog file "/home/ubuntu/irq_test_v1/vivado/vvd_srcs/caravel_soc/rtl/header/user_defines.v" into library xil_defaultlib
INFO: [VRFC 10-2263] Analyzing SystemVerilog file "/home/ubuntu/irq_test_v1/vivado/vvd_srcs/caravel_soc/rtl/header/defines.v" into library xil_defaultlib
INFO: [VRFC 10-2263] Analyzing SystemVerilog file "/home/ubuntu/irq_test_v1/vivado/fsic_defines.v" into library xil_defaultlib
WARNING: [VRFC 10-3381] ignoring re-definition of command line macro 'USER_PROJECT_SIDEBAND_SUPPORT' [/home/ubuntu/irq_test_v1/vivado/fsic_defines.v:4]
WARNING: [VRFC 10-3381] ignoring re-definition of command line macro 'USE_EDGEDETECT_IP' [/home/ubuntu/irq_test_v1/vivado/fsic_defines.v:5]
WARNING: [VRFC 10-3381] ignoring re-definition of command line macro 'pSERIALIO_WIDTH' [/home/ubuntu/irq_test_v1/vivado/fsic_defines.v:6]
INFO: [VRFC 10-2263] Analyzing SystemVerilog file "/home/ubuntu/irq_test_v1/vivado/vvd_srcs/caravel_soc/rtl/user/axilite_axis/rtl/axi_ctrl_logic.sv" into library xil_defaultlib
INFO: [VRFC 10-311] analyzing module axi_ctrl_logic
INFO: [VRFC 10-2263] Analyzing SystemVerilog file "/home/ubuntu/irq_test_v1/vivado/vvd_srcs/caravel_soc/rtl/user/axilite_axis/rtl/axil_axis.sv" into library xil_defaultlib
INFO: [VRFC 10-311] analyzing module AXIL_AXIS
INFO: [VRFC 10-2263] Analyzing SystemVerilog file "/home/ubuntu/irq_test_v1/vivado/vvd_srcs/caravel_soc/rtl/user/axilite_axis/rtl/axilite_master.sv" into library xil_defaultlib
INFO: [VRFC 10-311] analyzing module axilite_master
INFO: [VRFC 10-2263] Analyzing SystemVerilog file "/home/ubuntu/irq_test_v1/vivado/vvd_srcs/caravel_soc/rtl/user/axilite_axis/rtl/axilite_slave.sv" into library xil_defaultlib
INFO: [VRFC 10-311] analyzing module axilite_slave
INFO: [VRFC 10-2263] Analyzing SystemVerilog file "/home/ubuntu/irq_test_v1/vivado/vvd_srcs/caravel_soc/rtl/user/axilite_axis/rtl/axis_master.sv" into library xil_defaultlib
INFO: [VRFC 10-311] analyzing module axis_master
INFO: [VRFC 10-2263] Analyzing SystemVerilog file "/home/ubuntu/irq_test_v1/vivado/vvd_srcs/caravel_soc/rtl/user/axilite_axis/rtl/axis_slave.sv" into library xil_defaultlib
INFO: [VRFC 10-311] analyzing module axis_slave
INFO: [VRFC 10-2263] Analyzing Verilog file "/home/ubuntu/irq_test_v1/vivado/vvd_srcs/caravel_soc/rtl/header/user_defines.v" into library xil_defaultlib
INFO: [VRFC 10-2263] Analyzing Verilog file "/home/ubuntu/irq_test_v1/vivado/vvd_srcs/caravel_soc/rtl/header/defines.v" into library xil_defaultlib
INFO: [VRFC 10-2263] Analyzing Verilog file "/home/ubuntu/irq_test_v1/vivado/fsic_defines.v" into library xil_defaultlib
WARNING: [VRFC 10-3381] ignoring re-definition of command line macro 'USER_PROJECT_SIDEBAND_SUPPORT' [/home/ubuntu/irq_test_v1/vivado/fsic_defines.v:4]
WARNING: [VRFC 10-3381] ignoring re-definition of command line macro 'USE_EDGEDETECT_IP' [/home/ubuntu/irq_test_v1/vivado/fsic_defines.v:5]
WARNING: [VRFC 10-3381] ignoring re-definition of command line macro 'pSERIALIO_WIDTH' [/home/ubuntu/irq_test_v1/vivado/fsic_defines.v:6]
INFO: [VRFC 10-2263] Analyzing Verilog file "/home/ubuntu/irq_test_v1/vivado/vvd_srcs/caravel_soc/rtl/soc/caravel.v" into library xil_defaultlib
INFO: [VRFC 10-311] analyzing module caravel
INFO: [VRFC 10-2263] Analyzing Verilog file "/home/ubuntu/irq_test_v1/vivado/vvd_srcs/fpga/rtl/PL/LA_DMA/ladmatr.v" into library xil_defaultlib
INFO: [VRFC 10-311] analyzing module ladmatr
INFO: [VRFC 10-2263] Analyzing Verilog file "/home/ubuntu/irq_test_v1/vivado/vvd_srcs/fpga/rtl/PL/LA_DMA/ladmatr_control_s_axi.v" into library xil_defaultlib
INFO: [VRFC 10-311] analyzing module ladmatr_control_s_axi
INFO: [VRFC 10-2263] Analyzing Verilog file "/home/ubuntu/irq_test_v1/vivado/vvd_srcs/fpga/rtl/PL/LA_DMA/ladmatr_entry_proc.v" into library xil_defaultlib
INFO: [VRFC 10-311] analyzing module ladmatr_entry_proc
INFO: [VRFC 10-2263] Analyzing Verilog file "/home/ubuntu/irq_test_v1/vivado/vvd_srcs/fpga/rtl/PL/LA_DMA/ladmatr_fifo_w1_d2_S.v" into library xil_defaultlib
INFO: [VRFC 10-311] analyzing module ladmatr_fifo_w1_d2_S_shiftReg
INFO: [VRFC 10-311] analyzing module ladmatr_fifo_w1_d2_S
INFO: [VRFC 10-2263] Analyzing Verilog file "/home/ubuntu/irq_test_v1/vivado/vvd_srcs/fpga/rtl/PL/LA_DMA/ladmatr_fifo_w32_d2_S.v" into library xil_defaultlib
INFO: [VRFC 10-311] analyzing module ladmatr_fifo_w32_d2_S_shiftReg
INFO: [VRFC 10-311] analyzing module ladmatr_fifo_w32_d2_S
INFO: [VRFC 10-2263] Analyzing Verilog file "/home/ubuntu/irq_test_v1/vivado/vvd_srcs/fpga/rtl/PL/LA_DMA/ladmatr_fifo_w32_d8_S.v" into library xil_defaultlib
INFO: [VRFC 10-311] analyzing module ladmatr_fifo_w32_d8_S_shiftReg
INFO: [VRFC 10-311] analyzing module ladmatr_fifo_w32_d8_S
INFO: [VRFC 10-2263] Analyzing Verilog file "/home/ubuntu/irq_test_v1/vivado/vvd_srcs/fpga/rtl/PL/LA_DMA/ladmatr_fifo_w33_d128_A.v" into library xil_defaultlib
INFO: [VRFC 10-311] analyzing module ladmatr_fifo_w33_d128_A_ram
INFO: [VRFC 10-311] analyzing module ladmatr_fifo_w33_d128_A
INFO: [VRFC 10-2263] Analyzing Verilog file "/home/ubuntu/irq_test_v1/vivado/vvd_srcs/fpga/rtl/PL/LA_DMA/ladmatr_fifo_w64_d3_S.v" into library xil_defaultlib
INFO: [VRFC 10-311] analyzing module ladmatr_fifo_w64_d3_S_shiftReg
INFO: [VRFC 10-311] analyzing module ladmatr_fifo_w64_d3_S
INFO: [VRFC 10-2263] Analyzing Verilog file "/home/ubuntu/irq_test_v1/vivado/vvd_srcs/fpga/rtl/PL/LA_DMA/ladmatr_flow_control_loop_pipe_sequential_init.v" into library xil_defaultlib
INFO: [VRFC 10-311] analyzing module ladmatr_flow_control_loop_pipe_sequential_init
INFO: [VRFC 10-2263] Analyzing Verilog file "/home/ubuntu/irq_test_v1/vivado/vvd_srcs/fpga/rtl/PL/LA_DMA/ladmatr_getinstream.v" into library xil_defaultlib
INFO: [VRFC 10-311] analyzing module ladmatr_getinstream
INFO: [VRFC 10-2263] Analyzing Verilog file "/home/ubuntu/irq_test_v1/vivado/vvd_srcs/fpga/rtl/PL/LA_DMA/ladmatr_getinstream_Pipeline_VITIS_LOOP_44_1.v" into library xil_defaultlib
INFO: [VRFC 10-311] analyzing module ladmatr_getinstream_Pipeline_VITIS_LOOP_44_1
INFO: [VRFC 10-2263] Analyzing Verilog file "/home/ubuntu/irq_test_v1/vivado/vvd_srcs/fpga/rtl/PL/LA_DMA/ladmatr_gmem0_m_axi.v" into library xil_defaultlib
INFO: [VRFC 10-311] analyzing module ladmatr_gmem0_m_axi
INFO: [VRFC 10-311] analyzing module ladmatr_gmem0_m_axi_load
INFO: [VRFC 10-311] analyzing module ladmatr_gmem0_m_axi_store
INFO: [VRFC 10-311] analyzing module ladmatr_gmem0_m_axi_flushManager
INFO: [VRFC 10-311] analyzing module ladmatr_gmem0_m_axi_read
INFO: [VRFC 10-311] analyzing module ladmatr_gmem0_m_axi_write
INFO: [VRFC 10-311] analyzing module ladmatr_gmem0_m_axi_throttle
INFO: [VRFC 10-311] analyzing module ladmatr_gmem0_m_axi_reg_slice
INFO: [VRFC 10-311] analyzing module ladmatr_gmem0_m_axi_fifo
INFO: [VRFC 10-311] analyzing module ladmatr_gmem0_m_axi_srl
INFO: [VRFC 10-311] analyzing module ladmatr_gmem0_m_axi_mem
INFO: [VRFC 10-2263] Analyzing Verilog file "/home/ubuntu/irq_test_v1/vivado/vvd_srcs/fpga/rtl/PL/LA_DMA/ladmatr_regslice_both.v" into library xil_defaultlib
INFO: [VRFC 10-311] analyzing module ladmatr_regslice_both
INFO: [VRFC 10-311] analyzing module ladmatr_regslice_both_w1
INFO: [VRFC 10-2263] Analyzing Verilog file "/home/ubuntu/irq_test_v1/vivado/vvd_srcs/fpga/rtl/PL/LA_DMA/ladmatr_start_for_streamtoparallelwithburst_U0.v" into library xil_defaultlib
INFO: [VRFC 10-311] analyzing module ladmatr_start_for_streamtoparallelwithburst_U0_shiftReg
INFO: [VRFC 10-311] analyzing module ladmatr_start_for_streamtoparallelwithburst_U0
INFO: [VRFC 10-2263] Analyzing Verilog file "/home/ubuntu/irq_test_v1/vivado/vvd_srcs/fpga/rtl/PL/LA_DMA/ladmatr_streamtoparallelwithburst.v" into library xil_defaultlib
INFO: [VRFC 10-311] analyzing module ladmatr_streamtoparallelwithburst
INFO: [VRFC 10-2263] Analyzing Verilog file "/home/ubuntu/irq_test_v1/vivado/vvd_srcs/fpga/rtl/PL/LA_DMA/ladmatr_streamtoparallelwithburst_Pipeline_VITIS_LOOP_15_2.v" into library xil_defaultlib
INFO: [VRFC 10-311] analyzing module ladmatr_streamtoparallelwithburst_Pipeline_VITIS_LOOP_15_2
INFO: [VRFC 10-2263] Analyzing Verilog file "/home/ubuntu/irq_test_v1/vivado/vvd_srcs/fpga/rtl/PL/sw_fpga.v" into library xil_defaultlib
INFO: [VRFC 10-311] analyzing module AXIS_SWz
INFO: [VRFC 10-2263] Analyzing Verilog file "/home/ubuntu/irq_test_v1/vivado/vvd_srcs/fpga/rtl/PL/ps_axil.v" into library xil_defaultlib
INFO: [VRFC 10-311] analyzing module ps_axil
INFO: [VRFC 10-2263] Analyzing Verilog file "/home/ubuntu/irq_test_v1/vivado/vitis_prj/verilog_spiflash/spiflash.v" into library xil_defaultlib
INFO: [VRFC 10-311] analyzing module spiflash
INFO: [VRFC 10-2263] Analyzing Verilog file "/home/ubuntu/irq_test_v1/vivado/vvd_caravel_fpga_sim/vvd_caravel_fpga_sim.ip_user_files/bd/design_1/ip/design_1_axi_smc_0/bd_0/ip/ip_0/sim/bd_afc3_one_0.v" into library xil_defaultlib
INFO: [VRFC 10-311] analyzing module bd_afc3_one_0
INFO: [VRFC 10-2263] Analyzing SystemVerilog file "/home/ubuntu/irq_test_v1/vivado/vvd_srcs/caravel_soc/rtl/header/user_defines.v" into library xil_defaultlib
INFO: [VRFC 10-2263] Analyzing SystemVerilog file "/home/ubuntu/irq_test_v1/vivado/vvd_srcs/caravel_soc/rtl/header/defines.v" into library xil_defaultlib
INFO: [VRFC 10-2263] Analyzing SystemVerilog file "/home/ubuntu/irq_test_v1/vivado/fsic_defines.v" into library xil_defaultlib
WARNING: [VRFC 10-3381] ignoring re-definition of command line macro 'USER_PROJECT_SIDEBAND_SUPPORT' [/home/ubuntu/irq_test_v1/vivado/fsic_defines.v:4]
WARNING: [VRFC 10-3381] ignoring re-definition of command line macro 'USE_EDGEDETECT_IP' [/home/ubuntu/irq_test_v1/vivado/fsic_defines.v:5]
WARNING: [VRFC 10-3381] ignoring re-definition of command line macro 'pSERIALIO_WIDTH' [/home/ubuntu/irq_test_v1/vivado/fsic_defines.v:6]
INFO: [VRFC 10-2263] Analyzing SystemVerilog file "/home/ubuntu/irq_test_v1/vivado/vvd_caravel_fpga_sim/vvd_caravel_fpga_sim.ip_user_files/bd/design_1/ip/design_1_axi_smc_0/bd_0/ip/ip_2/sim/bd_afc3_s00mmu_0.sv" into library xil_defaultlib
INFO: [VRFC 10-311] analyzing module bd_afc3_s00mmu_0
INFO: [VRFC 10-2263] Analyzing SystemVerilog file "/home/ubuntu/irq_test_v1/vivado/vvd_caravel_fpga_sim/vvd_caravel_fpga_sim.ip_user_files/bd/design_1/ip/design_1_axi_smc_0/bd_0/ip/ip_3/sim/bd_afc3_s00tr_0.sv" into library xil_defaultlib
INFO: [VRFC 10-311] analyzing module bd_afc3_s00tr_0
INFO: [VRFC 10-2263] Analyzing SystemVerilog file "/home/ubuntu/irq_test_v1/vivado/vvd_caravel_fpga_sim/vvd_caravel_fpga_sim.ip_user_files/bd/design_1/ip/design_1_axi_smc_0/bd_0/ip/ip_4/sim/bd_afc3_s00sic_0.sv" into library xil_defaultlib
INFO: [VRFC 10-311] analyzing module bd_afc3_s00sic_0
INFO: [VRFC 10-2263] Analyzing SystemVerilog file "/home/ubuntu/irq_test_v1/vivado/vvd_caravel_fpga_sim/vvd_caravel_fpga_sim.ip_user_files/bd/design_1/ip/design_1_axi_smc_0/bd_0/ip/ip_5/sim/bd_afc3_s00a2s_0.sv" into library xil_defaultlib
INFO: [VRFC 10-311] analyzing module bd_afc3_s00a2s_0
INFO: [VRFC 10-2263] Analyzing SystemVerilog file "/home/ubuntu/irq_test_v1/vivado/vvd_caravel_fpga_sim/vvd_caravel_fpga_sim.ip_user_files/bd/design_1/ip/design_1_axi_smc_0/bd_0/ip/ip_6/sim/bd_afc3_sarn_0.sv" into library xil_defaultlib
INFO: [VRFC 10-311] analyzing module bd_afc3_sarn_0
INFO: [VRFC 10-2263] Analyzing SystemVerilog file "/home/ubuntu/irq_test_v1/vivado/vvd_caravel_fpga_sim/vvd_caravel_fpga_sim.ip_user_files/bd/design_1/ip/design_1_axi_smc_0/bd_0/ip/ip_7/sim/bd_afc3_srn_0.sv" into library xil_defaultlib
INFO: [VRFC 10-311] analyzing module bd_afc3_srn_0
INFO: [VRFC 10-2263] Analyzing SystemVerilog file "/home/ubuntu/irq_test_v1/vivado/vvd_caravel_fpga_sim/vvd_caravel_fpga_sim.ip_user_files/bd/design_1/ip/design_1_axi_smc_0/bd_0/ip/ip_8/sim/bd_afc3_sawn_0.sv" into library xil_defaultlib
INFO: [VRFC 10-311] analyzing module bd_afc3_sawn_0
INFO: [VRFC 10-2263] Analyzing SystemVerilog file "/home/ubuntu/irq_test_v1/vivado/vvd_caravel_fpga_sim/vvd_caravel_fpga_sim.ip_user_files/bd/design_1/ip/design_1_axi_smc_0/bd_0/ip/ip_9/sim/bd_afc3_swn_0.sv" into library xil_defaultlib
INFO: [VRFC 10-311] analyzing module bd_afc3_swn_0
INFO: [VRFC 10-2263] Analyzing SystemVerilog file "/home/ubuntu/irq_test_v1/vivado/vvd_caravel_fpga_sim/vvd_caravel_fpga_sim.ip_user_files/bd/design_1/ip/design_1_axi_smc_0/bd_0/ip/ip_10/sim/bd_afc3_sbn_0.sv" into library xil_defaultlib
INFO: [VRFC 10-311] analyzing module bd_afc3_sbn_0
INFO: [VRFC 10-2263] Analyzing SystemVerilog file "/home/ubuntu/irq_test_v1/vivado/vvd_caravel_fpga_sim/vvd_caravel_fpga_sim.ip_user_files/bd/design_1/ip/design_1_axi_smc_0/bd_0/ip/ip_11/sim/bd_afc3_m00s2a_0.sv" into library xil_defaultlib
INFO: [VRFC 10-311] analyzing module bd_afc3_m00s2a_0
INFO: [VRFC 10-2263] Analyzing SystemVerilog file "/home/ubuntu/irq_test_v1/vivado/vvd_caravel_fpga_sim/vvd_caravel_fpga_sim.ip_user_files/bd/design_1/ip/design_1_axi_smc_0/bd_0/ip/ip_12/sim/bd_afc3_m00e_0.sv" into library xil_defaultlib
INFO: [VRFC 10-311] analyzing module bd_afc3_m00e_0
INFO: [VRFC 10-2263] Analyzing Verilog file "/home/ubuntu/irq_test_v1/vivado/vvd_srcs/caravel_soc/rtl/header/user_defines.v" into library xil_defaultlib
INFO: [VRFC 10-2263] Analyzing Verilog file "/home/ubuntu/irq_test_v1/vivado/vvd_srcs/caravel_soc/rtl/header/defines.v" into library xil_defaultlib
INFO: [VRFC 10-2263] Analyzing Verilog file "/home/ubuntu/irq_test_v1/vivado/fsic_defines.v" into library xil_defaultlib
WARNING: [VRFC 10-3381] ignoring re-definition of command line macro 'USER_PROJECT_SIDEBAND_SUPPORT' [/home/ubuntu/irq_test_v1/vivado/fsic_defines.v:4]
WARNING: [VRFC 10-3381] ignoring re-definition of command line macro 'USE_EDGEDETECT_IP' [/home/ubuntu/irq_test_v1/vivado/fsic_defines.v:5]
WARNING: [VRFC 10-3381] ignoring re-definition of command line macro 'pSERIALIO_WIDTH' [/home/ubuntu/irq_test_v1/vivado/fsic_defines.v:6]
INFO: [VRFC 10-2263] Analyzing Verilog file "/home/ubuntu/irq_test_v1/vivado/vvd_caravel_fpga_sim/vvd_caravel_fpga_sim.ip_user_files/bd/design_1/ip/design_1_axi_smc_0/bd_0/sim/bd_afc3.v" into library xil_defaultlib
INFO: [VRFC 10-311] analyzing module bd_afc3
INFO: [VRFC 10-311] analyzing module clk_map_imp_5Y9LOC
INFO: [VRFC 10-311] analyzing module m00_exit_pipeline_imp_1TZX5BB
INFO: [VRFC 10-311] analyzing module s00_entry_pipeline_imp_USCCV8
INFO: [VRFC 10-311] analyzing module s00_nodes_imp_Y7M43I
INFO: [VRFC 10-2263] Analyzing Verilog file "/home/ubuntu/irq_test_v1/vivado/vvd_caravel_fpga_sim/vvd_caravel_fpga_sim.ip_user_files/bd/design_1/ip/design_1_axi_smc_0/sim/design_1_axi_smc_0.v" into library xil_defaultlib
INFO: [VRFC 10-311] analyzing module design_1_axi_smc_0
INFO: [VRFC 10-2263] Analyzing Verilog file "/home/ubuntu/irq_test_v1/vivado/vvd_caravel_fpga_sim/vvd_caravel_fpga_sim.ip_user_files/bd/design_1/ip/design_1_axi_smc_1_0/bd_0/ip/ip_0/sim/bd_a878_one_0.v" into library xil_defaultlib
INFO: [VRFC 10-311] analyzing module bd_a878_one_0
INFO: [VRFC 10-2263] Analyzing SystemVerilog file "/home/ubuntu/irq_test_v1/vivado/vvd_srcs/caravel_soc/rtl/header/user_defines.v" into library xil_defaultlib
INFO: [VRFC 10-2263] Analyzing SystemVerilog file "/home/ubuntu/irq_test_v1/vivado/vvd_srcs/caravel_soc/rtl/header/defines.v" into library xil_defaultlib
INFO: [VRFC 10-2263] Analyzing SystemVerilog file "/home/ubuntu/irq_test_v1/vivado/fsic_defines.v" into library xil_defaultlib
WARNING: [VRFC 10-3381] ignoring re-definition of command line macro 'USER_PROJECT_SIDEBAND_SUPPORT' [/home/ubuntu/irq_test_v1/vivado/fsic_defines.v:4]
WARNING: [VRFC 10-3381] ignoring re-definition of command line macro 'USE_EDGEDETECT_IP' [/home/ubuntu/irq_test_v1/vivado/fsic_defines.v:5]
WARNING: [VRFC 10-3381] ignoring re-definition of command line macro 'pSERIALIO_WIDTH' [/home/ubuntu/irq_test_v1/vivado/fsic_defines.v:6]
INFO: [VRFC 10-2263] Analyzing SystemVerilog file "/home/ubuntu/irq_test_v1/vivado/vvd_caravel_fpga_sim/vvd_caravel_fpga_sim.ip_user_files/bd/design_1/ip/design_1_axi_smc_1_0/bd_0/ip/ip_2/sim/bd_a878_s00mmu_0.sv" into library xil_defaultlib
INFO: [VRFC 10-311] analyzing module bd_a878_s00mmu_0
INFO: [VRFC 10-2263] Analyzing SystemVerilog file "/home/ubuntu/irq_test_v1/vivado/vvd_caravel_fpga_sim/vvd_caravel_fpga_sim.ip_user_files/bd/design_1/ip/design_1_axi_smc_1_0/bd_0/ip/ip_3/sim/bd_a878_s00tr_0.sv" into library xil_defaultlib
INFO: [VRFC 10-311] analyzing module bd_a878_s00tr_0
INFO: [VRFC 10-2263] Analyzing SystemVerilog file "/home/ubuntu/irq_test_v1/vivado/vvd_caravel_fpga_sim/vvd_caravel_fpga_sim.ip_user_files/bd/design_1/ip/design_1_axi_smc_1_0/bd_0/ip/ip_4/sim/bd_a878_s00sic_0.sv" into library xil_defaultlib
INFO: [VRFC 10-311] analyzing module bd_a878_s00sic_0
INFO: [VRFC 10-2263] Analyzing SystemVerilog file "/home/ubuntu/irq_test_v1/vivado/vvd_caravel_fpga_sim/vvd_caravel_fpga_sim.ip_user_files/bd/design_1/ip/design_1_axi_smc_1_0/bd_0/ip/ip_5/sim/bd_a878_s00a2s_0.sv" into library xil_defaultlib
INFO: [VRFC 10-311] analyzing module bd_a878_s00a2s_0
INFO: [VRFC 10-2263] Analyzing SystemVerilog file "/home/ubuntu/irq_test_v1/vivado/vvd_caravel_fpga_sim/vvd_caravel_fpga_sim.ip_user_files/bd/design_1/ip/design_1_axi_smc_1_0/bd_0/ip/ip_6/sim/bd_a878_sawn_0.sv" into library xil_defaultlib
INFO: [VRFC 10-311] analyzing module bd_a878_sawn_0
INFO: [VRFC 10-2263] Analyzing SystemVerilog file "/home/ubuntu/irq_test_v1/vivado/vvd_caravel_fpga_sim/vvd_caravel_fpga_sim.ip_user_files/bd/design_1/ip/design_1_axi_smc_1_0/bd_0/ip/ip_7/sim/bd_a878_swn_0.sv" into library xil_defaultlib
INFO: [VRFC 10-311] analyzing module bd_a878_swn_0
INFO: [VRFC 10-2263] Analyzing SystemVerilog file "/home/ubuntu/irq_test_v1/vivado/vvd_caravel_fpga_sim/vvd_caravel_fpga_sim.ip_user_files/bd/design_1/ip/design_1_axi_smc_1_0/bd_0/ip/ip_8/sim/bd_a878_sbn_0.sv" into library xil_defaultlib
INFO: [VRFC 10-311] analyzing module bd_a878_sbn_0
INFO: [VRFC 10-2263] Analyzing SystemVerilog file "/home/ubuntu/irq_test_v1/vivado/vvd_caravel_fpga_sim/vvd_caravel_fpga_sim.ip_user_files/bd/design_1/ip/design_1_axi_smc_1_0/bd_0/ip/ip_9/sim/bd_a878_m00s2a_0.sv" into library xil_defaultlib
INFO: [VRFC 10-311] analyzing module bd_a878_m00s2a_0
INFO: [VRFC 10-2263] Analyzing SystemVerilog file "/home/ubuntu/irq_test_v1/vivado/vvd_caravel_fpga_sim/vvd_caravel_fpga_sim.ip_user_files/bd/design_1/ip/design_1_axi_smc_1_0/bd_0/ip/ip_10/sim/bd_a878_m00e_0.sv" into library xil_defaultlib
INFO: [VRFC 10-311] analyzing module bd_a878_m00e_0
INFO: [VRFC 10-2263] Analyzing Verilog file "/home/ubuntu/irq_test_v1/vivado/vvd_srcs/caravel_soc/rtl/header/user_defines.v" into library xil_defaultlib
INFO: [VRFC 10-2263] Analyzing Verilog file "/home/ubuntu/irq_test_v1/vivado/vvd_srcs/caravel_soc/rtl/header/defines.v" into library xil_defaultlib
INFO: [VRFC 10-2263] Analyzing Verilog file "/home/ubuntu/irq_test_v1/vivado/fsic_defines.v" into library xil_defaultlib
WARNING: [VRFC 10-3381] ignoring re-definition of command line macro 'USER_PROJECT_SIDEBAND_SUPPORT' [/home/ubuntu/irq_test_v1/vivado/fsic_defines.v:4]
WARNING: [VRFC 10-3381] ignoring re-definition of command line macro 'USE_EDGEDETECT_IP' [/home/ubuntu/irq_test_v1/vivado/fsic_defines.v:5]
WARNING: [VRFC 10-3381] ignoring re-definition of command line macro 'pSERIALIO_WIDTH' [/home/ubuntu/irq_test_v1/vivado/fsic_defines.v:6]
INFO: [VRFC 10-2263] Analyzing Verilog file "/home/ubuntu/irq_test_v1/vivado/vvd_caravel_fpga_sim/vvd_caravel_fpga_sim.ip_user_files/bd/design_1/ip/design_1_axi_smc_1_0/bd_0/sim/bd_a878.v" into library xil_defaultlib
INFO: [VRFC 10-311] analyzing module bd_a878
INFO: [VRFC 10-311] analyzing module clk_map_imp_G6MO4E
INFO: [VRFC 10-311] analyzing module m00_exit_pipeline_imp_1I3LT8L
INFO: [VRFC 10-311] analyzing module s00_entry_pipeline_imp_I9HTTY
INFO: [VRFC 10-311] analyzing module s00_nodes_imp_NF95JW
INFO: [VRFC 10-2263] Analyzing Verilog file "/home/ubuntu/irq_test_v1/vivado/vvd_caravel_fpga_sim/vvd_caravel_fpga_sim.ip_user_files/bd/design_1/ip/design_1_axi_smc_1_0/sim/design_1_axi_smc_1_0.v" into library xil_defaultlib
INFO: [VRFC 10-311] analyzing module design_1_axi_smc_1_0
INFO: [VRFC 10-2263] Analyzing Verilog file "/home/ubuntu/irq_test_v1/vivado/vvd_caravel_fpga_sim/vvd_caravel_fpga_sim.ip_user_files/bd/design_1/ip/design_1_axi_smc_2_0/bd_0/ip/ip_0/sim/bd_a888_one_0.v" into library xil_defaultlib
INFO: [VRFC 10-311] analyzing module bd_a888_one_0
INFO: [VRFC 10-2263] Analyzing SystemVerilog file "/home/ubuntu/irq_test_v1/vivado/vvd_srcs/caravel_soc/rtl/header/user_defines.v" into library xil_defaultlib
INFO: [VRFC 10-2263] Analyzing SystemVerilog file "/home/ubuntu/irq_test_v1/vivado/vvd_srcs/caravel_soc/rtl/header/defines.v" into library xil_defaultlib
INFO: [VRFC 10-2263] Analyzing SystemVerilog file "/home/ubuntu/irq_test_v1/vivado/fsic_defines.v" into library xil_defaultlib
WARNING: [VRFC 10-3381] ignoring re-definition of command line macro 'USER_PROJECT_SIDEBAND_SUPPORT' [/home/ubuntu/irq_test_v1/vivado/fsic_defines.v:4]
WARNING: [VRFC 10-3381] ignoring re-definition of command line macro 'USE_EDGEDETECT_IP' [/home/ubuntu/irq_test_v1/vivado/fsic_defines.v:5]
WARNING: [VRFC 10-3381] ignoring re-definition of command line macro 'pSERIALIO_WIDTH' [/home/ubuntu/irq_test_v1/vivado/fsic_defines.v:6]
INFO: [VRFC 10-2263] Analyzing SystemVerilog file "/home/ubuntu/irq_test_v1/vivado/vvd_caravel_fpga_sim/vvd_caravel_fpga_sim.ip_user_files/bd/design_1/ip/design_1_axi_smc_2_0/bd_0/ip/ip_2/sim/bd_a888_s00mmu_0.sv" into library xil_defaultlib
INFO: [VRFC 10-311] analyzing module bd_a888_s00mmu_0
INFO: [VRFC 10-2263] Analyzing SystemVerilog file "/home/ubuntu/irq_test_v1/vivado/vvd_caravel_fpga_sim/vvd_caravel_fpga_sim.ip_user_files/bd/design_1/ip/design_1_axi_smc_2_0/bd_0/ip/ip_3/sim/bd_a888_s00tr_0.sv" into library xil_defaultlib
INFO: [VRFC 10-311] analyzing module bd_a888_s00tr_0
INFO: [VRFC 10-2263] Analyzing SystemVerilog file "/home/ubuntu/irq_test_v1/vivado/vvd_caravel_fpga_sim/vvd_caravel_fpga_sim.ip_user_files/bd/design_1/ip/design_1_axi_smc_2_0/bd_0/ip/ip_4/sim/bd_a888_s00sic_0.sv" into library xil_defaultlib
INFO: [VRFC 10-311] analyzing module bd_a888_s00sic_0
INFO: [VRFC 10-2263] Analyzing SystemVerilog file "/home/ubuntu/irq_test_v1/vivado/vvd_caravel_fpga_sim/vvd_caravel_fpga_sim.ip_user_files/bd/design_1/ip/design_1_axi_smc_2_0/bd_0/ip/ip_5/sim/bd_a888_s00a2s_0.sv" into library xil_defaultlib
INFO: [VRFC 10-311] analyzing module bd_a888_s00a2s_0
INFO: [VRFC 10-2263] Analyzing SystemVerilog file "/home/ubuntu/irq_test_v1/vivado/vvd_caravel_fpga_sim/vvd_caravel_fpga_sim.ip_user_files/bd/design_1/ip/design_1_axi_smc_2_0/bd_0/ip/ip_6/sim/bd_a888_sarn_0.sv" into library xil_defaultlib
INFO: [VRFC 10-311] analyzing module bd_a888_sarn_0
INFO: [VRFC 10-2263] Analyzing SystemVerilog file "/home/ubuntu/irq_test_v1/vivado/vvd_caravel_fpga_sim/vvd_caravel_fpga_sim.ip_user_files/bd/design_1/ip/design_1_axi_smc_2_0/bd_0/ip/ip_7/sim/bd_a888_srn_0.sv" into library xil_defaultlib
INFO: [VRFC 10-311] analyzing module bd_a888_srn_0
INFO: [VRFC 10-2263] Analyzing SystemVerilog file "/home/ubuntu/irq_test_v1/vivado/vvd_caravel_fpga_sim/vvd_caravel_fpga_sim.ip_user_files/bd/design_1/ip/design_1_axi_smc_2_0/bd_0/ip/ip_8/sim/bd_a888_m00s2a_0.sv" into library xil_defaultlib
INFO: [VRFC 10-311] analyzing module bd_a888_m00s2a_0
INFO: [VRFC 10-2263] Analyzing SystemVerilog file "/home/ubuntu/irq_test_v1/vivado/vvd_caravel_fpga_sim/vvd_caravel_fpga_sim.ip_user_files/bd/design_1/ip/design_1_axi_smc_2_0/bd_0/ip/ip_9/sim/bd_a888_m00e_0.sv" into library xil_defaultlib
INFO: [VRFC 10-311] analyzing module bd_a888_m00e_0
INFO: [VRFC 10-2263] Analyzing Verilog file "/home/ubuntu/irq_test_v1/vivado/vvd_srcs/caravel_soc/rtl/header/user_defines.v" into library xil_defaultlib
INFO: [VRFC 10-2263] Analyzing Verilog file "/home/ubuntu/irq_test_v1/vivado/vvd_srcs/caravel_soc/rtl/header/defines.v" into library xil_defaultlib
INFO: [VRFC 10-2263] Analyzing Verilog file "/home/ubuntu/irq_test_v1/vivado/fsic_defines.v" into library xil_defaultlib
WARNING: [VRFC 10-3381] ignoring re-definition of command line macro 'USER_PROJECT_SIDEBAND_SUPPORT' [/home/ubuntu/irq_test_v1/vivado/fsic_defines.v:4]
WARNING: [VRFC 10-3381] ignoring re-definition of command line macro 'USE_EDGEDETECT_IP' [/home/ubuntu/irq_test_v1/vivado/fsic_defines.v:5]
WARNING: [VRFC 10-3381] ignoring re-definition of command line macro 'pSERIALIO_WIDTH' [/home/ubuntu/irq_test_v1/vivado/fsic_defines.v:6]
INFO: [VRFC 10-2263] Analyzing Verilog file "/home/ubuntu/irq_test_v1/vivado/vvd_caravel_fpga_sim/vvd_caravel_fpga_sim.ip_user_files/bd/design_1/ip/design_1_axi_smc_2_0/bd_0/sim/bd_a888.v" into library xil_defaultlib
INFO: [VRFC 10-311] analyzing module bd_a888
INFO: [VRFC 10-311] analyzing module clk_map_imp_1GNU3PT
INFO: [VRFC 10-311] analyzing module m00_exit_pipeline_imp_J937NU
INFO: [VRFC 10-311] analyzing module s00_entry_pipeline_imp_1J0OY2X
INFO: [VRFC 10-311] analyzing module s00_nodes_imp_1MT4N83
INFO: [VRFC 10-2263] Analyzing Verilog file "/home/ubuntu/irq_test_v1/vivado/vvd_caravel_fpga_sim/vvd_caravel_fpga_sim.ip_user_files/bd/design_1/ip/design_1_axi_smc_2_0/sim/design_1_axi_smc_2_0.v" into library xil_defaultlib
INFO: [VRFC 10-311] analyzing module design_1_axi_smc_2_0
INFO: [VRFC 10-2263] Analyzing SystemVerilog file "/home/ubuntu/irq_test_v1/vivado/vvd_srcs/caravel_soc/rtl/header/user_defines.v" into library xil_defaultlib
INFO: [VRFC 10-2263] Analyzing SystemVerilog file "/home/ubuntu/irq_test_v1/vivado/vvd_srcs/caravel_soc/rtl/header/defines.v" into library xil_defaultlib
INFO: [VRFC 10-2263] Analyzing SystemVerilog file "/home/ubuntu/irq_test_v1/vivado/fsic_defines.v" into library xil_defaultlib
WARNING: [VRFC 10-3381] ignoring re-definition of command line macro 'USER_PROJECT_SIDEBAND_SUPPORT' [/home/ubuntu/irq_test_v1/vivado/fsic_defines.v:4]
WARNING: [VRFC 10-3381] ignoring re-definition of command line macro 'USE_EDGEDETECT_IP' [/home/ubuntu/irq_test_v1/vivado/fsic_defines.v:5]
WARNING: [VRFC 10-3381] ignoring re-definition of command line macro 'pSERIALIO_WIDTH' [/home/ubuntu/irq_test_v1/vivado/fsic_defines.v:6]
INFO: [VRFC 10-2263] Analyzing SystemVerilog file "/home/ubuntu/irq_test_v1/vivado/vvd_caravel_fpga_sim/vvd_caravel_fpga_sim.ip_user_files/bd/design_1/ip/design_1_axi_vip_0_0/sim/design_1_axi_vip_0_0_pkg.sv" into library xil_defaultlib
INFO: [VRFC 10-2263] Analyzing SystemVerilog file "/home/ubuntu/irq_test_v1/vivado/vvd_caravel_fpga_sim/vvd_caravel_fpga_sim.ip_user_files/bd/design_1/ip/design_1_axi_vip_0_0/sim/design_1_axi_vip_0_0.sv" into library xil_defaultlib
INFO: [VRFC 10-311] analyzing module design_1_axi_vip_0_0
INFO: [VRFC 10-2263] Analyzing Verilog file "/home/ubuntu/irq_test_v1/vivado/vvd_srcs/caravel_soc/rtl/header/user_defines.v" into library xil_defaultlib
INFO: [VRFC 10-2263] Analyzing Verilog file "/home/ubuntu/irq_test_v1/vivado/vvd_srcs/caravel_soc/rtl/header/defines.v" into library xil_defaultlib
INFO: [VRFC 10-2263] Analyzing Verilog file "/home/ubuntu/irq_test_v1/vivado/fsic_defines.v" into library xil_defaultlib
WARNING: [VRFC 10-3381] ignoring re-definition of command line macro 'USER_PROJECT_SIDEBAND_SUPPORT' [/home/ubuntu/irq_test_v1/vivado/fsic_defines.v:4]
WARNING: [VRFC 10-3381] ignoring re-definition of command line macro 'USE_EDGEDETECT_IP' [/home/ubuntu/irq_test_v1/vivado/fsic_defines.v:5]
WARNING: [VRFC 10-3381] ignoring re-definition of command line macro 'pSERIALIO_WIDTH' [/home/ubuntu/irq_test_v1/vivado/fsic_defines.v:6]
INFO: [VRFC 10-2263] Analyzing Verilog file "/home/ubuntu/irq_test_v1/vivado/vvd_caravel_fpga_sim/vvd_caravel_fpga_sim.ip_user_files/bd/design_1/ip/design_1_xbar_0/sim/design_1_xbar_0.v" into library xil_defaultlib
INFO: [VRFC 10-311] analyzing module design_1_xbar_0
INFO: [VRFC 10-2263] Analyzing SystemVerilog file "/home/ubuntu/irq_test_v1/vivado/vvd_srcs/caravel_soc/rtl/header/user_defines.v" into library xil_defaultlib
INFO: [VRFC 10-2263] Analyzing SystemVerilog file "/home/ubuntu/irq_test_v1/vivado/vvd_srcs/caravel_soc/rtl/header/defines.v" into library xil_defaultlib
INFO: [VRFC 10-2263] Analyzing SystemVerilog file "/home/ubuntu/irq_test_v1/vivado/fsic_defines.v" into library xil_defaultlib
WARNING: [VRFC 10-3381] ignoring re-definition of command line macro 'USER_PROJECT_SIDEBAND_SUPPORT' [/home/ubuntu/irq_test_v1/vivado/fsic_defines.v:4]
WARNING: [VRFC 10-3381] ignoring re-definition of command line macro 'USE_EDGEDETECT_IP' [/home/ubuntu/irq_test_v1/vivado/fsic_defines.v:5]
WARNING: [VRFC 10-3381] ignoring re-definition of command line macro 'pSERIALIO_WIDTH' [/home/ubuntu/irq_test_v1/vivado/fsic_defines.v:6]
INFO: [VRFC 10-2263] Analyzing SystemVerilog file "/home/ubuntu/irq_test_v1/vivado/vvd_caravel_fpga_sim/vvd_caravel_fpga_sim.ip_user_files/bd/design_1/ip/design_1_axi_vip_1_0/sim/design_1_axi_vip_1_0_pkg.sv" into library xil_defaultlib
INFO: [VRFC 10-2263] Analyzing SystemVerilog file "/home/ubuntu/irq_test_v1/vivado/vvd_caravel_fpga_sim/vvd_caravel_fpga_sim.ip_user_files/bd/design_1/ip/design_1_axi_vip_1_0/sim/design_1_axi_vip_1_0.sv" into library xil_defaultlib
INFO: [VRFC 10-311] analyzing module design_1_axi_vip_1_0
INFO: [VRFC 10-2263] Analyzing SystemVerilog file "/home/ubuntu/irq_test_v1/vivado/vvd_caravel_fpga_sim/vvd_caravel_fpga_sim.ip_user_files/bd/design_1/ip/design_1_axi_vip_2_0/sim/design_1_axi_vip_2_0_pkg.sv" into library xil_defaultlib
INFO: [VRFC 10-2263] Analyzing SystemVerilog file "/home/ubuntu/irq_test_v1/vivado/vvd_caravel_fpga_sim/vvd_caravel_fpga_sim.ip_user_files/bd/design_1/ip/design_1_axi_vip_2_0/sim/design_1_axi_vip_2_0.sv" into library xil_defaultlib
INFO: [VRFC 10-311] analyzing module design_1_axi_vip_2_0
INFO: [VRFC 10-2263] Analyzing SystemVerilog file "/home/ubuntu/irq_test_v1/vivado/vvd_caravel_fpga_sim/vvd_caravel_fpga_sim.ip_user_files/bd/design_1/ip/design_1_axi_vip_3_0/sim/design_1_axi_vip_3_0_pkg.sv" into library xil_defaultlib
INFO: [VRFC 10-2263] Analyzing SystemVerilog file "/home/ubuntu/irq_test_v1/vivado/vvd_caravel_fpga_sim/vvd_caravel_fpga_sim.ip_user_files/bd/design_1/ip/design_1_axi_vip_3_0/sim/design_1_axi_vip_3_0.sv" into library xil_defaultlib
INFO: [VRFC 10-311] analyzing module design_1_axi_vip_3_0
INFO: [VRFC 10-2263] Analyzing Verilog file "/home/ubuntu/irq_test_v1/vivado/vvd_srcs/caravel_soc/rtl/header/user_defines.v" into library xil_defaultlib
INFO: [VRFC 10-2263] Analyzing Verilog file "/home/ubuntu/irq_test_v1/vivado/vvd_srcs/caravel_soc/rtl/header/defines.v" into library xil_defaultlib
INFO: [VRFC 10-2263] Analyzing Verilog file "/home/ubuntu/irq_test_v1/vivado/fsic_defines.v" into library xil_defaultlib
WARNING: [VRFC 10-3381] ignoring re-definition of command line macro 'USER_PROJECT_SIDEBAND_SUPPORT' [/home/ubuntu/irq_test_v1/vivado/fsic_defines.v:4]
WARNING: [VRFC 10-3381] ignoring re-definition of command line macro 'USE_EDGEDETECT_IP' [/home/ubuntu/irq_test_v1/vivado/fsic_defines.v:5]
WARNING: [VRFC 10-3381] ignoring re-definition of command line macro 'pSERIALIO_WIDTH' [/home/ubuntu/irq_test_v1/vivado/fsic_defines.v:6]
INFO: [VRFC 10-2263] Analyzing Verilog file "/home/ubuntu/irq_test_v1/vivado/vvd_caravel_fpga_sim/vvd_caravel_fpga_sim.ip_user_files/bd/design_1/ip/design_1_blk_mem_gen_0_0/sim/design_1_blk_mem_gen_0_0.v" into library xil_defaultlib
INFO: [VRFC 10-311] analyzing module design_1_blk_mem_gen_0_0
INFO: [VRFC 10-2263] Analyzing Verilog file "/home/ubuntu/irq_test_v1/vivado/vvd_caravel_fpga_sim/vvd_caravel_fpga_sim.ip_user_files/bd/design_1/ip/design_1_caravel_0_0/sim/design_1_caravel_0_0.v" into library xil_defaultlib
INFO: [VRFC 10-311] analyzing module design_1_caravel_0_0
INFO: [VRFC 10-2263] Analyzing Verilog file "/home/ubuntu/irq_test_v1/vivado/vvd_caravel_fpga_sim/vvd_caravel_fpga_sim.ip_user_files/bd/design_1/ip/design_1_clk_wiz_0_0/design_1_clk_wiz_0_0_clk_wiz.v" into library xil_defaultlib
INFO: [VRFC 10-311] analyzing module design_1_clk_wiz_0_0_clk_wiz
INFO: [VRFC 10-2263] Analyzing Verilog file "/home/ubuntu/irq_test_v1/vivado/vvd_caravel_fpga_sim/vvd_caravel_fpga_sim.ip_user_files/bd/design_1/ip/design_1_clk_wiz_0_0/design_1_clk_wiz_0_0.v" into library xil_defaultlib
INFO: [VRFC 10-311] analyzing module design_1_clk_wiz_0_0
INFO: [VRFC 10-2263] Analyzing Verilog file "/home/ubuntu/irq_test_v1/vivado/vvd_caravel_fpga_sim/vvd_caravel_fpga_sim.ip_user_files/bd/design_1/ip/design_1_ps_axil_0_0/sim/design_1_ps_axil_0_0.v" into library xil_defaultlib
INFO: [VRFC 10-311] analyzing module design_1_ps_axil_0_0
INFO: [VRFC 10-2263] Analyzing Verilog file "/home/ubuntu/irq_test_v1/vivado/vvd_caravel_fpga_sim/vvd_caravel_fpga_sim.ip_user_files/bd/design_1/ip/design_1_spiflash_0_0/sim/design_1_spiflash_0_0.v" into library xil_defaultlib
INFO: [VRFC 10-311] analyzing module design_1_spiflash_0_0
INFO: [VRFC 10-2263] Analyzing Verilog file "/home/ubuntu/irq_test_v1/vivado/vvd_caravel_fpga_sim/vvd_caravel_fpga_sim.gen/sources_1/bd/design_1/ipshared/2fc3/hdl/verilog/userdma_control_s_axi.v" into library xil_defaultlib
INFO: [VRFC 10-311] analyzing module userdma_control_s_axi
INFO: [VRFC 10-2263] Analyzing Verilog file "/home/ubuntu/irq_test_v1/vivado/vvd_caravel_fpga_sim/vvd_caravel_fpga_sim.gen/sources_1/bd/design_1/ipshared/2fc3/hdl/verilog/userdma_entry_proc.v" into library xil_defaultlib
INFO: [VRFC 10-311] analyzing module userdma_entry_proc
INFO: [VRFC 10-2263] Analyzing Verilog file "/home/ubuntu/irq_test_v1/vivado/vvd_caravel_fpga_sim/vvd_caravel_fpga_sim.gen/sources_1/bd/design_1/ipshared/2fc3/hdl/verilog/userdma_fifo_w2_d2_S.v" into library xil_defaultlib
INFO: [VRFC 10-311] analyzing module userdma_fifo_w2_d2_S_shiftReg
INFO: [VRFC 10-311] analyzing module userdma_fifo_w2_d2_S
INFO: [VRFC 10-2263] Analyzing Verilog file "/home/ubuntu/irq_test_v1/vivado/vvd_caravel_fpga_sim/vvd_caravel_fpga_sim.gen/sources_1/bd/design_1/ipshared/2fc3/hdl/verilog/userdma_fifo_w32_d4_S.v" into library xil_defaultlib
INFO: [VRFC 10-311] analyzing module userdma_fifo_w32_d4_S_shiftReg
INFO: [VRFC 10-311] analyzing module userdma_fifo_w32_d4_S
INFO: [VRFC 10-2263] Analyzing Verilog file "/home/ubuntu/irq_test_v1/vivado/vvd_caravel_fpga_sim/vvd_caravel_fpga_sim.gen/sources_1/bd/design_1/ipshared/2fc3/hdl/verilog/userdma_fifo_w33_d1024_A.v" into library xil_defaultlib
INFO: [VRFC 10-311] analyzing module userdma_fifo_w33_d1024_A_ram
INFO: [VRFC 10-311] analyzing module userdma_fifo_w33_d1024_A
INFO: [VRFC 10-2263] Analyzing Verilog file "/home/ubuntu/irq_test_v1/vivado/vvd_caravel_fpga_sim/vvd_caravel_fpga_sim.gen/sources_1/bd/design_1/ipshared/2fc3/hdl/verilog/userdma_fifo_w64_d3_S.v" into library xil_defaultlib
INFO: [VRFC 10-311] analyzing module userdma_fifo_w64_d3_S_shiftReg
INFO: [VRFC 10-311] analyzing module userdma_fifo_w64_d3_S
INFO: [VRFC 10-2263] Analyzing Verilog file "/home/ubuntu/irq_test_v1/vivado/vvd_caravel_fpga_sim/vvd_caravel_fpga_sim.gen/sources_1/bd/design_1/ipshared/2fc3/hdl/verilog/userdma_flow_control_loop_pipe.v" into library xil_defaultlib
INFO: [VRFC 10-311] analyzing module userdma_flow_control_loop_pipe
INFO: [VRFC 10-2263] Analyzing Verilog file "/home/ubuntu/irq_test_v1/vivado/vvd_caravel_fpga_sim/vvd_caravel_fpga_sim.gen/sources_1/bd/design_1/ipshared/2fc3/hdl/verilog/userdma_flow_control_loop_pipe_sequential_init.v" into library xil_defaultlib
INFO: [VRFC 10-311] analyzing module userdma_flow_control_loop_pipe_sequential_init
INFO: [VRFC 10-2263] Analyzing Verilog file "/home/ubuntu/irq_test_v1/vivado/vvd_caravel_fpga_sim/vvd_caravel_fpga_sim.gen/sources_1/bd/design_1/ipshared/2fc3/hdl/verilog/userdma_getinstream.v" into library xil_defaultlib
INFO: [VRFC 10-311] analyzing module userdma_getinstream
INFO: [VRFC 10-2263] Analyzing Verilog file "/home/ubuntu/irq_test_v1/vivado/vvd_caravel_fpga_sim/vvd_caravel_fpga_sim.gen/sources_1/bd/design_1/ipshared/2fc3/hdl/verilog/userdma_getinstream_Pipeline_VITIS_LOOP_72_1.v" into library xil_defaultlib
INFO: [VRFC 10-311] analyzing module userdma_getinstream_Pipeline_VITIS_LOOP_72_1
INFO: [VRFC 10-2263] Analyzing Verilog file "/home/ubuntu/irq_test_v1/vivado/vvd_caravel_fpga_sim/vvd_caravel_fpga_sim.gen/sources_1/bd/design_1/ipshared/2fc3/hdl/verilog/userdma_gmem0_m_axi.v" into library xil_defaultlib
INFO: [VRFC 10-311] analyzing module userdma_gmem0_m_axi
INFO: [VRFC 10-311] analyzing module userdma_gmem0_m_axi_load
INFO: [VRFC 10-311] analyzing module userdma_gmem0_m_axi_store
INFO: [VRFC 10-311] analyzing module userdma_gmem0_m_axi_flushManager
INFO: [VRFC 10-311] analyzing module userdma_gmem0_m_axi_read
INFO: [VRFC 10-311] analyzing module userdma_gmem0_m_axi_write
INFO: [VRFC 10-311] analyzing module userdma_gmem0_m_axi_throttle
INFO: [VRFC 10-311] analyzing module userdma_gmem0_m_axi_reg_slice
INFO: [VRFC 10-311] analyzing module userdma_gmem0_m_axi_fifo
INFO: [VRFC 10-311] analyzing module userdma_gmem0_m_axi_srl
INFO: [VRFC 10-311] analyzing module userdma_gmem0_m_axi_mem
INFO: [VRFC 10-2263] Analyzing Verilog file "/home/ubuntu/irq_test_v1/vivado/vvd_caravel_fpga_sim/vvd_caravel_fpga_sim.gen/sources_1/bd/design_1/ipshared/2fc3/hdl/verilog/userdma_gmem1_m_axi.v" into library xil_defaultlib
INFO: [VRFC 10-311] analyzing module userdma_gmem1_m_axi
INFO: [VRFC 10-311] analyzing module userdma_gmem1_m_axi_load
INFO: [VRFC 10-311] analyzing module userdma_gmem1_m_axi_store
INFO: [VRFC 10-311] analyzing module userdma_gmem1_m_axi_flushManager
INFO: [VRFC 10-311] analyzing module userdma_gmem1_m_axi_read
INFO: [VRFC 10-311] analyzing module userdma_gmem1_m_axi_write
INFO: [VRFC 10-311] analyzing module userdma_gmem1_m_axi_throttle
INFO: [VRFC 10-311] analyzing module userdma_gmem1_m_axi_reg_slice
INFO: [VRFC 10-311] analyzing module userdma_gmem1_m_axi_fifo
INFO: [VRFC 10-311] analyzing module userdma_gmem1_m_axi_srl
INFO: [VRFC 10-311] analyzing module userdma_gmem1_m_axi_mem
INFO: [VRFC 10-2263] Analyzing Verilog file "/home/ubuntu/irq_test_v1/vivado/vvd_caravel_fpga_sim/vvd_caravel_fpga_sim.gen/sources_1/bd/design_1/ipshared/2fc3/hdl/verilog/userdma_hls_deadlock_detection_unit.v" into library xil_defaultlib
INFO: [VRFC 10-311] analyzing module userdma_hls_deadlock_detect_unit
INFO: [VRFC 10-2263] Analyzing Verilog file "/home/ubuntu/irq_test_v1/vivado/vvd_caravel_fpga_sim/vvd_caravel_fpga_sim.gen/sources_1/bd/design_1/ipshared/2fc3/hdl/verilog/userdma_hls_deadlock_idx0_monitor.v" into library xil_defaultlib
INFO: [VRFC 10-311] analyzing module userdma_hls_deadlock_idx0_monitor
INFO: [VRFC 10-2263] Analyzing Verilog file "/home/ubuntu/irq_test_v1/vivado/vvd_caravel_fpga_sim/vvd_caravel_fpga_sim.gen/sources_1/bd/design_1/ipshared/2fc3/hdl/verilog/userdma_paralleltostreamwithburst.v" into library xil_defaultlib
INFO: [VRFC 10-311] analyzing module userdma_paralleltostreamwithburst
INFO: [VRFC 10-2263] Analyzing Verilog file "/home/ubuntu/irq_test_v1/vivado/vvd_caravel_fpga_sim/vvd_caravel_fpga_sim.gen/sources_1/bd/design_1/ipshared/2fc3/hdl/verilog/userdma_paralleltostreamwithburst_Pipeline_VITIS_LOOP_128_2.v" into library xil_defaultlib
INFO: [VRFC 10-311] analyzing module userdma_paralleltostreamwithburst_Pipeline_VITIS_LOOP_128_2
INFO: [VRFC 10-2263] Analyzing Verilog file "/home/ubuntu/irq_test_v1/vivado/vvd_caravel_fpga_sim/vvd_caravel_fpga_sim.gen/sources_1/bd/design_1/ipshared/2fc3/hdl/verilog/userdma_regslice_both.v" into library xil_defaultlib
INFO: [VRFC 10-311] analyzing module userdma_regslice_both
INFO: [VRFC 10-311] analyzing module userdma_regslice_both_w1
INFO: [VRFC 10-2263] Analyzing Verilog file "/home/ubuntu/irq_test_v1/vivado/vvd_caravel_fpga_sim/vvd_caravel_fpga_sim.gen/sources_1/bd/design_1/ipshared/2fc3/hdl/verilog/userdma_sendoutstream.v" into library xil_defaultlib
INFO: [VRFC 10-311] analyzing module userdma_sendoutstream
INFO: [VRFC 10-2263] Analyzing Verilog file "/home/ubuntu/irq_test_v1/vivado/vvd_caravel_fpga_sim/vvd_caravel_fpga_sim.gen/sources_1/bd/design_1/ipshared/2fc3/hdl/verilog/userdma_start_for_sendoutstream_U0.v" into library xil_defaultlib
INFO: [VRFC 10-311] analyzing module userdma_start_for_sendoutstream_U0_shiftReg
INFO: [VRFC 10-311] analyzing module userdma_start_for_sendoutstream_U0
INFO: [VRFC 10-2263] Analyzing Verilog file "/home/ubuntu/irq_test_v1/vivado/vvd_caravel_fpga_sim/vvd_caravel_fpga_sim.gen/sources_1/bd/design_1/ipshared/2fc3/hdl/verilog/userdma_start_for_streamtoparallelwithburst_U0.v" into library xil_defaultlib
INFO: [VRFC 10-311] analyzing module userdma_start_for_streamtoparallelwithburst_U0_shiftReg
INFO: [VRFC 10-311] analyzing module userdma_start_for_streamtoparallelwithburst_U0
INFO: [VRFC 10-2263] Analyzing Verilog file "/home/ubuntu/irq_test_v1/vivado/vvd_caravel_fpga_sim/vvd_caravel_fpga_sim.gen/sources_1/bd/design_1/ipshared/2fc3/hdl/verilog/userdma_streamtoparallelwithburst.v" into library xil_defaultlib
INFO: [VRFC 10-311] analyzing module userdma_streamtoparallelwithburst
INFO: [VRFC 10-2263] Analyzing Verilog file "/home/ubuntu/irq_test_v1/vivado/vvd_caravel_fpga_sim/vvd_caravel_fpga_sim.gen/sources_1/bd/design_1/ipshared/2fc3/hdl/verilog/userdma_streamtoparallelwithburst_Pipeline_VITIS_LOOP_25_2.v" into library xil_defaultlib
INFO: [VRFC 10-311] analyzing module userdma_streamtoparallelwithburst_Pipeline_VITIS_LOOP_25_2
INFO: [VRFC 10-2263] Analyzing Verilog file "/home/ubuntu/irq_test_v1/vivado/vvd_caravel_fpga_sim/vvd_caravel_fpga_sim.gen/sources_1/bd/design_1/ipshared/2fc3/hdl/verilog/userdma.v" into library xil_defaultlib
INFO: [VRFC 10-311] analyzing module userdma
INFO: [VRFC 10-2263] Analyzing Verilog file "/home/ubuntu/irq_test_v1/vivado/vvd_caravel_fpga_sim/vvd_caravel_fpga_sim.ip_user_files/bd/design_1/ip/design_1_userdma_0_0/sim/design_1_userdma_0_0.v" into library xil_defaultlib
INFO: [VRFC 10-311] analyzing module design_1_userdma_0_0
INFO: [VRFC 10-2263] Analyzing Verilog file "/home/ubuntu/irq_test_v1/vivado/vvd_caravel_fpga_sim/vvd_caravel_fpga_sim.ip_user_files/bd/design_1/sim/design_1.v" into library xil_defaultlib
INFO: [VRFC 10-311] analyzing module design_1
INFO: [VRFC 10-311] analyzing module design_1_axi_vip_0_axi_periph_0
INFO: [VRFC 10-311] analyzing module m00_couplers_imp_NA355P
INFO: [VRFC 10-311] analyzing module m01_couplers_imp_1GCZ8ZG
INFO: [VRFC 10-311] analyzing module m02_couplers_imp_NX0Y1Q
INFO: [VRFC 10-311] analyzing module s00_couplers_imp_1BEKOF3
INFO: [VRFC 10-2263] Analyzing Verilog file "/home/ubuntu/irq_test_v1/vivado/vvd_caravel_fpga_sim/vvd_caravel_fpga_sim.gen/sources_1/bd/design_1/hdl/design_1_wrapper.v" into library xil_defaultlib
INFO: [VRFC 10-311] analyzing module design_1_wrapper
INFO: [VRFC 10-2263] Analyzing SystemVerilog file "/home/ubuntu/irq_test_v1/vivado/vvd_srcs/caravel_soc/rtl/header/user_defines.v" into library xil_defaultlib
INFO: [VRFC 10-2263] Analyzing SystemVerilog file "/home/ubuntu/irq_test_v1/vivado/vvd_srcs/caravel_soc/rtl/header/defines.v" into library xil_defaultlib
INFO: [VRFC 10-2263] Analyzing SystemVerilog file "/home/ubuntu/irq_test_v1/vivado/fsic_defines.v" into library xil_defaultlib
WARNING: [VRFC 10-3381] ignoring re-definition of command line macro 'USER_PROJECT_SIDEBAND_SUPPORT' [/home/ubuntu/irq_test_v1/vivado/fsic_defines.v:4]
WARNING: [VRFC 10-3381] ignoring re-definition of command line macro 'USE_EDGEDETECT_IP' [/home/ubuntu/irq_test_v1/vivado/fsic_defines.v:5]
WARNING: [VRFC 10-3381] ignoring re-definition of command line macro 'pSERIALIO_WIDTH' [/home/ubuntu/irq_test_v1/vivado/fsic_defines.v:6]
INFO: [VRFC 10-2263] Analyzing SystemVerilog file "/home/ubuntu/irq_test_v1/vivado/fsic_tb.sv" into library xil_defaultlib
INFO: [VRFC 10-311] analyzing module fsic_tb
INFO: [VRFC 10-2263] Analyzing Verilog file "/home/ubuntu/irq_test_v1/vivado/vvd_caravel_fpga_sim/vvd_caravel_fpga_sim.sim/sim_1/behav/xsim/glbl.v" into library xil_defaultlib
INFO: [VRFC 10-311] analyzing module glbl
INFO: [VRFC 10-163] Analyzing VHDL file "/home/ubuntu/irq_test_v1/vivado/vvd_caravel_fpga_sim/vvd_caravel_fpga_sim.ip_user_files/bd/design_1/ip/design_1_axi_smc_0/bd_0/ip/ip_1/sim/bd_afc3_psr_aclk_0.vhd" into library xil_defaultlib
INFO: [VRFC 10-3107] analyzing entity 'bd_afc3_psr_aclk_0'
INFO: [VRFC 10-163] Analyzing VHDL file "/home/ubuntu/irq_test_v1/vivado/vvd_caravel_fpga_sim/vvd_caravel_fpga_sim.ip_user_files/bd/design_1/ip/design_1_axi_smc_1_0/bd_0/ip/ip_1/sim/bd_a878_psr_aclk_0.vhd" into library xil_defaultlib
INFO: [VRFC 10-3107] analyzing entity 'bd_a878_psr_aclk_0'
INFO: [VRFC 10-163] Analyzing VHDL file "/home/ubuntu/irq_test_v1/vivado/vvd_caravel_fpga_sim/vvd_caravel_fpga_sim.ip_user_files/bd/design_1/ip/design_1_axi_smc_2_0/bd_0/ip/ip_1/sim/bd_a888_psr_aclk_0.vhd" into library xil_defaultlib
INFO: [VRFC 10-3107] analyzing entity 'bd_a888_psr_aclk_0'
INFO: [VRFC 10-163] Analyzing VHDL file "/home/ubuntu/irq_test_v1/vivado/vvd_caravel_fpga_sim/vvd_caravel_fpga_sim.ip_user_files/bd/design_1/ip/design_1_rst_clk_wiz_0_5M_0/sim/design_1_rst_clk_wiz_0_5M_0.vhd" into library xil_defaultlib
INFO: [VRFC 10-3107] analyzing entity 'design_1_rst_clk_wiz_0_5M_0'
