Vivado Simulator v2022.1
Copyright 1986-1999, 2001-2022 Xilinx, Inc. All Rights Reserved.
Running: /tools/Xilinx/Vivado/2022.1/bin/unwrapped/lnx64.o/xelab --incr --debug typical --relax --mt 8 -d USER_PROJECT_SIDEBAND_SUPPORT=1 -d USE_EDGEDETECT_IP=1 -d pSERIALIO_WIDTH=13 -L xil_defaultlib -L xlconstant_v1_1_7 -L lib_cdc_v1_0_2 -L proc_sys_reset_v5_0_13 -L smartconnect_v1_0 -L axi_infrastructure_v1_1_0 -L axi_register_slice_v2_1_26 -L axi_vip_v1_1_12 -L generic_baseblocks_v2_1_0 -L fifo_generator_v13_2_7 -L axi_data_fifo_v2_1_25 -L axi_crossbar_v2_1_27 -L blk_mem_gen_v8_4_5 -L uvm -L xilinx_vip -L unisims_ver -L unimacro_ver -L secureip -L xpm --snapshot fsic_tb_behav xil_defaultlib.fsic_tb xil_defaultlib.glbl -log elaborate.log 
Using 8 slave threads.
Starting static elaboration
Pass Through NonSizing Optimizer
WARNING: [VRFC 10-5021] port 'mb_reset' is not connected on this instance [/home/ubuntu/irq_test_v1/vivado/vvd_caravel_fpga_sim/vvd_caravel_fpga_sim.ip_user_files/bd/design_1/sim/design_1.v:709]
WARNING: [VRFC 10-5021] port 'mb_reset' is not connected on this instance [/home/ubuntu/irq_test_v1/vivado/vvd_caravel_fpga_sim/vvd_caravel_fpga_sim.ip_user_files/bd/design_1/ip/design_1_axi_smc_0/bd_0/sim/bd_afc3.v:848]
WARNING: [VRFC 10-5021] port 'mb_reset' is not connected on this instance [/home/ubuntu/irq_test_v1/vivado/vvd_caravel_fpga_sim/vvd_caravel_fpga_sim.ip_user_files/bd/design_1/ip/design_1_axi_smc_1_0/bd_0/sim/bd_a878.v:486]
WARNING: [VRFC 10-5021] port 'mb_reset' is not connected on this instance [/home/ubuntu/irq_test_v1/vivado/vvd_caravel_fpga_sim/vvd_caravel_fpga_sim.ip_user_files/bd/design_1/ip/design_1_axi_smc_2_0/bd_0/sim/bd_a888.v:402]
WARNING: [VRFC 10-5021] port 'vccd1' is not connected on this instance [/home/ubuntu/irq_test_v1/vivado/vvd_srcs/caravel_soc/rtl/user/rtl/user_project_wrapper.v:123]
WARNING: [VRFC 10-3705] select index -1 into 'axis_block_sigs' is out of bounds [/home/ubuntu/irq_test_v1/vivado/vvd_caravel_fpga_sim/vvd_caravel_fpga_sim.gen/sources_1/bd/design_1/ipshared/2fc3/hdl/verilog/userdma_hls_deadlock_idx0_monitor.v:23]
WARNING: [VRFC 10-3705] select index -1 into 'axis_block_sigs' is out of bounds [/home/ubuntu/irq_test_v1/vivado/vvd_caravel_fpga_sim/vvd_caravel_fpga_sim.gen/sources_1/bd/design_1/ipshared/2fc3/hdl/verilog/userdma_hls_deadlock_idx0_monitor.v:28]
Completed static elaboration
Starting simulation data flow analysis
WARNING: [XSIM 43-4099] "/home/ubuntu/irq_test_v1/vivado/vvd_srcs/caravel_soc/rtl/soc/caravel.v" Line 77. Module caravel_default doesn't have a timescale but at least one module in design has a timescale.
WARNING: [XSIM 43-4099] "/home/ubuntu/irq_test_v1/vivado/vvd_srcs/caravel_soc/rtl/user/user_subsys/user_prj/user_prj2/rtl/In_copy.v" Line 857. Module In_copy doesn't have a timescale but at least one module in design has a timescale.
WARNING: [XSIM 43-4099] "/home/ubuntu/irq_test_v1/vivado/vvd_srcs/caravel_soc/rtl/user/user_subsys/user_prj/user_prj2/rtl/In_copy.v" Line 177. Module In_copy_ccs_sample_mem_ccs_ram_sync_singleport_rwport_en_2_64_10_1024_1024_64_5_gen doesn't have a timescale but at least one module in design has a timescale.
WARNING: [XSIM 43-4099] "/home/ubuntu/irq_test_v1/vivado/vvd_srcs/caravel_soc/rtl/user/user_subsys/user_prj/user_prj2/rtl/In_copy.v" Line 624. Module In_copy_run doesn't have a timescale but at least one module in design has a timescale.
WARNING: [XSIM 43-4099] "/home/ubuntu/irq_test_v1/vivado/vvd_srcs/caravel_soc/rtl/user/user_subsys/user_prj/user_prj2/rtl/In_copy.v" Line 581. Module In_copy_run_in_data_rsci doesn't have a timescale but at least one module in design has a timescale.
WARNING: [XSIM 43-4099] "/home/ubuntu/irq_test_v1/vivado/vvd_srcs/caravel_soc/rtl/user/user_subsys/user_prj/user_prj2/rtl/In_copy.v" Line 424. Module In_copy_run_in_data_rsci_in_data_wait_ctrl doesn't have a timescale but at least one module in design has a timescale.
WARNING: [XSIM 43-4099] "/home/ubuntu/irq_test_v1/vivado/vvd_srcs/caravel_soc/rtl/user/user_subsys/user_prj/user_prj2/rtl/In_copy.v" Line 405. Module In_copy_run_wait_dp doesn't have a timescale but at least one module in design has a timescale.
WARNING: [XSIM 43-4099] "/home/ubuntu/irq_test_v1/vivado/vvd_srcs/caravel_soc/rtl/user/user_subsys/user_prj/user_prj2/rtl/In_copy.v" Line 542. Module In_copy_run_ap_done_rsci doesn't have a timescale but at least one module in design has a timescale.
WARNING: [XSIM 43-4099] "/home/ubuntu/irq_test_v1/vivado/vvd_srcs/caravel_soc/rtl/user/user_subsys/user_prj/user_prj2/rtl/In_copy.v" Line 387. Module In_copy_run_ap_done_rsci_ap_done_wait_ctrl doesn't have a timescale but at least one module in design has a timescale.
WARNING: [XSIM 43-4099] "/home/ubuntu/irq_test_v1/vivado/vvd_srcs/caravel_soc/rtl/user/user_subsys/user_prj/user_prj2/rtl/In_copy.v" Line 502. Module In_copy_run_ap_start_rsci doesn't have a timescale but at least one module in design has a timescale.
WARNING: [XSIM 43-4099] "/home/ubuntu/irq_test_v1/vivado/vvd_srcs/caravel_soc/rtl/user/user_subsys/user_prj/user_prj2/rtl/In_copy.v" Line 369. Module In_copy_run_ap_start_rsci_ap_start_wait_ctrl doesn't have a timescale but at least one module in design has a timescale.
WARNING: [XSIM 43-4099] "/home/ubuntu/irq_test_v1/vivado/vvd_srcs/caravel_soc/rtl/user/user_subsys/user_prj/user_prj2/rtl/In_copy.v" Line 472. Module In_copy_run_qin_triosy_obj doesn't have a timescale but at least one module in design has a timescale.
WARNING: [XSIM 43-4099] "/home/ubuntu/irq_test_v1/vivado/vvd_srcs/caravel_soc/rtl/user/user_subsys/user_prj/user_prj2/rtl/In_copy.v" Line 351. Module In_copy_run_qin_triosy_obj_qin_triosy_wait_ctrl doesn't have a timescale but at least one module in design has a timescale.
WARNING: [XSIM 43-4099] "/home/ubuntu/irq_test_v1/vivado/vvd_srcs/caravel_soc/rtl/user/user_subsys/user_prj/user_prj2/rtl/In_copy.v" Line 442. Module In_copy_run_mode_triosy_obj doesn't have a timescale but at least one module in design has a timescale.
WARNING: [XSIM 43-4099] "/home/ubuntu/irq_test_v1/vivado/vvd_srcs/caravel_soc/rtl/user/user_subsys/user_prj/user_prj2/rtl/In_copy.v" Line 333. Module In_copy_run_mode_triosy_obj_mode_triosy_wait_ctrl doesn't have a timescale but at least one module in design has a timescale.
WARNING: [XSIM 43-4099] "/home/ubuntu/irq_test_v1/vivado/vvd_srcs/caravel_soc/rtl/user/user_subsys/user_prj/user_prj2/rtl/In_copy.v" Line 297. Module In_copy_run_staller doesn't have a timescale but at least one module in design has a timescale.
WARNING: [XSIM 43-4099] "/home/ubuntu/irq_test_v1/vivado/vvd_srcs/caravel_soc/rtl/user/user_subsys/user_prj/user_prj2/rtl/In_copy.v" Line 211. Module In_copy_run_run_fsm doesn't have a timescale but at least one module in design has a timescale.
WARNING: [XSIM 43-4099] "/home/ubuntu/irq_test_v1/vivado/vvd_srcs/caravel_soc/rtl/soc/caravel.v" Line 77. Module caravel_default doesn't have a timescale but at least one module in design has a timescale.
WARNING: [XSIM 43-4099] "/home/ubuntu/irq_test_v1/vivado/vvd_srcs/caravel_soc/rtl/user/user_subsys/user_prj/user_prj2/rtl/In_copy.v" Line 857. Module In_copy doesn't have a timescale but at least one module in design has a timescale.
WARNING: [XSIM 43-4099] "/home/ubuntu/irq_test_v1/vivado/vvd_srcs/caravel_soc/rtl/user/user_subsys/user_prj/user_prj2/rtl/In_copy.v" Line 177. Module In_copy_ccs_sample_mem_ccs_ram_sync_singleport_rwport_en_2_64_10_1024_1024_64_5_gen doesn't have a timescale but at least one module in design has a timescale.
WARNING: [XSIM 43-4099] "/home/ubuntu/irq_test_v1/vivado/vvd_srcs/caravel_soc/rtl/user/user_subsys/user_prj/user_prj2/rtl/In_copy.v" Line 624. Module In_copy_run doesn't have a timescale but at least one module in design has a timescale.
WARNING: [XSIM 43-4099] "/home/ubuntu/irq_test_v1/vivado/vvd_srcs/caravel_soc/rtl/user/user_subsys/user_prj/user_prj2/rtl/In_copy.v" Line 581. Module In_copy_run_in_data_rsci doesn't have a timescale but at least one module in design has a timescale.
WARNING: [XSIM 43-4099] "/home/ubuntu/irq_test_v1/vivado/vvd_srcs/caravel_soc/rtl/user/user_subsys/user_prj/user_prj2/rtl/In_copy.v" Line 424. Module In_copy_run_in_data_rsci_in_data_wait_ctrl doesn't have a timescale but at least one module in design has a timescale.
WARNING: [XSIM 43-4099] "/home/ubuntu/irq_test_v1/vivado/vvd_srcs/caravel_soc/rtl/user/user_subsys/user_prj/user_prj2/rtl/In_copy.v" Line 405. Module In_copy_run_wait_dp doesn't have a timescale but at least one module in design has a timescale.
WARNING: [XSIM 43-4099] "/home/ubuntu/irq_test_v1/vivado/vvd_srcs/caravel_soc/rtl/user/user_subsys/user_prj/user_prj2/rtl/In_copy.v" Line 542. Module In_copy_run_ap_done_rsci doesn't have a timescale but at least one module in design has a timescale.
WARNING: [XSIM 43-4099] "/home/ubuntu/irq_test_v1/vivado/vvd_srcs/caravel_soc/rtl/user/user_subsys/user_prj/user_prj2/rtl/In_copy.v" Line 387. Module In_copy_run_ap_done_rsci_ap_done_wait_ctrl doesn't have a timescale but at least one module in design has a timescale.
WARNING: [XSIM 43-4099] "/home/ubuntu/irq_test_v1/vivado/vvd_srcs/caravel_soc/rtl/user/user_subsys/user_prj/user_prj2/rtl/In_copy.v" Line 502. Module In_copy_run_ap_start_rsci doesn't have a timescale but at least one module in design has a timescale.
WARNING: [XSIM 43-4099] "/home/ubuntu/irq_test_v1/vivado/vvd_srcs/caravel_soc/rtl/user/user_subsys/user_prj/user_prj2/rtl/In_copy.v" Line 369. Module In_copy_run_ap_start_rsci_ap_start_wait_ctrl doesn't have a timescale but at least one module in design has a timescale.
WARNING: [XSIM 43-4099] "/home/ubuntu/irq_test_v1/vivado/vvd_srcs/caravel_soc/rtl/user/user_subsys/user_prj/user_prj2/rtl/In_copy.v" Line 472. Module In_copy_run_qin_triosy_obj doesn't have a timescale but at least one module in design has a timescale.
WARNING: [XSIM 43-4099] "/home/ubuntu/irq_test_v1/vivado/vvd_srcs/caravel_soc/rtl/user/user_subsys/user_prj/user_prj2/rtl/In_copy.v" Line 351. Module In_copy_run_qin_triosy_obj_qin_triosy_wait_ctrl doesn't have a timescale but at least one module in design has a timescale.
WARNING: [XSIM 43-4099] "/home/ubuntu/irq_test_v1/vivado/vvd_srcs/caravel_soc/rtl/user/user_subsys/user_prj/user_prj2/rtl/In_copy.v" Line 442. Module In_copy_run_mode_triosy_obj doesn't have a timescale but at least one module in design has a timescale.
WARNING: [XSIM 43-4099] "/home/ubuntu/irq_test_v1/vivado/vvd_srcs/caravel_soc/rtl/user/user_subsys/user_prj/user_prj2/rtl/In_copy.v" Line 333. Module In_copy_run_mode_triosy_obj_mode_triosy_wait_ctrl doesn't have a timescale but at least one module in design has a timescale.
WARNING: [XSIM 43-4099] "/home/ubuntu/irq_test_v1/vivado/vvd_srcs/caravel_soc/rtl/user/user_subsys/user_prj/user_prj2/rtl/In_copy.v" Line 297. Module In_copy_run_staller doesn't have a timescale but at least one module in design has a timescale.
WARNING: [XSIM 43-4099] "/home/ubuntu/irq_test_v1/vivado/vvd_srcs/caravel_soc/rtl/user/user_subsys/user_prj/user_prj2/rtl/In_copy.v" Line 211. Module In_copy_run_run_fsm doesn't have a timescale but at least one module in design has a timescale.
Completed simulation data flow analysis
Time Resolution for simulation is 1ps
Compiling package std.standard
Compiling package std.textio
Compiling package ieee.std_logic_1164
Compiling package ieee.numeric_std
Compiling package unisim.vcomponents
Compiling package ieee.vital_timing
Compiling package ieee.vital_primitives
Compiling package unisim.vpkg
Compiling package ieee.std_logic_arith
Compiling package synopsys.attributes
Compiling package ieee.std_logic_misc
Compiling package xilinx_vip.axi_vip_pkg
Compiling package xilinx_vip.xil_common_vip_pkg
Compiling package std.std
Compiling package smartconnect_v1_0.sc_util_v1_0_4_pkg
Compiling package xil_defaultlib.$unit_user_defines_v_3073216456
Compiling package xil_defaultlib.design_1_axi_vip_0_0_pkg
Compiling package xil_defaultlib.design_1_axi_vip_1_0_pkg
Compiling package xil_defaultlib.design_1_axi_vip_2_0_pkg
Compiling package xil_defaultlib.design_1_axi_vip_3_0_pkg
Compiling module xlconstant_v1_1_7.xlconstant_v1_1_7_xlconstant
Compiling module xil_defaultlib.bd_afc3_one_0
Compiling architecture fdre_v of entity unisim.FDRE [fdre_default]
Compiling architecture fdre_v of entity unisim.FDRE [\FDRE(init='1')\]
Compiling architecture fdr_v of entity unisim.FDR [fdr_default]
Compiling architecture implementation of entity lib_cdc_v1_0_2.cdc_sync [\cdc_sync(c_vector_width=2,c_mtb...]
Compiling architecture srl16e_v of entity unisim.SRL16E [\SRL16E(init="1111111111111111")...]
Compiling architecture srl16_v of entity unisim.SRL16 [\SRL16(init="1111111111111111")(...]
Compiling architecture imp of entity proc_sys_reset_v5_0_13.lpf [\lpf(c_ext_rst_width=4,c_aux_rst...]
Compiling architecture imp of entity proc_sys_reset_v5_0_13.upcnt_n [\upcnt_n(c_size=6)\]
Compiling architecture imp of entity proc_sys_reset_v5_0_13.sequence_psr [sequence_psr_default]
Compiling architecture imp of entity proc_sys_reset_v5_0_13.proc_sys_reset [\proc_sys_reset(c_family="zynq",...]
Compiling architecture bd_afc3_psr_aclk_0_arch of entity xil_defaultlib.bd_afc3_psr_aclk_0 [bd_afc3_psr_aclk_0_default]
Compiling module xil_defaultlib.clk_map_imp_5Y9LOC
Compiling module xpm.xpm_cdc_async_rst(DEST_SYNC_FF=3...
Compiling module xil_defaultlib.bd_afc3_m00e_0
Compiling module xil_defaultlib.m00_exit_pipeline_imp_1TZX5BB
Compiling module xil_defaultlib.bd_afc3_m00s2a_0
Compiling module xil_defaultlib.bd_afc3_s00a2s_0
Compiling module xil_defaultlib.bd_afc3_s00mmu_0
Compiling module xil_defaultlib.bd_afc3_s00sic_0
Compiling module xil_defaultlib.bd_afc3_s00tr_0
Compiling module xil_defaultlib.s00_entry_pipeline_imp_USCCV8
Compiling module xpm.xpm_memory_base(MEMORY_TYPE=1,ME...
Compiling module xpm.xpm_memory_sdpram(MEMORY_SIZE=60...
Compiling module xil_defaultlib.bd_afc3_sarn_0
Compiling module xil_defaultlib.bd_afc3_sawn_0
Compiling module xpm.xpm_memory_base(MEMORY_TYPE=1,ME...
Compiling module xpm.xpm_memory_sdpram(MEMORY_SIZE=76...
Compiling module xil_defaultlib.bd_afc3_sbn_0
Compiling module xpm.xpm_memory_base(MEMORY_TYPE=1,ME...
Compiling module xpm.xpm_memory_sdpram(MEMORY_SIZE=22...
Compiling module xil_defaultlib.bd_afc3_srn_0
Compiling module xil_defaultlib.bd_afc3_swn_0
Compiling module xil_defaultlib.s00_nodes_imp_Y7M43I
Compiling module xil_defaultlib.bd_afc3
Compiling module xil_defaultlib.design_1_axi_smc_0
Compiling module xil_defaultlib.bd_a878_one_0
Compiling architecture bd_a878_psr_aclk_0_arch of entity xil_defaultlib.bd_a878_psr_aclk_0 [bd_a878_psr_aclk_0_default]
Compiling module xil_defaultlib.clk_map_imp_G6MO4E
Compiling module xil_defaultlib.bd_a878_m00e_0
Compiling module xil_defaultlib.m00_exit_pipeline_imp_1I3LT8L
Compiling module xil_defaultlib.bd_a878_m00s2a_0
Compiling module xil_defaultlib.bd_a878_s00a2s_0
Compiling module xil_defaultlib.bd_a878_s00mmu_0
Compiling module xil_defaultlib.bd_a878_s00sic_0
Compiling module xil_defaultlib.bd_a878_s00tr_0
Compiling module xil_defaultlib.s00_entry_pipeline_imp_I9HTTY
Compiling module xil_defaultlib.bd_a878_sawn_0
Compiling module xil_defaultlib.bd_a878_sbn_0
Compiling module xpm.xpm_memory_base(MEMORY_TYPE=1,ME...
Compiling module xpm.xpm_memory_sdpram(MEMORY_SIZE=33...
Compiling module xil_defaultlib.bd_a878_swn_0
Compiling module xil_defaultlib.s00_nodes_imp_NF95JW
Compiling module xil_defaultlib.bd_a878
Compiling module xil_defaultlib.design_1_axi_smc_1_0
Compiling module xil_defaultlib.bd_a888_one_0
Compiling architecture bd_a888_psr_aclk_0_arch of entity xil_defaultlib.bd_a888_psr_aclk_0 [bd_a888_psr_aclk_0_default]
Compiling module xil_defaultlib.clk_map_imp_1GNU3PT
Compiling module xil_defaultlib.bd_a888_m00e_0
Compiling module xil_defaultlib.m00_exit_pipeline_imp_J937NU
Compiling module xil_defaultlib.bd_a888_m00s2a_0
Compiling module xil_defaultlib.bd_a888_s00a2s_0
Compiling module xil_defaultlib.bd_a888_s00mmu_0
Compiling module xil_defaultlib.bd_a888_s00sic_0
Compiling module xil_defaultlib.bd_a888_s00tr_0
Compiling module xil_defaultlib.s00_entry_pipeline_imp_1J0OY2X
Compiling module xil_defaultlib.bd_a888_sarn_0
Compiling module xpm.xpm_memory_base(MEMORY_TYPE=1,ME...
Compiling module xpm.xpm_memory_sdpram(MEMORY_SIZE=32...
Compiling module xil_defaultlib.bd_a888_srn_0
Compiling module xil_defaultlib.s00_nodes_imp_1MT4N83
Compiling module xil_defaultlib.bd_a888
Compiling module xil_defaultlib.design_1_axi_smc_2_0
Compiling module xilinx_vip.axi_vip_axi4pc(WDATA_WIDTH=32,RD...
Compiling module xilinx_vip.cb
Compiling module xilinx_vip.axi_vip_if(C_AXI_PROTOCOL=2,C_AX...
Compiling module axi_vip_v1_1_12.axi_vip_v1_1_12_top(C_AXI_PROTOC...
Compiling module xil_defaultlib.design_1_axi_vip_0_0
Compiling module xil_defaultlib.m00_couplers_imp_NA355P
Compiling module xil_defaultlib.m01_couplers_imp_1GCZ8ZG
Compiling module xil_defaultlib.m02_couplers_imp_NX0Y1Q
Compiling module xil_defaultlib.s00_couplers_imp_1BEKOF3
Compiling module axi_crossbar_v2_1_27.axi_crossbar_v2_1_27_addr_arbite...
Compiling module generic_baseblocks_v2_1_0.generic_baseblocks_v2_1_0_carry_...
Compiling module generic_baseblocks_v2_1_0.generic_baseblocks_v2_1_0_compar...
Compiling module generic_baseblocks_v2_1_0.generic_baseblocks_v2_1_0_compar...
Compiling module generic_baseblocks_v2_1_0.generic_baseblocks_v2_1_0_compar...
Compiling module axi_crossbar_v2_1_27.axi_crossbar_v2_1_27_addr_decode...
Compiling module axi_crossbar_v2_1_27.axi_crossbar_v2_1_27_splitter(C_...
Compiling module axi_crossbar_v2_1_27.axi_crossbar_v2_1_27_splitter
Compiling module generic_baseblocks_v2_1_0.generic_baseblocks_v2_1_0_mux_en...
Compiling module generic_baseblocks_v2_1_0.generic_baseblocks_v2_1_0_mux_en...
Compiling module generic_baseblocks_v2_1_0.generic_baseblocks_v2_1_0_mux_en...
Compiling module axi_register_slice_v2_1_26.axi_register_slice_v2_1_26_axic_...
Compiling module generic_baseblocks_v2_1_0.generic_baseblocks_v2_1_0_mux_en...
Compiling module axi_crossbar_v2_1_27.axi_crossbar_v2_1_27_decerr_slav...
Compiling module axi_crossbar_v2_1_27.axi_crossbar_v2_1_27_crossbar_sa...
Compiling module axi_crossbar_v2_1_27.axi_crossbar_v2_1_27_axi_crossba...
Compiling module xil_defaultlib.design_1_xbar_0
Compiling module xil_defaultlib.design_1_axi_vip_0_axi_periph_0
Compiling module xilinx_vip.axi_vip_axi4pc(WDATA_WIDTH=32,RD...
Compiling module xilinx_vip.cb
Compiling module xilinx_vip.axi_vip_if(C_AXI_AWUSER_WIDTH=1,...
Compiling module axi_vip_v1_1_12.axi_vip_v1_1_12_top(C_AXI_AWUSER...
Compiling module xil_defaultlib.design_1_axi_vip_1_0
Compiling module xilinx_vip.axi_vip_axi4pc(WDATA_WIDTH=32,RD...
Compiling module xilinx_vip.cb
Compiling module xilinx_vip.axi_vip_if(C_AXI_SUPPORTS_NARROW...
Compiling module axi_vip_v1_1_12.axi_vip_v1_1_12_top(C_AXI_SUPPOR...
Compiling module xil_defaultlib.design_1_axi_vip_2_0
Compiling module xilinx_vip.cb
Compiling module xilinx_vip.axi_vip_if(C_AXI_SUPPORTS_NARROW...
Compiling module axi_vip_v1_1_12.axi_vip_v1_1_12_top(C_AXI_SUPPOR...
Compiling module xil_defaultlib.design_1_axi_vip_3_0
Compiling module blk_mem_gen_v8_4_5.blk_mem_gen_v8_4_5_output_stage(...
Compiling module blk_mem_gen_v8_4_5.blk_mem_gen_v8_4_5_output_stage(...
Compiling module blk_mem_gen_v8_4_5.blk_mem_gen_v8_4_5_softecc_outpu...
Compiling module blk_mem_gen_v8_4_5.blk_mem_gen_v8_4_5_mem_module(C_...
Compiling module blk_mem_gen_v8_4_5.blk_mem_gen_v8_4_5(C_FAMILY="zyn...
Compiling module xil_defaultlib.design_1_blk_mem_gen_0_0
Compiling module xil_defaultlib.boledu_io
Compiling module xil_defaultlib.mprj_io_default
Compiling module xil_defaultlib.chip_io
Compiling module xil_defaultlib.RAM256_default
Compiling module xil_defaultlib.RAM128_default
Compiling module xil_defaultlib.InstructionCache
Compiling module xil_defaultlib.VexRiscv
Compiling module xil_defaultlib.mgmt_core
Compiling module xil_defaultlib.mgmt_core_wrapper
Compiling module xil_defaultlib.CFG_CTRL(pADDR_WIDTH=15)
Compiling module xil_defaultlib.axilite_master
Compiling module xil_defaultlib.axilite_slave
Compiling module xil_defaultlib.axis_master
Compiling module xil_defaultlib.axis_slave
Compiling module xil_defaultlib.axi_ctrl_logic
Compiling module xil_defaultlib.AXIL_AXIS
Compiling module xil_defaultlib.AXIS_SW(pADDR_WIDTH=15)
Compiling module xil_defaultlib.fsic_coreclk_phase_cnt
Compiling module xil_defaultlib.fsic_io_serdes_rx
Compiling module xil_defaultlib.IO_SERDES_default
Compiling module xil_defaultlib.sram_default
Compiling module xil_defaultlib.LOGIC_ANLZ
Compiling module xil_defaultlib.AXIL_SLAV
Compiling module xil_defaultlib.ccs_genreg_v1(has_en=1'b0)
Compiling module xil_defaultlib.ccs_genreg_v1(ph_en=0)
Compiling module xil_defaultlib.ccs_genreg_v1(width=36,ph_en=0)
Compiling module xil_defaultlib.ccs_fifo_wait_core_v5(rscid=35,w...
Compiling module xil_defaultlib.ccs_pipe_v6(rscid=35,width=36,sz...
Compiling module xil_defaultlib.EdgeDetect_VerDer_ccs_sample_mem...
Compiling module xil_defaultlib.EdgeDetect_VerDer_ccs_sample_mem...
Compiling module xil_defaultlib.ccs_in_wait_v1(width=34)
Compiling module xil_defaultlib.EdgeDetect_VerDer_run_dat_in_rsc...
Compiling module xil_defaultlib.EdgeDetect_VerDer_run_dat_in_rsc...
Compiling module xil_defaultlib.EdgeDetect_VerDer_run_dat_in_rsc...
Compiling module xil_defaultlib.ccs_out_wait_v1(width=32)
Compiling module xil_defaultlib.EdgeDetect_VerDer_run_pix_out_rs...
Compiling module xil_defaultlib.EdgeDetect_VerDer_run_pix_out_rs...
Compiling module xil_defaultlib.EdgeDetect_VerDer_run_pix_out_rs...
Compiling module xil_defaultlib.ccs_out_wait_v1(width=36)
Compiling module xil_defaultlib.EdgeDetect_VerDer_run_dy_rsci_dy...
Compiling module xil_defaultlib.EdgeDetect_VerDer_run_dy_rsci_dy...
Compiling module xil_defaultlib.EdgeDetect_VerDer_run_dy_rsci
Compiling module xil_defaultlib.EdgeDetect_VerDer_run_wait_dp
Compiling module xil_defaultlib.EdgeDetect_VerDer_run_staller
Compiling module xil_defaultlib.EdgeDetect_VerDer_run_run_fsm
Compiling module xil_defaultlib.EdgeDetect_VerDer_run
Compiling module xil_defaultlib.EdgeDetect_VerDer
Compiling module xil_defaultlib.ccs_in_wait_coupled_v1(width=32)
Compiling module xil_defaultlib.EdgeDetect_HorDer_run_pix_in_rsc...
Compiling module xil_defaultlib.EdgeDetect_HorDer_run_pix_in_rsc...
Compiling module xil_defaultlib.EdgeDetect_HorDer_run_pix_out_rs...
Compiling module xil_defaultlib.EdgeDetect_HorDer_run_pix_out_rs...
Compiling module xil_defaultlib.EdgeDetect_HorDer_run_pix_out_rs...
Compiling module xil_defaultlib.EdgeDetect_HorDer_run_dx_rsci_dx...
Compiling module xil_defaultlib.EdgeDetect_HorDer_run_dx_rsci_dx...
Compiling module xil_defaultlib.EdgeDetect_HorDer_run_dx_rsci
Compiling module xil_defaultlib.EdgeDetect_HorDer_run_staller
Compiling module xil_defaultlib.EdgeDetect_HorDer_run_run_fsm
Compiling module xil_defaultlib.EdgeDetect_HorDer_run
Compiling module xil_defaultlib.EdgeDetect_HorDer
Compiling module xil_defaultlib.ccs_out_v1(width=32)
Compiling module xil_defaultlib.ccs_in_wait_coupled_v1(width=36)
Compiling module xil_defaultlib.EdgeDetect_MagAng_run_dx_in_rsci...
Compiling module xil_defaultlib.EdgeDetect_MagAng_run_dx_in_rsci
Compiling module xil_defaultlib.EdgeDetect_MagAng_run_dy_in_rsci...
Compiling module xil_defaultlib.EdgeDetect_MagAng_run_dy_in_rsci
Compiling module xil_defaultlib.ccs_in_wait_v1(width=32)
Compiling module xil_defaultlib.EdgeDetect_MagAng_run_pix_in_rsc...
Compiling module xil_defaultlib.EdgeDetect_MagAng_run_pix_in_rsc...
Compiling module xil_defaultlib.EdgeDetect_MagAng_run_pix_in_rsc...
Compiling module xil_defaultlib.ccs_out_wait_v1(width=34)
Compiling module xil_defaultlib.EdgeDetect_MagAng_run_dat_out_rs...
Compiling module xil_defaultlib.EdgeDetect_MagAng_run_dat_out_rs...
Compiling module xil_defaultlib.EdgeDetect_MagAng_run_dat_out_rs...
Compiling module xil_defaultlib.mgc_io_sync_v2
Compiling module xil_defaultlib.EdgeDetect_MagAng_run_crc32_pix_...
Compiling module xil_defaultlib.EdgeDetect_MagAng_run_crc32_pix_...
Compiling module xil_defaultlib.EdgeDetect_MagAng_run_crc32_dat_...
Compiling module xil_defaultlib.EdgeDetect_MagAng_run_crc32_dat_...
Compiling module xil_defaultlib.EdgeDetect_MagAng_run_staller
Compiling module xil_defaultlib.EdgeDetect_MagAng_run_run_fsm
Compiling module xil_defaultlib.EdgeDetect_MagAng_run
Compiling module xil_defaultlib.EdgeDetect_MagAng
Compiling module xil_defaultlib.EdgeDetect_Top_struct
Compiling module xil_defaultlib.EdgeDetect_Top
Compiling module xil_defaultlib.SPRAM(data_width=64,depth=80)
Compiling module xil_defaultlib.USER_PRJ0_default
Compiling module xil_defaultlib.multiplier_adder
Compiling module xil_defaultlib.fir
Compiling module xil_defaultlib.bram11
Compiling module xil_defaultlib.USER_PRJ1
Compiling module xil_defaultlib.In_copy_ccs_sample_mem_ccs_ram_s...
Compiling module xil_defaultlib.ccs_in_v1(width=1)
Compiling module xil_defaultlib.In_copy_run_in_data_rsci_in_data...
Compiling module xil_defaultlib.In_copy_run_in_data_rsci
Compiling module xil_defaultlib.In_copy_run_wait_dp
Compiling module xil_defaultlib.ccs_out_wait_v1(width=1)
Compiling module xil_defaultlib.In_copy_run_ap_done_rsci_ap_done...
Compiling module xil_defaultlib.In_copy_run_ap_done_rsci
Compiling module xil_defaultlib.ccs_in_wait_v1(width=1)
Compiling module xil_defaultlib.In_copy_run_ap_start_rsci_ap_sta...
Compiling module xil_defaultlib.In_copy_run_ap_start_rsci
Compiling module xil_defaultlib.In_copy_run_qin_triosy_obj_qin_t...
Compiling module xil_defaultlib.In_copy_run_qin_triosy_obj
Compiling module xil_defaultlib.In_copy_run_mode_triosy_obj_mode...
Compiling module xil_defaultlib.In_copy_run_mode_triosy_obj
Compiling module xil_defaultlib.In_copy_run_staller
Compiling module xil_defaultlib.In_copy_run_run_fsm
Compiling module xil_defaultlib.In_copy_run
Compiling module xil_defaultlib.In_copy
Compiling module xil_defaultlib.stage_ccs_sample_mem_ccs_ram_syn...
Compiling module xil_defaultlib.stage_ccs_sample_mem_ccs_ram_syn...
Compiling module xil_defaultlib.stage_ccs_sample_mem_ccs_ram_syn...
Compiling module xil_defaultlib.stage_ccs_sample_mem_ccs_ram_syn...
Compiling module xil_defaultlib.ccs_in_v1(width=16)
Compiling module xil_defaultlib.ROM_1i10_1o14_64308806abd59d677d...
Compiling module xil_defaultlib.ROM_1i10_1o14_281e23127cb7ddaedd...
Compiling module xil_defaultlib.ROM_1i10_1o64_a49ff3631daca65e62...
Compiling module xil_defaultlib.ROM_1i10_1o62_e041a31844d9eff753...
Compiling module xil_defaultlib.mgc_shift_l_v5(width_a=32'sb0111...
Compiling module xil_defaultlib.mgc_shift_l_v5(width_a=32'sb0110...
Compiling module xil_defaultlib.mgc_shift_l_v5(width_a=32'sb0110...
Compiling module xil_defaultlib.leading_sign_57_0_1_0
Compiling module xil_defaultlib.mgc_shift_r_v5(width_a=32'sb0110...
Compiling module xil_defaultlib.mgc_shift_r_v5(width_a=32'sb0111...
Compiling module xil_defaultlib.leading_sign_53_0
Compiling module xil_defaultlib.stage_run_ap_start_rsci_ap_start...
Compiling module xil_defaultlib.stage_run_ap_start_rsci
Compiling module xil_defaultlib.stage_run_ap_done_rsci_ap_done_w...
Compiling module xil_defaultlib.stage_run_ap_done_rsci
Compiling module xil_defaultlib.stage_run_wait_dp
Compiling module xil_defaultlib.ccs_out_wait_v1(width=80)
Compiling module xil_defaultlib.stage_run_out1_rsci_out1_wait_ct...
Compiling module xil_defaultlib.stage_run_out1_rsci
Compiling module xil_defaultlib.stage_run_mode1_triosy_obj_mode1...
Compiling module xil_defaultlib.stage_run_mode1_triosy_obj
Compiling module xil_defaultlib.stage_run_in_f_d_triosy_obj_in_f...
Compiling module xil_defaultlib.stage_run_in_f_d_triosy_obj
Compiling module xil_defaultlib.stage_run_in_u_triosy_obj_in_u_t...
Compiling module xil_defaultlib.stage_run_in_u_triosy_obj
Compiling module xil_defaultlib.stage_run_out_f_d_triosy_obj_out...
Compiling module xil_defaultlib.stage_run_out_f_d_triosy_obj
Compiling module xil_defaultlib.stage_run_out_u_triosy_obj_out_u...
Compiling module xil_defaultlib.stage_run_out_u_triosy_obj
Compiling module xil_defaultlib.stage_run_staller
Compiling module xil_defaultlib.stage_run_run_fsm
Compiling module xil_defaultlib.stage_run
