

================================================================
== Vitis HLS Report for 'paralleltostreamwithburst'
================================================================
* Date:           Thu May 23 13:05:12 2024

* Version:        2022.1 (Build 3526262 on Mon Apr 18 15:47:01 MDT 2022)
* Project:        hls_userdma.prj
* Solution:       solution1 (Vivado IP Flow Target)
* Product family: zynq
* Target device:  xc7z020-clg400-1


================================================================
== Performance Estimates
================================================================
+ Timing: 
    * Summary: 
    +--------+----------+----------+------------+
    |  Clock |  Target  | Estimated| Uncertainty|
    +--------+----------+----------+------------+
    |ap_clk  |  10.00 ns|  7.300 ns|     2.70 ns|
    +--------+----------+----------+------------+

+ Latency: 
    * Summary: 
    +---------+---------+----------+----------+-----+-----+---------+
    |  Latency (cycles) |  Latency (absolute) |  Interval | Pipeline|
    |   min   |   max   |    min   |    max   | min | max |   Type  |
    +---------+---------+----------+----------+-----+-----+---------+
    |        ?|        ?|         ?|         ?|    ?|    ?|       no|
    +---------+---------+----------+----------+-----+-----+---------+

    + Detail: 
        * Instance: 
        +----------------------------------------------------------------+-----------------------------------------------------+---------+---------+----------+----------+-----+-----+---------+
        |                                                                |                                                     |  Latency (cycles) |  Latency (absolute) |  Interval | Pipeline|
        |                            Instance                            |                        Module                       |   min   |   max   |    min   |    max   | min | max |   Type  |
        +----------------------------------------------------------------+-----------------------------------------------------+---------+---------+----------+----------+-----+-----+---------+
        |grp_paralleltostreamwithburst_Pipeline_VITIS_LOOP_131_2_fu_115  |paralleltostreamwithburst_Pipeline_VITIS_LOOP_131_2  |        ?|        ?|         ?|         ?|    ?|    ?|       no|
        +----------------------------------------------------------------+-----------------------------------------------------+---------+---------+----------+----------+-----+-----+---------+

        * Loop: 
        +--------------------+---------+---------+----------+-----------+-----------+------+----------+
        |                    |  Latency (cycles) | Iteration|  Initiation Interval  | Trip |          |
        |      Loop Name     |   min   |   max   |  Latency |  achieved |   target  | Count| Pipelined|
        +--------------------+---------+---------+----------+-----------+-----------+------+----------+
        |- VITIS_LOOP_124_1  |        ?|        ?|         ?|          -|          -|     ?|        no|
        +--------------------+---------+---------+----------+-----------+-----------+------+----------+



================================================================
== Utilization Estimates
================================================================
* Summary: 
+-----------------+---------+-----+--------+-------+-----+
|       Name      | BRAM_18K| DSP |   FF   |  LUT  | URAM|
+-----------------+---------+-----+--------+-------+-----+
|DSP              |        -|    -|       -|      -|    -|
|Expression       |        -|    -|       0|    420|    -|
|FIFO             |        -|    -|       -|      -|    -|
|Instance         |        -|    -|    1885|    736|    -|
|Memory           |        -|    -|       -|      -|    -|
|Multiplexer      |        -|    -|       -|    111|    -|
|Register         |        -|    -|     279|      -|    -|
+-----------------+---------+-----+--------+-------+-----+
|Total            |        0|    0|    2164|   1267|    0|
+-----------------+---------+-----+--------+-------+-----+
|Available        |      280|  220|  106400|  53200|    0|
+-----------------+---------+-----+--------+-------+-----+
|Utilization (%)  |        0|    0|       2|      2|    0|
+-----------------+---------+-----+--------+-------+-----+

+ Detail: 
    * Instance: 
    +----------------------------------------------------------------+-----------------------------------------------------+---------+----+------+-----+-----+
    |                            Instance                            |                        Module                       | BRAM_18K| DSP|  FF  | LUT | URAM|
    +----------------------------------------------------------------+-----------------------------------------------------+---------+----+------+-----+-----+
    |mux_42_32_1_1_U49                                               |mux_42_32_1_1                                        |        0|   0|     0|   20|    0|
    |grp_paralleltostreamwithburst_Pipeline_VITIS_LOOP_131_2_fu_115  |paralleltostreamwithburst_Pipeline_VITIS_LOOP_131_2  |        0|   0|  1885|  716|    0|
    +----------------------------------------------------------------+-----------------------------------------------------+---------+----+------+-----+-----+
    |Total                                                           |                                                     |        0|   0|  1885|  736|    0|
    +----------------------------------------------------------------+-----------------------------------------------------+---------+----+------+-----+-----+

    * DSP: 
    N/A

    * Memory: 
    N/A

    * FIFO: 
    N/A

    * Expression: 
    +----------------------------------+----------+----+---+----+------------+------------+
    |           Variable Name          | Operation| DSP| FF| LUT| Bitwidth P0| Bitwidth P1|
    +----------------------------------+----------+----+---+----+------------+------------+
    |add_ln157_fu_336_p2               |         +|   0|  0|  71|          64|          64|
    |add_ln158_fu_311_p2               |         +|   0|  0|  43|          36|          15|
    |sub_fu_259_p2                     |         +|   0|  0|  39|          32|           2|
    |final_m2s_len_fu_279_p2           |         -|   0|  0|  39|          32|          32|
    |and_ln157_fu_322_p2               |       and|   0|  0|   2|           1|           1|
    |empty_45_fu_234_p2                |      icmp|   0|  0|  18|          32|           1|
    |icmp_fu_216_p2                    |      icmp|   0|  0|  16|          28|           1|
    |icmp_ln125_fu_200_p2              |      icmp|   0|  0|  18|          32|           5|
    |icmp_ln157_fu_305_p2              |      icmp|   0|  0|  18|          32|          11|
    |icmp_ln161_fu_317_p2              |      icmp|   0|  0|  18|          32|          32|
    |ap_block_state1                   |        or|   0|  0|   2|           1|           1|
    |count_3_fu_252_p3                 |    select|   0|  0|  32|           1|           5|
    |empty_46_fu_240_p3                |    select|   0|  0|   5|           1|           5|
    |select_ln111_cast_cast_fu_152_p3  |    select|   0|  0|  12|           1|          11|
    |select_ln111_cast_fu_144_p3       |    select|   0|  0|  13|           1|          11|
    |select_ln131_fu_222_p3            |    select|   0|  0|  32|           1|          32|
    |select_ln157_fu_326_p3            |    select|   0|  0|  36|           1|          36|
    |xor_ln113_fu_138_p2               |       xor|   0|  0|   2|           1|           2|
    |xor_ln131_fu_270_p2               |       xor|   0|  0|   4|           3|           4|
    +----------------------------------+----------+----+---+----+------------+------------+
    |Total                             |          |   0|  0| 420|         332|         271|
    +----------------------------------+----------+----+---+----+------------+------------+

    * Multiplexer: 
    +------------------------+----+-----------+-----+-----------+
    |          Name          | LUT| Input Size| Bits| Total Bits|
    +------------------------+----+-----------+-----+-----------+
    |ap_NS_fsm               |  25|          5|    1|          5|
    |ap_done                 |   9|          2|    1|          2|
    |count_fu_92             |   9|          2|   32|         64|
    |in_memory_assign_fu_88  |   9|          2|   64|        128|
    |m_axi_gmem1_ARVALID     |   9|          2|    1|          2|
    |m_axi_gmem1_RREADY      |   9|          2|    1|          2|
    |outbuf_blk_n            |   9|          2|    1|          2|
    |outbuf_din              |   9|          2|   35|         70|
    |outbuf_write            |  14|          3|    1|          3|
    |real_start              |   9|          2|    1|          2|
    +------------------------+----+-----------+-----+-----------+
    |Total                   | 111|         24|  138|        280|
    +------------------------+----+-----------+-----+-----------+

    * Register: 
    +-----------------------------------------------------------------------------+----+----+-----+-----------+
    |                                     Name                                    | FF | LUT| Bits| Const Bits|
    +-----------------------------------------------------------------------------+----+----+-----+-----------+
    |add_ln158_reg_421                                                            |  33|   0|   36|          3|
    |ap_CS_fsm                                                                    |   4|   0|    4|          0|
    |ap_done_reg                                                                  |   1|   0|    1|          0|
    |count_3_reg_391                                                              |  32|   0|   32|          0|
    |count_fu_92                                                                  |  32|   0|   32|          0|
    |empty_46_reg_383                                                             |   5|   0|    5|          0|
    |final_m2s_len_reg_401                                                        |  32|   0|   32|          0|
    |grp_paralleltostreamwithburst_Pipeline_VITIS_LOOP_131_2_fu_115_ap_start_reg  |   1|   0|    1|          0|
    |icmp_ln125_reg_378                                                           |   1|   0|    1|          0|
    |icmp_ln157_reg_416                                                           |   1|   0|    1|          0|
    |icmp_ln161_reg_426                                                           |   1|   0|    1|          0|
    |in_memory_assign_fu_88                                                       |  64|   0|   64|          0|
    |select_ln111_cast_reg_370                                                    |   2|   0|   12|         10|
    |sext_ln157_reg_411                                                           |  33|   0|   36|          3|
    |shl_ln_reg_406                                                               |   3|   0|    6|          3|
    |start_once_reg                                                               |   1|   0|    1|          0|
    |sub_reg_396                                                                  |  32|   0|   32|          0|
    |xor_ln113_reg_364                                                            |   1|   0|    1|          0|
    +-----------------------------------------------------------------------------+----+----+-----+-----------+
    |Total                                                                        | 279|   0|  298|         19|
    +-----------------------------------------------------------------------------+----+----+-----+-----------+



================================================================
== Interface
================================================================
* Summary: 
+-----------------------+-----+-----+------------+---------------------------+--------------+
|       RTL Ports       | Dir | Bits|  Protocol  |       Source Object       |    C Type    |
+-----------------------+-----+-----+------------+---------------------------+--------------+
|ap_clk                 |   in|    1|  ap_ctrl_hs|  paralleltostreamwithburst|  return value|
|ap_rst                 |   in|    1|  ap_ctrl_hs|  paralleltostreamwithburst|  return value|
|ap_start               |   in|    1|  ap_ctrl_hs|  paralleltostreamwithburst|  return value|
|start_full_n           |   in|    1|  ap_ctrl_hs|  paralleltostreamwithburst|  return value|
|ap_done                |  out|    1|  ap_ctrl_hs|  paralleltostreamwithburst|  return value|
|ap_continue            |   in|    1|  ap_ctrl_hs|  paralleltostreamwithburst|  return value|
|ap_idle                |  out|    1|  ap_ctrl_hs|  paralleltostreamwithburst|  return value|
|ap_ready               |  out|    1|  ap_ctrl_hs|  paralleltostreamwithburst|  return value|
|start_out              |  out|    1|  ap_ctrl_hs|  paralleltostreamwithburst|  return value|
|start_write            |  out|    1|  ap_ctrl_hs|  paralleltostreamwithburst|  return value|
|m_axi_gmem1_AWVALID    |  out|    1|       m_axi|                      gmem1|       pointer|
|m_axi_gmem1_AWREADY    |   in|    1|       m_axi|                      gmem1|       pointer|
|m_axi_gmem1_AWADDR     |  out|   64|       m_axi|                      gmem1|       pointer|
|m_axi_gmem1_AWID       |  out|    1|       m_axi|                      gmem1|       pointer|
|m_axi_gmem1_AWLEN      |  out|   32|       m_axi|                      gmem1|       pointer|
|m_axi_gmem1_AWSIZE     |  out|    3|       m_axi|                      gmem1|       pointer|
|m_axi_gmem1_AWBURST    |  out|    2|       m_axi|                      gmem1|       pointer|
|m_axi_gmem1_AWLOCK     |  out|    2|       m_axi|                      gmem1|       pointer|
|m_axi_gmem1_AWCACHE    |  out|    4|       m_axi|                      gmem1|       pointer|
|m_axi_gmem1_AWPROT     |  out|    3|       m_axi|                      gmem1|       pointer|
|m_axi_gmem1_AWQOS      |  out|    4|       m_axi|                      gmem1|       pointer|
|m_axi_gmem1_AWREGION   |  out|    4|       m_axi|                      gmem1|       pointer|
|m_axi_gmem1_AWUSER     |  out|    1|       m_axi|                      gmem1|       pointer|
|m_axi_gmem1_WVALID     |  out|    1|       m_axi|                      gmem1|       pointer|
|m_axi_gmem1_WREADY     |   in|    1|       m_axi|                      gmem1|       pointer|
|m_axi_gmem1_WDATA      |  out|   64|       m_axi|                      gmem1|       pointer|
|m_axi_gmem1_WSTRB      |  out|    8|       m_axi|                      gmem1|       pointer|
|m_axi_gmem1_WLAST      |  out|    1|       m_axi|                      gmem1|       pointer|
|m_axi_gmem1_WID        |  out|    1|       m_axi|                      gmem1|       pointer|
|m_axi_gmem1_WUSER      |  out|    1|       m_axi|                      gmem1|       pointer|
|m_axi_gmem1_ARVALID    |  out|    1|       m_axi|                      gmem1|       pointer|
|m_axi_gmem1_ARREADY    |   in|    1|       m_axi|                      gmem1|       pointer|
|m_axi_gmem1_ARADDR     |  out|   64|       m_axi|                      gmem1|       pointer|
|m_axi_gmem1_ARID       |  out|    1|       m_axi|                      gmem1|       pointer|
|m_axi_gmem1_ARLEN      |  out|   32|       m_axi|                      gmem1|       pointer|
|m_axi_gmem1_ARSIZE     |  out|    3|       m_axi|                      gmem1|       pointer|
|m_axi_gmem1_ARBURST    |  out|    2|       m_axi|                      gmem1|       pointer|
|m_axi_gmem1_ARLOCK     |  out|    2|       m_axi|                      gmem1|       pointer|
|m_axi_gmem1_ARCACHE    |  out|    4|       m_axi|                      gmem1|       pointer|
|m_axi_gmem1_ARPROT     |  out|    3|       m_axi|                      gmem1|       pointer|
|m_axi_gmem1_ARQOS      |  out|    4|       m_axi|                      gmem1|       pointer|
|m_axi_gmem1_ARREGION   |  out|    4|       m_axi|                      gmem1|       pointer|
|m_axi_gmem1_ARUSER     |  out|    1|       m_axi|                      gmem1|       pointer|
|m_axi_gmem1_RVALID     |   in|    1|       m_axi|                      gmem1|       pointer|
|m_axi_gmem1_RREADY     |  out|    1|       m_axi|                      gmem1|       pointer|
|m_axi_gmem1_RDATA      |   in|   64|       m_axi|                      gmem1|       pointer|
|m_axi_gmem1_RLAST      |   in|    1|       m_axi|                      gmem1|       pointer|
|m_axi_gmem1_RID        |   in|    1|       m_axi|                      gmem1|       pointer|
|m_axi_gmem1_RFIFONUM   |   in|    7|       m_axi|                      gmem1|       pointer|
|m_axi_gmem1_RUSER      |   in|    1|       m_axi|                      gmem1|       pointer|
|m_axi_gmem1_RRESP      |   in|    2|       m_axi|                      gmem1|       pointer|
|m_axi_gmem1_BVALID     |   in|    1|       m_axi|                      gmem1|       pointer|
|m_axi_gmem1_BREADY     |  out|    1|       m_axi|                      gmem1|       pointer|
|m_axi_gmem1_BRESP      |   in|    2|       m_axi|                      gmem1|       pointer|
|m_axi_gmem1_BID        |   in|    1|       m_axi|                      gmem1|       pointer|
|m_axi_gmem1_BUSER      |   in|    1|       m_axi|                      gmem1|       pointer|
|in_memory              |   in|   64|     ap_none|                  in_memory|        scalar|
|kernel_mode            |   in|    2|     ap_none|                kernel_mode|        scalar|
|outbuf_din             |  out|   35|     ap_fifo|                     outbuf|       pointer|
|outbuf_num_data_valid  |   in|    6|     ap_fifo|                     outbuf|       pointer|
|outbuf_fifo_cap        |   in|    6|     ap_fifo|                     outbuf|       pointer|
|outbuf_full_n          |   in|    1|     ap_fifo|                     outbuf|       pointer|
|outbuf_write           |  out|    1|     ap_fifo|                     outbuf|       pointer|
+-----------------------+-----+-----+------------+---------------------------+--------------+

