

================================================================
== Vitis HLS Report for 'paralleltostreamwithburst_Pipeline_VITIS_LOOP_131_2'
================================================================
* Date:           Fri May 24 01:07:42 2024

* Version:        2022.1 (Build 3526262 on Mon Apr 18 15:47:01 MDT 2022)
* Project:        hls_userdma.prj
* Solution:       solution1 (Vivado IP Flow Target)
* Product family: zynq
* Target device:  xc7z020-clg400-1


================================================================
== Performance Estimates
================================================================
+ Timing: 
    * Summary: 
    +--------+----------+----------+------------+
    |  Clock |  Target  | Estimated| Uncertainty|
    +--------+----------+----------+------------+
    |ap_clk  |  10.00 ns|  7.300 ns|     2.70 ns|
    +--------+----------+----------+------------+

+ Latency: 
    * Summary: 
    +---------+---------+----------+----------+-----+-----+---------+
    |  Latency (cycles) |  Latency (absolute) |  Interval | Pipeline|
    |   min   |   max   |    min   |    max   | min | max |   Type  |
    +---------+---------+----------+----------+-----+-----+---------+
    |        ?|        ?|         ?|         ?|    ?|    ?|       no|
    +---------+---------+----------+----------+-----+-----+---------+

    + Detail: 
        * Instance: 
        N/A

        * Loop: 
        +--------------------+---------+---------+----------+-----------+-----------+------+----------+
        |                    |  Latency (cycles) | Iteration|  Initiation Interval  | Trip |          |
        |      Loop Name     |   min   |   max   |  Latency |  achieved |   target  | Count| Pipelined|
        +--------------------+---------+---------+----------+-----------+-----------+------+----------+
        |- VITIS_LOOP_131_2  |        ?|        ?|        20|          1|          1|     ?|       yes|
        +--------------------+---------+---------+----------+-----------+-----------+------+----------+



================================================================
== Utilization Estimates
================================================================
* Summary: 
+-----------------+---------+-----+--------+-------+-----+
|       Name      | BRAM_18K| DSP |   FF   |  LUT  | URAM|
+-----------------+---------+-----+--------+-------+-----+
|DSP              |        -|    -|       -|      -|    -|
|Expression       |        -|    -|       0|    489|    -|
|FIFO             |        -|    -|       -|      -|    -|
|Instance         |        -|    -|       -|      -|    -|
|Memory           |        -|    -|       -|      -|    -|
|Multiplexer      |        -|    -|       -|    100|    -|
|Register         |        -|    -|    1886|    128|    -|
+-----------------+---------+-----+--------+-------+-----+
|Total            |        0|    0|    1886|    717|    0|
+-----------------+---------+-----+--------+-------+-----+
|Available        |      280|  220|  106400|  53200|    0|
+-----------------+---------+-----+--------+-------+-----+
|Utilization (%)  |        0|    0|       1|      1|    0|
+-----------------+---------+-----+--------+-------+-----+

+ Detail: 
    * Instance: 
    N/A

    * DSP: 
    N/A

    * Memory: 
    N/A

    * FIFO: 
    N/A

    * Expression: 
    +------------------------------------+----------+----+---+-----+------------+------------+
    |            Variable Name           | Operation| DSP| FF| LUT | Bitwidth P0| Bitwidth P1|
    +------------------------------------+----------+----+---+-----+------------+------------+
    |add_ln131_fu_210_p2                 |         +|   0|  0|   14|           6|           1|
    |add_ln135_1_fu_261_p2               |         +|   0|  0|   71|          64|           3|
    |add_ln135_fu_246_p2                 |         +|   0|  0|   71|          64|          64|
    |final_m2s_len_1_fu_302_p2           |         +|   0|  0|   39|          32|           2|
    |and_ln134_fu_225_p2                 |       and|   0|  0|    2|           1|           1|
    |ap_predicate_op101_read_state19     |       and|   0|  0|    2|           1|           1|
    |ap_predicate_op102_read_state19     |       and|   0|  0|    2|           1|           1|
    |ap_predicate_op67_readreq_state3    |       and|   0|  0|    2|           1|           1|
    |ap_predicate_op70_readreq_state3    |       and|   0|  0|    2|           1|           1|
    |out_val_last_V_fu_291_p2            |       and|   0|  0|    2|           1|           1|
    |icmp_ln131_fu_205_p2                |      icmp|   0|  0|   18|          32|          32|
    |icmp_ln134_fu_219_p2                |      icmp|   0|  0|   18|          32|          11|
    |icmp_ln140_1_fu_286_p2              |      icmp|   0|  0|   18|          32|          32|
    |icmp_ln140_fu_280_p2                |      icmp|   0|  0|   18|          32|           6|
    |icmp_ln145_fu_297_p2                |      icmp|   0|  0|   18|          32|          32|
    |lshr_ln135_fu_338_p2                |      lshr|   0|  0|  182|          64|          64|
    |ap_block_pp0_stage0_01001           |        or|   0|  0|    2|           1|           1|
    |ap_block_pp0_stage0_11001           |        or|   0|  0|    2|           1|           1|
    |ap_block_state19_pp0_stage0_iter18  |        or|   0|  0|    2|           1|           1|
    |ap_block_state3_io                  |        or|   0|  0|    2|           1|           1|
    |ap_enable_pp0                       |       xor|   0|  0|    2|           1|           2|
    +------------------------------------+----------+----+---+-----+------------+------------+
    |Total                               |          |   0|  0|  489|         401|         259|
    +------------------------------------+----------+----+---+-----+------------+------------+

    * Multiplexer: 
    +-----------------------------------------+----+-----------+-----+-----------+
    |                   Name                  | LUT| Input Size| Bits| Total Bits|
    +-----------------------------------------+----+-----------+-----+-----------+
    |ap_done_int                              |   9|          2|    1|          2|
    |ap_enable_reg_pp0_iter1                  |   9|          2|    1|          2|
    |ap_enable_reg_pp0_iter2                  |   9|          2|    1|          2|
    |ap_phi_reg_pp0_iter20_phi_ln108_reg_171  |  14|          3|   64|        192|
    |final_m2s_len_fu_90                      |   9|          2|   32|         64|
    |gmem1_blk_n_AR                           |   9|          2|    1|          2|
    |gmem1_blk_n_R                            |   9|          2|    1|          2|
    |i_fu_94                                  |   9|          2|    6|         12|
    |m_axi_gmem1_ARADDR                       |  14|          3|   64|        192|
    |outbuf_blk_n                             |   9|          2|    1|          2|
    +-----------------------------------------+----+-----------+-----+-----------+
    |Total                                    | 100|         22|  172|        472|
    +-----------------------------------------+----+-----------+-----+-----------+

    * Register: 
    +-----------------------------------------+----+----+-----+-----------+
    |                   Name                  | FF | LUT| Bits| Const Bits|
    +-----------------------------------------+----+----+-----+-----------+
    |and_ln134_reg_406                        |   1|   0|    1|          0|
    |ap_CS_fsm                                |   1|   0|    1|          0|
    |ap_done_reg                              |   1|   0|    1|          0|
    |ap_enable_reg_pp0_iter1                  |   1|   0|    1|          0|
    |ap_enable_reg_pp0_iter10                 |   1|   0|    1|          0|
    |ap_enable_reg_pp0_iter11                 |   1|   0|    1|          0|
    |ap_enable_reg_pp0_iter12                 |   1|   0|    1|          0|
    |ap_enable_reg_pp0_iter13                 |   1|   0|    1|          0|
    |ap_enable_reg_pp0_iter14                 |   1|   0|    1|          0|
    |ap_enable_reg_pp0_iter15                 |   1|   0|    1|          0|
    |ap_enable_reg_pp0_iter16                 |   1|   0|    1|          0|
    |ap_enable_reg_pp0_iter17                 |   1|   0|    1|          0|
    |ap_enable_reg_pp0_iter18                 |   1|   0|    1|          0|
    |ap_enable_reg_pp0_iter19                 |   1|   0|    1|          0|
    |ap_enable_reg_pp0_iter2                  |   1|   0|    1|          0|
    |ap_enable_reg_pp0_iter20                 |   1|   0|    1|          0|
    |ap_enable_reg_pp0_iter3                  |   1|   0|    1|          0|
    |ap_enable_reg_pp0_iter4                  |   1|   0|    1|          0|
    |ap_enable_reg_pp0_iter5                  |   1|   0|    1|          0|
    |ap_enable_reg_pp0_iter6                  |   1|   0|    1|          0|
    |ap_enable_reg_pp0_iter7                  |   1|   0|    1|          0|
    |ap_enable_reg_pp0_iter8                  |   1|   0|    1|          0|
    |ap_enable_reg_pp0_iter9                  |   1|   0|    1|          0|
    |ap_loop_exit_ready_pp0_iter10_reg        |   1|   0|    1|          0|
    |ap_loop_exit_ready_pp0_iter11_reg        |   1|   0|    1|          0|
    |ap_loop_exit_ready_pp0_iter12_reg        |   1|   0|    1|          0|
    |ap_loop_exit_ready_pp0_iter13_reg        |   1|   0|    1|          0|
    |ap_loop_exit_ready_pp0_iter14_reg        |   1|   0|    1|          0|
    |ap_loop_exit_ready_pp0_iter15_reg        |   1|   0|    1|          0|
    |ap_loop_exit_ready_pp0_iter16_reg        |   1|   0|    1|          0|
    |ap_loop_exit_ready_pp0_iter17_reg        |   1|   0|    1|          0|
    |ap_loop_exit_ready_pp0_iter18_reg        |   1|   0|    1|          0|
    |ap_loop_exit_ready_pp0_iter19_reg        |   1|   0|    1|          0|
    |ap_loop_exit_ready_pp0_iter2_reg         |   1|   0|    1|          0|
    |ap_loop_exit_ready_pp0_iter3_reg         |   1|   0|    1|          0|
    |ap_loop_exit_ready_pp0_iter4_reg         |   1|   0|    1|          0|
    |ap_loop_exit_ready_pp0_iter5_reg         |   1|   0|    1|          0|
    |ap_loop_exit_ready_pp0_iter6_reg         |   1|   0|    1|          0|
    |ap_loop_exit_ready_pp0_iter7_reg         |   1|   0|    1|          0|
    |ap_loop_exit_ready_pp0_iter8_reg         |   1|   0|    1|          0|
    |ap_loop_exit_ready_pp0_iter9_reg         |   1|   0|    1|          0|
    |ap_phi_reg_pp0_iter10_phi_ln108_reg_171  |  64|   0|   64|          0|
    |ap_phi_reg_pp0_iter11_phi_ln108_reg_171  |  64|   0|   64|          0|
    |ap_phi_reg_pp0_iter12_phi_ln108_reg_171  |  64|   0|   64|          0|
    |ap_phi_reg_pp0_iter13_phi_ln108_reg_171  |  64|   0|   64|          0|
    |ap_phi_reg_pp0_iter14_phi_ln108_reg_171  |  64|   0|   64|          0|
    |ap_phi_reg_pp0_iter15_phi_ln108_reg_171  |  64|   0|   64|          0|
    |ap_phi_reg_pp0_iter16_phi_ln108_reg_171  |  64|   0|   64|          0|
    |ap_phi_reg_pp0_iter17_phi_ln108_reg_171  |  64|   0|   64|          0|
    |ap_phi_reg_pp0_iter18_phi_ln108_reg_171  |  64|   0|   64|          0|
    |ap_phi_reg_pp0_iter19_phi_ln108_reg_171  |  64|   0|   64|          0|
    |ap_phi_reg_pp0_iter1_phi_ln108_reg_171   |  64|   0|   64|          0|
    |ap_phi_reg_pp0_iter20_phi_ln108_reg_171  |  64|   0|   64|          0|
    |ap_phi_reg_pp0_iter2_phi_ln108_reg_171   |  64|   0|   64|          0|
    |ap_phi_reg_pp0_iter3_phi_ln108_reg_171   |  64|   0|   64|          0|
    |ap_phi_reg_pp0_iter4_phi_ln108_reg_171   |  64|   0|   64|          0|
    |ap_phi_reg_pp0_iter5_phi_ln108_reg_171   |  64|   0|   64|          0|
    |ap_phi_reg_pp0_iter6_phi_ln108_reg_171   |  64|   0|   64|          0|
    |ap_phi_reg_pp0_iter7_phi_ln108_reg_171   |  64|   0|   64|          0|
    |ap_phi_reg_pp0_iter8_phi_ln108_reg_171   |  64|   0|   64|          0|
    |ap_phi_reg_pp0_iter9_phi_ln108_reg_171   |  64|   0|   64|          0|
    |final_m2s_len_fu_90                      |  32|   0|   32|          0|
    |gmem1_addr_1_read_reg_442                |  64|   0|   64|          0|
    |gmem1_addr_read_reg_447                  |  64|   0|   64|          0|
    |i_fu_94                                  |   6|   0|    6|          0|
    |icmp_ln131_reg_402                       |   1|   0|    1|          0|
    |icmp_ln145_reg_425                       |   1|   0|    1|          0|
    |out_val_last_V_reg_420                   |   1|   0|    1|          0|
    |select_ln111_cast_cast_reg_397           |  12|   0|   32|         20|
    |trunc_ln3_reg_415                        |  61|   0|   61|          0|
    |trunc_ln4_reg_410                        |  61|   0|   61|          0|
    |zext_ln131_cast_reg_392                  |   6|   0|   64|         58|
    |and_ln134_reg_406                        |  64|  32|    1|          0|
    |icmp_ln131_reg_402                       |  64|  32|    1|          0|
    |icmp_ln145_reg_425                       |  64|  32|    1|          0|
    |out_val_last_V_reg_420                   |  64|  32|    1|          0|
    +-----------------------------------------+----+----+-----+-----------+
    |Total                                    |1886| 128| 1712|         78|
    +-----------------------------------------+----+----+-----+-----------+



================================================================
== Interface
================================================================
* Summary: 
+-----------------------+-----+-----+------------+-----------------------------------------------------+--------------+
|       RTL Ports       | Dir | Bits|  Protocol  |                    Source Object                    |    C Type    |
+-----------------------+-----+-----+------------+-----------------------------------------------------+--------------+
|ap_clk                 |   in|    1|  ap_ctrl_hs|  paralleltostreamwithburst_Pipeline_VITIS_LOOP_131_2|  return value|
|ap_rst                 |   in|    1|  ap_ctrl_hs|  paralleltostreamwithburst_Pipeline_VITIS_LOOP_131_2|  return value|
|ap_start               |   in|    1|  ap_ctrl_hs|  paralleltostreamwithburst_Pipeline_VITIS_LOOP_131_2|  return value|
|ap_done                |  out|    1|  ap_ctrl_hs|  paralleltostreamwithburst_Pipeline_VITIS_LOOP_131_2|  return value|
|ap_idle                |  out|    1|  ap_ctrl_hs|  paralleltostreamwithburst_Pipeline_VITIS_LOOP_131_2|  return value|
|ap_ready               |  out|    1|  ap_ctrl_hs|  paralleltostreamwithburst_Pipeline_VITIS_LOOP_131_2|  return value|
|m_axi_gmem1_AWVALID    |  out|    1|       m_axi|                                                gmem1|       pointer|
|m_axi_gmem1_AWREADY    |   in|    1|       m_axi|                                                gmem1|       pointer|
|m_axi_gmem1_AWADDR     |  out|   64|       m_axi|                                                gmem1|       pointer|
|m_axi_gmem1_AWID       |  out|    1|       m_axi|                                                gmem1|       pointer|
|m_axi_gmem1_AWLEN      |  out|   32|       m_axi|                                                gmem1|       pointer|
|m_axi_gmem1_AWSIZE     |  out|    3|       m_axi|                                                gmem1|       pointer|
|m_axi_gmem1_AWBURST    |  out|    2|       m_axi|                                                gmem1|       pointer|
|m_axi_gmem1_AWLOCK     |  out|    2|       m_axi|                                                gmem1|       pointer|
|m_axi_gmem1_AWCACHE    |  out|    4|       m_axi|                                                gmem1|       pointer|
|m_axi_gmem1_AWPROT     |  out|    3|       m_axi|                                                gmem1|       pointer|
|m_axi_gmem1_AWQOS      |  out|    4|       m_axi|                                                gmem1|       pointer|
|m_axi_gmem1_AWREGION   |  out|    4|       m_axi|                                                gmem1|       pointer|
|m_axi_gmem1_AWUSER     |  out|    1|       m_axi|                                                gmem1|       pointer|
|m_axi_gmem1_WVALID     |  out|    1|       m_axi|                                                gmem1|       pointer|
|m_axi_gmem1_WREADY     |   in|    1|       m_axi|                                                gmem1|       pointer|
|m_axi_gmem1_WDATA      |  out|   64|       m_axi|                                                gmem1|       pointer|
|m_axi_gmem1_WSTRB      |  out|    8|       m_axi|                                                gmem1|       pointer|
|m_axi_gmem1_WLAST      |  out|    1|       m_axi|                                                gmem1|       pointer|
|m_axi_gmem1_WID        |  out|    1|       m_axi|                                                gmem1|       pointer|
|m_axi_gmem1_WUSER      |  out|    1|       m_axi|                                                gmem1|       pointer|
|m_axi_gmem1_ARVALID    |  out|    1|       m_axi|                                                gmem1|       pointer|
|m_axi_gmem1_ARREADY    |   in|    1|       m_axi|                                                gmem1|       pointer|
|m_axi_gmem1_ARADDR     |  out|   64|       m_axi|                                                gmem1|       pointer|
|m_axi_gmem1_ARID       |  out|    1|       m_axi|                                                gmem1|       pointer|
|m_axi_gmem1_ARLEN      |  out|   32|       m_axi|                                                gmem1|       pointer|
|m_axi_gmem1_ARSIZE     |  out|    3|       m_axi|                                                gmem1|       pointer|
|m_axi_gmem1_ARBURST    |  out|    2|       m_axi|                                                gmem1|       pointer|
|m_axi_gmem1_ARLOCK     |  out|    2|       m_axi|                                                gmem1|       pointer|
|m_axi_gmem1_ARCACHE    |  out|    4|       m_axi|                                                gmem1|       pointer|
|m_axi_gmem1_ARPROT     |  out|    3|       m_axi|                                                gmem1|       pointer|
|m_axi_gmem1_ARQOS      |  out|    4|       m_axi|                                                gmem1|       pointer|
|m_axi_gmem1_ARREGION   |  out|    4|       m_axi|                                                gmem1|       pointer|
|m_axi_gmem1_ARUSER     |  out|    1|       m_axi|                                                gmem1|       pointer|
|m_axi_gmem1_RVALID     |   in|    1|       m_axi|                                                gmem1|       pointer|
|m_axi_gmem1_RREADY     |  out|    1|       m_axi|                                                gmem1|       pointer|
|m_axi_gmem1_RDATA      |   in|   64|       m_axi|                                                gmem1|       pointer|
|m_axi_gmem1_RLAST      |   in|    1|       m_axi|                                                gmem1|       pointer|
|m_axi_gmem1_RID        |   in|    1|       m_axi|                                                gmem1|       pointer|
|m_axi_gmem1_RFIFONUM   |   in|   10|       m_axi|                                                gmem1|       pointer|
|m_axi_gmem1_RUSER      |   in|    1|       m_axi|                                                gmem1|       pointer|
|m_axi_gmem1_RRESP      |   in|    2|       m_axi|                                                gmem1|       pointer|
|m_axi_gmem1_BVALID     |   in|    1|       m_axi|                                                gmem1|       pointer|
|m_axi_gmem1_BREADY     |  out|    1|       m_axi|                                                gmem1|       pointer|
|m_axi_gmem1_BRESP      |   in|    2|       m_axi|                                                gmem1|       pointer|
|m_axi_gmem1_BID        |   in|    1|       m_axi|                                                gmem1|       pointer|
|m_axi_gmem1_BUSER      |   in|    1|       m_axi|                                                gmem1|       pointer|
|outbuf_din             |  out|   35|     ap_fifo|                                               outbuf|       pointer|
|outbuf_num_data_valid  |   in|    7|     ap_fifo|                                               outbuf|       pointer|
|outbuf_fifo_cap        |   in|    7|     ap_fifo|                                               outbuf|       pointer|
|outbuf_full_n          |   in|    1|     ap_fifo|                                               outbuf|       pointer|
|outbuf_write           |  out|    1|     ap_fifo|                                               outbuf|       pointer|
|final_m2s_len_4        |   in|   32|     ap_none|                                      final_m2s_len_4|        scalar|
|count_1                |   in|   32|     ap_none|                                              count_1|        scalar|
|sub                    |   in|   32|     ap_none|                                                  sub|        scalar|
|select_ln111_cast      |   in|   12|     ap_none|                                    select_ln111_cast|        scalar|
|zext_ln131             |   in|    6|     ap_none|                                           zext_ln131|        scalar|
|icmp_ln113             |   in|    1|     ap_none|                                           icmp_ln113|        scalar|
|in_memory_assign       |   in|   64|     ap_none|                                     in_memory_assign|        scalar|
+-----------------------+-----+-----+------------+-----------------------------------------------------+--------------+

