
*** Running vivado
    with args -log design_1_xbar_1.vds -m64 -product Vivado -mode batch -messageDb vivado.pb -notrace -source design_1_xbar_1.tcl


****** Vivado v2022.1 (64-bit)
  **** SW Build 3526262 on Mon Apr 18 15:47:01 MDT 2022
  **** IP Build 3524634 on Mon Apr 18 20:55:01 MDT 2022
    ** Copyright 1986-2022 Xilinx, Inc. All Rights Reserved.

source design_1_xbar_1.tcl -notrace
create_project: Time (s): cpu = 00:00:07 ; elapsed = 00:00:09 . Memory (MB): peak = 2865.457 ; gain = 0.023 ; free physical = 3898 ; free virtual = 15774
INFO: [IP_Flow 19-234] Refreshing IP repositories
INFO: [IP_Flow 19-1700] Loaded user IP repository '/home/ubuntu/PQC_Falcon/impl_ASIC/fiFFNTT_sim_v2/vivado/vitis_prj/hls_caravel_ps'.
INFO: [IP_Flow 19-1700] Loaded user IP repository '/home/ubuntu/PQC_Falcon/impl_ASIC/fiFFNTT_sim_v2/vivado/vitis_prj/hls_userdma'.
INFO: [IP_Flow 19-1700] Loaded user IP repository '/home/ubuntu/PQC_Falcon/impl_ASIC/fiFFNTT_sim_v2/vivado/vitis_prj/hls_output_pin'.
INFO: [IP_Flow 19-2313] Loaded Vivado IP repository '/tools/Xilinx/Vivado/2022.1/data/ip'.
Command: synth_design -top design_1_xbar_1 -part xc7z020clg400-1 -incremental_mode off -mode out_of_context
Starting synth_design
Attempting to get a license for feature 'Synthesis' and/or device 'xc7z020'
INFO: [Common 17-349] Got license for feature 'Synthesis' and/or device 'xc7z020'
INFO: [Device 21-403] Loading part xc7z020clg400-1
INFO: [Synth 8-7079] Multithreading enabled for synth_design using a maximum of 4 processes.
INFO: [Synth 8-7078] Launching helper process for spawning children vivado processes
INFO: [Synth 8-7075] Helper process launched with PID 15410
WARNING: [Synth 8-9501] generate block is allowed only inside loop and conditional generate in SystemVerilog mode [/tools/Xilinx/Vivado/2022.1/data/ip/xpm/xpm_fifo/hdl/xpm_fifo.sv:4023]
---------------------------------------------------------------------------------
Starting RTL Elaboration : Time (s): cpu = 00:00:07 ; elapsed = 00:00:12 . Memory (MB): peak = 2865.457 ; gain = 0.000 ; free physical = 2318 ; free virtual = 14194
---------------------------------------------------------------------------------
INFO: [Synth 8-6157] synthesizing module 'design_1_xbar_1' [/home/ubuntu/PQC_Falcon/impl_ASIC/fiFFNTT_sim_v2/vivado/vvd_caravel_fpga/vvd_caravel_fpga.gen/sources_1/bd/design_1/ip/design_1_xbar_1/synth/design_1_xbar_1.v:53]
INFO: [Synth 8-6157] synthesizing module 'axi_crossbar_v2_1_27_axi_crossbar' [/home/ubuntu/PQC_Falcon/impl_ASIC/fiFFNTT_sim_v2/vivado/vvd_caravel_fpga/vvd_caravel_fpga.gen/sources_1/bd/design_1/ipshared/3fa0/hdl/axi_crossbar_v2_1_vl_rfs.v:4883]
INFO: [Synth 8-6157] synthesizing module 'axi_crossbar_v2_1_27_crossbar' [/home/ubuntu/PQC_Falcon/impl_ASIC/fiFFNTT_sim_v2/vivado/vvd_caravel_fpga/vvd_caravel_fpga.gen/sources_1/bd/design_1/ipshared/3fa0/hdl/axi_crossbar_v2_1_vl_rfs.v:2238]
INFO: [Synth 8-6157] synthesizing module 'axi_crossbar_v2_1_27_si_transactor' [/home/ubuntu/PQC_Falcon/impl_ASIC/fiFFNTT_sim_v2/vivado/vvd_caravel_fpga/vvd_caravel_fpga.gen/sources_1/bd/design_1/ipshared/3fa0/hdl/axi_crossbar_v2_1_vl_rfs.v:3799]
INFO: [Synth 8-6157] synthesizing module 'axi_crossbar_v2_1_27_addr_decoder' [/home/ubuntu/PQC_Falcon/impl_ASIC/fiFFNTT_sim_v2/vivado/vvd_caravel_fpga/vvd_caravel_fpga.gen/sources_1/bd/design_1/ipshared/3fa0/hdl/axi_crossbar_v2_1_vl_rfs.v:793]
INFO: [Synth 8-6157] synthesizing module 'generic_baseblocks_v2_1_0_comparator_static' [/home/ubuntu/PQC_Falcon/impl_ASIC/fiFFNTT_sim_v2/vivado/vvd_caravel_fpga/vvd_caravel_fpga.gen/sources_1/bd/design_1/ipshared/b752/hdl/generic_baseblocks_v2_1_vl_rfs.v:2132]
INFO: [Synth 8-6157] synthesizing module 'generic_baseblocks_v2_1_0_carry_and' [/home/ubuntu/PQC_Falcon/impl_ASIC/fiFFNTT_sim_v2/vivado/vvd_caravel_fpga/vvd_caravel_fpga.gen/sources_1/bd/design_1/ipshared/b752/hdl/generic_baseblocks_v2_1_vl_rfs.v:61]
INFO: [Synth 8-6155] done synthesizing module 'generic_baseblocks_v2_1_0_carry_and' (0#1) [/home/ubuntu/PQC_Falcon/impl_ASIC/fiFFNTT_sim_v2/vivado/vvd_caravel_fpga/vvd_caravel_fpga.gen/sources_1/bd/design_1/ipshared/b752/hdl/generic_baseblocks_v2_1_vl_rfs.v:61]
INFO: [Synth 8-6155] done synthesizing module 'generic_baseblocks_v2_1_0_comparator_static' (0#1) [/home/ubuntu/PQC_Falcon/impl_ASIC/fiFFNTT_sim_v2/vivado/vvd_caravel_fpga/vvd_caravel_fpga.gen/sources_1/bd/design_1/ipshared/b752/hdl/generic_baseblocks_v2_1_vl_rfs.v:2132]
INFO: [Synth 8-6155] done synthesizing module 'axi_crossbar_v2_1_27_addr_decoder' (0#1) [/home/ubuntu/PQC_Falcon/impl_ASIC/fiFFNTT_sim_v2/vivado/vvd_caravel_fpga/vvd_caravel_fpga.gen/sources_1/bd/design_1/ipshared/3fa0/hdl/axi_crossbar_v2_1_vl_rfs.v:793]
INFO: [Synth 8-6157] synthesizing module 'axi_data_fifo_v2_1_25_axic_srl_fifo' [/home/ubuntu/PQC_Falcon/impl_ASIC/fiFFNTT_sim_v2/vivado/vvd_caravel_fpga/vvd_caravel_fpga.gen/sources_1/bd/design_1/ipshared/5390/hdl/axi_data_fifo_v2_1_vl_rfs.v:697]
INFO: [Synth 8-6157] synthesizing module 'axi_data_fifo_v2_1_25_ndeep_srl' [/home/ubuntu/PQC_Falcon/impl_ASIC/fiFFNTT_sim_v2/vivado/vvd_caravel_fpga/vvd_caravel_fpga.gen/sources_1/bd/design_1/ipshared/5390/hdl/axi_data_fifo_v2_1_vl_rfs.v:1134]
INFO: [Synth 8-6157] synthesizing module 'SRLC32E' [/tools/Xilinx/Vivado/2022.1/scripts/rt/data/unisim_comp.v:106148]
INFO: [Synth 8-6155] done synthesizing module 'SRLC32E' (0#1) [/tools/Xilinx/Vivado/2022.1/scripts/rt/data/unisim_comp.v:106148]
INFO: [Synth 8-6155] done synthesizing module 'axi_data_fifo_v2_1_25_ndeep_srl' (0#1) [/home/ubuntu/PQC_Falcon/impl_ASIC/fiFFNTT_sim_v2/vivado/vvd_caravel_fpga/vvd_caravel_fpga.gen/sources_1/bd/design_1/ipshared/5390/hdl/axi_data_fifo_v2_1_vl_rfs.v:1134]
INFO: [Synth 8-6155] done synthesizing module 'axi_data_fifo_v2_1_25_axic_srl_fifo' (0#1) [/home/ubuntu/PQC_Falcon/impl_ASIC/fiFFNTT_sim_v2/vivado/vvd_caravel_fpga/vvd_caravel_fpga.gen/sources_1/bd/design_1/ipshared/5390/hdl/axi_data_fifo_v2_1_vl_rfs.v:697]
INFO: [Synth 8-6157] synthesizing module 'generic_baseblocks_v2_1_0_mux_enc' [/home/ubuntu/PQC_Falcon/impl_ASIC/fiFFNTT_sim_v2/vivado/vvd_caravel_fpga/vvd_caravel_fpga.gen/sources_1/bd/design_1/ipshared/b752/hdl/generic_baseblocks_v2_1_vl_rfs.v:2451]
INFO: [Synth 8-6155] done synthesizing module 'generic_baseblocks_v2_1_0_mux_enc' (0#1) [/home/ubuntu/PQC_Falcon/impl_ASIC/fiFFNTT_sim_v2/vivado/vvd_caravel_fpga/vvd_caravel_fpga.gen/sources_1/bd/design_1/ipshared/b752/hdl/generic_baseblocks_v2_1_vl_rfs.v:2451]
INFO: [Synth 8-6155] done synthesizing module 'axi_crossbar_v2_1_27_si_transactor' (0#1) [/home/ubuntu/PQC_Falcon/impl_ASIC/fiFFNTT_sim_v2/vivado/vvd_caravel_fpga/vvd_caravel_fpga.gen/sources_1/bd/design_1/ipshared/3fa0/hdl/axi_crossbar_v2_1_vl_rfs.v:3799]
INFO: [Synth 8-6157] synthesizing module 'axi_crossbar_v2_1_27_si_transactor__parameterized0' [/home/ubuntu/PQC_Falcon/impl_ASIC/fiFFNTT_sim_v2/vivado/vvd_caravel_fpga/vvd_caravel_fpga.gen/sources_1/bd/design_1/ipshared/3fa0/hdl/axi_crossbar_v2_1_vl_rfs.v:3799]
INFO: [Synth 8-6157] synthesizing module 'generic_baseblocks_v2_1_0_mux_enc__parameterized0' [/home/ubuntu/PQC_Falcon/impl_ASIC/fiFFNTT_sim_v2/vivado/vvd_caravel_fpga/vvd_caravel_fpga.gen/sources_1/bd/design_1/ipshared/b752/hdl/generic_baseblocks_v2_1_vl_rfs.v:2451]
INFO: [Synth 8-6155] done synthesizing module 'generic_baseblocks_v2_1_0_mux_enc__parameterized0' (0#1) [/home/ubuntu/PQC_Falcon/impl_ASIC/fiFFNTT_sim_v2/vivado/vvd_caravel_fpga/vvd_caravel_fpga.gen/sources_1/bd/design_1/ipshared/b752/hdl/generic_baseblocks_v2_1_vl_rfs.v:2451]
INFO: [Synth 8-6155] done synthesizing module 'axi_crossbar_v2_1_27_si_transactor__parameterized0' (0#1) [/home/ubuntu/PQC_Falcon/impl_ASIC/fiFFNTT_sim_v2/vivado/vvd_caravel_fpga/vvd_caravel_fpga.gen/sources_1/bd/design_1/ipshared/3fa0/hdl/axi_crossbar_v2_1_vl_rfs.v:3799]
INFO: [Synth 8-6157] synthesizing module 'axi_crossbar_v2_1_27_splitter' [/home/ubuntu/PQC_Falcon/impl_ASIC/fiFFNTT_sim_v2/vivado/vvd_caravel_fpga/vvd_caravel_fpga.gen/sources_1/bd/design_1/ipshared/3fa0/hdl/axi_crossbar_v2_1_vl_rfs.v:4460]
INFO: [Synth 8-6155] done synthesizing module 'axi_crossbar_v2_1_27_splitter' (0#1) [/home/ubuntu/PQC_Falcon/impl_ASIC/fiFFNTT_sim_v2/vivado/vvd_caravel_fpga/vvd_caravel_fpga.gen/sources_1/bd/design_1/ipshared/3fa0/hdl/axi_crossbar_v2_1_vl_rfs.v:4460]
INFO: [Synth 8-6157] synthesizing module 'axi_crossbar_v2_1_27_wdata_router' [/home/ubuntu/PQC_Falcon/impl_ASIC/fiFFNTT_sim_v2/vivado/vvd_caravel_fpga/vvd_caravel_fpga.gen/sources_1/bd/design_1/ipshared/3fa0/hdl/axi_crossbar_v2_1_vl_rfs.v:4735]
INFO: [Synth 8-6157] synthesizing module 'axi_data_fifo_v2_1_25_axic_reg_srl_fifo' [/home/ubuntu/PQC_Falcon/impl_ASIC/fiFFNTT_sim_v2/vivado/vvd_caravel_fpga/vvd_caravel_fpga.gen/sources_1/bd/design_1/ipshared/5390/hdl/axi_data_fifo_v2_1_vl_rfs.v:888]
INFO: [Synth 8-155] case statement is not full and has no default [/home/ubuntu/PQC_Falcon/impl_ASIC/fiFFNTT_sim_v2/vivado/vvd_caravel_fpga/vvd_caravel_fpga.gen/sources_1/bd/design_1/ipshared/5390/hdl/axi_data_fifo_v2_1_vl_rfs.v:986]
INFO: [Synth 8-6155] done synthesizing module 'axi_data_fifo_v2_1_25_axic_reg_srl_fifo' (0#1) [/home/ubuntu/PQC_Falcon/impl_ASIC/fiFFNTT_sim_v2/vivado/vvd_caravel_fpga/vvd_caravel_fpga.gen/sources_1/bd/design_1/ipshared/5390/hdl/axi_data_fifo_v2_1_vl_rfs.v:888]
INFO: [Synth 8-6155] done synthesizing module 'axi_crossbar_v2_1_27_wdata_router' (0#1) [/home/ubuntu/PQC_Falcon/impl_ASIC/fiFFNTT_sim_v2/vivado/vvd_caravel_fpga/vvd_caravel_fpga.gen/sources_1/bd/design_1/ipshared/3fa0/hdl/axi_crossbar_v2_1_vl_rfs.v:4735]
INFO: [Synth 8-6157] synthesizing module 'axi_crossbar_v2_1_27_si_transactor__parameterized1' [/home/ubuntu/PQC_Falcon/impl_ASIC/fiFFNTT_sim_v2/vivado/vvd_caravel_fpga/vvd_caravel_fpga.gen/sources_1/bd/design_1/ipshared/3fa0/hdl/axi_crossbar_v2_1_vl_rfs.v:3799]
INFO: [Synth 8-6157] synthesizing module 'axi_data_fifo_v2_1_25_axic_srl_fifo__parameterized0' [/home/ubuntu/PQC_Falcon/impl_ASIC/fiFFNTT_sim_v2/vivado/vvd_caravel_fpga/vvd_caravel_fpga.gen/sources_1/bd/design_1/ipshared/5390/hdl/axi_data_fifo_v2_1_vl_rfs.v:697]
INFO: [Synth 8-6157] synthesizing module 'axi_data_fifo_v2_1_25_ndeep_srl__parameterized0' [/home/ubuntu/PQC_Falcon/impl_ASIC/fiFFNTT_sim_v2/vivado/vvd_caravel_fpga/vvd_caravel_fpga.gen/sources_1/bd/design_1/ipshared/5390/hdl/axi_data_fifo_v2_1_vl_rfs.v:1134]
INFO: [Synth 8-6155] done synthesizing module 'axi_data_fifo_v2_1_25_ndeep_srl__parameterized0' (0#1) [/home/ubuntu/PQC_Falcon/impl_ASIC/fiFFNTT_sim_v2/vivado/vvd_caravel_fpga/vvd_caravel_fpga.gen/sources_1/bd/design_1/ipshared/5390/hdl/axi_data_fifo_v2_1_vl_rfs.v:1134]
INFO: [Synth 8-6155] done synthesizing module 'axi_data_fifo_v2_1_25_axic_srl_fifo__parameterized0' (0#1) [/home/ubuntu/PQC_Falcon/impl_ASIC/fiFFNTT_sim_v2/vivado/vvd_caravel_fpga/vvd_caravel_fpga.gen/sources_1/bd/design_1/ipshared/5390/hdl/axi_data_fifo_v2_1_vl_rfs.v:697]
INFO: [Synth 8-6155] done synthesizing module 'axi_crossbar_v2_1_27_si_transactor__parameterized1' (0#1) [/home/ubuntu/PQC_Falcon/impl_ASIC/fiFFNTT_sim_v2/vivado/vvd_caravel_fpga/vvd_caravel_fpga.gen/sources_1/bd/design_1/ipshared/3fa0/hdl/axi_crossbar_v2_1_vl_rfs.v:3799]
INFO: [Synth 8-6157] synthesizing module 'axi_crossbar_v2_1_27_wdata_router__parameterized0' [/home/ubuntu/PQC_Falcon/impl_ASIC/fiFFNTT_sim_v2/vivado/vvd_caravel_fpga/vvd_caravel_fpga.gen/sources_1/bd/design_1/ipshared/3fa0/hdl/axi_crossbar_v2_1_vl_rfs.v:4735]
INFO: [Synth 8-6157] synthesizing module 'axi_data_fifo_v2_1_25_axic_reg_srl_fifo__parameterized0' [/home/ubuntu/PQC_Falcon/impl_ASIC/fiFFNTT_sim_v2/vivado/vvd_caravel_fpga/vvd_caravel_fpga.gen/sources_1/bd/design_1/ipshared/5390/hdl/axi_data_fifo_v2_1_vl_rfs.v:888]
INFO: [Synth 8-6157] synthesizing module 'axi_data_fifo_v2_1_25_ndeep_srl__parameterized1' [/home/ubuntu/PQC_Falcon/impl_ASIC/fiFFNTT_sim_v2/vivado/vvd_caravel_fpga/vvd_caravel_fpga.gen/sources_1/bd/design_1/ipshared/5390/hdl/axi_data_fifo_v2_1_vl_rfs.v:1134]
INFO: [Synth 8-6155] done synthesizing module 'axi_data_fifo_v2_1_25_ndeep_srl__parameterized1' (0#1) [/home/ubuntu/PQC_Falcon/impl_ASIC/fiFFNTT_sim_v2/vivado/vvd_caravel_fpga/vvd_caravel_fpga.gen/sources_1/bd/design_1/ipshared/5390/hdl/axi_data_fifo_v2_1_vl_rfs.v:1134]
INFO: [Synth 8-155] case statement is not full and has no default [/home/ubuntu/PQC_Falcon/impl_ASIC/fiFFNTT_sim_v2/vivado/vvd_caravel_fpga/vvd_caravel_fpga.gen/sources_1/bd/design_1/ipshared/5390/hdl/axi_data_fifo_v2_1_vl_rfs.v:986]
INFO: [Synth 8-6155] done synthesizing module 'axi_data_fifo_v2_1_25_axic_reg_srl_fifo__parameterized0' (0#1) [/home/ubuntu/PQC_Falcon/impl_ASIC/fiFFNTT_sim_v2/vivado/vvd_caravel_fpga/vvd_caravel_fpga.gen/sources_1/bd/design_1/ipshared/5390/hdl/axi_data_fifo_v2_1_vl_rfs.v:888]
INFO: [Synth 8-6155] done synthesizing module 'axi_crossbar_v2_1_27_wdata_router__parameterized0' (0#1) [/home/ubuntu/PQC_Falcon/impl_ASIC/fiFFNTT_sim_v2/vivado/vvd_caravel_fpga/vvd_caravel_fpga.gen/sources_1/bd/design_1/ipshared/3fa0/hdl/axi_crossbar_v2_1_vl_rfs.v:4735]
INFO: [Synth 8-6157] synthesizing module 'axi_crossbar_v2_1_27_si_transactor__parameterized2' [/home/ubuntu/PQC_Falcon/impl_ASIC/fiFFNTT_sim_v2/vivado/vvd_caravel_fpga/vvd_caravel_fpga.gen/sources_1/bd/design_1/ipshared/3fa0/hdl/axi_crossbar_v2_1_vl_rfs.v:3799]
INFO: [Synth 8-6157] synthesizing module 'axi_data_fifo_v2_1_25_axic_srl_fifo__parameterized1' [/home/ubuntu/PQC_Falcon/impl_ASIC/fiFFNTT_sim_v2/vivado/vvd_caravel_fpga/vvd_caravel_fpga.gen/sources_1/bd/design_1/ipshared/5390/hdl/axi_data_fifo_v2_1_vl_rfs.v:697]
INFO: [Synth 8-6155] done synthesizing module 'axi_data_fifo_v2_1_25_axic_srl_fifo__parameterized1' (0#1) [/home/ubuntu/PQC_Falcon/impl_ASIC/fiFFNTT_sim_v2/vivado/vvd_caravel_fpga/vvd_caravel_fpga.gen/sources_1/bd/design_1/ipshared/5390/hdl/axi_data_fifo_v2_1_vl_rfs.v:697]
INFO: [Synth 8-6155] done synthesizing module 'axi_crossbar_v2_1_27_si_transactor__parameterized2' (0#1) [/home/ubuntu/PQC_Falcon/impl_ASIC/fiFFNTT_sim_v2/vivado/vvd_caravel_fpga/vvd_caravel_fpga.gen/sources_1/bd/design_1/ipshared/3fa0/hdl/axi_crossbar_v2_1_vl_rfs.v:3799]
INFO: [Synth 8-6157] synthesizing module 'axi_crossbar_v2_1_27_addr_decoder__parameterized0' [/home/ubuntu/PQC_Falcon/impl_ASIC/fiFFNTT_sim_v2/vivado/vvd_caravel_fpga/vvd_caravel_fpga.gen/sources_1/bd/design_1/ipshared/3fa0/hdl/axi_crossbar_v2_1_vl_rfs.v:793]
INFO: [Synth 8-6155] done synthesizing module 'axi_crossbar_v2_1_27_addr_decoder__parameterized0' (0#1) [/home/ubuntu/PQC_Falcon/impl_ASIC/fiFFNTT_sim_v2/vivado/vvd_caravel_fpga/vvd_caravel_fpga.gen/sources_1/bd/design_1/ipshared/3fa0/hdl/axi_crossbar_v2_1_vl_rfs.v:793]
INFO: [Synth 8-6157] synthesizing module 'axi_crossbar_v2_1_27_addr_decoder__parameterized1' [/home/ubuntu/PQC_Falcon/impl_ASIC/fiFFNTT_sim_v2/vivado/vvd_caravel_fpga/vvd_caravel_fpga.gen/sources_1/bd/design_1/ipshared/3fa0/hdl/axi_crossbar_v2_1_vl_rfs.v:793]
INFO: [Synth 8-6155] done synthesizing module 'axi_crossbar_v2_1_27_addr_decoder__parameterized1' (0#1) [/home/ubuntu/PQC_Falcon/impl_ASIC/fiFFNTT_sim_v2/vivado/vvd_caravel_fpga/vvd_caravel_fpga.gen/sources_1/bd/design_1/ipshared/3fa0/hdl/axi_crossbar_v2_1_vl_rfs.v:793]
INFO: [Synth 8-6157] synthesizing module 'axi_crossbar_v2_1_27_wdata_mux' [/home/ubuntu/PQC_Falcon/impl_ASIC/fiFFNTT_sim_v2/vivado/vvd_caravel_fpga/vvd_caravel_fpga.gen/sources_1/bd/design_1/ipshared/3fa0/hdl/axi_crossbar_v2_1_vl_rfs.v:4560]
INFO: [Synth 8-6157] synthesizing module 'axi_data_fifo_v2_1_25_axic_reg_srl_fifo__parameterized1' [/home/ubuntu/PQC_Falcon/impl_ASIC/fiFFNTT_sim_v2/vivado/vvd_caravel_fpga/vvd_caravel_fpga.gen/sources_1/bd/design_1/ipshared/5390/hdl/axi_data_fifo_v2_1_vl_rfs.v:888]
INFO: [Synth 8-155] case statement is not full and has no default [/home/ubuntu/PQC_Falcon/impl_ASIC/fiFFNTT_sim_v2/vivado/vvd_caravel_fpga/vvd_caravel_fpga.gen/sources_1/bd/design_1/ipshared/5390/hdl/axi_data_fifo_v2_1_vl_rfs.v:986]
INFO: [Synth 8-6155] done synthesizing module 'axi_data_fifo_v2_1_25_axic_reg_srl_fifo__parameterized1' (0#1) [/home/ubuntu/PQC_Falcon/impl_ASIC/fiFFNTT_sim_v2/vivado/vvd_caravel_fpga/vvd_caravel_fpga.gen/sources_1/bd/design_1/ipshared/5390/hdl/axi_data_fifo_v2_1_vl_rfs.v:888]
INFO: [Synth 8-6157] synthesizing module 'generic_baseblocks_v2_1_0_mux_enc__parameterized1' [/home/ubuntu/PQC_Falcon/impl_ASIC/fiFFNTT_sim_v2/vivado/vvd_caravel_fpga/vvd_caravel_fpga.gen/sources_1/bd/design_1/ipshared/b752/hdl/generic_baseblocks_v2_1_vl_rfs.v:2451]
INFO: [Synth 8-6155] done synthesizing module 'generic_baseblocks_v2_1_0_mux_enc__parameterized1' (0#1) [/home/ubuntu/PQC_Falcon/impl_ASIC/fiFFNTT_sim_v2/vivado/vvd_caravel_fpga/vvd_caravel_fpga.gen/sources_1/bd/design_1/ipshared/b752/hdl/generic_baseblocks_v2_1_vl_rfs.v:2451]
INFO: [Synth 8-6155] done synthesizing module 'axi_crossbar_v2_1_27_wdata_mux' (0#1) [/home/ubuntu/PQC_Falcon/impl_ASIC/fiFFNTT_sim_v2/vivado/vvd_caravel_fpga/vvd_caravel_fpga.gen/sources_1/bd/design_1/ipshared/3fa0/hdl/axi_crossbar_v2_1_vl_rfs.v:4560]
INFO: [Synth 8-6157] synthesizing module 'axi_register_slice_v2_1_26_axi_register_slice' [/home/ubuntu/PQC_Falcon/impl_ASIC/fiFFNTT_sim_v2/vivado/vvd_caravel_fpga/vvd_caravel_fpga.gen/sources_1/bd/design_1/ipshared/0a3f/hdl/axi_register_slice_v2_1_vl_rfs.v:3725]
INFO: [Synth 8-6157] synthesizing module 'axi_infrastructure_v1_1_0_axi2vector' [/home/ubuntu/PQC_Falcon/impl_ASIC/fiFFNTT_sim_v2/vivado/vvd_caravel_fpga/vvd_caravel_fpga.gen/sources_1/bd/design_1/ipshared/ec67/hdl/axi_infrastructure_v1_1_vl_rfs.v:59]
INFO: [Synth 8-6155] done synthesizing module 'axi_infrastructure_v1_1_0_axi2vector' (0#1) [/home/ubuntu/PQC_Falcon/impl_ASIC/fiFFNTT_sim_v2/vivado/vvd_caravel_fpga/vvd_caravel_fpga.gen/sources_1/bd/design_1/ipshared/ec67/hdl/axi_infrastructure_v1_1_vl_rfs.v:59]
INFO: [Synth 8-6157] synthesizing module 'axi_infrastructure_v1_1_0_vector2axi' [/home/ubuntu/PQC_Falcon/impl_ASIC/fiFFNTT_sim_v2/vivado/vvd_caravel_fpga/vvd_caravel_fpga.gen/sources_1/bd/design_1/ipshared/ec67/hdl/axi_infrastructure_v1_1_vl_rfs.v:473]
INFO: [Synth 8-6155] done synthesizing module 'axi_infrastructure_v1_1_0_vector2axi' (0#1) [/home/ubuntu/PQC_Falcon/impl_ASIC/fiFFNTT_sim_v2/vivado/vvd_caravel_fpga/vvd_caravel_fpga.gen/sources_1/bd/design_1/ipshared/ec67/hdl/axi_infrastructure_v1_1_vl_rfs.v:473]
INFO: [Synth 8-6157] synthesizing module 'axi_register_slice_v2_1_26_axic_register_slice' [/home/ubuntu/PQC_Falcon/impl_ASIC/fiFFNTT_sim_v2/vivado/vvd_caravel_fpga/vvd_caravel_fpga.gen/sources_1/bd/design_1/ipshared/0a3f/hdl/axi_register_slice_v2_1_vl_rfs.v:1497]
INFO: [Synth 8-6155] done synthesizing module 'axi_register_slice_v2_1_26_axic_register_slice' (0#1) [/home/ubuntu/PQC_Falcon/impl_ASIC/fiFFNTT_sim_v2/vivado/vvd_caravel_fpga/vvd_caravel_fpga.gen/sources_1/bd/design_1/ipshared/0a3f/hdl/axi_register_slice_v2_1_vl_rfs.v:1497]
INFO: [Synth 8-6157] synthesizing module 'axi_register_slice_v2_1_26_axic_register_slice__parameterized0' [/home/ubuntu/PQC_Falcon/impl_ASIC/fiFFNTT_sim_v2/vivado/vvd_caravel_fpga/vvd_caravel_fpga.gen/sources_1/bd/design_1/ipshared/0a3f/hdl/axi_register_slice_v2_1_vl_rfs.v:1497]
INFO: [Synth 8-6155] done synthesizing module 'axi_register_slice_v2_1_26_axic_register_slice__parameterized0' (0#1) [/home/ubuntu/PQC_Falcon/impl_ASIC/fiFFNTT_sim_v2/vivado/vvd_caravel_fpga/vvd_caravel_fpga.gen/sources_1/bd/design_1/ipshared/0a3f/hdl/axi_register_slice_v2_1_vl_rfs.v:1497]
INFO: [Synth 8-6157] synthesizing module 'axi_register_slice_v2_1_26_axic_register_slice__parameterized1' [/home/ubuntu/PQC_Falcon/impl_ASIC/fiFFNTT_sim_v2/vivado/vvd_caravel_fpga/vvd_caravel_fpga.gen/sources_1/bd/design_1/ipshared/0a3f/hdl/axi_register_slice_v2_1_vl_rfs.v:1497]
INFO: [Synth 8-6155] done synthesizing module 'axi_register_slice_v2_1_26_axic_register_slice__parameterized1' (0#1) [/home/ubuntu/PQC_Falcon/impl_ASIC/fiFFNTT_sim_v2/vivado/vvd_caravel_fpga/vvd_caravel_fpga.gen/sources_1/bd/design_1/ipshared/0a3f/hdl/axi_register_slice_v2_1_vl_rfs.v:1497]
INFO: [Synth 8-6157] synthesizing module 'axi_register_slice_v2_1_26_axic_register_slice__parameterized2' [/home/ubuntu/PQC_Falcon/impl_ASIC/fiFFNTT_sim_v2/vivado/vvd_caravel_fpga/vvd_caravel_fpga.gen/sources_1/bd/design_1/ipshared/0a3f/hdl/axi_register_slice_v2_1_vl_rfs.v:1497]
INFO: [Synth 8-6155] done synthesizing module 'axi_register_slice_v2_1_26_axic_register_slice__parameterized2' (0#1) [/home/ubuntu/PQC_Falcon/impl_ASIC/fiFFNTT_sim_v2/vivado/vvd_caravel_fpga/vvd_caravel_fpga.gen/sources_1/bd/design_1/ipshared/0a3f/hdl/axi_register_slice_v2_1_vl_rfs.v:1497]
INFO: [Synth 8-6155] done synthesizing module 'axi_register_slice_v2_1_26_axi_register_slice' (0#1) [/home/ubuntu/PQC_Falcon/impl_ASIC/fiFFNTT_sim_v2/vivado/vvd_caravel_fpga/vvd_caravel_fpga.gen/sources_1/bd/design_1/ipshared/0a3f/hdl/axi_register_slice_v2_1_vl_rfs.v:3725]
WARNING: [Synth 8-7071] port 'aclk2x' of module 'axi_register_slice_v2_1_26_axi_register_slice' is unconnected for instance 'reg_slice_mi' [/home/ubuntu/PQC_Falcon/impl_ASIC/fiFFNTT_sim_v2/vivado/vvd_caravel_fpga/vvd_caravel_fpga.gen/sources_1/bd/design_1/ipshared/3fa0/hdl/axi_crossbar_v2_1_vl_rfs.v:3122]
WARNING: [Synth 8-7023] instance 'reg_slice_mi' of module 'axi_register_slice_v2_1_26_axi_register_slice' has 93 connections declared, but only 92 given [/home/ubuntu/PQC_Falcon/impl_ASIC/fiFFNTT_sim_v2/vivado/vvd_caravel_fpga/vvd_caravel_fpga.gen/sources_1/bd/design_1/ipshared/3fa0/hdl/axi_crossbar_v2_1_vl_rfs.v:3122]
INFO: [Synth 8-6157] synthesizing module 'axi_crossbar_v2_1_27_addr_decoder__parameterized2' [/home/ubuntu/PQC_Falcon/impl_ASIC/fiFFNTT_sim_v2/vivado/vvd_caravel_fpga/vvd_caravel_fpga.gen/sources_1/bd/design_1/ipshared/3fa0/hdl/axi_crossbar_v2_1_vl_rfs.v:793]
INFO: [Synth 8-6155] done synthesizing module 'axi_crossbar_v2_1_27_addr_decoder__parameterized2' (0#1) [/home/ubuntu/PQC_Falcon/impl_ASIC/fiFFNTT_sim_v2/vivado/vvd_caravel_fpga/vvd_caravel_fpga.gen/sources_1/bd/design_1/ipshared/3fa0/hdl/axi_crossbar_v2_1_vl_rfs.v:793]
INFO: [Synth 8-6157] synthesizing module 'axi_data_fifo_v2_1_25_axic_srl_fifo__parameterized2' [/home/ubuntu/PQC_Falcon/impl_ASIC/fiFFNTT_sim_v2/vivado/vvd_caravel_fpga/vvd_caravel_fpga.gen/sources_1/bd/design_1/ipshared/5390/hdl/axi_data_fifo_v2_1_vl_rfs.v:697]
INFO: [Synth 8-6155] done synthesizing module 'axi_data_fifo_v2_1_25_axic_srl_fifo__parameterized2' (0#1) [/home/ubuntu/PQC_Falcon/impl_ASIC/fiFFNTT_sim_v2/vivado/vvd_caravel_fpga/vvd_caravel_fpga.gen/sources_1/bd/design_1/ipshared/5390/hdl/axi_data_fifo_v2_1_vl_rfs.v:697]
INFO: [Synth 8-6157] synthesizing module 'axi_crossbar_v2_1_27_wdata_mux__parameterized0' [/home/ubuntu/PQC_Falcon/impl_ASIC/fiFFNTT_sim_v2/vivado/vvd_caravel_fpga/vvd_caravel_fpga.gen/sources_1/bd/design_1/ipshared/3fa0/hdl/axi_crossbar_v2_1_vl_rfs.v:4560]
INFO: [Synth 8-6157] synthesizing module 'axi_data_fifo_v2_1_25_axic_reg_srl_fifo__parameterized2' [/home/ubuntu/PQC_Falcon/impl_ASIC/fiFFNTT_sim_v2/vivado/vvd_caravel_fpga/vvd_caravel_fpga.gen/sources_1/bd/design_1/ipshared/5390/hdl/axi_data_fifo_v2_1_vl_rfs.v:888]
INFO: [Synth 8-155] case statement is not full and has no default [/home/ubuntu/PQC_Falcon/impl_ASIC/fiFFNTT_sim_v2/vivado/vvd_caravel_fpga/vvd_caravel_fpga.gen/sources_1/bd/design_1/ipshared/5390/hdl/axi_data_fifo_v2_1_vl_rfs.v:986]
INFO: [Synth 8-6155] done synthesizing module 'axi_data_fifo_v2_1_25_axic_reg_srl_fifo__parameterized2' (0#1) [/home/ubuntu/PQC_Falcon/impl_ASIC/fiFFNTT_sim_v2/vivado/vvd_caravel_fpga/vvd_caravel_fpga.gen/sources_1/bd/design_1/ipshared/5390/hdl/axi_data_fifo_v2_1_vl_rfs.v:888]
INFO: [Synth 8-6155] done synthesizing module 'axi_crossbar_v2_1_27_wdata_mux__parameterized0' (0#1) [/home/ubuntu/PQC_Falcon/impl_ASIC/fiFFNTT_sim_v2/vivado/vvd_caravel_fpga/vvd_caravel_fpga.gen/sources_1/bd/design_1/ipshared/3fa0/hdl/axi_crossbar_v2_1_vl_rfs.v:4560]
WARNING: [Synth 8-7071] port 'aclk2x' of module 'axi_register_slice_v2_1_26_axi_register_slice' is unconnected for instance 'reg_slice_mi' [/home/ubuntu/PQC_Falcon/impl_ASIC/fiFFNTT_sim_v2/vivado/vvd_caravel_fpga/vvd_caravel_fpga.gen/sources_1/bd/design_1/ipshared/3fa0/hdl/axi_crossbar_v2_1_vl_rfs.v:3122]
WARNING: [Synth 8-7023] instance 'reg_slice_mi' of module 'axi_register_slice_v2_1_26_axi_register_slice' has 93 connections declared, but only 92 given [/home/ubuntu/PQC_Falcon/impl_ASIC/fiFFNTT_sim_v2/vivado/vvd_caravel_fpga/vvd_caravel_fpga.gen/sources_1/bd/design_1/ipshared/3fa0/hdl/axi_crossbar_v2_1_vl_rfs.v:3122]
INFO: [Synth 8-6157] synthesizing module 'axi_crossbar_v2_1_27_decerr_slave' [/home/ubuntu/PQC_Falcon/impl_ASIC/fiFFNTT_sim_v2/vivado/vvd_caravel_fpga/vvd_caravel_fpga.gen/sources_1/bd/design_1/ipshared/3fa0/hdl/axi_crossbar_v2_1_vl_rfs.v:3500]
INFO: [Synth 8-155] case statement is not full and has no default [/home/ubuntu/PQC_Falcon/impl_ASIC/fiFFNTT_sim_v2/vivado/vvd_caravel_fpga/vvd_caravel_fpga.gen/sources_1/bd/design_1/ipshared/3fa0/hdl/axi_crossbar_v2_1_vl_rfs.v:3633]
INFO: [Synth 8-6155] done synthesizing module 'axi_crossbar_v2_1_27_decerr_slave' (0#1) [/home/ubuntu/PQC_Falcon/impl_ASIC/fiFFNTT_sim_v2/vivado/vvd_caravel_fpga/vvd_caravel_fpga.gen/sources_1/bd/design_1/ipshared/3fa0/hdl/axi_crossbar_v2_1_vl_rfs.v:3500]
INFO: [Synth 8-6157] synthesizing module 'axi_crossbar_v2_1_27_addr_arbiter' [/home/ubuntu/PQC_Falcon/impl_ASIC/fiFFNTT_sim_v2/vivado/vvd_caravel_fpga/vvd_caravel_fpga.gen/sources_1/bd/design_1/ipshared/3fa0/hdl/axi_crossbar_v2_1_vl_rfs.v:422]
INFO: [Synth 8-6157] synthesizing module 'generic_baseblocks_v2_1_0_mux_enc__parameterized2' [/home/ubuntu/PQC_Falcon/impl_ASIC/fiFFNTT_sim_v2/vivado/vvd_caravel_fpga/vvd_caravel_fpga.gen/sources_1/bd/design_1/ipshared/b752/hdl/generic_baseblocks_v2_1_vl_rfs.v:2451]
INFO: [Synth 8-6155] done synthesizing module 'generic_baseblocks_v2_1_0_mux_enc__parameterized2' (0#1) [/home/ubuntu/PQC_Falcon/impl_ASIC/fiFFNTT_sim_v2/vivado/vvd_caravel_fpga/vvd_caravel_fpga.gen/sources_1/bd/design_1/ipshared/b752/hdl/generic_baseblocks_v2_1_vl_rfs.v:2451]
INFO: [Synth 8-6157] synthesizing module 'generic_baseblocks_v2_1_0_mux_enc__parameterized3' [/home/ubuntu/PQC_Falcon/impl_ASIC/fiFFNTT_sim_v2/vivado/vvd_caravel_fpga/vvd_caravel_fpga.gen/sources_1/bd/design_1/ipshared/b752/hdl/generic_baseblocks_v2_1_vl_rfs.v:2451]
INFO: [Synth 8-6155] done synthesizing module 'generic_baseblocks_v2_1_0_mux_enc__parameterized3' (0#1) [/home/ubuntu/PQC_Falcon/impl_ASIC/fiFFNTT_sim_v2/vivado/vvd_caravel_fpga/vvd_caravel_fpga.gen/sources_1/bd/design_1/ipshared/b752/hdl/generic_baseblocks_v2_1_vl_rfs.v:2451]
INFO: [Synth 8-6155] done synthesizing module 'axi_crossbar_v2_1_27_addr_arbiter' (0#1) [/home/ubuntu/PQC_Falcon/impl_ASIC/fiFFNTT_sim_v2/vivado/vvd_caravel_fpga/vvd_caravel_fpga.gen/sources_1/bd/design_1/ipshared/3fa0/hdl/axi_crossbar_v2_1_vl_rfs.v:422]
INFO: [Synth 8-6155] done synthesizing module 'axi_crossbar_v2_1_27_crossbar' (0#1) [/home/ubuntu/PQC_Falcon/impl_ASIC/fiFFNTT_sim_v2/vivado/vvd_caravel_fpga/vvd_caravel_fpga.gen/sources_1/bd/design_1/ipshared/3fa0/hdl/axi_crossbar_v2_1_vl_rfs.v:2238]
INFO: [Synth 8-6155] done synthesizing module 'axi_crossbar_v2_1_27_axi_crossbar' (0#1) [/home/ubuntu/PQC_Falcon/impl_ASIC/fiFFNTT_sim_v2/vivado/vvd_caravel_fpga/vvd_caravel_fpga.gen/sources_1/bd/design_1/ipshared/3fa0/hdl/axi_crossbar_v2_1_vl_rfs.v:4883]
INFO: [Synth 8-6155] done synthesizing module 'design_1_xbar_1' (0#1) [/home/ubuntu/PQC_Falcon/impl_ASIC/fiFFNTT_sim_v2/vivado/vvd_caravel_fpga/vvd_caravel_fpga.gen/sources_1/bd/design_1/ip/design_1_xbar_1/synth/design_1_xbar_1.v:53]
WARNING: [Synth 8-6014] Unused sequential element areset_d1_reg was removed.  [/home/ubuntu/PQC_Falcon/impl_ASIC/fiFFNTT_sim_v2/vivado/vvd_caravel_fpga/vvd_caravel_fpga.gen/sources_1/bd/design_1/ipshared/5390/hdl/axi_data_fifo_v2_1_vl_rfs.v:750]
WARNING: [Synth 8-6014] Unused sequential element S_READY_i_reg was removed.  [/home/ubuntu/PQC_Falcon/impl_ASIC/fiFFNTT_sim_v2/vivado/vvd_caravel_fpga/vvd_caravel_fpga.gen/sources_1/bd/design_1/ipshared/5390/hdl/axi_data_fifo_v2_1_vl_rfs.v:789]
WARNING: [Synth 8-6014] Unused sequential element gen_single_thread.debug_r_beat_cnt_i_reg was removed.  [/home/ubuntu/PQC_Falcon/impl_ASIC/fiFFNTT_sim_v2/vivado/vvd_caravel_fpga/vvd_caravel_fpga.gen/sources_1/bd/design_1/ipshared/3fa0/hdl/axi_crossbar_v2_1_vl_rfs.v:4192]
WARNING: [Synth 8-6014] Unused sequential element gen_single_thread.active_id_reg was removed.  [/home/ubuntu/PQC_Falcon/impl_ASIC/fiFFNTT_sim_v2/vivado/vvd_caravel_fpga/vvd_caravel_fpga.gen/sources_1/bd/design_1/ipshared/3fa0/hdl/axi_crossbar_v2_1_vl_rfs.v:4150]
WARNING: [Synth 8-6014] Unused sequential element gen_single_thread.debug_r_beat_cnt_i_reg was removed.  [/home/ubuntu/PQC_Falcon/impl_ASIC/fiFFNTT_sim_v2/vivado/vvd_caravel_fpga/vvd_caravel_fpga.gen/sources_1/bd/design_1/ipshared/3fa0/hdl/axi_crossbar_v2_1_vl_rfs.v:4192]
WARNING: [Synth 8-6014] Unused sequential element gen_single_thread.active_id_reg was removed.  [/home/ubuntu/PQC_Falcon/impl_ASIC/fiFFNTT_sim_v2/vivado/vvd_caravel_fpga/vvd_caravel_fpga.gen/sources_1/bd/design_1/ipshared/3fa0/hdl/axi_crossbar_v2_1_vl_rfs.v:4150]
WARNING: [Synth 8-6014] Unused sequential element areset_d1_reg was removed.  [/home/ubuntu/PQC_Falcon/impl_ASIC/fiFFNTT_sim_v2/vivado/vvd_caravel_fpga/vvd_caravel_fpga.gen/sources_1/bd/design_1/ipshared/5390/hdl/axi_data_fifo_v2_1_vl_rfs.v:750]
WARNING: [Synth 8-6014] Unused sequential element S_READY_i_reg was removed.  [/home/ubuntu/PQC_Falcon/impl_ASIC/fiFFNTT_sim_v2/vivado/vvd_caravel_fpga/vvd_caravel_fpga.gen/sources_1/bd/design_1/ipshared/5390/hdl/axi_data_fifo_v2_1_vl_rfs.v:789]
WARNING: [Synth 8-6014] Unused sequential element gen_single_thread.debug_r_beat_cnt_i_reg was removed.  [/home/ubuntu/PQC_Falcon/impl_ASIC/fiFFNTT_sim_v2/vivado/vvd_caravel_fpga/vvd_caravel_fpga.gen/sources_1/bd/design_1/ipshared/3fa0/hdl/axi_crossbar_v2_1_vl_rfs.v:4192]
WARNING: [Synth 8-6014] Unused sequential element gen_single_thread.active_id_reg was removed.  [/home/ubuntu/PQC_Falcon/impl_ASIC/fiFFNTT_sim_v2/vivado/vvd_caravel_fpga/vvd_caravel_fpga.gen/sources_1/bd/design_1/ipshared/3fa0/hdl/axi_crossbar_v2_1_vl_rfs.v:4150]
WARNING: [Synth 8-6014] Unused sequential element areset_d1_reg was removed.  [/home/ubuntu/PQC_Falcon/impl_ASIC/fiFFNTT_sim_v2/vivado/vvd_caravel_fpga/vvd_caravel_fpga.gen/sources_1/bd/design_1/ipshared/5390/hdl/axi_data_fifo_v2_1_vl_rfs.v:750]
WARNING: [Synth 8-6014] Unused sequential element S_READY_i_reg was removed.  [/home/ubuntu/PQC_Falcon/impl_ASIC/fiFFNTT_sim_v2/vivado/vvd_caravel_fpga/vvd_caravel_fpga.gen/sources_1/bd/design_1/ipshared/5390/hdl/axi_data_fifo_v2_1_vl_rfs.v:789]
WARNING: [Synth 8-6014] Unused sequential element gen_single_thread.debug_r_beat_cnt_i_reg was removed.  [/home/ubuntu/PQC_Falcon/impl_ASIC/fiFFNTT_sim_v2/vivado/vvd_caravel_fpga/vvd_caravel_fpga.gen/sources_1/bd/design_1/ipshared/3fa0/hdl/axi_crossbar_v2_1_vl_rfs.v:4192]
WARNING: [Synth 8-6014] Unused sequential element gen_single_thread.active_id_reg was removed.  [/home/ubuntu/PQC_Falcon/impl_ASIC/fiFFNTT_sim_v2/vivado/vvd_caravel_fpga/vvd_caravel_fpga.gen/sources_1/bd/design_1/ipshared/3fa0/hdl/axi_crossbar_v2_1_vl_rfs.v:4150]
WARNING: [Synth 8-6014] Unused sequential element s_ready_i_reg was removed.  [/home/ubuntu/PQC_Falcon/impl_ASIC/fiFFNTT_sim_v2/vivado/vvd_caravel_fpga/vvd_caravel_fpga.gen/sources_1/bd/design_1/ipshared/5390/hdl/axi_data_fifo_v2_1_vl_rfs.v:1038]
WARNING: [Synth 8-6014] Unused sequential element areset_d1_reg was removed.  [/home/ubuntu/PQC_Falcon/impl_ASIC/fiFFNTT_sim_v2/vivado/vvd_caravel_fpga/vvd_caravel_fpga.gen/sources_1/bd/design_1/ipshared/5390/hdl/axi_data_fifo_v2_1_vl_rfs.v:750]
WARNING: [Synth 8-6014] Unused sequential element S_READY_i_reg was removed.  [/home/ubuntu/PQC_Falcon/impl_ASIC/fiFFNTT_sim_v2/vivado/vvd_caravel_fpga/vvd_caravel_fpga.gen/sources_1/bd/design_1/ipshared/5390/hdl/axi_data_fifo_v2_1_vl_rfs.v:789]
WARNING: [Synth 8-6014] Unused sequential element s_ready_i_reg was removed.  [/home/ubuntu/PQC_Falcon/impl_ASIC/fiFFNTT_sim_v2/vivado/vvd_caravel_fpga/vvd_caravel_fpga.gen/sources_1/bd/design_1/ipshared/5390/hdl/axi_data_fifo_v2_1_vl_rfs.v:1038]
WARNING: [Synth 8-6014] Unused sequential element gen_master_slots[0].gen_mi_write.gen_debug_w.debug_w_beat_cnt_i_reg was removed.  [/home/ubuntu/PQC_Falcon/impl_ASIC/fiFFNTT_sim_v2/vivado/vvd_caravel_fpga/vvd_caravel_fpga.gen/sources_1/bd/design_1/ipshared/3fa0/hdl/axi_crossbar_v2_1_vl_rfs.v:2997]
WARNING: [Synth 8-6014] Unused sequential element gen_master_slots[1].gen_mi_write.gen_debug_w.debug_w_beat_cnt_i_reg was removed.  [/home/ubuntu/PQC_Falcon/impl_ASIC/fiFFNTT_sim_v2/vivado/vvd_caravel_fpga/vvd_caravel_fpga.gen/sources_1/bd/design_1/ipshared/3fa0/hdl/axi_crossbar_v2_1_vl_rfs.v:2997]
WARNING: [Synth 8-7129] Port ACLK in module axi_register_slice_v2_1_26_axic_register_slice is either unconnected or has no load
WARNING: [Synth 8-7129] Port ARESET in module axi_register_slice_v2_1_26_axic_register_slice is either unconnected or has no load
WARNING: [Synth 8-7129] Port ACLK in module axi_register_slice_v2_1_26_axic_register_slice__parameterized0 is either unconnected or has no load
WARNING: [Synth 8-7129] Port ARESET in module axi_register_slice_v2_1_26_axic_register_slice__parameterized0 is either unconnected or has no load
WARNING: [Synth 8-7129] Port m_axi_buser[0] in module axi_infrastructure_v1_1_0_vector2axi is either unconnected or has no load
WARNING: [Synth 8-7129] Port m_axi_ruser[0] in module axi_infrastructure_v1_1_0_vector2axi is either unconnected or has no load
WARNING: [Synth 8-7129] Port s_axi_awuser[0] in module axi_infrastructure_v1_1_0_axi2vector is either unconnected or has no load
WARNING: [Synth 8-7129] Port s_axi_wid[1] in module axi_infrastructure_v1_1_0_axi2vector is either unconnected or has no load
WARNING: [Synth 8-7129] Port s_axi_wid[0] in module axi_infrastructure_v1_1_0_axi2vector is either unconnected or has no load
WARNING: [Synth 8-7129] Port s_axi_wuser[0] in module axi_infrastructure_v1_1_0_axi2vector is either unconnected or has no load
WARNING: [Synth 8-7129] Port s_axi_aruser[0] in module axi_infrastructure_v1_1_0_axi2vector is either unconnected or has no load
WARNING: [Synth 8-7129] Port aclk2x in module axi_register_slice_v2_1_26_axi_register_slice is either unconnected or has no load
WARNING: [Synth 8-7129] Port ADDR[1] in module axi_crossbar_v2_1_27_addr_decoder is either unconnected or has no load
WARNING: [Synth 8-7129] Port ADDR[0] in module axi_crossbar_v2_1_27_addr_decoder is either unconnected or has no load
WARNING: [Synth 8-7129] Port S_ABURST[1] in module axi_crossbar_v2_1_27_si_transactor__parameterized2 is either unconnected or has no load
WARNING: [Synth 8-7129] Port S_ABURST[0] in module axi_crossbar_v2_1_27_si_transactor__parameterized2 is either unconnected or has no load
WARNING: [Synth 8-7129] Port S_ABURST[1] in module axi_crossbar_v2_1_27_si_transactor__parameterized1 is either unconnected or has no load
WARNING: [Synth 8-7129] Port S_ABURST[0] in module axi_crossbar_v2_1_27_si_transactor__parameterized1 is either unconnected or has no load
WARNING: [Synth 8-7129] Port S_ABURST[1] in module axi_crossbar_v2_1_27_si_transactor__parameterized0 is either unconnected or has no load
WARNING: [Synth 8-7129] Port S_ABURST[0] in module axi_crossbar_v2_1_27_si_transactor__parameterized0 is either unconnected or has no load
WARNING: [Synth 8-7129] Port S_ABURST[1] in module axi_crossbar_v2_1_27_si_transactor is either unconnected or has no load
WARNING: [Synth 8-7129] Port S_ABURST[0] in module axi_crossbar_v2_1_27_si_transactor is either unconnected or has no load
WARNING: [Synth 8-7129] Port S_AXI_AWID[5] in module axi_crossbar_v2_1_27_crossbar is either unconnected or has no load
WARNING: [Synth 8-7129] Port S_AXI_AWID[4] in module axi_crossbar_v2_1_27_crossbar is either unconnected or has no load
WARNING: [Synth 8-7129] Port S_AXI_AWID[3] in module axi_crossbar_v2_1_27_crossbar is either unconnected or has no load
WARNING: [Synth 8-7129] Port S_AXI_AWID[2] in module axi_crossbar_v2_1_27_crossbar is either unconnected or has no load
WARNING: [Synth 8-7129] Port S_AXI_AWID[1] in module axi_crossbar_v2_1_27_crossbar is either unconnected or has no load
WARNING: [Synth 8-7129] Port S_AXI_AWID[0] in module axi_crossbar_v2_1_27_crossbar is either unconnected or has no load
WARNING: [Synth 8-7129] Port S_AXI_AWADDR[191] in module axi_crossbar_v2_1_27_crossbar is either unconnected or has no load
WARNING: [Synth 8-7129] Port S_AXI_AWADDR[190] in module axi_crossbar_v2_1_27_crossbar is either unconnected or has no load
WARNING: [Synth 8-7129] Port S_AXI_AWADDR[189] in module axi_crossbar_v2_1_27_crossbar is either unconnected or has no load
WARNING: [Synth 8-7129] Port S_AXI_AWADDR[188] in module axi_crossbar_v2_1_27_crossbar is either unconnected or has no load
WARNING: [Synth 8-7129] Port S_AXI_AWADDR[187] in module axi_crossbar_v2_1_27_crossbar is either unconnected or has no load
WARNING: [Synth 8-7129] Port S_AXI_AWADDR[186] in module axi_crossbar_v2_1_27_crossbar is either unconnected or has no load
WARNING: [Synth 8-7129] Port S_AXI_AWADDR[185] in module axi_crossbar_v2_1_27_crossbar is either unconnected or has no load
WARNING: [Synth 8-7129] Port S_AXI_AWADDR[184] in module axi_crossbar_v2_1_27_crossbar is either unconnected or has no load
WARNING: [Synth 8-7129] Port S_AXI_AWADDR[183] in module axi_crossbar_v2_1_27_crossbar is either unconnected or has no load
WARNING: [Synth 8-7129] Port S_AXI_AWADDR[182] in module axi_crossbar_v2_1_27_crossbar is either unconnected or has no load
WARNING: [Synth 8-7129] Port S_AXI_AWADDR[181] in module axi_crossbar_v2_1_27_crossbar is either unconnected or has no load
WARNING: [Synth 8-7129] Port S_AXI_AWADDR[180] in module axi_crossbar_v2_1_27_crossbar is either unconnected or has no load
WARNING: [Synth 8-7129] Port S_AXI_AWADDR[179] in module axi_crossbar_v2_1_27_crossbar is either unconnected or has no load
WARNING: [Synth 8-7129] Port S_AXI_AWADDR[178] in module axi_crossbar_v2_1_27_crossbar is either unconnected or has no load
WARNING: [Synth 8-7129] Port S_AXI_AWADDR[177] in module axi_crossbar_v2_1_27_crossbar is either unconnected or has no load
WARNING: [Synth 8-7129] Port S_AXI_AWADDR[176] in module axi_crossbar_v2_1_27_crossbar is either unconnected or has no load
WARNING: [Synth 8-7129] Port S_AXI_AWADDR[175] in module axi_crossbar_v2_1_27_crossbar is either unconnected or has no load
WARNING: [Synth 8-7129] Port S_AXI_AWADDR[174] in module axi_crossbar_v2_1_27_crossbar is either unconnected or has no load
WARNING: [Synth 8-7129] Port S_AXI_AWADDR[173] in module axi_crossbar_v2_1_27_crossbar is either unconnected or has no load
WARNING: [Synth 8-7129] Port S_AXI_AWADDR[172] in module axi_crossbar_v2_1_27_crossbar is either unconnected or has no load
WARNING: [Synth 8-7129] Port S_AXI_AWADDR[171] in module axi_crossbar_v2_1_27_crossbar is either unconnected or has no load
WARNING: [Synth 8-7129] Port S_AXI_AWADDR[170] in module axi_crossbar_v2_1_27_crossbar is either unconnected or has no load
WARNING: [Synth 8-7129] Port S_AXI_AWADDR[169] in module axi_crossbar_v2_1_27_crossbar is either unconnected or has no load
WARNING: [Synth 8-7129] Port S_AXI_AWADDR[168] in module axi_crossbar_v2_1_27_crossbar is either unconnected or has no load
WARNING: [Synth 8-7129] Port S_AXI_AWADDR[167] in module axi_crossbar_v2_1_27_crossbar is either unconnected or has no load
WARNING: [Synth 8-7129] Port S_AXI_AWADDR[166] in module axi_crossbar_v2_1_27_crossbar is either unconnected or has no load
WARNING: [Synth 8-7129] Port S_AXI_AWADDR[165] in module axi_crossbar_v2_1_27_crossbar is either unconnected or has no load
WARNING: [Synth 8-7129] Port S_AXI_AWADDR[164] in module axi_crossbar_v2_1_27_crossbar is either unconnected or has no load
WARNING: [Synth 8-7129] Port S_AXI_AWADDR[163] in module axi_crossbar_v2_1_27_crossbar is either unconnected or has no load
WARNING: [Synth 8-7129] Port S_AXI_AWADDR[162] in module axi_crossbar_v2_1_27_crossbar is either unconnected or has no load
WARNING: [Synth 8-7129] Port S_AXI_AWADDR[161] in module axi_crossbar_v2_1_27_crossbar is either unconnected or has no load
WARNING: [Synth 8-7129] Port S_AXI_AWADDR[160] in module axi_crossbar_v2_1_27_crossbar is either unconnected or has no load
WARNING: [Synth 8-7129] Port S_AXI_AWADDR[159] in module axi_crossbar_v2_1_27_crossbar is either unconnected or has no load
WARNING: [Synth 8-7129] Port S_AXI_AWADDR[158] in module axi_crossbar_v2_1_27_crossbar is either unconnected or has no load
WARNING: [Synth 8-7129] Port S_AXI_AWADDR[157] in module axi_crossbar_v2_1_27_crossbar is either unconnected or has no load
WARNING: [Synth 8-7129] Port S_AXI_AWADDR[156] in module axi_crossbar_v2_1_27_crossbar is either unconnected or has no load
WARNING: [Synth 8-7129] Port S_AXI_AWADDR[155] in module axi_crossbar_v2_1_27_crossbar is either unconnected or has no load
WARNING: [Synth 8-7129] Port S_AXI_AWADDR[154] in module axi_crossbar_v2_1_27_crossbar is either unconnected or has no load
WARNING: [Synth 8-7129] Port S_AXI_AWADDR[153] in module axi_crossbar_v2_1_27_crossbar is either unconnected or has no load
WARNING: [Synth 8-7129] Port S_AXI_AWADDR[152] in module axi_crossbar_v2_1_27_crossbar is either unconnected or has no load
WARNING: [Synth 8-7129] Port S_AXI_AWADDR[151] in module axi_crossbar_v2_1_27_crossbar is either unconnected or has no load
WARNING: [Synth 8-7129] Port S_AXI_AWADDR[150] in module axi_crossbar_v2_1_27_crossbar is either unconnected or has no load
WARNING: [Synth 8-7129] Port S_AXI_AWADDR[149] in module axi_crossbar_v2_1_27_crossbar is either unconnected or has no load
WARNING: [Synth 8-7129] Port S_AXI_AWADDR[148] in module axi_crossbar_v2_1_27_crossbar is either unconnected or has no load
WARNING: [Synth 8-7129] Port S_AXI_AWADDR[147] in module axi_crossbar_v2_1_27_crossbar is either unconnected or has no load
WARNING: [Synth 8-7129] Port S_AXI_AWADDR[146] in module axi_crossbar_v2_1_27_crossbar is either unconnected or has no load
WARNING: [Synth 8-7129] Port S_AXI_AWADDR[145] in module axi_crossbar_v2_1_27_crossbar is either unconnected or has no load
WARNING: [Synth 8-7129] Port S_AXI_AWADDR[144] in module axi_crossbar_v2_1_27_crossbar is either unconnected or has no load
WARNING: [Synth 8-7129] Port S_AXI_AWADDR[143] in module axi_crossbar_v2_1_27_crossbar is either unconnected or has no load
WARNING: [Synth 8-7129] Port S_AXI_AWADDR[142] in module axi_crossbar_v2_1_27_crossbar is either unconnected or has no load
WARNING: [Synth 8-7129] Port S_AXI_AWADDR[141] in module axi_crossbar_v2_1_27_crossbar is either unconnected or has no load
WARNING: [Synth 8-7129] Port S_AXI_AWADDR[140] in module axi_crossbar_v2_1_27_crossbar is either unconnected or has no load
WARNING: [Synth 8-7129] Port S_AXI_AWADDR[139] in module axi_crossbar_v2_1_27_crossbar is either unconnected or has no load
WARNING: [Synth 8-7129] Port S_AXI_AWADDR[138] in module axi_crossbar_v2_1_27_crossbar is either unconnected or has no load
WARNING: [Synth 8-7129] Port S_AXI_AWADDR[137] in module axi_crossbar_v2_1_27_crossbar is either unconnected or has no load
WARNING: [Synth 8-7129] Port S_AXI_AWADDR[136] in module axi_crossbar_v2_1_27_crossbar is either unconnected or has no load
WARNING: [Synth 8-7129] Port S_AXI_AWADDR[135] in module axi_crossbar_v2_1_27_crossbar is either unconnected or has no load
WARNING: [Synth 8-7129] Port S_AXI_AWADDR[134] in module axi_crossbar_v2_1_27_crossbar is either unconnected or has no load
WARNING: [Synth 8-7129] Port S_AXI_AWADDR[133] in module axi_crossbar_v2_1_27_crossbar is either unconnected or has no load
WARNING: [Synth 8-7129] Port S_AXI_AWADDR[132] in module axi_crossbar_v2_1_27_crossbar is either unconnected or has no load
WARNING: [Synth 8-7129] Port S_AXI_AWADDR[131] in module axi_crossbar_v2_1_27_crossbar is either unconnected or has no load
WARNING: [Synth 8-7129] Port S_AXI_AWADDR[130] in module axi_crossbar_v2_1_27_crossbar is either unconnected or has no load
WARNING: [Synth 8-7129] Port S_AXI_AWADDR[129] in module axi_crossbar_v2_1_27_crossbar is either unconnected or has no load
WARNING: [Synth 8-7129] Port S_AXI_AWADDR[128] in module axi_crossbar_v2_1_27_crossbar is either unconnected or has no load
WARNING: [Synth 8-7129] Port S_AXI_AWLEN[23] in module axi_crossbar_v2_1_27_crossbar is either unconnected or has no load
WARNING: [Synth 8-7129] Port S_AXI_AWLEN[22] in module axi_crossbar_v2_1_27_crossbar is either unconnected or has no load
WARNING: [Synth 8-7129] Port S_AXI_AWLEN[21] in module axi_crossbar_v2_1_27_crossbar is either unconnected or has no load
WARNING: [Synth 8-7129] Port S_AXI_AWLEN[20] in module axi_crossbar_v2_1_27_crossbar is either unconnected or has no load
WARNING: [Synth 8-7129] Port S_AXI_AWLEN[19] in module axi_crossbar_v2_1_27_crossbar is either unconnected or has no load
WARNING: [Synth 8-7129] Port S_AXI_AWLEN[18] in module axi_crossbar_v2_1_27_crossbar is either unconnected or has no load
WARNING: [Synth 8-7129] Port S_AXI_AWLEN[17] in module axi_crossbar_v2_1_27_crossbar is either unconnected or has no load
WARNING: [Synth 8-7129] Port S_AXI_AWLEN[16] in module axi_crossbar_v2_1_27_crossbar is either unconnected or has no load
INFO: [Common 17-14] Message 'Synth 8-7129' appears 100 times and further instances of the messages will be disabled. Use the Tcl command set_msg_config to change the current settings.
---------------------------------------------------------------------------------
Finished RTL Elaboration : Time (s): cpu = 00:00:15 ; elapsed = 00:00:23 . Memory (MB): peak = 2865.457 ; gain = 0.000 ; free physical = 2442 ; free virtual = 14321
---------------------------------------------------------------------------------
---------------------------------------------------------------------------------
Start Handling Custom Attributes
---------------------------------------------------------------------------------
---------------------------------------------------------------------------------
Finished Handling Custom Attributes : Time (s): cpu = 00:00:15 ; elapsed = 00:00:23 . Memory (MB): peak = 2865.457 ; gain = 0.000 ; free physical = 2433 ; free virtual = 14311
---------------------------------------------------------------------------------
---------------------------------------------------------------------------------
Finished RTL Optimization Phase 1 : Time (s): cpu = 00:00:15 ; elapsed = 00:00:23 . Memory (MB): peak = 2865.457 ; gain = 0.000 ; free physical = 2433 ; free virtual = 14311
---------------------------------------------------------------------------------
Netlist sorting complete. Time (s): cpu = 00:00:00.13 ; elapsed = 00:00:00.18 . Memory (MB): peak = 2865.457 ; gain = 0.000 ; free physical = 2399 ; free virtual = 14277
INFO: [Project 1-570] Preparing netlist for logic optimization

Processing XDC Constraints
Initializing timing engine
Parsing XDC File [/home/ubuntu/PQC_Falcon/impl_ASIC/fiFFNTT_sim_v2/vivado/vvd_caravel_fpga/vvd_caravel_fpga.gen/sources_1/bd/design_1/ip/design_1_xbar_1/design_1_xbar_1_ooc.xdc] for cell 'inst'
Finished Parsing XDC File [/home/ubuntu/PQC_Falcon/impl_ASIC/fiFFNTT_sim_v2/vivado/vvd_caravel_fpga/vvd_caravel_fpga.gen/sources_1/bd/design_1/ip/design_1_xbar_1/design_1_xbar_1_ooc.xdc] for cell 'inst'
Parsing XDC File [/home/ubuntu/PQC_Falcon/impl_ASIC/fiFFNTT_sim_v2/vivado/vvd_caravel_fpga/vvd_caravel_fpga.runs/design_1_xbar_1_synth_1/dont_touch.xdc]
Finished Parsing XDC File [/home/ubuntu/PQC_Falcon/impl_ASIC/fiFFNTT_sim_v2/vivado/vvd_caravel_fpga/vvd_caravel_fpga.runs/design_1_xbar_1_synth_1/dont_touch.xdc]
Completed Processing XDC Constraints

Netlist sorting complete. Time (s): cpu = 00:00:00 ; elapsed = 00:00:00 . Memory (MB): peak = 2940.277 ; gain = 0.000 ; free physical = 2341 ; free virtual = 14219
INFO: [Project 1-111] Unisim Transformation Summary:
No Unisim elements were transformed.

Constraint Validation Runtime : Time (s): cpu = 00:00:00.1 ; elapsed = 00:00:00.11 . Memory (MB): peak = 2940.277 ; gain = 0.000 ; free physical = 2341 ; free virtual = 14219
INFO: [Designutils 20-5008] Incremental synthesis strategy off
---------------------------------------------------------------------------------
Finished Constraint Validation : Time (s): cpu = 00:00:26 ; elapsed = 00:00:38 . Memory (MB): peak = 2940.277 ; gain = 74.820 ; free physical = 2412 ; free virtual = 14297
---------------------------------------------------------------------------------
---------------------------------------------------------------------------------
Start Loading Part and Timing Information
---------------------------------------------------------------------------------
Loading part: xc7z020clg400-1
---------------------------------------------------------------------------------
Finished Loading Part and Timing Information : Time (s): cpu = 00:00:26 ; elapsed = 00:00:38 . Memory (MB): peak = 2940.277 ; gain = 74.820 ; free physical = 2412 ; free virtual = 14297
---------------------------------------------------------------------------------
---------------------------------------------------------------------------------
Start Applying 'set_property' XDC Constraints
---------------------------------------------------------------------------------
Applied set_property KEEP_HIERARCHY = SOFT for inst. (constraint file  /home/ubuntu/PQC_Falcon/impl_ASIC/fiFFNTT_sim_v2/vivado/vvd_caravel_fpga/vvd_caravel_fpga.runs/design_1_xbar_1_synth_1/dont_touch.xdc, line 9).
---------------------------------------------------------------------------------
Finished applying 'set_property' XDC Constraints : Time (s): cpu = 00:00:26 ; elapsed = 00:00:38 . Memory (MB): peak = 2940.277 ; gain = 74.820 ; free physical = 2414 ; free virtual = 14299
---------------------------------------------------------------------------------
INFO: [Synth 8-802] inferred FSM for state register 'state_reg' in module 'axi_data_fifo_v2_1_25_axic_reg_srl_fifo'
INFO: [Synth 8-802] inferred FSM for state register 'state_reg' in module 'axi_data_fifo_v2_1_25_axic_reg_srl_fifo__parameterized0'
INFO: [Synth 8-802] inferred FSM for state register 'state_reg' in module 'axi_data_fifo_v2_1_25_axic_reg_srl_fifo__parameterized1'
INFO: [Synth 8-802] inferred FSM for state register 'state_reg' in module 'axi_data_fifo_v2_1_25_axic_reg_srl_fifo__parameterized2'
INFO: [Synth 8-802] inferred FSM for state register 'gen_axi.write_cs_reg' in module 'axi_crossbar_v2_1_27_decerr_slave'
---------------------------------------------------------------------------------------------------
                   State |                     New Encoding |                Previous Encoding 
---------------------------------------------------------------------------------------------------
                    ZERO |                             1000 |                               10
                     ONE |                             0010 |                               11
                     TWO |                             0001 |                               01
                  iSTATE |                             0100 |                               00
---------------------------------------------------------------------------------------------------
INFO: [Synth 8-3354] encoded FSM with state register 'state_reg' using encoding 'one-hot' in module 'axi_data_fifo_v2_1_25_axic_reg_srl_fifo'
---------------------------------------------------------------------------------------------------
                   State |                     New Encoding |                Previous Encoding 
---------------------------------------------------------------------------------------------------
                    ZERO |                             1000 |                               10
                     ONE |                             0010 |                               11
                     TWO |                             0001 |                               01
                  iSTATE |                             0100 |                               00
---------------------------------------------------------------------------------------------------
INFO: [Synth 8-3354] encoded FSM with state register 'state_reg' using encoding 'one-hot' in module 'axi_data_fifo_v2_1_25_axic_reg_srl_fifo__parameterized0'
---------------------------------------------------------------------------------------------------
                   State |                     New Encoding |                Previous Encoding 
---------------------------------------------------------------------------------------------------
                    ZERO |                             1000 |                               10
                     ONE |                             0010 |                               11
                     TWO |                             0001 |                               01
                  iSTATE |                             0100 |                               00
---------------------------------------------------------------------------------------------------
INFO: [Synth 8-3354] encoded FSM with state register 'state_reg' using encoding 'one-hot' in module 'axi_data_fifo_v2_1_25_axic_reg_srl_fifo__parameterized1'
---------------------------------------------------------------------------------------------------
                   State |                     New Encoding |                Previous Encoding 
---------------------------------------------------------------------------------------------------
                    ZERO |                             1000 |                               10
                     ONE |                             0010 |                               11
                     TWO |                             0001 |                               01
                  iSTATE |                             0100 |                               00
---------------------------------------------------------------------------------------------------
INFO: [Synth 8-3354] encoded FSM with state register 'state_reg' using encoding 'one-hot' in module 'axi_data_fifo_v2_1_25_axic_reg_srl_fifo__parameterized2'
---------------------------------------------------------------------------------------------------
                   State |                     New Encoding |                Previous Encoding 
---------------------------------------------------------------------------------------------------
            P_WRITE_IDLE |                              001 |                               00
            P_WRITE_DATA |                              010 |                               01
            P_WRITE_RESP |                              100 |                               10
---------------------------------------------------------------------------------------------------
INFO: [Synth 8-3354] encoded FSM with state register 'gen_axi.write_cs_reg' using encoding 'one-hot' in module 'axi_crossbar_v2_1_27_decerr_slave'
---------------------------------------------------------------------------------
Finished RTL Optimization Phase 2 : Time (s): cpu = 00:00:27 ; elapsed = 00:00:40 . Memory (MB): peak = 2940.277 ; gain = 74.820 ; free physical = 2414 ; free virtual = 14300
---------------------------------------------------------------------------------
---------------------------------------------------------------------------------
Start RTL Component Statistics 
---------------------------------------------------------------------------------
Detailed RTL Component Info : 
+---Adders : 
	   2 Input    8 Bit       Adders := 3     
	   2 Input    4 Bit       Adders := 4     
	   2 Input    3 Bit       Adders := 7     
	   2 Input    2 Bit       Adders := 9     
	   2 Input    1 Bit       Adders := 4     
+---XORs : 
	   2 Input      1 Bit         XORs := 10    
+---Registers : 
	               97 Bit    Registers := 2     
	               69 Bit    Registers := 4     
	                8 Bit    Registers := 3     
	                4 Bit    Registers := 8     
	                3 Bit    Registers := 13    
	                2 Bit    Registers := 26    
	                1 Bit    Registers := 41    
+---Muxes : 
	   2 Input   69 Bit        Muxes := 4     
	   2 Input   16 Bit        Muxes := 4     
	   2 Input    8 Bit        Muxes := 1     
	   3 Input    4 Bit        Muxes := 4     
	   2 Input    4 Bit        Muxes := 14    
	   2 Input    3 Bit        Muxes := 6     
	   2 Input    2 Bit        Muxes := 20    
	   2 Input    1 Bit        Muxes := 92    
	   4 Input    1 Bit        Muxes := 12    
	   3 Input    1 Bit        Muxes := 9     
---------------------------------------------------------------------------------
Finished RTL Component Statistics 
---------------------------------------------------------------------------------
---------------------------------------------------------------------------------
Start Part Resource Summary
---------------------------------------------------------------------------------
Part Resources:
DSPs: 220 (col length:60)
BRAMs: 280 (col length: RAMB18 60 RAMB36 30)
---------------------------------------------------------------------------------
Finished Part Resource Summary
---------------------------------------------------------------------------------
---------------------------------------------------------------------------------
Start Cross Boundary and Area Optimization
---------------------------------------------------------------------------------
WARNING: [Synth 8-7080] Parallel synthesis criteria is not met
INFO: [Synth 8-3332] Sequential element (gen_samd.crossbar_samd/gen_slave_slots[0].gen_si_write.wdata_router_w/wrouter_aw_fifo/FSM_onehot_state_reg[2]) is unused and will be removed from module axi_crossbar_v2_1_27_axi_crossbar.
INFO: [Synth 8-3332] Sequential element (gen_samd.crossbar_samd/gen_slave_slots[1].gen_si_write.wdata_router_w/wrouter_aw_fifo/FSM_onehot_state_reg[2]) is unused and will be removed from module axi_crossbar_v2_1_27_axi_crossbar.
INFO: [Synth 8-3332] Sequential element (gen_samd.crossbar_samd/gen_master_slots[0].gen_mi_write.wdata_mux_w/gen_wmux.wmux_aw_fifo/FSM_onehot_state_reg[2]) is unused and will be removed from module axi_crossbar_v2_1_27_axi_crossbar.
INFO: [Synth 8-3332] Sequential element (gen_samd.crossbar_samd/gen_master_slots[1].gen_mi_write.wdata_mux_w/gen_wmux.wmux_aw_fifo/FSM_onehot_state_reg[2]) is unused and will be removed from module axi_crossbar_v2_1_27_axi_crossbar.
---------------------------------------------------------------------------------
Finished Cross Boundary and Area Optimization : Time (s): cpu = 00:00:32 ; elapsed = 00:00:46 . Memory (MB): peak = 2940.277 ; gain = 74.820 ; free physical = 2336 ; free virtual = 14228
---------------------------------------------------------------------------------
---------------------------------------------------------------------------------
Start Applying XDC Timing Constraints
---------------------------------------------------------------------------------
---------------------------------------------------------------------------------
Finished Applying XDC Timing Constraints : Time (s): cpu = 00:00:39 ; elapsed = 00:00:54 . Memory (MB): peak = 2940.277 ; gain = 74.820 ; free physical = 2165 ; free virtual = 14057
---------------------------------------------------------------------------------
---------------------------------------------------------------------------------
Start Timing Optimization
---------------------------------------------------------------------------------
---------------------------------------------------------------------------------
Finished Timing Optimization : Time (s): cpu = 00:00:43 ; elapsed = 00:00:59 . Memory (MB): peak = 2940.277 ; gain = 74.820 ; free physical = 2123 ; free virtual = 14015
---------------------------------------------------------------------------------
---------------------------------------------------------------------------------
Start Technology Mapping
---------------------------------------------------------------------------------
---------------------------------------------------------------------------------
Finished Technology Mapping : Time (s): cpu = 00:00:44 ; elapsed = 00:01:00 . Memory (MB): peak = 2940.277 ; gain = 74.820 ; free physical = 2252 ; free virtual = 14143
---------------------------------------------------------------------------------
---------------------------------------------------------------------------------
Start IO Insertion
---------------------------------------------------------------------------------
---------------------------------------------------------------------------------
Start Flattening Before IO Insertion
---------------------------------------------------------------------------------
---------------------------------------------------------------------------------
Finished Flattening Before IO Insertion
---------------------------------------------------------------------------------
---------------------------------------------------------------------------------
Start Final Netlist Cleanup
---------------------------------------------------------------------------------
---------------------------------------------------------------------------------
Finished Final Netlist Cleanup
---------------------------------------------------------------------------------
---------------------------------------------------------------------------------
Finished IO Insertion : Time (s): cpu = 00:00:51 ; elapsed = 00:01:08 . Memory (MB): peak = 2940.277 ; gain = 74.820 ; free physical = 3560 ; free virtual = 15449
---------------------------------------------------------------------------------
---------------------------------------------------------------------------------
Start Renaming Generated Instances
---------------------------------------------------------------------------------
---------------------------------------------------------------------------------
Finished Renaming Generated Instances : Time (s): cpu = 00:00:51 ; elapsed = 00:01:08 . Memory (MB): peak = 2940.277 ; gain = 74.820 ; free physical = 3560 ; free virtual = 15449
---------------------------------------------------------------------------------
---------------------------------------------------------------------------------
Start Rebuilding User Hierarchy
---------------------------------------------------------------------------------
---------------------------------------------------------------------------------
Finished Rebuilding User Hierarchy : Time (s): cpu = 00:00:51 ; elapsed = 00:01:08 . Memory (MB): peak = 2940.277 ; gain = 74.820 ; free physical = 3556 ; free virtual = 15444
---------------------------------------------------------------------------------
---------------------------------------------------------------------------------
Start Renaming Generated Ports
---------------------------------------------------------------------------------
---------------------------------------------------------------------------------
Finished Renaming Generated Ports : Time (s): cpu = 00:00:51 ; elapsed = 00:01:08 . Memory (MB): peak = 2940.277 ; gain = 74.820 ; free physical = 3556 ; free virtual = 15444
---------------------------------------------------------------------------------
---------------------------------------------------------------------------------
Start Handling Custom Attributes
---------------------------------------------------------------------------------
---------------------------------------------------------------------------------
Finished Handling Custom Attributes : Time (s): cpu = 00:00:51 ; elapsed = 00:01:08 . Memory (MB): peak = 2940.277 ; gain = 74.820 ; free physical = 3556 ; free virtual = 15444
---------------------------------------------------------------------------------
---------------------------------------------------------------------------------
Start Renaming Generated Nets
---------------------------------------------------------------------------------
---------------------------------------------------------------------------------
Finished Renaming Generated Nets : Time (s): cpu = 00:00:51 ; elapsed = 00:01:08 . Memory (MB): peak = 2940.277 ; gain = 74.820 ; free physical = 3556 ; free virtual = 15444
---------------------------------------------------------------------------------
---------------------------------------------------------------------------------
Start Writing Synthesis Report
---------------------------------------------------------------------------------

Report BlackBoxes: 
+-+--------------+----------+
| |BlackBox name |Instances |
+-+--------------+----------+
+-+--------------+----------+

Report Cell Usage: 
+------+--------+------+
|      |Cell    |Count |
+------+--------+------+
|1     |LUT1    |     8|
|2     |LUT2    |    83|
|3     |LUT3    |   365|
|4     |LUT4    |   128|
|5     |LUT5    |    52|
|6     |LUT6    |   107|
|7     |SRLC32E |     6|
|8     |FDRE    |   433|
|9     |FDSE    |    21|
+------+--------+------+
---------------------------------------------------------------------------------
Finished Writing Synthesis Report : Time (s): cpu = 00:00:51 ; elapsed = 00:01:09 . Memory (MB): peak = 2940.277 ; gain = 74.820 ; free physical = 3555 ; free virtual = 15444
---------------------------------------------------------------------------------
Synthesis finished with 0 errors, 0 critical warnings and 581 warnings.
Synthesis Optimization Runtime : Time (s): cpu = 00:00:48 ; elapsed = 00:01:03 . Memory (MB): peak = 2940.277 ; gain = 0.000 ; free physical = 3603 ; free virtual = 15492
Synthesis Optimization Complete : Time (s): cpu = 00:00:52 ; elapsed = 00:01:09 . Memory (MB): peak = 2940.285 ; gain = 74.820 ; free physical = 3600 ; free virtual = 15488
INFO: [Project 1-571] Translating synthesized netlist
Netlist sorting complete. Time (s): cpu = 00:00:00.04 ; elapsed = 00:00:00.05 . Memory (MB): peak = 2940.285 ; gain = 0.000 ; free physical = 3690 ; free virtual = 15579
INFO: [Project 1-570] Preparing netlist for logic optimization
INFO: [Opt 31-138] Pushed 0 inverter(s) to 0 load pin(s).
Netlist sorting complete. Time (s): cpu = 00:00:00 ; elapsed = 00:00:00 . Memory (MB): peak = 2940.285 ; gain = 0.000 ; free physical = 3646 ; free virtual = 15535
INFO: [Project 1-111] Unisim Transformation Summary:
No Unisim elements were transformed.

Synth Design complete, checksum: 5f855742
INFO: [Common 17-83] Releasing license: Synthesis
126 Infos, 126 Warnings, 0 Critical Warnings and 0 Errors encountered.
synth_design completed successfully
synth_design: Time (s): cpu = 00:01:01 ; elapsed = 00:01:19 . Memory (MB): peak = 2940.285 ; gain = 74.828 ; free physical = 3842 ; free virtual = 15731
INFO: [Common 17-1381] The checkpoint '/home/ubuntu/PQC_Falcon/impl_ASIC/fiFFNTT_sim_v2/vivado/vvd_caravel_fpga/vvd_caravel_fpga.runs/design_1_xbar_1_synth_1/design_1_xbar_1.dcp' has been generated.
INFO: [Coretcl 2-1648] Added synthesis output to IP cache for IP design_1_xbar_1, cache-ID = b59778c7a10db075
INFO: [Coretcl 2-1174] Renamed 32 cell refs.
INFO: [Common 17-1381] The checkpoint '/home/ubuntu/PQC_Falcon/impl_ASIC/fiFFNTT_sim_v2/vivado/vvd_caravel_fpga/vvd_caravel_fpga.runs/design_1_xbar_1_synth_1/design_1_xbar_1.dcp' has been generated.
INFO: [runtcl-4] Executing : report_utilization -file design_1_xbar_1_utilization_synth.rpt -pb design_1_xbar_1_utilization_synth.pb
INFO: [Common 17-206] Exiting Vivado at Thu Jun 13 09:38:16 2024...
