

================================================================
== Vitis HLS Report for 'sendoutstream'
================================================================
* Date:           Wed May 29 12:58:14 2024

* Version:        2022.1 (Build 3526262 on Mon Apr 18 15:47:01 MDT 2022)
* Project:        hls_userdma.prj
* Solution:       solution1 (Vivado IP Flow Target)
* Product family: zynq
* Target device:  xc7z020-clg400-1


================================================================
== Performance Estimates
================================================================
+ Timing: 
    * Summary: 
    +--------+----------+----------+------------+
    |  Clock |  Target  | Estimated| Uncertainty|
    +--------+----------+----------+------------+
    |ap_clk  |  10.00 ns|  3.507 ns|     2.70 ns|
    +--------+----------+----------+------------+

+ Latency: 
    * Summary: 
    +---------+---------+----------+----------+-----+-----+---------+
    |  Latency (cycles) |  Latency (absolute) |  Interval | Pipeline|
    |   min   |   max   |    min   |    max   | min | max |   Type  |
    +---------+---------+----------+----------+-----+-----+---------+
    |        ?|        ?|         ?|         ?|    ?|    ?|       no|
    +---------+---------+----------+----------+-----+-----+---------+

    + Detail: 
        * Instance: 
        N/A

        * Loop: 
        +--------------------+---------+---------+----------+-----------+-----------+------+----------+
        |                    |  Latency (cycles) | Iteration|  Initiation Interval  | Trip |          |
        |      Loop Name     |   min   |   max   |  Latency |  achieved |   target  | Count| Pipelined|
        +--------------------+---------+---------+----------+-----------+-----------+------+----------+
        |- VITIS_LOOP_167_1  |        ?|        ?|         2|          1|          1|     ?|       yes|
        +--------------------+---------+---------+----------+-----------+-----------+------+----------+

============================================================
+ Verbose Summary: Synthesis Manager
============================================================
InlineROM: 1
ExposeGlobal: 0
============================================================
+ Verbose Summary: CDFG Model
============================================================
IsTopModel: 0
ResetActiveHigh: 1
IsCombinational: 2
IsDatapathOnly: 0
HasWiredReturn: 1
HasMFsm: 2
HasVarLatency: 1
IsPipeline: 0
IsRtlPipelined: 0
IsInstanceOverlapped: 0
IsDontTouch: 0
HasImplIP: 0
IsGatedGlobalClock: 0

+ Individual pipeline summary: 
  * Pipeline-0: initiation interval (II) = 1, depth = 2


============================================================
+ Verbose Summary: Schedule
============================================================
* Number of FSM states : 2
* Pipeline : 1
  Pipeline-0 : II = 1, D = 2, States = { 1 2 }
* Dataflow Pipeline: 0

* FSM state transitions: 
1 --> 2 
2 --> 

* FSM state operations: 

State 1 <SV = 0> <Delay = 3.50>
ST_1 : Operation 5 [1/1] (0.00ns)   --->   "%specinterface_ln0 = specinterface void @_ssdm_op_SpecInterface, i33 %outbuf, void @empty_16, i32 0, i32 0, void @empty_3, i32 0, i32 0, void @empty_3, void @empty_3, void @empty_3, i32 0, i32 0, i32 0, i32 0, void @empty_3, void @empty_3, i32 4294967295, i32 0"   --->   Operation 5 'specinterface' 'specinterface_ln0' <Predicate = true> <Delay = 0.00>
ST_1 : Operation 6 [1/1] (0.00ns)   --->   "%specinterface_ln0 = specinterface void @_ssdm_op_SpecInterface, i1 %outStreamTop_V_last_V, i2 %outStreamTop_V_user_V, i4 %outStreamTop_V_strb_V, i4 %outStreamTop_V_keep_V, i32 %outStreamTop_V_data_V, void @empty_19, i32 1, i32 1, void @empty_20, i32 0, i32 0, void @empty_3, void @empty_3, void @empty_3, i32 0, i32 0, i32 0, i32 0, void @empty_3, void @empty_3, i32 4294967295, i32 0"   --->   Operation 6 'specinterface' 'specinterface_ln0' <Predicate = true> <Delay = 0.00>
ST_1 : Operation 7 [1/1] (0.00ns)   --->   "%write_ln165 = write void @_ssdm_op_Write.ap_auto.volatile.i1P0A, i1 %m2s_buf_sts, i1 0" [userdma.cpp:165]   --->   Operation 7 'write' 'write_ln165' <Predicate = true> <Delay = 0.00>
ST_1 : Operation 8 [1/1] (0.00ns)   --->   "%br_ln167 = br void %do.cond" [userdma.cpp:167]   --->   Operation 8 'br' 'br_ln167' <Predicate = true> <Delay = 0.00>
ST_1 : Operation 9 [1/1] (3.50ns)   --->   "%outbuf_read = read i33 @_ssdm_op_Read.ap_fifo.volatile.i33P0A, i33 %outbuf" [/tools/Xilinx/Vitis_HLS/2022.1/common/technology/autopilot/hls_stream_39.h:145]   --->   Operation 9 'read' 'outbuf_read' <Predicate = true> <Delay = 3.50> <CoreInst = "FIFO">   --->   Core 78 'FIFO' <Latency = 0> <II = 1> <Delay = 3.50> <Storage> <Opcode : 'read' 'write' 'nbread' 'nbwrite'> <Ports = 0> <Width = 33> <Depth = 1024> <FIFO>
ST_1 : Operation 10 [1/1] (0.00ns)   --->   "%tmp_data_filed_V = trunc i33 %outbuf_read" [/tools/Xilinx/Vitis_HLS/2022.1/common/technology/autopilot/hls_stream_39.h:145]   --->   Operation 10 'trunc' 'tmp_data_filed_V' <Predicate = true> <Delay = 0.00>
ST_1 : Operation 11 [1/1] (0.00ns)   --->   "%tmp_last_V = bitselect i1 @_ssdm_op_BitSelect.i1.i33.i32, i33 %outbuf_read, i32 32" [/tools/Xilinx/Vitis_HLS/2022.1/common/technology/autopilot/hls_stream_39.h:145]   --->   Operation 11 'bitselect' 'tmp_last_V' <Predicate = true> <Delay = 0.00>
ST_1 : Operation 12 [2/2] (0.00ns)   --->   "%write_ln304 = write void @_ssdm_op_Write.axis.volatile.i32P0A.i4P0A.i4P0A.i2P0A.i1P0A, i32 %outStreamTop_V_data_V, i4 %outStreamTop_V_keep_V, i4 %outStreamTop_V_strb_V, i2 %outStreamTop_V_user_V, i1 %outStreamTop_V_last_V, i32 %tmp_data_filed_V, i4 0, i4 0, i2 0, i1 %tmp_last_V"   --->   Operation 12 'write' 'write_ln304' <Predicate = true> <Delay = 0.00> <CoreInst = "axis">   --->   Core 115 'axis' <Latency = 0> <II = 1> <Delay = 1.00> <Adapter> <Opcode : >
ST_1 : Operation 13 [1/1] (0.00ns)   --->   "%br_ln177 = br i1 %tmp_last_V, void %do.cond, void %do.end" [userdma.cpp:177]   --->   Operation 13 'br' 'br_ln177' <Predicate = true> <Delay = 0.00>

State 2 <SV = 1> <Delay = 0.00>
ST_2 : Operation 14 [1/1] (0.00ns)   --->   "%specpipeline_ln168 = specpipeline void @_ssdm_op_SpecPipeline, i32 4294967295, i32 0, i32 0, i32 0, void @empty_3" [userdma.cpp:168]   --->   Operation 14 'specpipeline' 'specpipeline_ln168' <Predicate = true> <Delay = 0.00>
ST_2 : Operation 15 [1/1] (0.00ns)   --->   "%specloopname_ln145 = specloopname void @_ssdm_op_SpecLoopName, void @empty_13" [/tools/Xilinx/Vitis_HLS/2022.1/common/technology/autopilot/hls_stream_39.h:145]   --->   Operation 15 'specloopname' 'specloopname_ln145' <Predicate = true> <Delay = 0.00>
ST_2 : Operation 16 [1/2] (0.00ns)   --->   "%write_ln304 = write void @_ssdm_op_Write.axis.volatile.i32P0A.i4P0A.i4P0A.i2P0A.i1P0A, i32 %outStreamTop_V_data_V, i4 %outStreamTop_V_keep_V, i4 %outStreamTop_V_strb_V, i2 %outStreamTop_V_user_V, i1 %outStreamTop_V_last_V, i32 %tmp_data_filed_V, i4 0, i4 0, i2 0, i1 %tmp_last_V"   --->   Operation 16 'write' 'write_ln304' <Predicate = true> <Delay = 0.00> <CoreInst = "axis">   --->   Core 115 'axis' <Latency = 0> <II = 1> <Delay = 1.00> <Adapter> <Opcode : >
ST_2 : Operation 17 [1/1] (0.00ns)   --->   "%write_ln175 = write void @_ssdm_op_Write.ap_auto.volatile.i1P0A, i1 %m2s_buf_sts, i1 %tmp_last_V" [userdma.cpp:175]   --->   Operation 17 'write' 'write_ln175' <Predicate = true> <Delay = 0.00>
ST_2 : Operation 18 [1/1] (0.00ns)   --->   "%ret_ln178 = ret" [userdma.cpp:178]   --->   Operation 18 'ret' 'ret_ln178' <Predicate = (tmp_last_V)> <Delay = 0.00>


============================================================
+ Verbose Summary: Timing violations
============================================================
Target clock period: 10ns, clock uncertainty: 2.7ns.

 <State 1>: 3.51ns
The critical path consists of the following:
	fifo read operation ('outbuf_read', /tools/Xilinx/Vitis_HLS/2022.1/common/technology/autopilot/hls_stream_39.h:145) on port 'outbuf' (/tools/Xilinx/Vitis_HLS/2022.1/common/technology/autopilot/hls_stream_39.h:145) [15]  (3.51 ns)

 <State 2>: 0ns
The critical path consists of the following:


============================================================
+ Verbose Summary: Binding
============================================================
N/A
* FSMD analyzer results:
  - Output states:
 - Input state : 
  - Chain level:
	State 1
	State 2


============================================================
+ Verbose Summary: Datapath Resource usage 
============================================================
N/A
