

================================================================
== Vitis HLS Report for 'sendoutstream'
================================================================
* Date:           Wed May 29 12:58:15 2024

* Version:        2022.1 (Build 3526262 on Mon Apr 18 15:47:01 MDT 2022)
* Project:        hls_userdma.prj
* Solution:       solution1 (Vivado IP Flow Target)
* Product family: zynq
* Target device:  xc7z020-clg400-1


================================================================
== Performance Estimates
================================================================
+ Timing: 
    * Summary: 
    +--------+----------+----------+------------+
    |  Clock |  Target  | Estimated| Uncertainty|
    +--------+----------+----------+------------+
    |ap_clk  |  10.00 ns|  3.507 ns|     2.70 ns|
    +--------+----------+----------+------------+

+ Latency: 
    * Summary: 
    +---------+---------+----------+----------+-----+-----+---------+
    |  Latency (cycles) |  Latency (absolute) |  Interval | Pipeline|
    |   min   |   max   |    min   |    max   | min | max |   Type  |
    +---------+---------+----------+----------+-----+-----+---------+
    |        ?|        ?|         ?|         ?|    ?|    ?|       no|
    +---------+---------+----------+----------+-----+-----+---------+

    + Detail: 
        * Instance: 
        N/A

        * Loop: 
        +--------------------+---------+---------+----------+-----------+-----------+------+----------+
        |                    |  Latency (cycles) | Iteration|  Initiation Interval  | Trip |          |
        |      Loop Name     |   min   |   max   |  Latency |  achieved |   target  | Count| Pipelined|
        +--------------------+---------+---------+----------+-----------+-----------+------+----------+
        |- VITIS_LOOP_167_1  |        ?|        ?|         2|          1|          1|     ?|       yes|
        +--------------------+---------+---------+----------+-----------+-----------+------+----------+



================================================================
== Utilization Estimates
================================================================
* Summary: 
+-----------------+---------+-----+--------+-------+-----+
|       Name      | BRAM_18K| DSP |   FF   |  LUT  | URAM|
+-----------------+---------+-----+--------+-------+-----+
|DSP              |        -|    -|       -|      -|    -|
|Expression       |        -|    -|       0|      8|    -|
|FIFO             |        -|    -|       -|      -|    -|
|Instance         |        -|    -|       -|      -|    -|
|Memory           |        -|    -|       -|      -|    -|
|Multiplexer      |        -|    -|       -|     59|    -|
|Register         |        -|    -|       6|      -|    -|
+-----------------+---------+-----+--------+-------+-----+
|Total            |        0|    0|       6|     67|    0|
+-----------------+---------+-----+--------+-------+-----+
|Available        |      280|  220|  106400|  53200|    0|
+-----------------+---------+-----+--------+-------+-----+
|Utilization (%)  |        0|    0|      ~0|     ~0|    0|
+-----------------+---------+-----+--------+-------+-----+

+ Detail: 
    * Instance: 
    N/A

    * DSP: 
    N/A

    * Memory: 
    N/A

    * FIFO: 
    N/A

    * Expression: 
    +----------------------------------+----------+----+---+----+------------+------------+
    |           Variable Name          | Operation| DSP| FF| LUT| Bitwidth P0| Bitwidth P1|
    +----------------------------------+----------+----+---+----+------------+------------+
    |ap_block_pp0_stage0_01001         |        or|   0|  0|   2|           1|           1|
    |ap_block_state1_pp0_stage0_iter0  |        or|   0|  0|   2|           1|           1|
    |ap_block_state2_pp0_stage0_iter1  |        or|   0|  0|   2|           1|           1|
    |ap_enable_pp0                     |       xor|   0|  0|   2|           1|           2|
    +----------------------------------+----------+----+---+----+------------+------------+
    |Total                             |          |   0|  0|   8|           4|           5|
    +----------------------------------+----------+----+---+----+------------+------------+

    * Multiplexer: 
    +----------------------------------+----+-----------+-----+-----------+
    |               Name               | LUT| Input Size| Bits| Total Bits|
    +----------------------------------+----+-----------+-----+-----------+
    |ap_done_int                       |   9|          2|    1|          2|
    |ap_loop_exit_ready_pp0_iter1_reg  |   9|          2|    1|          2|
    |m2s_buf_sts                       |  14|          3|    1|          3|
    |m2s_buf_sts_preg                  |   9|          2|    1|          2|
    |outStreamTop_TDATA_blk_n          |   9|          2|    1|          2|
    |outbuf_blk_n                      |   9|          2|    1|          2|
    +----------------------------------+----+-----------+-----+-----------+
    |Total                             |  59|         13|    6|         13|
    +----------------------------------+----+-----------+-----+-----------+

    * Register: 
    +----------------------------------+---+----+-----+-----------+
    |               Name               | FF| LUT| Bits| Const Bits|
    +----------------------------------+---+----+-----+-----------+
    |ap_CS_fsm                         |  1|   0|    1|          0|
    |ap_done_reg                       |  1|   0|    1|          0|
    |ap_enable_reg_pp0_iter1           |  1|   0|    1|          0|
    |ap_loop_exit_ready_pp0_iter1_reg  |  1|   0|    1|          0|
    |m2s_buf_sts_preg                  |  1|   0|    1|          0|
    |tmp_last_V_reg_107                |  1|   0|    1|          0|
    +----------------------------------+---+----+-----+-----------+
    |Total                             |  6|   0|    6|          0|
    +----------------------------------+---+----+-----+-----------+



================================================================
== Interface
================================================================
* Summary: 
+-----------------------+-----+-----+------------+-----------------------+--------------+
|       RTL Ports       | Dir | Bits|  Protocol  |     Source Object     |    C Type    |
+-----------------------+-----+-----+------------+-----------------------+--------------+
|ap_clk                 |   in|    1|  ap_ctrl_hs|          sendoutstream|  return value|
|ap_rst                 |   in|    1|  ap_ctrl_hs|          sendoutstream|  return value|
|ap_start               |   in|    1|  ap_ctrl_hs|          sendoutstream|  return value|
|ap_done                |  out|    1|  ap_ctrl_hs|          sendoutstream|  return value|
|ap_continue            |   in|    1|  ap_ctrl_hs|          sendoutstream|  return value|
|ap_idle                |  out|    1|  ap_ctrl_hs|          sendoutstream|  return value|
|ap_ready               |  out|    1|  ap_ctrl_hs|          sendoutstream|  return value|
|outbuf_dout            |   in|   33|     ap_fifo|                 outbuf|       pointer|
|outbuf_num_data_valid  |   in|   11|     ap_fifo|                 outbuf|       pointer|
|outbuf_fifo_cap        |   in|   11|     ap_fifo|                 outbuf|       pointer|
|outbuf_empty_n         |   in|    1|     ap_fifo|                 outbuf|       pointer|
|outbuf_read            |  out|    1|     ap_fifo|                 outbuf|       pointer|
|outStreamTop_TREADY    |   in|    1|        axis|  outStreamTop_V_last_V|       pointer|
|outStreamTop_TVALID    |  out|    1|        axis|  outStreamTop_V_last_V|       pointer|
|outStreamTop_TLAST     |  out|    1|        axis|  outStreamTop_V_last_V|       pointer|
|m2s_buf_sts            |  out|    1|      ap_vld|            m2s_buf_sts|       pointer|
|m2s_buf_sts_ap_vld     |  out|    1|      ap_vld|            m2s_buf_sts|       pointer|
|outStreamTop_TDATA     |  out|   32|        axis|  outStreamTop_V_data_V|       pointer|
|outStreamTop_TKEEP     |  out|    4|        axis|  outStreamTop_V_keep_V|       pointer|
|outStreamTop_TSTRB     |  out|    4|        axis|  outStreamTop_V_strb_V|       pointer|
|outStreamTop_TUSER     |  out|    2|        axis|  outStreamTop_V_user_V|       pointer|
+-----------------------+-----+-----+------------+-----------------------+--------------+

