

================================================================
== Vitis HLS Report for 'paralleltostreamwithburst'
================================================================
* Date:           Fri May 24 13:42:56 2024

* Version:        2022.1 (Build 3526262 on Mon Apr 18 15:47:01 MDT 2022)
* Project:        hls_userdma.prj
* Solution:       solution1 (Vivado IP Flow Target)
* Product family: zynq
* Target device:  xc7z020-clg400-1


================================================================
== Performance Estimates
================================================================
+ Timing: 
    * Summary: 
    +--------+----------+----------+------------+
    |  Clock |  Target  | Estimated| Uncertainty|
    +--------+----------+----------+------------+
    |ap_clk  |  10.00 ns|  7.300 ns|     2.70 ns|
    +--------+----------+----------+------------+

+ Latency: 
    * Summary: 
    +---------+---------+----------+----------+-----+-----+---------+
    |  Latency (cycles) |  Latency (absolute) |  Interval | Pipeline|
    |   min   |   max   |    min   |    max   | min | max |   Type  |
    +---------+---------+----------+----------+-----+-----+---------+
    |        ?|        ?|         ?|         ?|    ?|    ?|       no|
    +---------+---------+----------+----------+-----+-----+---------+

    + Detail: 
        * Instance: 
        +----------------------------------------------------------------+-----------------------------------------------------+---------+---------+----------+----------+-----+-----+---------+
        |                                                                |                                                     |  Latency (cycles) |  Latency (absolute) |  Interval | Pipeline|
        |                            Instance                            |                        Module                       |   min   |   max   |    min   |    max   | min | max |   Type  |
        +----------------------------------------------------------------+-----------------------------------------------------+---------+---------+----------+----------+-----+-----+---------+
        |grp_paralleltostreamwithburst_Pipeline_VITIS_LOOP_138_2_fu_121  |paralleltostreamwithburst_Pipeline_VITIS_LOOP_138_2  |        ?|        ?|         ?|         ?|    ?|    ?|       no|
        +----------------------------------------------------------------+-----------------------------------------------------+---------+---------+----------+----------+-----+-----+---------+

        * Loop: 
        +--------------------+---------+---------+----------+-----------+-----------+------+----------+
        |                    |  Latency (cycles) | Iteration|  Initiation Interval  | Trip |          |
        |      Loop Name     |   min   |   max   |  Latency |  achieved |   target  | Count| Pipelined|
        +--------------------+---------+---------+----------+-----------+-----------+------+----------+
        |- VITIS_LOOP_129_1  |        ?|        ?|         ?|          -|          -|     ?|        no|
        +--------------------+---------+---------+----------+-----------+-----------+------+----------+



================================================================
== Utilization Estimates
================================================================
* Summary: 
+-----------------+---------+-----+--------+-------+-----+
|       Name      | BRAM_18K| DSP |   FF   |  LUT  | URAM|
+-----------------+---------+-----+--------+-------+-----+
|DSP              |        -|    -|       -|      -|    -|
|Expression       |        -|    -|       0|    500|    -|
|FIFO             |        -|    -|       -|      -|    -|
|Instance         |        -|    -|    1984|   1040|    -|
|Memory           |        -|    -|       -|      -|    -|
|Multiplexer      |        -|    -|       -|    111|    -|
|Register         |        -|    -|     364|      -|    -|
+-----------------+---------+-----+--------+-------+-----+
|Total            |        0|    0|    2348|   1651|    0|
+-----------------+---------+-----+--------+-------+-----+
|Available        |      280|  220|  106400|  53200|    0|
+-----------------+---------+-----+--------+-------+-----+
|Utilization (%)  |        0|    0|       2|      3|    0|
+-----------------+---------+-----+--------+-------+-----+

+ Detail: 
    * Instance: 
    +----------------------------------------------------------------+-----------------------------------------------------+---------+----+------+------+-----+
    |                            Instance                            |                        Module                       | BRAM_18K| DSP|  FF  |  LUT | URAM|
    +----------------------------------------------------------------+-----------------------------------------------------+---------+----+------+------+-----+
    |grp_paralleltostreamwithburst_Pipeline_VITIS_LOOP_138_2_fu_121  |paralleltostreamwithburst_Pipeline_VITIS_LOOP_138_2  |        0|   0|  1984|  1040|    0|
    +----------------------------------------------------------------+-----------------------------------------------------+---------+----+------+------+-----+
    |Total                                                           |                                                     |        0|   0|  1984|  1040|    0|
    +----------------------------------------------------------------+-----------------------------------------------------+---------+----+------+------+-----+

    * DSP: 
    N/A

    * Memory: 
    N/A

    * FIFO: 
    N/A

    * Expression: 
    +--------------------------------+----------+----+---+----+------------+------------+
    |          Variable Name         | Operation| DSP| FF| LUT| Bitwidth P0| Bitwidth P1|
    +--------------------------------+----------+----+---+----+------------+------------+
    |in_memory_addr_1_idx_fu_403_p2  |         +|   0|  0|  71|          64|          64|
    |sub50_fu_317_p2                 |         +|   0|  0|  39|          32|           2|
    |final_m2s_len_fu_351_p2         |         -|   0|  0|  39|          32|          32|
    |sub_ln162_1_fu_366_p2           |         -|   0|  0|  39|           1|          32|
    |sub_ln162_fu_293_p2             |         -|   0|  0|  39|           1|          32|
    |empty_45_fu_333_p2              |      icmp|   0|  0|  18|          32|           1|
    |icmp_fu_287_p2                  |      icmp|   0|  0|  16|          27|           1|
    |icmp_ln1065_3_fu_143_p2         |      icmp|   0|  0|   8|           2|           1|
    |icmp_ln1065_fu_137_p2           |      icmp|   0|  0|   8|           2|           1|
    |icmp_ln123_fu_171_p2            |      icmp|   0|  0|   8|           2|           3|
    |icmp_ln130_fu_263_p2            |      icmp|   0|  0|  18|          32|           6|
    |icmp_ln166_fu_409_p2            |      icmp|   0|  0|  18|          32|          32|
    |ap_block_state1                 |        or|   0|  0|   2|           1|           1|
    |even_fu_149_p2                  |        or|   0|  0|   2|           1|           1|
    |or_ln123_fu_185_p2              |        or|   0|  0|   2|           1|           1|
    |count_3_fu_269_p3               |    select|   0|  0|  32|           1|           6|
    |out_val_data_filed_V_fu_199_p3  |    select|   0|  0|   4|           1|           4|
    |select_ln119_1_fu_163_p3        |    select|   0|  0|  12|           1|          12|
    |select_ln119_fu_155_p3          |    select|   0|  0|  13|           1|          13|
    |select_ln123_1_fu_191_p3        |    select|   0|  0|   3|           1|           3|
    |select_ln123_fu_177_p3          |    select|   0|  0|   3|           1|           3|
    |select_ln138_fu_323_p3          |    select|   0|  0|  32|           1|          32|
    |select_ln161_fu_393_p3          |    select|   0|  0|  32|           1|          32|
    |select_ln162_fu_385_p3          |    select|   0|  0|  32|           1|          32|
    |smax1_fu_339_p3                 |    select|   0|  0|   6|           1|           6|
    |xor_ln142_fu_236_p2             |       xor|   0|  0|   4|           3|           4|
    +--------------------------------+----------+----+---+----+------------+------------+
    |Total                           |          |   0|  0| 500|         275|         357|
    +--------------------------------+----------+----+---+----+------------+------------+

    * Multiplexer: 
    +----------------------------+----+-----------+-----+-----------+
    |            Name            | LUT| Input Size| Bits| Total Bits|
    +----------------------------+----+-----------+-----+-----------+
    |ap_NS_fsm                   |  25|          5|    1|          5|
    |ap_done                     |   9|          2|    1|          2|
    |count_fu_98                 |   9|          2|   32|         64|
    |in_memory_addr_0_idx_fu_94  |   9|          2|   64|        128|
    |m_axi_gmem1_ARVALID         |   9|          2|    1|          2|
    |m_axi_gmem1_RREADY          |   9|          2|    1|          2|
    |outbuf_blk_n                |   9|          2|    1|          2|
    |outbuf_din                  |   9|          2|   35|         70|
    |outbuf_write                |  14|          3|    1|          3|
    |real_start                  |   9|          2|    1|          2|
    +----------------------------+----+-----------+-----+-----------+
    |Total                       | 111|         24|  138|        280|
    +----------------------------+----+-----------+-----+-----------+

    * Register: 
    +-----------------------------------------------------------------------------+----+----+-----+-----------+
    |                                     Name                                    | FF | LUT| Bits| Const Bits|
    +-----------------------------------------------------------------------------+----+----+-----+-----------+
    |ap_CS_fsm                                                                    |   4|   0|    4|          0|
    |ap_done_reg                                                                  |   1|   0|    1|          0|
    |count_3_reg_464                                                              |  32|   0|   32|          0|
    |count_fu_98                                                                  |  32|   0|   32|          0|
    |even_reg_441                                                                 |   1|   0|    1|          0|
    |final_m2s_len_reg_493                                                        |  32|   0|   32|          0|
    |grp_paralleltostreamwithburst_Pipeline_VITIS_LOOP_138_2_fu_121_ap_start_reg  |   1|   0|    1|          0|
    |icmp_ln166_reg_503                                                           |   1|   0|    1|          0|
    |icmp_reg_473                                                                 |   1|   0|    1|          0|
    |in_memory_addr_0_idx_fu_94                                                   |  64|   0|   64|          0|
    |in_memory_addr_1_idx_reg_498                                                 |  64|   0|   64|          0|
    |lshr_ln162_1_reg_478                                                         |  31|   0|   31|          0|
    |select_ln119_reg_446                                                         |   2|   0|   12|         10|
    |shl_ln142_1_reg_456                                                          |   3|   0|    6|          3|
    |start_once_reg                                                               |   1|   0|    1|          0|
    |sub50_reg_488                                                                |  32|   0|   32|          0|
    |tmp_reg_451                                                                  |   1|   0|    1|          0|
    |trunc_ln116_reg_483                                                          |  61|   0|   61|          0|
    +-----------------------------------------------------------------------------+----+----+-----+-----------+
    |Total                                                                        | 364|   0|  377|         13|
    +-----------------------------------------------------------------------------+----+----+-----+-----------+



================================================================
== Interface
================================================================
* Summary: 
+-----------------------+-----+-----+------------+---------------------------+--------------+
|       RTL Ports       | Dir | Bits|  Protocol  |       Source Object       |    C Type    |
+-----------------------+-----+-----+------------+---------------------------+--------------+
|ap_clk                 |   in|    1|  ap_ctrl_hs|  paralleltostreamwithburst|  return value|
|ap_rst                 |   in|    1|  ap_ctrl_hs|  paralleltostreamwithburst|  return value|
|ap_start               |   in|    1|  ap_ctrl_hs|  paralleltostreamwithburst|  return value|
|start_full_n           |   in|    1|  ap_ctrl_hs|  paralleltostreamwithburst|  return value|
|ap_done                |  out|    1|  ap_ctrl_hs|  paralleltostreamwithburst|  return value|
|ap_continue            |   in|    1|  ap_ctrl_hs|  paralleltostreamwithburst|  return value|
|ap_idle                |  out|    1|  ap_ctrl_hs|  paralleltostreamwithburst|  return value|
|ap_ready               |  out|    1|  ap_ctrl_hs|  paralleltostreamwithburst|  return value|
|start_out              |  out|    1|  ap_ctrl_hs|  paralleltostreamwithburst|  return value|
|start_write            |  out|    1|  ap_ctrl_hs|  paralleltostreamwithburst|  return value|
|m_axi_gmem1_AWVALID    |  out|    1|       m_axi|                      gmem1|       pointer|
|m_axi_gmem1_AWREADY    |   in|    1|       m_axi|                      gmem1|       pointer|
|m_axi_gmem1_AWADDR     |  out|   64|       m_axi|                      gmem1|       pointer|
|m_axi_gmem1_AWID       |  out|    1|       m_axi|                      gmem1|       pointer|
|m_axi_gmem1_AWLEN      |  out|   32|       m_axi|                      gmem1|       pointer|
|m_axi_gmem1_AWSIZE     |  out|    3|       m_axi|                      gmem1|       pointer|
|m_axi_gmem1_AWBURST    |  out|    2|       m_axi|                      gmem1|       pointer|
|m_axi_gmem1_AWLOCK     |  out|    2|       m_axi|                      gmem1|       pointer|
|m_axi_gmem1_AWCACHE    |  out|    4|       m_axi|                      gmem1|       pointer|
|m_axi_gmem1_AWPROT     |  out|    3|       m_axi|                      gmem1|       pointer|
|m_axi_gmem1_AWQOS      |  out|    4|       m_axi|                      gmem1|       pointer|
|m_axi_gmem1_AWREGION   |  out|    4|       m_axi|                      gmem1|       pointer|
|m_axi_gmem1_AWUSER     |  out|    1|       m_axi|                      gmem1|       pointer|
|m_axi_gmem1_WVALID     |  out|    1|       m_axi|                      gmem1|       pointer|
|m_axi_gmem1_WREADY     |   in|    1|       m_axi|                      gmem1|       pointer|
|m_axi_gmem1_WDATA      |  out|   64|       m_axi|                      gmem1|       pointer|
|m_axi_gmem1_WSTRB      |  out|    8|       m_axi|                      gmem1|       pointer|
|m_axi_gmem1_WLAST      |  out|    1|       m_axi|                      gmem1|       pointer|
|m_axi_gmem1_WID        |  out|    1|       m_axi|                      gmem1|       pointer|
|m_axi_gmem1_WUSER      |  out|    1|       m_axi|                      gmem1|       pointer|
|m_axi_gmem1_ARVALID    |  out|    1|       m_axi|                      gmem1|       pointer|
|m_axi_gmem1_ARREADY    |   in|    1|       m_axi|                      gmem1|       pointer|
|m_axi_gmem1_ARADDR     |  out|   64|       m_axi|                      gmem1|       pointer|
|m_axi_gmem1_ARID       |  out|    1|       m_axi|                      gmem1|       pointer|
|m_axi_gmem1_ARLEN      |  out|   32|       m_axi|                      gmem1|       pointer|
|m_axi_gmem1_ARSIZE     |  out|    3|       m_axi|                      gmem1|       pointer|
|m_axi_gmem1_ARBURST    |  out|    2|       m_axi|                      gmem1|       pointer|
|m_axi_gmem1_ARLOCK     |  out|    2|       m_axi|                      gmem1|       pointer|
|m_axi_gmem1_ARCACHE    |  out|    4|       m_axi|                      gmem1|       pointer|
|m_axi_gmem1_ARPROT     |  out|    3|       m_axi|                      gmem1|       pointer|
|m_axi_gmem1_ARQOS      |  out|    4|       m_axi|                      gmem1|       pointer|
|m_axi_gmem1_ARREGION   |  out|    4|       m_axi|                      gmem1|       pointer|
|m_axi_gmem1_ARUSER     |  out|    1|       m_axi|                      gmem1|       pointer|
|m_axi_gmem1_RVALID     |   in|    1|       m_axi|                      gmem1|       pointer|
|m_axi_gmem1_RREADY     |  out|    1|       m_axi|                      gmem1|       pointer|
|m_axi_gmem1_RDATA      |   in|   64|       m_axi|                      gmem1|       pointer|
|m_axi_gmem1_RLAST      |   in|    1|       m_axi|                      gmem1|       pointer|
|m_axi_gmem1_RID        |   in|    1|       m_axi|                      gmem1|       pointer|
|m_axi_gmem1_RFIFONUM   |   in|   10|       m_axi|                      gmem1|       pointer|
|m_axi_gmem1_RUSER      |   in|    1|       m_axi|                      gmem1|       pointer|
|m_axi_gmem1_RRESP      |   in|    2|       m_axi|                      gmem1|       pointer|
|m_axi_gmem1_BVALID     |   in|    1|       m_axi|                      gmem1|       pointer|
|m_axi_gmem1_BREADY     |  out|    1|       m_axi|                      gmem1|       pointer|
|m_axi_gmem1_BRESP      |   in|    2|       m_axi|                      gmem1|       pointer|
|m_axi_gmem1_BID        |   in|    1|       m_axi|                      gmem1|       pointer|
|m_axi_gmem1_BUSER      |   in|    1|       m_axi|                      gmem1|       pointer|
|in_memory              |   in|   64|     ap_none|                  in_memory|        scalar|
|kernel_mode            |   in|    2|     ap_none|                kernel_mode|        scalar|
|outbuf_din             |  out|   35|     ap_fifo|                     outbuf|       pointer|
|outbuf_num_data_valid  |   in|    7|     ap_fifo|                     outbuf|       pointer|
|outbuf_fifo_cap        |   in|    7|     ap_fifo|                     outbuf|       pointer|
|outbuf_full_n          |   in|    1|     ap_fifo|                     outbuf|       pointer|
|outbuf_write           |  out|    1|     ap_fifo|                     outbuf|       pointer|
+-----------------------+-----+-----+------------+---------------------------+--------------+

