#-----------------------------------------------------------
# Vivado v2022.1 (64-bit)
# SW Build 3526262 on Mon Apr 18 15:47:01 MDT 2022
# IP Build 3524634 on Mon Apr 18 20:55:01 MDT 2022
# Start of session at: Mon May 27 08:12:14 2024
# Process ID: 2183
# Current directory: /home/ubuntu/PQC_Falcon/impl_ASIC/fiFFNTT_sim_v1/vivado/vvd_caravel_fpga
# Command line: vivado vvd_caravel_fpga.xpr
# Log file: /home/ubuntu/PQC_Falcon/impl_ASIC/fiFFNTT_sim_v1/vivado/vvd_caravel_fpga/vivado.log
# Journal file: /home/ubuntu/PQC_Falcon/impl_ASIC/fiFFNTT_sim_v1/vivado/vvd_caravel_fpga/vivado.jou
# Running On: ubuntu2004, OS: Linux, CPU Frequency: 3194.000 MHz, CPU Physical cores: 2, Host memory: 8323 MB
#-----------------------------------------------------------
start_gui
open_project vvd_caravel_fpga.xpr
WARNING: [Board 49-26] cannot add Board Part xilinx.com:vpk120_es:part0:1.2 available at /tools/Xilinx/Vivado/2022.1/data/xhub/boards/XilinxBoardStore/boards/Xilinx/vpk120/es/1.2/board.xml as part xcvp1202-vsva2785-2mp-e-s-es1 specified in board_part file is either invalid or not available
WARNING: [Board 49-26] cannot add Board Part xilinx.com:vpk120_es_revb:part0:1.0 available at /tools/Xilinx/Vivado/2022.1/data/xhub/boards/XilinxBoardStore/boards/Xilinx/vpk120_revb/es/1.0/board.xml as part xcvp1202-vsva2785-2mp-e-s-es1 specified in board_part file is either invalid or not available
WARNING: [Board 49-26] cannot add Board Part xilinx.com:zcu208ld:part0:2.0 available at /tools/Xilinx/Vivado/2022.1/data/xhub/boards/XilinxBoardStore/boards/Xilinx/zcu208ld/production/2.0/board.xml as part xczu58dr-fsvg1517-2-i specified in board_part file is either invalid or not available
WARNING: [Board 49-26] cannot add Board Part xilinx.com:zcu216ld:part0:2.0 available at /tools/Xilinx/Vivado/2022.1/data/xhub/boards/XilinxBoardStore/boards/Xilinx/zcu216ld/production/2.0/board.xml as part xczu59dr-ffvf1760-2-i specified in board_part file is either invalid or not available
WARNING: [Board 49-26] cannot add Board Part xilinx.com:zcu670:part0:2.0 available at /tools/Xilinx/Vivado/2022.1/data/xhub/boards/XilinxBoardStore/boards/Xilinx/zcu670/2.0/board.xml as part xczu67dr-fsve1156-2-i specified in board_part file is either invalid or not available
WARNING: [Board 49-26] cannot add Board Part xilinx.com:zcu670ld:part0:1.0 available at /tools/Xilinx/Vivado/2022.1/data/xhub/boards/XilinxBoardStore/boards/Xilinx/zcu670ld/1.0/board.xml as part xczu57dr-fsve1156-2-i specified in board_part file is either invalid or not available
Scanning sources...
Finished scanning sources
INFO: [IP_Flow 19-234] Refreshing IP repositories
INFO: [IP_Flow 19-1700] Loaded user IP repository '/home/ubuntu/PQC_Falcon/impl_ASIC/fiFFNTT_sim_v1/vivado/vitis_prj/hls_caravel_ps'.
INFO: [IP_Flow 19-1700] Loaded user IP repository '/home/ubuntu/PQC_Falcon/impl_ASIC/fiFFNTT_sim_v1/vivado/vitis_prj/hls_output_pin'.
INFO: [IP_Flow 19-2313] Loaded Vivado IP repository '/tools/Xilinx/Vivado/2022.1/data/ip'.
WARNING: [IP_Flow 19-3664] IP 'design_1_caravel_0_0' generated file not found '/home/ubuntu/PQC_Falcon/impl_ASIC/fiFFNTT_sim_v1/vivado/vvd_caravel_fpga/vvd_caravel_fpga.gen/sources_1/bd/design_1/ip/design_1_caravel_0_0/design_1_caravel_0_0.dcp'. Please regenerate to continue.
WARNING: [IP_Flow 19-3664] IP 'design_1_caravel_0_0' generated file not found '/home/ubuntu/PQC_Falcon/impl_ASIC/fiFFNTT_sim_v1/vivado/vvd_caravel_fpga/vvd_caravel_fpga.gen/sources_1/bd/design_1/ip/design_1_caravel_0_0/design_1_caravel_0_0_stub.v'. Please regenerate to continue.
WARNING: [IP_Flow 19-3664] IP 'design_1_caravel_0_0' generated file not found '/home/ubuntu/PQC_Falcon/impl_ASIC/fiFFNTT_sim_v1/vivado/vvd_caravel_fpga/vvd_caravel_fpga.gen/sources_1/bd/design_1/ip/design_1_caravel_0_0/design_1_caravel_0_0_stub.vhdl'. Please regenerate to continue.
WARNING: [IP_Flow 19-3664] IP 'design_1_caravel_0_0' generated file not found '/home/ubuntu/PQC_Falcon/impl_ASIC/fiFFNTT_sim_v1/vivado/vvd_caravel_fpga/vvd_caravel_fpga.gen/sources_1/bd/design_1/ip/design_1_caravel_0_0/design_1_caravel_0_0_sim_netlist.v'. Please regenerate to continue.
WARNING: [IP_Flow 19-3664] IP 'design_1_caravel_0_0' generated file not found '/home/ubuntu/PQC_Falcon/impl_ASIC/fiFFNTT_sim_v1/vivado/vvd_caravel_fpga/vvd_caravel_fpga.gen/sources_1/bd/design_1/ip/design_1_caravel_0_0/design_1_caravel_0_0_sim_netlist.vhdl'. Please regenerate to continue.
WARNING: [IP_Flow 19-3664] IP 'design_1_processing_system7_0_0' generated file not found '/home/ubuntu/PQC_Falcon/impl_ASIC/fiFFNTT_sim_v1/vivado/vvd_caravel_fpga/vvd_caravel_fpga.gen/sources_1/bd/design_1/ip/design_1_processing_system7_0_0/design_1_processing_system7_0_0.dcp'. Please regenerate to continue.
WARNING: [IP_Flow 19-3664] IP 'design_1_processing_system7_0_0' generated file not found '/home/ubuntu/PQC_Falcon/impl_ASIC/fiFFNTT_sim_v1/vivado/vvd_caravel_fpga/vvd_caravel_fpga.gen/sources_1/bd/design_1/ip/design_1_processing_system7_0_0/design_1_processing_system7_0_0_stub.v'. Please regenerate to continue.
WARNING: [IP_Flow 19-3664] IP 'design_1_processing_system7_0_0' generated file not found '/home/ubuntu/PQC_Falcon/impl_ASIC/fiFFNTT_sim_v1/vivado/vvd_caravel_fpga/vvd_caravel_fpga.gen/sources_1/bd/design_1/ip/design_1_processing_system7_0_0/design_1_processing_system7_0_0_stub.vhdl'. Please regenerate to continue.
WARNING: [IP_Flow 19-3664] IP 'design_1_processing_system7_0_0' generated file not found '/home/ubuntu/PQC_Falcon/impl_ASIC/fiFFNTT_sim_v1/vivado/vvd_caravel_fpga/vvd_caravel_fpga.gen/sources_1/bd/design_1/ip/design_1_processing_system7_0_0/design_1_processing_system7_0_0_sim_netlist.v'. Please regenerate to continue.
WARNING: [IP_Flow 19-3664] IP 'design_1_processing_system7_0_0' generated file not found '/home/ubuntu/PQC_Falcon/impl_ASIC/fiFFNTT_sim_v1/vivado/vvd_caravel_fpga/vvd_caravel_fpga.gen/sources_1/bd/design_1/ip/design_1_processing_system7_0_0/design_1_processing_system7_0_0_sim_netlist.vhdl'. Please regenerate to continue.
WARNING: [IP_Flow 19-3664] IP 'design_1_xbar_0' generated file not found '/home/ubuntu/PQC_Falcon/impl_ASIC/fiFFNTT_sim_v1/vivado/vvd_caravel_fpga/vvd_caravel_fpga.gen/sources_1/bd/design_1/ip/design_1_xbar_0/design_1_xbar_0.dcp'. Please regenerate to continue.
WARNING: [IP_Flow 19-3664] IP 'design_1_xbar_0' generated file not found '/home/ubuntu/PQC_Falcon/impl_ASIC/fiFFNTT_sim_v1/vivado/vvd_caravel_fpga/vvd_caravel_fpga.gen/sources_1/bd/design_1/ip/design_1_xbar_0/design_1_xbar_0_stub.v'. Please regenerate to continue.
WARNING: [IP_Flow 19-3664] IP 'design_1_xbar_0' generated file not found '/home/ubuntu/PQC_Falcon/impl_ASIC/fiFFNTT_sim_v1/vivado/vvd_caravel_fpga/vvd_caravel_fpga.gen/sources_1/bd/design_1/ip/design_1_xbar_0/design_1_xbar_0_stub.vhdl'. Please regenerate to continue.
WARNING: [IP_Flow 19-3664] IP 'design_1_xbar_0' generated file not found '/home/ubuntu/PQC_Falcon/impl_ASIC/fiFFNTT_sim_v1/vivado/vvd_caravel_fpga/vvd_caravel_fpga.gen/sources_1/bd/design_1/ip/design_1_xbar_0/design_1_xbar_0_sim_netlist.v'. Please regenerate to continue.
WARNING: [IP_Flow 19-3664] IP 'design_1_xbar_0' generated file not found '/home/ubuntu/PQC_Falcon/impl_ASIC/fiFFNTT_sim_v1/vivado/vvd_caravel_fpga/vvd_caravel_fpga.gen/sources_1/bd/design_1/ip/design_1_xbar_0/design_1_xbar_0_sim_netlist.vhdl'. Please regenerate to continue.
WARNING: [IP_Flow 19-3664] IP 'design_1_auto_pc_6' generated file not found '/home/ubuntu/PQC_Falcon/impl_ASIC/fiFFNTT_sim_v1/vivado/vvd_caravel_fpga/vvd_caravel_fpga.gen/sources_1/bd/design_1/ip/design_1_auto_pc_6/design_1_auto_pc_6.dcp'. Please regenerate to continue.
WARNING: [IP_Flow 19-3664] IP 'design_1_auto_pc_6' generated file not found '/home/ubuntu/PQC_Falcon/impl_ASIC/fiFFNTT_sim_v1/vivado/vvd_caravel_fpga/vvd_caravel_fpga.gen/sources_1/bd/design_1/ip/design_1_auto_pc_6/design_1_auto_pc_6_stub.v'. Please regenerate to continue.
WARNING: [IP_Flow 19-3664] IP 'design_1_auto_pc_6' generated file not found '/home/ubuntu/PQC_Falcon/impl_ASIC/fiFFNTT_sim_v1/vivado/vvd_caravel_fpga/vvd_caravel_fpga.gen/sources_1/bd/design_1/ip/design_1_auto_pc_6/design_1_auto_pc_6_stub.vhdl'. Please regenerate to continue.
WARNING: [IP_Flow 19-3664] IP 'design_1_auto_pc_6' generated file not found '/home/ubuntu/PQC_Falcon/impl_ASIC/fiFFNTT_sim_v1/vivado/vvd_caravel_fpga/vvd_caravel_fpga.gen/sources_1/bd/design_1/ip/design_1_auto_pc_6/design_1_auto_pc_6_sim_netlist.v'. Please regenerate to continue.
WARNING: [IP_Flow 19-3664] IP 'design_1_auto_pc_6' generated file not found '/home/ubuntu/PQC_Falcon/impl_ASIC/fiFFNTT_sim_v1/vivado/vvd_caravel_fpga/vvd_caravel_fpga.gen/sources_1/bd/design_1/ip/design_1_auto_pc_6/design_1_auto_pc_6_sim_netlist.vhdl'. Please regenerate to continue.
open_project: Time (s): cpu = 00:00:23 ; elapsed = 00:00:16 . Memory (MB): peak = 7646.203 ; gain = 148.152 ; free physical = 2198 ; free virtual = 5648
update_compile_order -fileset sources_1
open_bd_design {/home/ubuntu/PQC_Falcon/impl_ASIC/fiFFNTT_sim_v1/vivado/vvd_caravel_fpga/vvd_caravel_fpga.srcs/sources_1/bd/design_1/design_1.bd}
Reading block design file </home/ubuntu/PQC_Falcon/impl_ASIC/fiFFNTT_sim_v1/vivado/vvd_caravel_fpga/vvd_caravel_fpga.srcs/sources_1/bd/design_1/design_1.bd>...
Adding component instance block -- xilinx.com:ip:axi_interconnect:2.1 - axi_mem_intercon
Adding component instance block -- xilinx.com:ip:axi_protocol_converter:2.1 - auto_pc
Adding component instance block -- xilinx.com:ip:axi_dwidth_converter:2.1 - auto_us
Adding component instance block -- xilinx.com:ip:axi_quad_spi:3.2 - axi_quad_spi_0
Adding component instance block -- xilinx.com:ip:blk_mem_gen:8.4 - blk_mem_gen_0
Adding component instance block -- xilinx.com:module_ref:caravel:1.0 - caravel_0
Adding component instance block -- xilinx.com:hls:caravel_ps:0.0 - caravel_ps_0
Adding component instance block -- xilinx.com:ip:clk_wiz:6.0 - clk_wiz_0
Adding component instance block -- xilinx.com:hls:output_pin:0.0 - output_pin_0
Adding component instance block -- xilinx.com:ip:processing_system7:5.5 - processing_system7_0
Adding component instance block -- xilinx.com:ip:axi_interconnect:2.1 - ps7_0_axi_periph
Adding component instance block -- xilinx.com:ip:axi_crossbar:2.1 - xbar
Adding component instance block -- xilinx.com:ip:axi_protocol_converter:2.1 - auto_pc
Adding component instance block -- xilinx.com:ip:axi_protocol_converter:2.1 - auto_pc
Adding component instance block -- xilinx.com:ip:axi_protocol_converter:2.1 - auto_pc
Adding component instance block -- xilinx.com:ip:axi_protocol_converter:2.1 - auto_pc
Adding component instance block -- xilinx.com:ip:axi_protocol_converter:2.1 - auto_pc
Adding component instance block -- xilinx.com:ip:axi_protocol_converter:2.1 - auto_pc
Adding component instance block -- xilinx.com:module_ref:ps_axil:1.0 - ps_axil_0
Adding component instance block -- xilinx.com:ip:proc_sys_reset:5.0 - rst_ps7_0_10M
Adding component instance block -- xilinx.com:module_ref:spiflash:1.0 - spiflash_0
Successfully read diagram <design_1> from block design file </home/ubuntu/PQC_Falcon/impl_ASIC/fiFFNTT_sim_v1/vivado/vvd_caravel_fpga/vvd_caravel_fpga.srcs/sources_1/bd/design_1/design_1.bd>
set_property  ip_repo_paths  {/home/ubuntu/PQC_Falcon/impl_ASIC/fiFFNTT_sim_v1/vivado/vitis_prj/hls_caravel_ps /home/ubuntu/PQC_Falcon/impl_ASIC/fiFFNTT_sim_v1/vivado/vitis_prj /home/ubuntu/PQC_Falcon/impl_ASIC/fiFFNTT_sim_v1/vivado/vitis_prj/hls_output_pin} [current_project]
update_ip_catalog
INFO: [IP_Flow 19-234] Refreshing IP repositories
WARNING: [IP_Flow 19-3685] Ignored loading user repository '/home/ubuntu/PQC_Falcon/impl_ASIC/fiFFNTT_sim_v1/vivado/vitis_prj/hls_caravel_ps'. The path is contained within another repository.
INFO: [IP_Flow 19-1700] Loaded user IP repository '/home/ubuntu/PQC_Falcon/impl_ASIC/fiFFNTT_sim_v1/vivado/vitis_prj'.
WARNING: [IP_Flow 19-3685] Ignored loading user repository '/home/ubuntu/PQC_Falcon/impl_ASIC/fiFFNTT_sim_v1/vivado/vitis_prj/hls_output_pin'. The path is contained within another repository.
WARNING: [IP_Flow 19-1663] Duplicate IP found for 'xilinx.com:hls:userdma:1.0'. The one found in IP location '/home/ubuntu/PQC_Falcon/impl_ASIC/fiFFNTT_sim_v1/vivado/vitis_prj/hls_userdma/hls_userdma.prj/solution1/impl/ip' will take precedence over the same IP in location /home/ubuntu/PQC_Falcon/impl_ASIC/fiFFNTT_sim_v1/vivado/vitis_prj/DMA_version1/hls_userdma/hls_userdma.prj/solution1/impl/ip
startgroup
create_bd_cell -type ip -vlnv xilinx.com:hls:userdma:1.0 userdma_0
endgroup
startgroup
apply_bd_automation -rule xilinx.com:bd_rule:axi4 -config { Clk_master {Auto} Clk_slave {/clk_wiz_0/clk_out1 (5 MHz)} Clk_xbar {/clk_wiz_0/clk_out1 (5 MHz)} Master {/userdma_0/m_axi_gmem0} Slave {/processing_system7_0/S_AXI_HP0} ddr_seg {Auto} intc_ip {/axi_mem_intercon} master_apm {0}}  [get_bd_intf_pins userdma_0/m_axi_gmem0]
Slave segment '/processing_system7_0/S_AXI_HP0/HP0_DDR_LOWOCM' is being assigned into address space '/userdma_0/Data_m_axi_gmem0' at <0x0000_0000 [ 512M ]>.
apply_bd_automation -rule xilinx.com:bd_rule:axi4 -config { Clk_master {Auto} Clk_slave {/clk_wiz_0/clk_out1 (5 MHz)} Clk_xbar {/clk_wiz_0/clk_out1 (5 MHz)} Master {/userdma_0/m_axi_gmem1} Slave {/processing_system7_0/S_AXI_HP0} ddr_seg {Auto} intc_ip {/axi_mem_intercon} master_apm {0}}  [get_bd_intf_pins userdma_0/m_axi_gmem1]
Slave segment '/processing_system7_0/S_AXI_HP0/HP0_DDR_LOWOCM' is being assigned into address space '/userdma_0/Data_m_axi_gmem1' at <0x0000_0000 [ 512M ]>.
apply_bd_automation -rule xilinx.com:bd_rule:axi4 -config { Clk_master {/clk_wiz_0/clk_out1 (5 MHz)} Clk_slave {Auto} Clk_xbar {/clk_wiz_0/clk_out1 (5 MHz)} Master {/processing_system7_0/M_AXI_GP0} Slave {/userdma_0/s_axi_control} ddr_seg {Auto} intc_ip {/ps7_0_axi_periph} master_apm {0}}  [get_bd_intf_pins userdma_0/s_axi_control]
Slave segment '/userdma_0/s_axi_control/Reg' is being assigned into address space '/processing_system7_0/Data' at <0x4002_0000 [ 64K ]>.
endgroup
regenerate_bd_layout
connect_bd_intf_net [get_bd_intf_pins userdma_0/inStreamTop] [get_bd_intf_pins ps_axil_0/updma_so]
connect_bd_intf_net [get_bd_intf_pins userdma_0/outStreamTop] [get_bd_intf_pins ps_axil_0/updma_si]
regenerate_bd_layout
regenerate_bd_layout
save_bd_design
Wrote  : </home/ubuntu/PQC_Falcon/impl_ASIC/fiFFNTT_sim_v1/vivado/vvd_caravel_fpga/vvd_caravel_fpga.srcs/sources_1/bd/design_1/design_1.bd> 
Wrote  : </home/ubuntu/PQC_Falcon/impl_ASIC/fiFFNTT_sim_v1/vivado/vvd_caravel_fpga/vvd_caravel_fpga.srcs/sources_1/bd/design_1/ui/bd_1f5defd0.ui> 
reset_run synth_1
reset_run design_1_caravel_0_0_synth_1
launch_runs impl_1 -to_step write_bitstream -jobs 2
INFO: [xilinx.com:ip:axi_quad_spi:3.2-1] /axi_quad_spi_0 
                   #######################################################################################
                   INFO: AXI Quad SPI core's AXI Lite Clock and EXT SPI CLK are synchronous to each other.
                   ########################################################################################
INFO: [xilinx.com:ip:axi_quad_spi:3.2-1] /axi_quad_spi_0 
                   #######################################################################################
                   INFO: AXI Quad SPI core's AXI Lite Clock and EXT SPI CLK are synchronous to each other.
                   ########################################################################################
INFO: [xilinx.com:ip:clk_wiz:6.0-1] /clk_wiz_0 clk_wiz propagate
INFO: [xilinx.com:ip:clk_wiz:6.0-1] /clk_wiz_0 clk_wiz propagate
WARNING: [BD 41-237] Bus Interface property AWUSER_WIDTH does not match between /axi_mem_intercon/s00_couplers/auto_us/S_AXI(0) and /ps_axil_0/ladma_mm(1)
WARNING: [BD 41-237] Bus Interface property ARUSER_WIDTH does not match between /axi_mem_intercon/s00_couplers/auto_us/S_AXI(0) and /ps_axil_0/ladma_mm(1)
WARNING: [BD 41-237] Bus Interface property WUSER_WIDTH does not match between /axi_mem_intercon/s00_couplers/auto_us/S_AXI(0) and /ps_axil_0/ladma_mm(1)
WARNING: [BD 41-237] Bus Interface property RUSER_WIDTH does not match between /axi_mem_intercon/s00_couplers/auto_us/S_AXI(0) and /ps_axil_0/ladma_mm(1)
WARNING: [BD 41-237] Bus Interface property BUSER_WIDTH does not match between /axi_mem_intercon/s00_couplers/auto_us/S_AXI(0) and /ps_axil_0/ladma_mm(1)
WARNING: [BD 41-927] Following properties on pin /userdma_0/ap_clk have been updated from connected ip, but BD cell '/userdma_0' does not accept parameter changes, so they may not be synchronized with cell properties:
	FREQ_HZ = 5000000 
Please resolve any mismatches by directly setting properties on BD cell </userdma_0> to completely resolve these warnings.
CRITICAL WARNING: [BD 41-759] The input pins (listed below) are either not connected or do not have a source port, and they don't have a tie-off specified. These pins are tied-off to all 0's to avoid error in Implementation flow.
Please check your design and connect them as needed: 
/caravel_ps_0/mprj_out

Wrote  : </home/ubuntu/PQC_Falcon/impl_ASIC/fiFFNTT_sim_v1/vivado/vvd_caravel_fpga/vvd_caravel_fpga.srcs/sources_1/bd/design_1/design_1.bd> 
WARNING: [BD 41-2384] Width mismatch when connecting pin: '/axi_mem_intercon/s00_couplers/auto_us/s_axi_awlock'(1) to pin: '/axi_mem_intercon/s00_couplers/S_AXI_awlock'(2) - Only lower order bits will be connected.
WARNING: [BD 41-2384] Width mismatch when connecting pin: '/axi_mem_intercon/s00_couplers/auto_us/s_axi_arlock'(1) to pin: '/axi_mem_intercon/s00_couplers/S_AXI_arlock'(2) - Only lower order bits will be connected.
WARNING: [BD 41-2384] Width mismatch when connecting pin: '/axi_mem_intercon/m00_couplers/auto_pc/m_axi_bid'(2) to pin: '/axi_mem_intercon/m00_couplers/M_AXI_bid'(6) - Only lower order bits will be connected.
WARNING: [BD 41-2384] Width mismatch when connecting pin: '/axi_mem_intercon/m00_couplers/auto_pc/m_axi_rid'(2) to pin: '/axi_mem_intercon/m00_couplers/M_AXI_rid'(6) - Only lower order bits will be connected.
WARNING: [BD 41-2384] Width mismatch when connecting pin: '/axi_mem_intercon/xbar/s_axi_arlock'(1) to pin: '/axi_mem_intercon/s01_couplers/M_AXI_arlock'(2) - Only lower order bits will be connected.
WARNING: [BD 41-2384] Width mismatch when connecting pin: '/axi_mem_intercon/xbar/s_axi_awlock'(1) to pin: '/axi_mem_intercon/s01_couplers/M_AXI_awlock'(2) - Only lower order bits will be connected.
WARNING: [BD 41-2384] Width mismatch when connecting pin: '/axi_mem_intercon/xbar/s_axi_arlock'(1) to pin: '/axi_mem_intercon/s02_couplers/M_AXI_arlock'(2) - Only lower order bits will be connected.
WARNING: [BD 41-2384] Width mismatch when connecting pin: '/axi_mem_intercon/xbar/s_axi_awlock'(1) to pin: '/axi_mem_intercon/s02_couplers/M_AXI_awlock'(2) - Only lower order bits will be connected.
WARNING: [BD 41-2384] Width mismatch when connecting pin: '/processing_system7_0/S_AXI_HP0_WID'(6) to pin: '/axi_mem_intercon/M00_AXI_wid'(2) - Only lower order bits will be connected.
WARNING: [BD 41-2384] Width mismatch when connecting pin: '/processing_system7_0/S_AXI_HP0_AWID'(6) to pin: '/axi_mem_intercon/M00_AXI_awid'(2) - Only lower order bits will be connected.
WARNING: [BD 41-2384] Width mismatch when connecting pin: '/processing_system7_0/S_AXI_HP0_ARID'(6) to pin: '/axi_mem_intercon/M00_AXI_arid'(2) - Only lower order bits will be connected.
WARNING: [BD 41-2384] Width mismatch when connecting pin: '/userdma_0/inStreamTop_TUSER'(2) to pin: '/ps_axil_0/updma_so_tuser'(7) - Only lower order bits will be connected.
WARNING: [BD 41-2384] Width mismatch when connecting pin: '/ps_axil_0/updma_si_tuser'(7) to pin: '/userdma_0/outStreamTop_TUSER'(2) - Only lower order bits will be connected.
Verilog Output written to : /home/ubuntu/PQC_Falcon/impl_ASIC/fiFFNTT_sim_v1/vivado/vvd_caravel_fpga/vvd_caravel_fpga.gen/sources_1/bd/design_1/synth/design_1.v
WARNING: [BD 41-2384] Width mismatch when connecting pin: '/axi_mem_intercon/s00_couplers/auto_us/s_axi_awlock'(1) to pin: '/axi_mem_intercon/s00_couplers/S_AXI_awlock'(2) - Only lower order bits will be connected.
WARNING: [BD 41-2384] Width mismatch when connecting pin: '/axi_mem_intercon/s00_couplers/auto_us/s_axi_arlock'(1) to pin: '/axi_mem_intercon/s00_couplers/S_AXI_arlock'(2) - Only lower order bits will be connected.
WARNING: [BD 41-2384] Width mismatch when connecting pin: '/axi_mem_intercon/m00_couplers/auto_pc/m_axi_bid'(2) to pin: '/axi_mem_intercon/m00_couplers/M_AXI_bid'(6) - Only lower order bits will be connected.
WARNING: [BD 41-2384] Width mismatch when connecting pin: '/axi_mem_intercon/m00_couplers/auto_pc/m_axi_rid'(2) to pin: '/axi_mem_intercon/m00_couplers/M_AXI_rid'(6) - Only lower order bits will be connected.
WARNING: [BD 41-2384] Width mismatch when connecting pin: '/axi_mem_intercon/xbar/s_axi_arlock'(1) to pin: '/axi_mem_intercon/s01_couplers/M_AXI_arlock'(2) - Only lower order bits will be connected.
WARNING: [BD 41-2384] Width mismatch when connecting pin: '/axi_mem_intercon/xbar/s_axi_awlock'(1) to pin: '/axi_mem_intercon/s01_couplers/M_AXI_awlock'(2) - Only lower order bits will be connected.
WARNING: [BD 41-2384] Width mismatch when connecting pin: '/axi_mem_intercon/xbar/s_axi_arlock'(1) to pin: '/axi_mem_intercon/s02_couplers/M_AXI_arlock'(2) - Only lower order bits will be connected.
WARNING: [BD 41-2384] Width mismatch when connecting pin: '/axi_mem_intercon/xbar/s_axi_awlock'(1) to pin: '/axi_mem_intercon/s02_couplers/M_AXI_awlock'(2) - Only lower order bits will be connected.
WARNING: [BD 41-2384] Width mismatch when connecting pin: '/processing_system7_0/S_AXI_HP0_WID'(6) to pin: '/axi_mem_intercon/M00_AXI_wid'(2) - Only lower order bits will be connected.
WARNING: [BD 41-2384] Width mismatch when connecting pin: '/processing_system7_0/S_AXI_HP0_AWID'(6) to pin: '/axi_mem_intercon/M00_AXI_awid'(2) - Only lower order bits will be connected.
WARNING: [BD 41-2384] Width mismatch when connecting pin: '/processing_system7_0/S_AXI_HP0_ARID'(6) to pin: '/axi_mem_intercon/M00_AXI_arid'(2) - Only lower order bits will be connected.
WARNING: [BD 41-2384] Width mismatch when connecting pin: '/userdma_0/inStreamTop_TUSER'(2) to pin: '/ps_axil_0/updma_so_tuser'(7) - Only lower order bits will be connected.
WARNING: [BD 41-2384] Width mismatch when connecting pin: '/ps_axil_0/updma_si_tuser'(7) to pin: '/userdma_0/outStreamTop_TUSER'(2) - Only lower order bits will be connected.
Verilog Output written to : /home/ubuntu/PQC_Falcon/impl_ASIC/fiFFNTT_sim_v1/vivado/vvd_caravel_fpga/vvd_caravel_fpga.gen/sources_1/bd/design_1/sim/design_1.v
Verilog Output written to : /home/ubuntu/PQC_Falcon/impl_ASIC/fiFFNTT_sim_v1/vivado/vvd_caravel_fpga/vvd_caravel_fpga.gen/sources_1/bd/design_1/hdl/design_1_wrapper.v
INFO: [BD 41-1029] Generation completed for the IP Integrator block ps7_0_axi_periph/xbar .
INFO: [BD 41-1029] Generation completed for the IP Integrator block axi_mem_intercon/xbar .
INFO: [BD 41-1029] Generation completed for the IP Integrator block userdma_0 .
WARNING: [IP_Flow 19-4994] Overwriting existing constraint file '/home/ubuntu/PQC_Falcon/impl_ASIC/fiFFNTT_sim_v1/vivado/vvd_caravel_fpga/vvd_caravel_fpga.gen/sources_1/bd/design_1/ip/design_1_auto_us_0/design_1_auto_us_0_ooc.xdc'
INFO: [IP_Flow 19-5611] Unable to find an associated reset port for the interface 'S_AXI'. A default connection has been created.
INFO: [IP_Flow 19-5611] Unable to find an associated reset port for the interface 'M_AXI'. A default connection has been created.
INFO: [BD 41-1029] Generation completed for the IP Integrator block axi_mem_intercon/s00_couplers/auto_us .
WARNING: [IP_Flow 19-4994] Overwriting existing constraint file '/home/ubuntu/PQC_Falcon/impl_ASIC/fiFFNTT_sim_v1/vivado/vvd_caravel_fpga/vvd_caravel_fpga.gen/sources_1/bd/design_1/ip/design_1_auto_pc_0/design_1_auto_pc_0_ooc.xdc'
INFO: [BD 41-1029] Generation completed for the IP Integrator block axi_mem_intercon/m00_couplers/auto_pc .
WARNING: [IP_Flow 19-4994] Overwriting existing constraint file '/home/ubuntu/PQC_Falcon/impl_ASIC/fiFFNTT_sim_v1/vivado/vvd_caravel_fpga/vvd_caravel_fpga.gen/sources_1/bd/design_1/ip/design_1_auto_pc_1/design_1_auto_pc_1_ooc.xdc'
INFO: [BD 41-1029] Generation completed for the IP Integrator block ps7_0_axi_periph/s00_couplers/auto_pc .
Exporting to file /home/ubuntu/PQC_Falcon/impl_ASIC/fiFFNTT_sim_v1/vivado/vvd_caravel_fpga/vvd_caravel_fpga.gen/sources_1/bd/design_1/hw_handoff/design_1.hwh
Generated Hardware Definition File /home/ubuntu/PQC_Falcon/impl_ASIC/fiFFNTT_sim_v1/vivado/vvd_caravel_fpga/vvd_caravel_fpga.gen/sources_1/bd/design_1/synth/design_1.hwdef
[Mon May 27 08:38:17 2024] Launched design_1_caravel_0_0_synth_1, design_1_xbar_0_synth_1, design_1_processing_system7_0_0_synth_1, design_1_auto_pc_1_synth_1, design_1_auto_us_0_synth_1, design_1_xbar_1_synth_1, design_1_auto_pc_0_synth_1, design_1_userdma_0_0_synth_1, synth_1...
Run output will be captured here:
design_1_caravel_0_0_synth_1: /home/ubuntu/PQC_Falcon/impl_ASIC/fiFFNTT_sim_v1/vivado/vvd_caravel_fpga/vvd_caravel_fpga.runs/design_1_caravel_0_0_synth_1/runme.log
design_1_xbar_0_synth_1: /home/ubuntu/PQC_Falcon/impl_ASIC/fiFFNTT_sim_v1/vivado/vvd_caravel_fpga/vvd_caravel_fpga.runs/design_1_xbar_0_synth_1/runme.log
design_1_processing_system7_0_0_synth_1: /home/ubuntu/PQC_Falcon/impl_ASIC/fiFFNTT_sim_v1/vivado/vvd_caravel_fpga/vvd_caravel_fpga.runs/design_1_processing_system7_0_0_synth_1/runme.log
design_1_auto_pc_1_synth_1: /home/ubuntu/PQC_Falcon/impl_ASIC/fiFFNTT_sim_v1/vivado/vvd_caravel_fpga/vvd_caravel_fpga.runs/design_1_auto_pc_1_synth_1/runme.log
design_1_auto_us_0_synth_1: /home/ubuntu/PQC_Falcon/impl_ASIC/fiFFNTT_sim_v1/vivado/vvd_caravel_fpga/vvd_caravel_fpga.runs/design_1_auto_us_0_synth_1/runme.log
design_1_xbar_1_synth_1: /home/ubuntu/PQC_Falcon/impl_ASIC/fiFFNTT_sim_v1/vivado/vvd_caravel_fpga/vvd_caravel_fpga.runs/design_1_xbar_1_synth_1/runme.log
design_1_auto_pc_0_synth_1: /home/ubuntu/PQC_Falcon/impl_ASIC/fiFFNTT_sim_v1/vivado/vvd_caravel_fpga/vvd_caravel_fpga.runs/design_1_auto_pc_0_synth_1/runme.log
design_1_userdma_0_0_synth_1: /home/ubuntu/PQC_Falcon/impl_ASIC/fiFFNTT_sim_v1/vivado/vvd_caravel_fpga/vvd_caravel_fpga.runs/design_1_userdma_0_0_synth_1/runme.log
synth_1: /home/ubuntu/PQC_Falcon/impl_ASIC/fiFFNTT_sim_v1/vivado/vvd_caravel_fpga/vvd_caravel_fpga.runs/synth_1/runme.log
[Mon May 27 08:38:18 2024] Launched impl_1...
Run output will be captured here: /home/ubuntu/PQC_Falcon/impl_ASIC/fiFFNTT_sim_v1/vivado/vvd_caravel_fpga/vvd_caravel_fpga.runs/impl_1/runme.log
launch_runs: Time (s): cpu = 00:01:02 ; elapsed = 00:01:05 . Memory (MB): peak = 9205.477 ; gain = 47.859 ; free physical = 1533 ; free virtual = 5103
