
*** Running vivado
    with args -log design_1_auto_pc_0.vds -m64 -product Vivado -mode batch -messageDb vivado.pb -notrace -source design_1_auto_pc_0.tcl


****** Vivado v2022.1 (64-bit)
  **** SW Build 3526262 on Mon Apr 18 15:47:01 MDT 2022
  **** IP Build 3524634 on Mon Apr 18 20:55:01 MDT 2022
    ** Copyright 1986-2022 Xilinx, Inc. All Rights Reserved.

source design_1_auto_pc_0.tcl -notrace

*** Running vivado
    with args -log design_1_auto_pc_0.vds -m64 -product Vivado -mode batch -messageDb vivado.pb -notrace -source design_1_auto_pc_0.tcl


****** Vivado v2022.1 (64-bit)
  **** SW Build 3526262 on Mon Apr 18 15:47:01 MDT 2022
  **** IP Build 3524634 on Mon Apr 18 20:55:01 MDT 2022
    ** Copyright 1986-2022 Xilinx, Inc. All Rights Reserved.

source design_1_auto_pc_0.tcl -notrace

*** Running vivado
    with args -log design_1_auto_pc_0.vds -m64 -product Vivado -mode batch -messageDb vivado.pb -notrace -source design_1_auto_pc_0.tcl


****** Vivado v2022.1 (64-bit)
  **** SW Build 3526262 on Mon Apr 18 15:47:01 MDT 2022
  **** IP Build 3524634 on Mon Apr 18 20:55:01 MDT 2022
    ** Copyright 1986-2022 Xilinx, Inc. All Rights Reserved.

source design_1_auto_pc_0.tcl -notrace
create_project: Time (s): cpu = 00:00:07 ; elapsed = 00:00:24 . Memory (MB): peak = 2862.484 ; gain = 0.023 ; free physical = 145 ; free virtual = 1714
INFO: [IP_Flow 19-234] Refreshing IP repositories
WARNING: [IP_Flow 19-3685] Ignored loading user repository '/home/ubuntu/PQC_Falcon/impl_ASIC/fiFFNTT_sim_v1/vivado/vitis_prj/hls_caravel_ps'. The path is contained within another repository.
INFO: [IP_Flow 19-1700] Loaded user IP repository '/home/ubuntu/PQC_Falcon/impl_ASIC/fiFFNTT_sim_v1/vivado/vitis_prj'.
WARNING: [IP_Flow 19-3685] Ignored loading user repository '/home/ubuntu/PQC_Falcon/impl_ASIC/fiFFNTT_sim_v1/vivado/vitis_prj/hls_output_pin'. The path is contained within another repository.
INFO: [IP_Flow 19-2313] Loaded Vivado IP repository '/tools/Xilinx/Vivado/2022.1/data/ip'.
WARNING: [IP_Flow 19-1663] Duplicate IP found for 'xilinx.com:hls:userdma:1.0'. The one found in IP location '/home/ubuntu/PQC_Falcon/impl_ASIC/fiFFNTT_sim_v1/vivado/vitis_prj/hls_userdma/hls_userdma.prj/solution1/impl/ip' will take precedence over the same IP in location /home/ubuntu/PQC_Falcon/impl_ASIC/fiFFNTT_sim_v1/vivado/vitis_prj/DMA_version1/hls_userdma/hls_userdma.prj/solution1/impl/ip
Command: synth_design -top design_1_auto_pc_0 -part xc7z020clg400-1 -incremental_mode off -mode out_of_context
Starting synth_design
Attempting to get a license for feature 'Synthesis' and/or device 'xc7z020'
INFO: [Common 17-349] Got license for feature 'Synthesis' and/or device 'xc7z020'
INFO: [Device 21-403] Loading part xc7z020clg400-1
INFO: [Synth 8-7079] Multithreading enabled for synth_design using a maximum of 4 processes.
INFO: [Synth 8-7078] Launching helper process for spawning children vivado processes
INFO: [Synth 8-7075] Helper process launched with PID 3155
WARNING: [Synth 8-9501] generate block is allowed only inside loop and conditional generate in SystemVerilog mode [/tools/Xilinx/Vivado/2022.1/data/ip/xpm/xpm_fifo/hdl/xpm_fifo.sv:4023]
---------------------------------------------------------------------------------
Starting RTL Elaboration : Time (s): cpu = 00:00:07 ; elapsed = 00:00:16 . Memory (MB): peak = 2862.484 ; gain = 0.000 ; free physical = 6432 ; free virtual = 7064
---------------------------------------------------------------------------------
INFO: [Synth 8-6157] synthesizing module 'design_1_auto_pc_0' [/home/ubuntu/PQC_Falcon/impl_ASIC/fiFFNTT_sim_v1/vivado/vvd_caravel_fpga/vvd_caravel_fpga.gen/sources_1/bd/design_1/ip/design_1_auto_pc_0/synth/design_1_auto_pc_0.v:53]
INFO: [Synth 8-6157] synthesizing module 'axi_protocol_converter_v2_1_26_axi_protocol_converter' [/home/ubuntu/PQC_Falcon/impl_ASIC/fiFFNTT_sim_v1/vivado/vvd_caravel_fpga/vvd_caravel_fpga.gen/sources_1/bd/design_1/ipshared/90c8/hdl/axi_protocol_converter_v2_1_vl_rfs.v:4807]
INFO: [Synth 8-6157] synthesizing module 'axi_protocol_converter_v2_1_26_axi3_conv' [/home/ubuntu/PQC_Falcon/impl_ASIC/fiFFNTT_sim_v1/vivado/vvd_caravel_fpga/vvd_caravel_fpga.gen/sources_1/bd/design_1/ipshared/90c8/hdl/axi_protocol_converter_v2_1_vl_rfs.v:953]
INFO: [Synth 8-6157] synthesizing module 'axi_protocol_converter_v2_1_26_b_downsizer' [/home/ubuntu/PQC_Falcon/impl_ASIC/fiFFNTT_sim_v1/vivado/vvd_caravel_fpga/vvd_caravel_fpga.gen/sources_1/bd/design_1/ipshared/90c8/hdl/axi_protocol_converter_v2_1_vl_rfs.v:2275]
INFO: [Synth 8-6155] done synthesizing module 'axi_protocol_converter_v2_1_26_b_downsizer' (0#1) [/home/ubuntu/PQC_Falcon/impl_ASIC/fiFFNTT_sim_v1/vivado/vvd_caravel_fpga/vvd_caravel_fpga.gen/sources_1/bd/design_1/ipshared/90c8/hdl/axi_protocol_converter_v2_1_vl_rfs.v:2275]
INFO: [Synth 8-6157] synthesizing module 'axi_protocol_converter_v2_1_26_a_axi3_conv' [/home/ubuntu/PQC_Falcon/impl_ASIC/fiFFNTT_sim_v1/vivado/vvd_caravel_fpga/vvd_caravel_fpga.gen/sources_1/bd/design_1/ipshared/90c8/hdl/axi_protocol_converter_v2_1_vl_rfs.v:61]
INFO: [Synth 8-6157] synthesizing module 'axi_data_fifo_v2_1_25_axic_fifo' [/home/ubuntu/PQC_Falcon/impl_ASIC/fiFFNTT_sim_v1/vivado/vvd_caravel_fpga/vvd_caravel_fpga.gen/sources_1/bd/design_1/ipshared/5390/hdl/axi_data_fifo_v2_1_vl_rfs.v:63]
INFO: [Synth 8-6157] synthesizing module 'axi_data_fifo_v2_1_25_fifo_gen' [/home/ubuntu/PQC_Falcon/impl_ASIC/fiFFNTT_sim_v1/vivado/vvd_caravel_fpga/vvd_caravel_fpga.gen/sources_1/bd/design_1/ipshared/5390/hdl/axi_data_fifo_v2_1_vl_rfs.v:167]
INFO: [Synth 8-6157] synthesizing module 'xpm_cdc_async_rst' [/tools/Xilinx/Vivado/2022.1/data/ip/xpm/xpm_cdc/hdl/xpm_cdc.sv:1174]
INFO: [Synth 8-6155] done synthesizing module 'xpm_cdc_async_rst' (0#1) [/tools/Xilinx/Vivado/2022.1/data/ip/xpm/xpm_cdc/hdl/xpm_cdc.sv:1174]
INFO: [Synth 8-6155] done synthesizing module 'axi_data_fifo_v2_1_25_fifo_gen' (0#1) [/home/ubuntu/PQC_Falcon/impl_ASIC/fiFFNTT_sim_v1/vivado/vvd_caravel_fpga/vvd_caravel_fpga.gen/sources_1/bd/design_1/ipshared/5390/hdl/axi_data_fifo_v2_1_vl_rfs.v:167]
INFO: [Synth 8-6155] done synthesizing module 'axi_data_fifo_v2_1_25_axic_fifo' (0#1) [/home/ubuntu/PQC_Falcon/impl_ASIC/fiFFNTT_sim_v1/vivado/vvd_caravel_fpga/vvd_caravel_fpga.gen/sources_1/bd/design_1/ipshared/5390/hdl/axi_data_fifo_v2_1_vl_rfs.v:63]
INFO: [Synth 8-6157] synthesizing module 'axi_data_fifo_v2_1_25_axic_fifo__parameterized0' [/home/ubuntu/PQC_Falcon/impl_ASIC/fiFFNTT_sim_v1/vivado/vvd_caravel_fpga/vvd_caravel_fpga.gen/sources_1/bd/design_1/ipshared/5390/hdl/axi_data_fifo_v2_1_vl_rfs.v:63]
INFO: [Synth 8-6157] synthesizing module 'axi_data_fifo_v2_1_25_fifo_gen__parameterized0' [/home/ubuntu/PQC_Falcon/impl_ASIC/fiFFNTT_sim_v1/vivado/vvd_caravel_fpga/vvd_caravel_fpga.gen/sources_1/bd/design_1/ipshared/5390/hdl/axi_data_fifo_v2_1_vl_rfs.v:167]
INFO: [Synth 8-6155] done synthesizing module 'axi_data_fifo_v2_1_25_fifo_gen__parameterized0' (0#1) [/home/ubuntu/PQC_Falcon/impl_ASIC/fiFFNTT_sim_v1/vivado/vvd_caravel_fpga/vvd_caravel_fpga.gen/sources_1/bd/design_1/ipshared/5390/hdl/axi_data_fifo_v2_1_vl_rfs.v:167]
INFO: [Synth 8-6155] done synthesizing module 'axi_data_fifo_v2_1_25_axic_fifo__parameterized0' (0#1) [/home/ubuntu/PQC_Falcon/impl_ASIC/fiFFNTT_sim_v1/vivado/vvd_caravel_fpga/vvd_caravel_fpga.gen/sources_1/bd/design_1/ipshared/5390/hdl/axi_data_fifo_v2_1_vl_rfs.v:63]
INFO: [Synth 8-6155] done synthesizing module 'axi_protocol_converter_v2_1_26_a_axi3_conv' (0#1) [/home/ubuntu/PQC_Falcon/impl_ASIC/fiFFNTT_sim_v1/vivado/vvd_caravel_fpga/vvd_caravel_fpga.gen/sources_1/bd/design_1/ipshared/90c8/hdl/axi_protocol_converter_v2_1_vl_rfs.v:61]
INFO: [Synth 8-6157] synthesizing module 'axi_protocol_converter_v2_1_26_w_axi3_conv' [/home/ubuntu/PQC_Falcon/impl_ASIC/fiFFNTT_sim_v1/vivado/vvd_caravel_fpga/vvd_caravel_fpga.gen/sources_1/bd/design_1/ipshared/90c8/hdl/axi_protocol_converter_v2_1_vl_rfs.v:2003]
INFO: [Synth 8-6155] done synthesizing module 'axi_protocol_converter_v2_1_26_w_axi3_conv' (0#1) [/home/ubuntu/PQC_Falcon/impl_ASIC/fiFFNTT_sim_v1/vivado/vvd_caravel_fpga/vvd_caravel_fpga.gen/sources_1/bd/design_1/ipshared/90c8/hdl/axi_protocol_converter_v2_1_vl_rfs.v:2003]
INFO: [Synth 8-6157] synthesizing module 'axi_protocol_converter_v2_1_26_a_axi3_conv__parameterized0' [/home/ubuntu/PQC_Falcon/impl_ASIC/fiFFNTT_sim_v1/vivado/vvd_caravel_fpga/vvd_caravel_fpga.gen/sources_1/bd/design_1/ipshared/90c8/hdl/axi_protocol_converter_v2_1_vl_rfs.v:61]
INFO: [Synth 8-6157] synthesizing module 'axi_data_fifo_v2_1_25_axic_fifo__parameterized1' [/home/ubuntu/PQC_Falcon/impl_ASIC/fiFFNTT_sim_v1/vivado/vvd_caravel_fpga/vvd_caravel_fpga.gen/sources_1/bd/design_1/ipshared/5390/hdl/axi_data_fifo_v2_1_vl_rfs.v:63]
INFO: [Synth 8-6157] synthesizing module 'axi_data_fifo_v2_1_25_fifo_gen__parameterized1' [/home/ubuntu/PQC_Falcon/impl_ASIC/fiFFNTT_sim_v1/vivado/vvd_caravel_fpga/vvd_caravel_fpga.gen/sources_1/bd/design_1/ipshared/5390/hdl/axi_data_fifo_v2_1_vl_rfs.v:167]
INFO: [Synth 8-6155] done synthesizing module 'axi_data_fifo_v2_1_25_fifo_gen__parameterized1' (0#1) [/home/ubuntu/PQC_Falcon/impl_ASIC/fiFFNTT_sim_v1/vivado/vvd_caravel_fpga/vvd_caravel_fpga.gen/sources_1/bd/design_1/ipshared/5390/hdl/axi_data_fifo_v2_1_vl_rfs.v:167]
INFO: [Synth 8-6155] done synthesizing module 'axi_data_fifo_v2_1_25_axic_fifo__parameterized1' (0#1) [/home/ubuntu/PQC_Falcon/impl_ASIC/fiFFNTT_sim_v1/vivado/vvd_caravel_fpga/vvd_caravel_fpga.gen/sources_1/bd/design_1/ipshared/5390/hdl/axi_data_fifo_v2_1_vl_rfs.v:63]
INFO: [Synth 8-6155] done synthesizing module 'axi_protocol_converter_v2_1_26_a_axi3_conv__parameterized0' (0#1) [/home/ubuntu/PQC_Falcon/impl_ASIC/fiFFNTT_sim_v1/vivado/vvd_caravel_fpga/vvd_caravel_fpga.gen/sources_1/bd/design_1/ipshared/90c8/hdl/axi_protocol_converter_v2_1_vl_rfs.v:61]
INFO: [Synth 8-6157] synthesizing module 'axi_protocol_converter_v2_1_26_r_axi3_conv' [/home/ubuntu/PQC_Falcon/impl_ASIC/fiFFNTT_sim_v1/vivado/vvd_caravel_fpga/vvd_caravel_fpga.gen/sources_1/bd/design_1/ipshared/90c8/hdl/axi_protocol_converter_v2_1_vl_rfs.v:1788]
INFO: [Synth 8-6155] done synthesizing module 'axi_protocol_converter_v2_1_26_r_axi3_conv' (0#1) [/home/ubuntu/PQC_Falcon/impl_ASIC/fiFFNTT_sim_v1/vivado/vvd_caravel_fpga/vvd_caravel_fpga.gen/sources_1/bd/design_1/ipshared/90c8/hdl/axi_protocol_converter_v2_1_vl_rfs.v:1788]
INFO: [Synth 8-6155] done synthesizing module 'axi_protocol_converter_v2_1_26_axi3_conv' (0#1) [/home/ubuntu/PQC_Falcon/impl_ASIC/fiFFNTT_sim_v1/vivado/vvd_caravel_fpga/vvd_caravel_fpga.gen/sources_1/bd/design_1/ipshared/90c8/hdl/axi_protocol_converter_v2_1_vl_rfs.v:953]
INFO: [Synth 8-6155] done synthesizing module 'axi_protocol_converter_v2_1_26_axi_protocol_converter' (0#1) [/home/ubuntu/PQC_Falcon/impl_ASIC/fiFFNTT_sim_v1/vivado/vvd_caravel_fpga/vvd_caravel_fpga.gen/sources_1/bd/design_1/ipshared/90c8/hdl/axi_protocol_converter_v2_1_vl_rfs.v:4807]
INFO: [Synth 8-6155] done synthesizing module 'design_1_auto_pc_0' (0#1) [/home/ubuntu/PQC_Falcon/impl_ASIC/fiFFNTT_sim_v1/vivado/vvd_caravel_fpga/vvd_caravel_fpga.gen/sources_1/bd/design_1/ip/design_1_auto_pc_0/synth/design_1_auto_pc_0.v:53]
WARNING: [Synth 8-6014] Unused sequential element S_AXI_AUSER_Q_reg was removed.  [/home/ubuntu/PQC_Falcon/impl_ASIC/fiFFNTT_sim_v1/vivado/vvd_caravel_fpga/vvd_caravel_fpga.gen/sources_1/bd/design_1/ipshared/90c8/hdl/axi_protocol_converter_v2_1_vl_rfs.v:281]
WARNING: [Synth 8-6014] Unused sequential element NO_B_CHANNEL.cmd_b_depth_reg was removed.  [/home/ubuntu/PQC_Falcon/impl_ASIC/fiFFNTT_sim_v1/vivado/vvd_caravel_fpga/vvd_caravel_fpga.gen/sources_1/bd/design_1/ipshared/90c8/hdl/axi_protocol_converter_v2_1_vl_rfs.v:853]
WARNING: [Synth 8-6014] Unused sequential element S_AXI_AUSER_Q_reg was removed.  [/home/ubuntu/PQC_Falcon/impl_ASIC/fiFFNTT_sim_v1/vivado/vvd_caravel_fpga/vvd_caravel_fpga.gen/sources_1/bd/design_1/ipshared/90c8/hdl/axi_protocol_converter_v2_1_vl_rfs.v:281]
WARNING: [Synth 8-6014] Unused sequential element cmd_b_push_block_reg was removed.  [/home/ubuntu/PQC_Falcon/impl_ASIC/fiFFNTT_sim_v1/vivado/vvd_caravel_fpga/vvd_caravel_fpga.gen/sources_1/bd/design_1/ipshared/90c8/hdl/axi_protocol_converter_v2_1_vl_rfs.v:637]
WARNING: [Synth 8-7129] Port ACLK in module axi_protocol_converter_v2_1_26_r_axi3_conv is either unconnected or has no load
WARNING: [Synth 8-7129] Port ARESET in module axi_protocol_converter_v2_1_26_r_axi3_conv is either unconnected or has no load
WARNING: [Synth 8-7129] Port ALMOST_FULL_I in module output_blk__parameterized1 is either unconnected or has no load
WARNING: [Synth 8-7129] Port PROG_FULL_I in module output_blk__parameterized1 is either unconnected or has no load
WARNING: [Synth 8-7129] Port ALMOST_EMPTY_I in module output_blk__parameterized1 is either unconnected or has no load
WARNING: [Synth 8-7129] Port PROG_EMPTY_I in module output_blk__parameterized1 is either unconnected or has no load
WARNING: [Synth 8-7129] Port WR_ACK_I in module output_blk__parameterized1 is either unconnected or has no load
WARNING: [Synth 8-7129] Port VALID_I in module output_blk__parameterized1 is either unconnected or has no load
WARNING: [Synth 8-7129] Port OVERFLOW_I in module output_blk__parameterized1 is either unconnected or has no load
WARNING: [Synth 8-7129] Port UNDERFLOW_I in module output_blk__parameterized1 is either unconnected or has no load
WARNING: [Synth 8-7129] Port DATA_COUNT_I[5] in module output_blk__parameterized1 is either unconnected or has no load
WARNING: [Synth 8-7129] Port DATA_COUNT_I[4] in module output_blk__parameterized1 is either unconnected or has no load
WARNING: [Synth 8-7129] Port DATA_COUNT_I[3] in module output_blk__parameterized1 is either unconnected or has no load
WARNING: [Synth 8-7129] Port DATA_COUNT_I[2] in module output_blk__parameterized1 is either unconnected or has no load
WARNING: [Synth 8-7129] Port DATA_COUNT_I[1] in module output_blk__parameterized1 is either unconnected or has no load
WARNING: [Synth 8-7129] Port DATA_COUNT_I[0] in module output_blk__parameterized1 is either unconnected or has no load
WARNING: [Synth 8-7129] Port WR_DATA_COUNT_I[5] in module output_blk__parameterized1 is either unconnected or has no load
WARNING: [Synth 8-7129] Port WR_DATA_COUNT_I[4] in module output_blk__parameterized1 is either unconnected or has no load
WARNING: [Synth 8-7129] Port WR_DATA_COUNT_I[3] in module output_blk__parameterized1 is either unconnected or has no load
WARNING: [Synth 8-7129] Port WR_DATA_COUNT_I[2] in module output_blk__parameterized1 is either unconnected or has no load
WARNING: [Synth 8-7129] Port WR_DATA_COUNT_I[1] in module output_blk__parameterized1 is either unconnected or has no load
WARNING: [Synth 8-7129] Port WR_DATA_COUNT_I[0] in module output_blk__parameterized1 is either unconnected or has no load
WARNING: [Synth 8-7129] Port RD_DATA_COUNT_I[5] in module output_blk__parameterized1 is either unconnected or has no load
WARNING: [Synth 8-7129] Port RD_DATA_COUNT_I[4] in module output_blk__parameterized1 is either unconnected or has no load
WARNING: [Synth 8-7129] Port RD_DATA_COUNT_I[3] in module output_blk__parameterized1 is either unconnected or has no load
WARNING: [Synth 8-7129] Port RD_DATA_COUNT_I[2] in module output_blk__parameterized1 is either unconnected or has no load
WARNING: [Synth 8-7129] Port RD_DATA_COUNT_I[1] in module output_blk__parameterized1 is either unconnected or has no load
WARNING: [Synth 8-7129] Port RD_DATA_COUNT_I[0] in module output_blk__parameterized1 is either unconnected or has no load
WARNING: [Synth 8-7129] Port SBITERR_I in module output_blk__parameterized1 is either unconnected or has no load
WARNING: [Synth 8-7129] Port DBITERR_I in module output_blk__parameterized1 is either unconnected or has no load
WARNING: [Synth 8-7129] Port SRST_FULL_FF in module wr_status_flags_ss is either unconnected or has no load
WARNING: [Synth 8-7129] Port WR_RST in module wr_status_flags_ss is either unconnected or has no load
WARNING: [Synth 8-7129] Port SRST in module wr_status_flags_ss is either unconnected or has no load
WARNING: [Synth 8-7129] Port SAFETY_CKT_WR_RST in module wr_status_flags_ss is either unconnected or has no load
WARNING: [Synth 8-7129] Port WR_PNTR_PLUS2[4] in module wr_status_flags_ss is either unconnected or has no load
WARNING: [Synth 8-7129] Port WR_PNTR_PLUS2[3] in module wr_status_flags_ss is either unconnected or has no load
WARNING: [Synth 8-7129] Port WR_PNTR_PLUS2[2] in module wr_status_flags_ss is either unconnected or has no load
WARNING: [Synth 8-7129] Port WR_PNTR_PLUS2[1] in module wr_status_flags_ss is either unconnected or has no load
WARNING: [Synth 8-7129] Port WR_PNTR_PLUS2[0] in module wr_status_flags_ss is either unconnected or has no load
WARNING: [Synth 8-7129] Port WR_PNTR_PLUS3[4] in module wr_status_flags_ss is either unconnected or has no load
WARNING: [Synth 8-7129] Port WR_PNTR_PLUS3[3] in module wr_status_flags_ss is either unconnected or has no load
WARNING: [Synth 8-7129] Port WR_PNTR_PLUS3[2] in module wr_status_flags_ss is either unconnected or has no load
WARNING: [Synth 8-7129] Port WR_PNTR_PLUS3[1] in module wr_status_flags_ss is either unconnected or has no load
WARNING: [Synth 8-7129] Port WR_PNTR_PLUS3[0] in module wr_status_flags_ss is either unconnected or has no load
WARNING: [Synth 8-7129] Port SRST in module wr_bin_cntr is either unconnected or has no load
WARNING: [Synth 8-7129] Port WR_EN_INTO_LOGIC in module wr_logic is either unconnected or has no load
WARNING: [Synth 8-7129] Port WR_RST_INTO_LOGIC in module wr_logic is either unconnected or has no load
WARNING: [Synth 8-7129] Port RD_EN in module wr_logic is either unconnected or has no load
WARNING: [Synth 8-7129] Port WR_RST_BUSY in module wr_logic is either unconnected or has no load
WARNING: [Synth 8-7129] Port EMPTY in module wr_logic is either unconnected or has no load
WARNING: [Synth 8-7129] Port ALMOST_EMPTY in module wr_logic is either unconnected or has no load
WARNING: [Synth 8-7129] Port PROG_FULL_THRESH[4] in module wr_logic is either unconnected or has no load
WARNING: [Synth 8-7129] Port PROG_FULL_THRESH[3] in module wr_logic is either unconnected or has no load
WARNING: [Synth 8-7129] Port PROG_FULL_THRESH[2] in module wr_logic is either unconnected or has no load
WARNING: [Synth 8-7129] Port PROG_FULL_THRESH[1] in module wr_logic is either unconnected or has no load
WARNING: [Synth 8-7129] Port PROG_FULL_THRESH[0] in module wr_logic is either unconnected or has no load
WARNING: [Synth 8-7129] Port PROG_FULL_THRESH_ASSERT[4] in module wr_logic is either unconnected or has no load
WARNING: [Synth 8-7129] Port PROG_FULL_THRESH_ASSERT[3] in module wr_logic is either unconnected or has no load
WARNING: [Synth 8-7129] Port PROG_FULL_THRESH_ASSERT[2] in module wr_logic is either unconnected or has no load
WARNING: [Synth 8-7129] Port PROG_FULL_THRESH_ASSERT[1] in module wr_logic is either unconnected or has no load
WARNING: [Synth 8-7129] Port PROG_FULL_THRESH_ASSERT[0] in module wr_logic is either unconnected or has no load
WARNING: [Synth 8-7129] Port PROG_FULL_THRESH_NEGATE[4] in module wr_logic is either unconnected or has no load
WARNING: [Synth 8-7129] Port PROG_FULL_THRESH_NEGATE[3] in module wr_logic is either unconnected or has no load
WARNING: [Synth 8-7129] Port PROG_FULL_THRESH_NEGATE[2] in module wr_logic is either unconnected or has no load
WARNING: [Synth 8-7129] Port PROG_FULL_THRESH_NEGATE[1] in module wr_logic is either unconnected or has no load
WARNING: [Synth 8-7129] Port PROG_FULL_THRESH_NEGATE[0] in module wr_logic is either unconnected or has no load
WARNING: [Synth 8-7129] Port SRST in module rd_fwft is either unconnected or has no load
WARNING: [Synth 8-7129] Port SAFETY_CKT_RD_RST in module rd_fwft is either unconnected or has no load
WARNING: [Synth 8-7129] Port RAM_ALMOST_EMPTY in module rd_fwft is either unconnected or has no load
WARNING: [Synth 8-7129] Port SRST in module rd_status_flags_ss is either unconnected or has no load
WARNING: [Synth 8-7129] Port SAFETY_CKT_RD_RST in module rd_status_flags_ss is either unconnected or has no load
WARNING: [Synth 8-7129] Port RD_PNTR_PLUS2[4] in module rd_status_flags_ss is either unconnected or has no load
WARNING: [Synth 8-7129] Port RD_PNTR_PLUS2[3] in module rd_status_flags_ss is either unconnected or has no load
WARNING: [Synth 8-7129] Port RD_PNTR_PLUS2[2] in module rd_status_flags_ss is either unconnected or has no load
WARNING: [Synth 8-7129] Port RD_PNTR_PLUS2[1] in module rd_status_flags_ss is either unconnected or has no load
WARNING: [Synth 8-7129] Port RD_PNTR_PLUS2[0] in module rd_status_flags_ss is either unconnected or has no load
WARNING: [Synth 8-7129] Port SRST in module rd_bin_cntr is either unconnected or has no load
WARNING: [Synth 8-7129] Port RD_EN_INTO_LOGIC in module rd_logic is either unconnected or has no load
WARNING: [Synth 8-7129] Port RD_RST_INTO_LOGIC in module rd_logic is either unconnected or has no load
WARNING: [Synth 8-7129] Port RD_RST_BUSY in module rd_logic is either unconnected or has no load
WARNING: [Synth 8-7129] Port RST_FULL_FF in module rd_logic is either unconnected or has no load
WARNING: [Synth 8-7129] Port ALMOST_FULL_FB in module rd_logic is either unconnected or has no load
WARNING: [Synth 8-7129] Port FULL in module rd_logic is either unconnected or has no load
WARNING: [Synth 8-7129] Port WR_PNTR_PLUS1_RD[4] in module rd_logic is either unconnected or has no load
WARNING: [Synth 8-7129] Port WR_PNTR_PLUS1_RD[3] in module rd_logic is either unconnected or has no load
WARNING: [Synth 8-7129] Port WR_PNTR_PLUS1_RD[2] in module rd_logic is either unconnected or has no load
WARNING: [Synth 8-7129] Port WR_PNTR_PLUS1_RD[1] in module rd_logic is either unconnected or has no load
WARNING: [Synth 8-7129] Port WR_PNTR_PLUS1_RD[0] in module rd_logic is either unconnected or has no load
WARNING: [Synth 8-7129] Port PROG_EMPTY_THRESH[4] in module rd_logic is either unconnected or has no load
WARNING: [Synth 8-7129] Port PROG_EMPTY_THRESH[3] in module rd_logic is either unconnected or has no load
WARNING: [Synth 8-7129] Port PROG_EMPTY_THRESH[2] in module rd_logic is either unconnected or has no load
WARNING: [Synth 8-7129] Port PROG_EMPTY_THRESH[1] in module rd_logic is either unconnected or has no load
WARNING: [Synth 8-7129] Port PROG_EMPTY_THRESH[0] in module rd_logic is either unconnected or has no load
WARNING: [Synth 8-7129] Port PROG_EMPTY_THRESH_ASSERT[4] in module rd_logic is either unconnected or has no load
WARNING: [Synth 8-7129] Port PROG_EMPTY_THRESH_ASSERT[3] in module rd_logic is either unconnected or has no load
WARNING: [Synth 8-7129] Port PROG_EMPTY_THRESH_ASSERT[2] in module rd_logic is either unconnected or has no load
WARNING: [Synth 8-7129] Port PROG_EMPTY_THRESH_ASSERT[1] in module rd_logic is either unconnected or has no load
WARNING: [Synth 8-7129] Port PROG_EMPTY_THRESH_ASSERT[0] in module rd_logic is either unconnected or has no load
WARNING: [Synth 8-7129] Port PROG_EMPTY_THRESH_NEGATE[4] in module rd_logic is either unconnected or has no load
WARNING: [Synth 8-7129] Port PROG_EMPTY_THRESH_NEGATE[3] in module rd_logic is either unconnected or has no load
INFO: [Common 17-14] Message 'Synth 8-7129' appears 100 times and further instances of the messages will be disabled. Use the Tcl command set_msg_config to change the current settings.
---------------------------------------------------------------------------------
Finished RTL Elaboration : Time (s): cpu = 00:00:15 ; elapsed = 00:00:26 . Memory (MB): peak = 2862.484 ; gain = 0.000 ; free physical = 5328 ; free virtual = 6637
---------------------------------------------------------------------------------
---------------------------------------------------------------------------------
Start Handling Custom Attributes
---------------------------------------------------------------------------------
---------------------------------------------------------------------------------
Finished Handling Custom Attributes : Time (s): cpu = 00:00:15 ; elapsed = 00:00:26 . Memory (MB): peak = 2862.484 ; gain = 0.000 ; free physical = 5326 ; free virtual = 6636
---------------------------------------------------------------------------------
---------------------------------------------------------------------------------
Finished RTL Optimization Phase 1 : Time (s): cpu = 00:00:15 ; elapsed = 00:00:26 . Memory (MB): peak = 2862.484 ; gain = 0.000 ; free physical = 5326 ; free virtual = 6636
---------------------------------------------------------------------------------
Netlist sorting complete. Time (s): cpu = 00:00:00.07 ; elapsed = 00:00:00.07 . Memory (MB): peak = 2862.484 ; gain = 0.000 ; free physical = 5320 ; free virtual = 6631
INFO: [Project 1-570] Preparing netlist for logic optimization

Processing XDC Constraints
Initializing timing engine
Parsing XDC File [/home/ubuntu/PQC_Falcon/impl_ASIC/fiFFNTT_sim_v1/vivado/vvd_caravel_fpga/vvd_caravel_fpga.gen/sources_1/bd/design_1/ip/design_1_auto_pc_0/design_1_auto_pc_0_ooc.xdc] for cell 'inst'
Finished Parsing XDC File [/home/ubuntu/PQC_Falcon/impl_ASIC/fiFFNTT_sim_v1/vivado/vvd_caravel_fpga/vvd_caravel_fpga.gen/sources_1/bd/design_1/ip/design_1_auto_pc_0/design_1_auto_pc_0_ooc.xdc] for cell 'inst'
Parsing XDC File [/home/ubuntu/PQC_Falcon/impl_ASIC/fiFFNTT_sim_v1/vivado/vvd_caravel_fpga/vvd_caravel_fpga.runs/design_1_auto_pc_0_synth_1/dont_touch.xdc]
Finished Parsing XDC File [/home/ubuntu/PQC_Falcon/impl_ASIC/fiFFNTT_sim_v1/vivado/vvd_caravel_fpga/vvd_caravel_fpga.runs/design_1_auto_pc_0_synth_1/dont_touch.xdc]
INFO: [Project 1-1714] 3 XPM XDC files have been applied to the design.
Completed Processing XDC Constraints

Netlist sorting complete. Time (s): cpu = 00:00:00 ; elapsed = 00:00:00 . Memory (MB): peak = 2918.305 ; gain = 0.000 ; free physical = 5195 ; free virtual = 6523
INFO: [Project 1-111] Unisim Transformation Summary:
No Unisim elements were transformed.

Constraint Validation Runtime : Time (s): cpu = 00:00:00.05 ; elapsed = 00:00:00.06 . Memory (MB): peak = 2918.305 ; gain = 0.000 ; free physical = 5195 ; free virtual = 6523
INFO: [Designutils 20-5008] Incremental synthesis strategy off
---------------------------------------------------------------------------------
Finished Constraint Validation : Time (s): cpu = 00:00:25 ; elapsed = 00:00:37 . Memory (MB): peak = 2918.305 ; gain = 55.820 ; free physical = 4938 ; free virtual = 6312
---------------------------------------------------------------------------------
---------------------------------------------------------------------------------
Start Loading Part and Timing Information
---------------------------------------------------------------------------------
Loading part: xc7z020clg400-1
---------------------------------------------------------------------------------
Finished Loading Part and Timing Information : Time (s): cpu = 00:00:25 ; elapsed = 00:00:37 . Memory (MB): peak = 2918.305 ; gain = 55.820 ; free physical = 4938 ; free virtual = 6312
---------------------------------------------------------------------------------
---------------------------------------------------------------------------------
Start Applying 'set_property' XDC Constraints
---------------------------------------------------------------------------------
Applied set_property KEEP_HIERARCHY = SOFT for inst. (constraint file  /home/ubuntu/PQC_Falcon/impl_ASIC/fiFFNTT_sim_v1/vivado/vvd_caravel_fpga/vvd_caravel_fpga.runs/design_1_auto_pc_0_synth_1/dont_touch.xdc, line 9).
Applied set_property KEEP_HIERARCHY = SOFT for inst/\gen_axi4_axi3.axi3_conv_inst /\USE_WRITE.write_addr_inst /\USE_BURSTS.cmd_queue /inst/fifo_gen_inst/inst_fifo_gen/\gconvfifo.rf /\grf.rf /rstblk/\ngwrdrst.grst.g7serrst.gnsckt_wrst.rst_wr_reg2_inst . (constraint file  auto generated constraint).
Applied set_property KEEP_HIERARCHY = SOFT for inst/\gen_axi4_axi3.axi3_conv_inst /\USE_WRITE.write_addr_inst /\USE_B_CHANNEL.cmd_b_queue /inst/fifo_gen_inst/inst_fifo_gen/\gconvfifo.rf /\grf.rf /rstblk/\ngwrdrst.grst.g7serrst.gnsckt_wrst.rst_wr_reg2_inst . (constraint file  auto generated constraint).
Applied set_property KEEP_HIERARCHY = SOFT for inst/\gen_axi4_axi3.axi3_conv_inst /\USE_READ.USE_SPLIT_R.read_addr_inst /\USE_R_CHANNEL.cmd_queue /inst/fifo_gen_inst/inst_fifo_gen/\gconvfifo.rf /\grf.rf /rstblk/\ngwrdrst.grst.g7serrst.gnsckt_wrst.rst_wr_reg2_inst . (constraint file  auto generated constraint).
---------------------------------------------------------------------------------
Finished applying 'set_property' XDC Constraints : Time (s): cpu = 00:00:25 ; elapsed = 00:00:37 . Memory (MB): peak = 2918.305 ; gain = 55.820 ; free physical = 4938 ; free virtual = 6312
---------------------------------------------------------------------------------
INFO: [Synth 8-802] inferred FSM for state register 'gpregsm1.curr_fwft_state_reg' in module 'rd_fwft'
INFO: [Synth 8-6159] Found Keep on FSM register 'gpregsm1.curr_fwft_state_reg' in module 'rd_fwft', re-encoding will not be performed
---------------------------------------------------------------------------------------------------
                   State |                     New Encoding |                Previous Encoding 
---------------------------------------------------------------------------------------------------
                 invalid |                               00 |                               00
            stage1_valid |                               10 |                               10
       both_stages_valid |                               11 |                               11
            stage2_valid |                               01 |                               01
---------------------------------------------------------------------------------------------------
---------------------------------------------------------------------------------
Finished RTL Optimization Phase 2 : Time (s): cpu = 00:00:27 ; elapsed = 00:00:39 . Memory (MB): peak = 2918.305 ; gain = 55.820 ; free physical = 4851 ; free virtual = 6228
---------------------------------------------------------------------------------
---------------------------------------------------------------------------------
Start RTL Component Statistics 
---------------------------------------------------------------------------------
Detailed RTL Component Info : 
+---Adders : 
	   2 Input   32 Bit       Adders := 2     
	   2 Input    8 Bit       Adders := 1     
	   2 Input    6 Bit       Adders := 3     
	   2 Input    5 Bit       Adders := 8     
	   2 Input    4 Bit       Adders := 3     
+---XORs : 
	   2 Input      1 Bit         XORs := 60    
+---Registers : 
	               32 Bit    Registers := 6     
	               16 Bit    Registers := 2     
	               12 Bit    Registers := 2     
	                8 Bit    Registers := 3     
	                6 Bit    Registers := 5     
	                5 Bit    Registers := 14    
	                4 Bit    Registers := 12    
	                3 Bit    Registers := 4     
	                2 Bit    Registers := 14    
	                1 Bit    Registers := 55    
+---Muxes : 
	   8 Input   32 Bit        Muxes := 2     
	   2 Input   32 Bit        Muxes := 2     
	   3 Input   16 Bit        Muxes := 2     
	   2 Input   16 Bit        Muxes := 2     
	   8 Input   12 Bit        Muxes := 2     
	   2 Input    8 Bit        Muxes := 2     
	   2 Input    4 Bit        Muxes := 3     
	   2 Input    2 Bit        Muxes := 39    
	   4 Input    2 Bit        Muxes := 3     
	   5 Input    2 Bit        Muxes := 3     
	   3 Input    2 Bit        Muxes := 2     
	   3 Input    1 Bit        Muxes := 3     
	   2 Input    1 Bit        Muxes := 27    
	   4 Input    1 Bit        Muxes := 6     
---------------------------------------------------------------------------------
Finished RTL Component Statistics 
---------------------------------------------------------------------------------
---------------------------------------------------------------------------------
Start Part Resource Summary
---------------------------------------------------------------------------------
Part Resources:
DSPs: 220 (col length:60)
BRAMs: 280 (col length: RAMB18 60 RAMB36 30)
---------------------------------------------------------------------------------
Finished Part Resource Summary
---------------------------------------------------------------------------------
---------------------------------------------------------------------------------
Start Cross Boundary and Area Optimization
---------------------------------------------------------------------------------
WARNING: [Synth 8-7080] Parallel synthesis criteria is not met
---------------------------------------------------------------------------------
Finished Cross Boundary and Area Optimization : Time (s): cpu = 00:00:30 ; elapsed = 00:00:45 . Memory (MB): peak = 2918.305 ; gain = 55.820 ; free physical = 4434 ; free virtual = 5830
---------------------------------------------------------------------------------
---------------------------------------------------------------------------------
Start ROM, RAM, DSP, Shift Register and Retiming Reporting
---------------------------------------------------------------------------------

Distributed RAM: Preliminary Mapping Report (see note below)
+-------------------------------------------------------------------------------------------------------------------+-------------------------------------------------------------------------------+----------------+----------------------+---------------+
|Module Name                                                                                                        | RTL Object                                                                    | Inference      | Size (Depth x Width) | Primitives    | 
+-------------------------------------------------------------------------------------------------------------------+-------------------------------------------------------------------------------+----------------+----------------------+---------------+
|inst/\gen_axi4_axi3.axi3_conv_inst/USE_WRITE.write_addr_inst/USE_BURSTS.cmd_queue/inst/fifo_gen_inst               | inst_fifo_gen/gconvfifo.rf/grf.rf/gntv_or_sync_fifo.mem/gdm.dm_gen.dm/RAM_reg | User Attribute | 32 x 6               | RAM32M x 1    | 
|inst/\gen_axi4_axi3.axi3_conv_inst/USE_WRITE.write_addr_inst/USE_B_CHANNEL.cmd_b_queue/inst/fifo_gen_inst          | inst_fifo_gen/gconvfifo.rf/grf.rf/gntv_or_sync_fifo.mem/gdm.dm_gen.dm/RAM_reg | User Attribute | 32 x 5               | RAM32M x 1    | 
|inst/\gen_axi4_axi3.axi3_conv_inst/USE_READ.USE_SPLIT_R.read_addr_inst/USE_R_CHANNEL.cmd_queue/inst/fifo_gen_inst  | inst_fifo_gen/gconvfifo.rf/grf.rf/gntv_or_sync_fifo.mem/gdm.dm_gen.dm/RAM_reg | User Attribute | 32 x 1               | RAM32X1D x 1  | 
+-------------------------------------------------------------------------------------------------------------------+-------------------------------------------------------------------------------+----------------+----------------------+---------------+

Note: The table above is a preliminary report that shows the Distributed RAMs at the current stage of the synthesis flow. Some Distributed RAMs may be reimplemented as non Distributed RAM primitives later in the synthesis flow. Multiple instantiated RAMs are reported only once.
---------------------------------------------------------------------------------
Finished ROM, RAM, DSP, Shift Register and Retiming Reporting
---------------------------------------------------------------------------------
---------------------------------------------------------------------------------
Start Applying XDC Timing Constraints
---------------------------------------------------------------------------------
---------------------------------------------------------------------------------
Finished Applying XDC Timing Constraints : Time (s): cpu = 00:00:37 ; elapsed = 00:00:52 . Memory (MB): peak = 2918.305 ; gain = 55.820 ; free physical = 4243 ; free virtual = 5649
---------------------------------------------------------------------------------
---------------------------------------------------------------------------------
Start Timing Optimization
---------------------------------------------------------------------------------
---------------------------------------------------------------------------------
Finished Timing Optimization : Time (s): cpu = 00:00:38 ; elapsed = 00:00:54 . Memory (MB): peak = 2918.305 ; gain = 55.820 ; free physical = 4209 ; free virtual = 5616
---------------------------------------------------------------------------------
---------------------------------------------------------------------------------
Start ROM, RAM, DSP, Shift Register and Retiming Reporting
---------------------------------------------------------------------------------

Distributed RAM: Final Mapping Report
+-------------------------------------------------------------------------------------------------------------------+-------------------------------------------------------------------------------+----------------+----------------------+---------------+
|Module Name                                                                                                        | RTL Object                                                                    | Inference      | Size (Depth x Width) | Primitives    | 
+-------------------------------------------------------------------------------------------------------------------+-------------------------------------------------------------------------------+----------------+----------------------+---------------+
|inst/\gen_axi4_axi3.axi3_conv_inst/USE_WRITE.write_addr_inst/USE_BURSTS.cmd_queue/inst/fifo_gen_inst               | inst_fifo_gen/gconvfifo.rf/grf.rf/gntv_or_sync_fifo.mem/gdm.dm_gen.dm/RAM_reg | User Attribute | 32 x 6               | RAM32M x 1    | 
|inst/\gen_axi4_axi3.axi3_conv_inst/USE_WRITE.write_addr_inst/USE_B_CHANNEL.cmd_b_queue/inst/fifo_gen_inst          | inst_fifo_gen/gconvfifo.rf/grf.rf/gntv_or_sync_fifo.mem/gdm.dm_gen.dm/RAM_reg | User Attribute | 32 x 5               | RAM32M x 1    | 
|inst/\gen_axi4_axi3.axi3_conv_inst/USE_READ.USE_SPLIT_R.read_addr_inst/USE_R_CHANNEL.cmd_queue/inst/fifo_gen_inst  | inst_fifo_gen/gconvfifo.rf/grf.rf/gntv_or_sync_fifo.mem/gdm.dm_gen.dm/RAM_reg | User Attribute | 32 x 1               | RAM32X1D x 1  | 
+-------------------------------------------------------------------------------------------------------------------+-------------------------------------------------------------------------------+----------------+----------------------+---------------+

---------------------------------------------------------------------------------
Finished ROM, RAM, DSP, Shift Register and Retiming Reporting
---------------------------------------------------------------------------------
---------------------------------------------------------------------------------
Start Technology Mapping
---------------------------------------------------------------------------------
---------------------------------------------------------------------------------
Finished Technology Mapping : Time (s): cpu = 00:00:39 ; elapsed = 00:00:55 . Memory (MB): peak = 2918.305 ; gain = 55.820 ; free physical = 4209 ; free virtual = 5616
---------------------------------------------------------------------------------
---------------------------------------------------------------------------------
Start IO Insertion
---------------------------------------------------------------------------------
---------------------------------------------------------------------------------
Start Flattening Before IO Insertion
---------------------------------------------------------------------------------
---------------------------------------------------------------------------------
Finished Flattening Before IO Insertion
---------------------------------------------------------------------------------
---------------------------------------------------------------------------------
Start Final Netlist Cleanup
---------------------------------------------------------------------------------
---------------------------------------------------------------------------------
Finished Final Netlist Cleanup
---------------------------------------------------------------------------------
---------------------------------------------------------------------------------
Finished IO Insertion : Time (s): cpu = 00:00:46 ; elapsed = 00:01:02 . Memory (MB): peak = 2918.305 ; gain = 55.820 ; free physical = 4225 ; free virtual = 5635
---------------------------------------------------------------------------------
---------------------------------------------------------------------------------
Start Renaming Generated Instances
---------------------------------------------------------------------------------
---------------------------------------------------------------------------------
Finished Renaming Generated Instances : Time (s): cpu = 00:00:46 ; elapsed = 00:01:02 . Memory (MB): peak = 2918.305 ; gain = 55.820 ; free physical = 4225 ; free virtual = 5635
---------------------------------------------------------------------------------
---------------------------------------------------------------------------------
Start Rebuilding User Hierarchy
---------------------------------------------------------------------------------
---------------------------------------------------------------------------------
Finished Rebuilding User Hierarchy : Time (s): cpu = 00:00:46 ; elapsed = 00:01:02 . Memory (MB): peak = 2918.305 ; gain = 55.820 ; free physical = 4219 ; free virtual = 5629
---------------------------------------------------------------------------------
---------------------------------------------------------------------------------
Start Renaming Generated Ports
---------------------------------------------------------------------------------
---------------------------------------------------------------------------------
Finished Renaming Generated Ports : Time (s): cpu = 00:00:46 ; elapsed = 00:01:02 . Memory (MB): peak = 2918.305 ; gain = 55.820 ; free physical = 4218 ; free virtual = 5628
---------------------------------------------------------------------------------
---------------------------------------------------------------------------------
Start Handling Custom Attributes
---------------------------------------------------------------------------------
---------------------------------------------------------------------------------
Finished Handling Custom Attributes : Time (s): cpu = 00:00:46 ; elapsed = 00:01:02 . Memory (MB): peak = 2918.305 ; gain = 55.820 ; free physical = 4216 ; free virtual = 5626
---------------------------------------------------------------------------------
---------------------------------------------------------------------------------
Start Renaming Generated Nets
---------------------------------------------------------------------------------
---------------------------------------------------------------------------------
Finished Renaming Generated Nets : Time (s): cpu = 00:00:46 ; elapsed = 00:01:02 . Memory (MB): peak = 2918.305 ; gain = 55.820 ; free physical = 4215 ; free virtual = 5625
---------------------------------------------------------------------------------
---------------------------------------------------------------------------------
Start Writing Synthesis Report
---------------------------------------------------------------------------------

Report BlackBoxes: 
+-+--------------+----------+
| |BlackBox name |Instances |
+-+--------------+----------+
+-+--------------+----------+

Report Cell Usage: 
+------+---------+------+
|      |Cell     |Count |
+------+---------+------+
|1     |CARRY4   |    16|
|2     |LUT1     |    51|
|3     |LUT2     |    51|
|4     |LUT3     |    53|
|5     |LUT4     |    63|
|6     |LUT5     |   163|
|7     |LUT6     |    85|
|8     |RAM32M   |     2|
|9     |RAM32X1D |     1|
|10    |FDCE     |    69|
|11    |FDPE     |    33|
|12    |FDRE     |   329|
|13    |FDSE     |     5|
+------+---------+------+
---------------------------------------------------------------------------------
Finished Writing Synthesis Report : Time (s): cpu = 00:00:46 ; elapsed = 00:01:02 . Memory (MB): peak = 2918.305 ; gain = 55.820 ; free physical = 4214 ; free virtual = 5624
---------------------------------------------------------------------------------
Synthesis finished with 0 errors, 0 critical warnings and 1618 warnings.
Synthesis Optimization Runtime : Time (s): cpu = 00:00:42 ; elapsed = 00:00:58 . Memory (MB): peak = 2918.305 ; gain = 0.000 ; free physical = 4245 ; free virtual = 5655
Synthesis Optimization Complete : Time (s): cpu = 00:00:46 ; elapsed = 00:01:02 . Memory (MB): peak = 2918.312 ; gain = 55.820 ; free physical = 4245 ; free virtual = 5655
INFO: [Project 1-571] Translating synthesized netlist
Netlist sorting complete. Time (s): cpu = 00:00:00.04 ; elapsed = 00:00:00.04 . Memory (MB): peak = 2918.312 ; gain = 0.000 ; free physical = 4325 ; free virtual = 5735
INFO: [Netlist 29-17] Analyzing 19 Unisim elements for replacement
INFO: [Netlist 29-28] Unisim Transformation completed in 0 CPU seconds
INFO: [Project 1-570] Preparing netlist for logic optimization
INFO: [Opt 31-138] Pushed 0 inverter(s) to 0 load pin(s).
Netlist sorting complete. Time (s): cpu = 00:00:00.01 ; elapsed = 00:00:00 . Memory (MB): peak = 2918.312 ; gain = 0.000 ; free physical = 4281 ; free virtual = 5691
INFO: [Project 1-111] Unisim Transformation Summary:
  A total of 3 instances were transformed.
  RAM32M => RAM32M (RAMD32(x6), RAMS32(x2)): 2 instances
  RAM32X1D => RAM32X1D (RAMD32(x2)): 1 instance 

Synth Design complete, checksum: a1a9c744
INFO: [Common 17-83] Releasing license: Synthesis
52 Infos, 109 Warnings, 0 Critical Warnings and 0 Errors encountered.
synth_design completed successfully
synth_design: Time (s): cpu = 00:00:56 ; elapsed = 00:01:12 . Memory (MB): peak = 2918.312 ; gain = 55.828 ; free physical = 4478 ; free virtual = 5888
INFO: [Common 17-1381] The checkpoint '/home/ubuntu/PQC_Falcon/impl_ASIC/fiFFNTT_sim_v1/vivado/vvd_caravel_fpga/vvd_caravel_fpga.runs/design_1_auto_pc_0_synth_1/design_1_auto_pc_0.dcp' has been generated.
INFO: [Coretcl 2-1648] Added synthesis output to IP cache for IP design_1_auto_pc_0, cache-ID = e281a1806c49e3c4
INFO: [Coretcl 2-1174] Renamed 57 cell refs.
INFO: [Common 17-1381] The checkpoint '/home/ubuntu/PQC_Falcon/impl_ASIC/fiFFNTT_sim_v1/vivado/vvd_caravel_fpga/vvd_caravel_fpga.runs/design_1_auto_pc_0_synth_1/design_1_auto_pc_0.dcp' has been generated.
INFO: [runtcl-4] Executing : report_utilization -file design_1_auto_pc_0_utilization_synth.rpt -pb design_1_auto_pc_0_utilization_synth.pb
INFO: [Common 17-206] Exiting Vivado at Mon May 27 09:40:16 2024...
