

================================================================
== Vitis HLS Report for 'streamtoparallelwithburst'
================================================================
* Date:           Wed May 29 12:58:14 2024

* Version:        2022.1 (Build 3526262 on Mon Apr 18 15:47:01 MDT 2022)
* Project:        hls_userdma.prj
* Solution:       solution1 (Vivado IP Flow Target)
* Product family: zynq
* Target device:  xc7z020-clg400-1


================================================================
== Performance Estimates
================================================================
+ Timing: 
    * Summary: 
    +--------+----------+----------+------------+
    |  Clock |  Target  | Estimated| Uncertainty|
    +--------+----------+----------+------------+
    |ap_clk  |  10.00 ns|  7.300 ns|     2.70 ns|
    +--------+----------+----------+------------+

+ Latency: 
    * Summary: 
    +---------+---------+----------+----------+-----+-----+---------+
    |  Latency (cycles) |  Latency (absolute) |  Interval | Pipeline|
    |   min   |   max   |    min   |    max   | min | max |   Type  |
    +---------+---------+----------+----------+-----+-----+---------+
    |        ?|        ?|         ?|         ?|    ?|    ?|       no|
    +---------+---------+----------+----------+-----+-----+---------+

    + Detail: 
        * Instance: 
        +---------------------------------------------------------------+----------------------------------------------------+---------+---------+----------+----------+-----+-----+---------+
        |                                                               |                                                    |  Latency (cycles) |  Latency (absolute) |  Interval | Pipeline|
        |                            Instance                           |                       Module                       |   min   |   max   |    min   |    max   | min | max |   Type  |
        +---------------------------------------------------------------+----------------------------------------------------+---------+---------+----------+----------+-----+-----+---------+
        |grp_streamtoparallelwithburst_Pipeline_VITIS_LOOP_25_2_fu_129  |streamtoparallelwithburst_Pipeline_VITIS_LOOP_25_2  |        ?|        ?|         ?|         ?|    ?|    ?|       no|
        +---------------------------------------------------------------+----------------------------------------------------+---------+---------+----------+----------+-----+-----+---------+

        * Loop: 
        +-------------------+---------+---------+----------+-----------+-----------+------+----------+
        |                   |  Latency (cycles) | Iteration|  Initiation Interval  | Trip |          |
        |     Loop Name     |   min   |   max   |  Latency |  achieved |   target  | Count| Pipelined|
        +-------------------+---------+---------+----------+-----------+-----------+------+----------+
        |- VITIS_LOOP_21_1  |        ?|        ?|         ?|          -|          -|     ?|        no|
        +-------------------+---------+---------+----------+-----------+-----------+------+----------+



================================================================
== Utilization Estimates
================================================================
* Summary: 
+-----------------+---------+-----+--------+-------+-----+
|       Name      | BRAM_18K| DSP |   FF   |  LUT  | URAM|
+-----------------+---------+-----+--------+-------+-----+
|DSP              |        -|    -|       -|      -|    -|
|Expression       |        -|    -|       0|    477|    -|
|FIFO             |        -|    -|       -|      -|    -|
|Instance         |        -|    -|     441|    932|    -|
|Memory           |        -|    -|       -|      -|    -|
|Multiplexer      |        -|    -|       -|    129|    -|
|Register         |        -|    -|     314|      -|    -|
+-----------------+---------+-----+--------+-------+-----+
|Total            |        0|    0|     755|   1538|    0|
+-----------------+---------+-----+--------+-------+-----+
|Available        |      280|  220|  106400|  53200|    0|
+-----------------+---------+-----+--------+-------+-----+
|Utilization (%)  |        0|    0|      ~0|      2|    0|
+-----------------+---------+-----+--------+-------+-----+

+ Detail: 
    * Instance: 
    +---------------------------------------------------------------+----------------------------------------------------+---------+----+-----+-----+-----+
    |                            Instance                           |                       Module                       | BRAM_18K| DSP|  FF | LUT | URAM|
    +---------------------------------------------------------------+----------------------------------------------------+---------+----+-----+-----+-----+
    |grp_streamtoparallelwithburst_Pipeline_VITIS_LOOP_25_2_fu_129  |streamtoparallelwithburst_Pipeline_VITIS_LOOP_25_2  |        0|   0|  441|  932|    0|
    +---------------------------------------------------------------+----------------------------------------------------+---------+----+-----+-----+-----+
    |Total                                                          |                                                    |        0|   0|  441|  932|    0|
    +---------------------------------------------------------------+----------------------------------------------------+---------+----+-----+-----+-----+

    * DSP: 
    N/A

    * Memory: 
    N/A

    * FIFO: 
    N/A

    * Expression: 
    +-----------------------------+----------+----+---+----+------------+------------+
    |        Variable Name        | Operation| DSP| FF| LUT| Bitwidth P0| Bitwidth P1|
    +-----------------------------+----------+----+---+----+------------+------------+
    |add_ln47_fu_329_p2           |         +|   0|  0|  71|          64|          15|
    |add_ln9_fu_303_p2            |         +|   0|  0|  71|          64|          64|
    |final_s2m_len_V_3_fu_308_p2  |         +|   0|  0|  39|          32|          32|
    |sub_ln39_1_fu_258_p2         |         -|   0|  0|  39|           1|          32|
    |sub_ln39_fu_213_p2           |         -|   0|  0|  39|           1|          32|
    |icmp_ln1065_1_fu_150_p2      |      icmp|   0|  0|   8|           2|           1|
    |icmp_ln1065_2_fu_324_p2      |      icmp|   0|  0|  18|          32|          11|
    |icmp_ln1065_fu_144_p2        |      icmp|   0|  0|   8|           2|           1|
    |icmp_ln1073_fu_341_p2        |      icmp|   0|  0|  14|          22|           1|
    |ap_block_state1              |        or|   0|  0|   2|           1|           1|
    |even_fu_156_p2               |        or|   0|  0|   2|           1|           1|
    |select_ln38_fu_285_p3        |    select|   0|  0|  32|           1|          32|
    |select_ln39_fu_277_p3        |    select|   0|  0|  32|           1|          32|
    |select_ln46_fu_334_p3        |    select|   0|  0|  64|           1|          64|
    |shl_ln30_fu_197_p2           |       shl|   0|  0|  17|           4|           8|
    |shl_ln32_fu_207_p2           |       shl|   0|  0|  17|           4|           8|
    |xor_ln30_fu_187_p2           |       xor|   0|  0|   4|           3|           4|
    +-----------------------------+----------+----+---+----+------------+------------+
    |Total                        |          |   0|  0| 477|         236|         339|
    +-----------------------------+----------+----+---+----+------------+------------+

    * Multiplexer: 
    +-------------------------+----+-----------+-----+-----------+
    |           Name          | LUT| Input Size| Bits| Total Bits|
    +-------------------------+----+-----------+-----+-----------+
    |ap_NS_fsm                |  25|          5|    1|          5|
    |ap_done                  |   9|          2|    1|          2|
    |final_s2m_len_V_fu_98    |   9|          2|   32|         64|
    |inbuf_read               |   9|          2|    1|          2|
    |incount25_blk_n          |   9|          2|    1|          2|
    |kernel_mode_blk_n        |   9|          2|    1|          2|
    |m_axi_gmem0_AWVALID      |   9|          2|    1|          2|
    |m_axi_gmem0_BREADY       |   9|          2|    1|          2|
    |m_axi_gmem0_WVALID       |   9|          2|    1|          2|
    |out_memory_assign_fu_94  |   9|          2|   64|        128|
    |out_memory_blk_n         |   9|          2|    1|          2|
    |s2m_buf_sts              |  14|          3|    1|          3|
    +-------------------------+----+-----------+-----+-----------+
    |Total                    | 129|         28|  106|        216|
    +-------------------------+----+-----------+-----+-----------+

    * Register: 
    +----------------------------------------------------------------------------+----+----+-----+-----------+
    |                                    Name                                    | FF | LUT| Bits| Const Bits|
    +----------------------------------------------------------------------------+----+----+-----+-----------+
    |add_ln9_reg_425                                                             |  64|   0|   64|          0|
    |ap_CS_fsm                                                                   |   4|   0|    4|          0|
    |ap_done_reg                                                                 |   1|   0|    1|          0|
    |even_reg_369                                                                |   1|   0|    1|          0|
    |final_s2m_len_V_3_reg_431                                                   |  32|   0|   32|          0|
    |final_s2m_len_V_fu_98                                                       |  32|   0|   32|          0|
    |grp_streamtoparallelwithburst_Pipeline_VITIS_LOOP_25_2_fu_129_ap_start_reg  |   1|   0|    1|          0|
    |lshr_ln39_1_reg_410                                                         |  31|   0|   31|          0|
    |out_memory_assign_fu_94                                                     |  64|   0|   64|          0|
    |s2m_buf_sts_preg                                                            |   1|   0|    1|          0|
    |shl_ln30_2_reg_415                                                          |   3|   0|    6|          3|
    |shl_ln30_reg_400                                                            |   8|   0|    8|          0|
    |shl_ln32_2_reg_420                                                          |   3|   0|    6|          3|
    |shl_ln32_reg_405                                                            |   8|   0|    8|          0|
    |tmp_3_reg_437                                                               |  22|   0|   22|          0|
    |tmp_4_reg_382                                                               |  32|   0|   32|          0|
    |tmp_reg_374                                                                 |   1|   0|    1|          0|
    |trunc_ln30_reg_390                                                          |   3|   0|    3|          0|
    |xor_ln30_reg_395                                                            |   3|   0|    3|          0|
    +----------------------------------------------------------------------------+----+----+-----+-----------+
    |Total                                                                       | 314|   0|  320|          6|
    +----------------------------------------------------------------------------+----+----+-----+-----------+



================================================================
== Interface
================================================================
* Summary: 
+----------------------------+-----+-----+------------+---------------------------+--------------+
|          RTL Ports         | Dir | Bits|  Protocol  |       Source Object       |    C Type    |
+----------------------------+-----+-----+------------+---------------------------+--------------+
|ap_clk                      |   in|    1|  ap_ctrl_hs|  streamtoparallelwithburst|  return value|
|ap_rst                      |   in|    1|  ap_ctrl_hs|  streamtoparallelwithburst|  return value|
|ap_start                    |   in|    1|  ap_ctrl_hs|  streamtoparallelwithburst|  return value|
|ap_done                     |  out|    1|  ap_ctrl_hs|  streamtoparallelwithburst|  return value|
|ap_continue                 |   in|    1|  ap_ctrl_hs|  streamtoparallelwithburst|  return value|
|ap_idle                     |  out|    1|  ap_ctrl_hs|  streamtoparallelwithburst|  return value|
|ap_ready                    |  out|    1|  ap_ctrl_hs|  streamtoparallelwithburst|  return value|
|inbuf_dout                  |   in|   33|     ap_fifo|                      inbuf|       pointer|
|inbuf_num_data_valid        |   in|   11|     ap_fifo|                      inbuf|       pointer|
|inbuf_fifo_cap              |   in|   11|     ap_fifo|                      inbuf|       pointer|
|inbuf_empty_n               |   in|    1|     ap_fifo|                      inbuf|       pointer|
|inbuf_read                  |  out|    1|     ap_fifo|                      inbuf|       pointer|
|incount25_dout              |   in|   32|     ap_fifo|                  incount25|       pointer|
|incount25_num_data_valid    |   in|    3|     ap_fifo|                  incount25|       pointer|
|incount25_fifo_cap          |   in|    3|     ap_fifo|                  incount25|       pointer|
|incount25_empty_n           |   in|    1|     ap_fifo|                  incount25|       pointer|
|incount25_read              |  out|    1|     ap_fifo|                  incount25|       pointer|
|s2m_buf_sts                 |  out|    1|      ap_vld|                s2m_buf_sts|       pointer|
|s2m_buf_sts_ap_vld          |  out|    1|      ap_vld|                s2m_buf_sts|       pointer|
|kernel_mode_dout            |   in|    2|     ap_fifo|                kernel_mode|       pointer|
|kernel_mode_num_data_valid  |   in|    2|     ap_fifo|                kernel_mode|       pointer|
|kernel_mode_fifo_cap        |   in|    2|     ap_fifo|                kernel_mode|       pointer|
|kernel_mode_empty_n         |   in|    1|     ap_fifo|                kernel_mode|       pointer|
|kernel_mode_read            |  out|    1|     ap_fifo|                kernel_mode|       pointer|
|m_axi_gmem0_AWVALID         |  out|    1|       m_axi|                      gmem0|       pointer|
|m_axi_gmem0_AWREADY         |   in|    1|       m_axi|                      gmem0|       pointer|
|m_axi_gmem0_AWADDR          |  out|   64|       m_axi|                      gmem0|       pointer|
|m_axi_gmem0_AWID            |  out|    1|       m_axi|                      gmem0|       pointer|
|m_axi_gmem0_AWLEN           |  out|   32|       m_axi|                      gmem0|       pointer|
|m_axi_gmem0_AWSIZE          |  out|    3|       m_axi|                      gmem0|       pointer|
|m_axi_gmem0_AWBURST         |  out|    2|       m_axi|                      gmem0|       pointer|
|m_axi_gmem0_AWLOCK          |  out|    2|       m_axi|                      gmem0|       pointer|
|m_axi_gmem0_AWCACHE         |  out|    4|       m_axi|                      gmem0|       pointer|
|m_axi_gmem0_AWPROT          |  out|    3|       m_axi|                      gmem0|       pointer|
|m_axi_gmem0_AWQOS           |  out|    4|       m_axi|                      gmem0|       pointer|
|m_axi_gmem0_AWREGION        |  out|    4|       m_axi|                      gmem0|       pointer|
|m_axi_gmem0_AWUSER          |  out|    1|       m_axi|                      gmem0|       pointer|
|m_axi_gmem0_WVALID          |  out|    1|       m_axi|                      gmem0|       pointer|
|m_axi_gmem0_WREADY          |   in|    1|       m_axi|                      gmem0|       pointer|
|m_axi_gmem0_WDATA           |  out|   64|       m_axi|                      gmem0|       pointer|
|m_axi_gmem0_WSTRB           |  out|    8|       m_axi|                      gmem0|       pointer|
|m_axi_gmem0_WLAST           |  out|    1|       m_axi|                      gmem0|       pointer|
|m_axi_gmem0_WID             |  out|    1|       m_axi|                      gmem0|       pointer|
|m_axi_gmem0_WUSER           |  out|    1|       m_axi|                      gmem0|       pointer|
|m_axi_gmem0_ARVALID         |  out|    1|       m_axi|                      gmem0|       pointer|
|m_axi_gmem0_ARREADY         |   in|    1|       m_axi|                      gmem0|       pointer|
|m_axi_gmem0_ARADDR          |  out|   64|       m_axi|                      gmem0|       pointer|
|m_axi_gmem0_ARID            |  out|    1|       m_axi|                      gmem0|       pointer|
|m_axi_gmem0_ARLEN           |  out|   32|       m_axi|                      gmem0|       pointer|
|m_axi_gmem0_ARSIZE          |  out|    3|       m_axi|                      gmem0|       pointer|
|m_axi_gmem0_ARBURST         |  out|    2|       m_axi|                      gmem0|       pointer|
|m_axi_gmem0_ARLOCK          |  out|    2|       m_axi|                      gmem0|       pointer|
|m_axi_gmem0_ARCACHE         |  out|    4|       m_axi|                      gmem0|       pointer|
|m_axi_gmem0_ARPROT          |  out|    3|       m_axi|                      gmem0|       pointer|
|m_axi_gmem0_ARQOS           |  out|    4|       m_axi|                      gmem0|       pointer|
|m_axi_gmem0_ARREGION        |  out|    4|       m_axi|                      gmem0|       pointer|
|m_axi_gmem0_ARUSER          |  out|    1|       m_axi|                      gmem0|       pointer|
|m_axi_gmem0_RVALID          |   in|    1|       m_axi|                      gmem0|       pointer|
|m_axi_gmem0_RREADY          |  out|    1|       m_axi|                      gmem0|       pointer|
|m_axi_gmem0_RDATA           |   in|   64|       m_axi|                      gmem0|       pointer|
|m_axi_gmem0_RLAST           |   in|    1|       m_axi|                      gmem0|       pointer|
|m_axi_gmem0_RID             |   in|    1|       m_axi|                      gmem0|       pointer|
|m_axi_gmem0_RFIFONUM        |   in|    9|       m_axi|                      gmem0|       pointer|
|m_axi_gmem0_RUSER           |   in|    1|       m_axi|                      gmem0|       pointer|
|m_axi_gmem0_RRESP           |   in|    2|       m_axi|                      gmem0|       pointer|
|m_axi_gmem0_BVALID          |   in|    1|       m_axi|                      gmem0|       pointer|
|m_axi_gmem0_BREADY          |  out|    1|       m_axi|                      gmem0|       pointer|
|m_axi_gmem0_BRESP           |   in|    2|       m_axi|                      gmem0|       pointer|
|m_axi_gmem0_BID             |   in|    1|       m_axi|                      gmem0|       pointer|
|m_axi_gmem0_BUSER           |   in|    1|       m_axi|                      gmem0|       pointer|
|out_memory_dout             |   in|   64|     ap_fifo|                 out_memory|       pointer|
|out_memory_num_data_valid   |   in|    3|     ap_fifo|                 out_memory|       pointer|
|out_memory_fifo_cap         |   in|    3|     ap_fifo|                 out_memory|       pointer|
|out_memory_empty_n          |   in|    1|     ap_fifo|                 out_memory|       pointer|
|out_memory_read             |  out|    1|     ap_fifo|                 out_memory|       pointer|
+----------------------------+-----+-----+------------+---------------------------+--------------+

============================================================
+ Verbose Summary: Synthesis Manager
============================================================
InlineROM: 1
ExposeGlobal: 0
============================================================
+ Verbose Summary: CDFG Model
============================================================
IsTopModel: 0
ResetActiveHigh: 1
IsCombinational: 2
IsDatapathOnly: 0
HasWiredReturn: 1
HasMFsm: 0
HasVarLatency: 1
IsPipeline: 0
IsRtlPipelined: 0
IsInstanceOverlapped: 0
IsDontTouch: 0
HasImplIP: 0
IsGatedGlobalClock: 0


============================================================
+ Verbose Summary: Schedule
============================================================
* Number of FSM states : 4
* Pipeline : 0
* Dataflow Pipeline: 0

* FSM state transitions: 
1 --> 2 
2 --> 3 
3 --> 4 
4 --> 2 

* FSM state operations: 

State 1 <SV = 0> <Delay = 5.57>
ST_1 : Operation 5 [1/1] (0.00ns)   --->   "%out_memory_assign = alloca i32 1"   --->   Operation 5 'alloca' 'out_memory_assign' <Predicate = true> <Delay = 0.00>
ST_1 : Operation 6 [1/1] (0.00ns)   --->   "%final_s2m_len_V = alloca i32 1"   --->   Operation 6 'alloca' 'final_s2m_len_V' <Predicate = true> <Delay = 0.00>
ST_1 : Operation 7 [1/1] (0.00ns)   --->   "%specinterface_ln0 = specinterface void @_ssdm_op_SpecInterface, i64 %out_memory, void @ap_fifo_str, i32 0, i32 0, void @p_str, i32 0, i32 0, void @p_str, void @p_str, void @p_str, i32 2, i32 2, i32 16, i32 16, void @p_str, void @ScalarProp_str, i32 4294967295, i32 0"   --->   Operation 7 'specinterface' 'specinterface_ln0' <Predicate = true> <Delay = 0.00>
ST_1 : Operation 8 [1/1] (3.63ns)   --->   "%out_memory_read = read i64 @_ssdm_op_Read.ap_fifo.i64P0A, i64 %out_memory"   --->   Operation 8 'read' 'out_memory_read' <Predicate = true> <Delay = 3.63> <CoreInst = "FIFO_SRL">   --->   Core 81 'FIFO_SRL' <Latency = 0> <II = 1> <Delay = 3.63> <Storage> <Opcode : 'read' 'write' 'nbread' 'nbwrite'> <Ports = 0> <Width = 64> <Depth = 3> <FIFO>
ST_1 : Operation 9 [1/1] (0.00ns)   --->   "%specinterface_ln0 = specinterface void @_ssdm_op_SpecInterface, i2 %kernel_mode, void @ap_fifo_str, i32 0, i32 0, void @p_str, i32 0, i32 0, void @p_str, void @p_str, void @p_str, i32 2, i32 2, i32 16, i32 16, void @p_str, void @ScalarProp_str, i32 4294967295, i32 0"   --->   Operation 9 'specinterface' 'specinterface_ln0' <Predicate = true> <Delay = 0.00>
ST_1 : Operation 10 [1/1] (3.63ns)   --->   "%kernel_mode_read = read i2 @_ssdm_op_Read.ap_fifo.i2P0A, i2 %kernel_mode"   --->   Operation 10 'read' 'kernel_mode_read' <Predicate = true> <Delay = 3.63> <CoreInst = "FIFO_SRL">   --->   Core 81 'FIFO_SRL' <Latency = 0> <II = 1> <Delay = 3.63> <Storage> <Opcode : 'read' 'write' 'nbread' 'nbwrite'> <Ports = 0> <Width = 2> <Depth = 2> <FIFO>
ST_1 : Operation 11 [1/1] (0.00ns)   --->   "%specinterface_ln0 = specinterface void @_ssdm_op_SpecInterface, i32 %incount25, void @empty_16, i32 0, i32 0, void @empty_3, i32 0, i32 0, void @empty_3, void @empty_3, void @empty_3, i32 0, i32 0, i32 0, i32 0, void @empty_3, void @empty_3, i32 4294967295, i32 0"   --->   Operation 11 'specinterface' 'specinterface_ln0' <Predicate = true> <Delay = 0.00>
ST_1 : Operation 12 [1/1] (0.00ns)   --->   "%specinterface_ln0 = specinterface void @_ssdm_op_SpecInterface, i33 %inbuf, void @empty_16, i32 0, i32 0, void @empty_3, i32 0, i32 0, void @empty_3, void @empty_3, void @empty_3, i32 0, i32 0, i32 0, i32 0, void @empty_3, void @empty_3, i32 4294967295, i32 0"   --->   Operation 12 'specinterface' 'specinterface_ln0' <Predicate = true> <Delay = 0.00>
ST_1 : Operation 13 [1/1] (0.00ns)   --->   "%specinterface_ln0 = specinterface void @_ssdm_op_SpecInterface, i64 %gmem0, void @empty_4, i32 0, i32 0, void @empty_3, i32 0, i32 1024, void @empty_2, void @empty_1, void @empty_3, i32 16, i32 16, i32 16, i32 256, void @empty_3, void @empty_3, i32 4294967295, i32 0"   --->   Operation 13 'specinterface' 'specinterface_ln0' <Predicate = true> <Delay = 0.00>
ST_1 : Operation 14 [1/1] (0.95ns)   --->   "%icmp_ln1065 = icmp_eq  i2 %kernel_mode_read, i2 0"   --->   Operation 14 'icmp' 'icmp_ln1065' <Predicate = true> <Delay = 0.95> <CoreInst = "Cmp">   --->   Core 9 'Cmp' <Latency = 0> <II = 1> <Delay = 0.95> <FuncUnit> <Opcode : 'icmp'> <InPorts = 2> <OutPorts = 1>
ST_1 : Operation 15 [1/1] (0.95ns)   --->   "%icmp_ln1065_1 = icmp_eq  i2 %kernel_mode_read, i2 1"   --->   Operation 15 'icmp' 'icmp_ln1065_1' <Predicate = true> <Delay = 0.95> <CoreInst = "Cmp">   --->   Core 9 'Cmp' <Latency = 0> <II = 1> <Delay = 0.95> <FuncUnit> <Opcode : 'icmp'> <InPorts = 2> <OutPorts = 1>
ST_1 : Operation 16 [1/1] (0.97ns)   --->   "%even = or i1 %icmp_ln1065, i1 %icmp_ln1065_1" [userdma.cpp:17]   --->   Operation 16 'or' 'even' <Predicate = true> <Delay = 0.97> <CoreInst = "LogicGate">   --->   Core 74 'LogicGate' <Latency = 0> <II = 1> <Delay = 0.97> <FuncUnit> <Opcode : 'and' 'or' 'xor'> <InPorts = 2> <OutPorts = 1>
ST_1 : Operation 17 [1/1] (0.00ns)   --->   "%write_ln19 = write void @_ssdm_op_Write.ap_auto.volatile.i1P0A, i1 %s2m_buf_sts, i1 0" [userdma.cpp:19]   --->   Operation 17 'write' 'write_ln19' <Predicate = true> <Delay = 0.00>
ST_1 : Operation 18 [1/1] (0.00ns)   --->   "%tmp = bitselect i1 @_ssdm_op_BitSelect.i1.i2.i32, i2 %kernel_mode_read, i32 1" [userdma.cpp:38]   --->   Operation 18 'bitselect' 'tmp' <Predicate = true> <Delay = 0.00>
ST_1 : Operation 19 [1/1] (1.58ns)   --->   "%store_ln21 = store i32 0, i32 %final_s2m_len_V" [userdma.cpp:21]   --->   Operation 19 'store' 'store_ln21' <Predicate = true> <Delay = 1.58>
ST_1 : Operation 20 [1/1] (1.58ns)   --->   "%store_ln21 = store i64 %out_memory_read, i64 %out_memory_assign" [userdma.cpp:21]   --->   Operation 20 'store' 'store_ln21' <Predicate = true> <Delay = 1.58>
ST_1 : Operation 21 [1/1] (0.00ns)   --->   "%br_ln21 = br void %VITIS_LOOP_25_2" [userdma.cpp:21]   --->   Operation 21 'br' 'br_ln21' <Predicate = true> <Delay = 0.00>

State 2 <SV = 1> <Delay = 6.18>
ST_2 : Operation 22 [1/1] (0.00ns)   --->   "%out_memory_assign_load = load i64 %out_memory_assign" [userdma.cpp:30]   --->   Operation 22 'load' 'out_memory_assign_load' <Predicate = true> <Delay = 0.00>
ST_2 : Operation 23 [1/1] (3.63ns)   --->   "%tmp_4 = read i32 @_ssdm_op_Read.ap_fifo.volatile.i32P0A, i32 %incount25" [/tools/Xilinx/Vitis_HLS/2022.1/common/technology/autopilot/hls_stream_39.h:145]   --->   Operation 23 'read' 'tmp_4' <Predicate = true> <Delay = 3.63> <CoreInst = "FIFO_SRL">   --->   Core 81 'FIFO_SRL' <Latency = 0> <II = 1> <Delay = 3.63> <Storage> <Opcode : 'read' 'write' 'nbread' 'nbwrite'> <Ports = 0> <Width = 32> <Depth = 4> <FIFO>
ST_2 : Operation 24 [1/1] (0.00ns)   --->   "%trunc_ln30 = trunc i64 %out_memory_assign_load" [userdma.cpp:30]   --->   Operation 24 'trunc' 'trunc_ln30' <Predicate = true> <Delay = 0.00>
ST_2 : Operation 25 [1/1] (0.96ns)   --->   "%xor_ln30 = xor i3 %trunc_ln30, i3 4" [userdma.cpp:30]   --->   Operation 25 'xor' 'xor_ln30' <Predicate = true> <Delay = 0.96> <CoreInst = "LogicGate">   --->   Core 74 'LogicGate' <Latency = 0> <II = 1> <Delay = 0.97> <FuncUnit> <Opcode : 'and' 'or' 'xor'> <InPorts = 2> <OutPorts = 1>
ST_2 : Operation 26 [1/1] (0.00ns)   --->   "%zext_ln30 = zext i3 %xor_ln30" [userdma.cpp:30]   --->   Operation 26 'zext' 'zext_ln30' <Predicate = true> <Delay = 0.00>
ST_2 : Operation 27 [1/1] (2.66ns)   --->   "%shl_ln30 = shl i8 15, i8 %zext_ln30" [userdma.cpp:30]   --->   Operation 27 'shl' 'shl_ln30' <Predicate = true> <Delay = 2.66> <CoreInst = "Shifter">   --->   Core 75 'Shifter' <Latency = 0> <II = 1> <Delay = 3.14> <FuncUnit> <Opcode : 'shl' 'lshr' 'ashr'> <InPorts = 2> <OutPorts = 1>
ST_2 : Operation 28 [1/1] (0.00ns)   --->   "%zext_ln32 = zext i3 %trunc_ln30" [userdma.cpp:32]   --->   Operation 28 'zext' 'zext_ln32' <Predicate = true> <Delay = 0.00>
ST_2 : Operation 29 [1/1] (2.66ns)   --->   "%shl_ln32 = shl i8 15, i8 %zext_ln32" [userdma.cpp:32]   --->   Operation 29 'shl' 'shl_ln32' <Predicate = true> <Delay = 2.66> <CoreInst = "Shifter">   --->   Core 75 'Shifter' <Latency = 0> <II = 1> <Delay = 3.14> <FuncUnit> <Opcode : 'shl' 'lshr' 'ashr'> <InPorts = 2> <OutPorts = 1>
ST_2 : Operation 30 [1/1] (2.55ns)   --->   "%sub_ln39 = sub i32 0, i32 %tmp_4" [userdma.cpp:39]   --->   Operation 30 'sub' 'sub_ln39' <Predicate = (!tmp)> <Delay = 2.55> <CoreInst = "Adder">   --->   Core 1 'Adder' <Latency = 0> <II = 1> <Delay = 2.55> <FuncUnit> <Opcode : 'add' 'sub'> <InPorts = 2> <OutPorts = 1>
ST_2 : Operation 31 [1/1] (0.00ns)   --->   "%lshr_ln39_1 = partselect i31 @_ssdm_op_PartSelect.i31.i32.i32.i32, i32 %sub_ln39, i32 1, i32 31" [userdma.cpp:39]   --->   Operation 31 'partselect' 'lshr_ln39_1' <Predicate = (!tmp)> <Delay = 0.00>

State 3 <SV = 2> <Delay = 6.74>
ST_3 : Operation 32 [1/1] (0.00ns)   --->   "%final_s2m_len_V_2 = load i32 %final_s2m_len_V" [userdma.cpp:14]   --->   Operation 32 'load' 'final_s2m_len_V_2' <Predicate = true> <Delay = 0.00>
ST_3 : Operation 33 [1/1] (0.00ns)   --->   "%shl_ln30_2 = bitconcatenate i6 @_ssdm_op_BitConcatenate.i6.i3.i3, i3 %xor_ln30, i3 0" [userdma.cpp:30]   --->   Operation 33 'bitconcatenate' 'shl_ln30_2' <Predicate = true> <Delay = 0.00>
ST_3 : Operation 34 [1/1] (0.00ns)   --->   "%shl_ln32_2 = bitconcatenate i6 @_ssdm_op_BitConcatenate.i6.i3.i3, i3 %trunc_ln30, i3 0" [userdma.cpp:32]   --->   Operation 34 'bitconcatenate' 'shl_ln32_2' <Predicate = true> <Delay = 0.00>
ST_3 : Operation 35 [1/1] (0.00ns)   --->   "%empty = wait i32 @_ssdm_op_Wait"   --->   Operation 35 'wait' 'empty' <Predicate = true> <Delay = 0.00>
ST_3 : Operation 36 [2/2] (4.06ns)   --->   "%call_ln145 = call void @streamtoparallelwithburst_Pipeline_VITIS_LOOP_25_2, i32 %tmp_4, i1 %even, i64 %out_memory_assign_load, i6 %shl_ln30_2, i64 %gmem0, i8 %shl_ln30, i33 %inbuf, i6 %shl_ln32_2, i8 %shl_ln32" [/tools/Xilinx/Vitis_HLS/2022.1/common/technology/autopilot/hls_stream_39.h:145]   --->   Operation 36 'call' 'call_ln145' <Predicate = true> <Delay = 4.06> <CoreType = "Generic">   --->   Core 0 '' <Latency = 0> <II = 1> <Delay = 1.00> <Generic> <Opcode : >
ST_3 : Operation 37 [1/1] (0.00ns) (grouped into LUT with out node select_ln38)   --->   "%tmp_2 = bitselect i1 @_ssdm_op_BitSelect.i1.i32.i32, i32 %tmp_4, i32 31" [userdma.cpp:39]   --->   Operation 37 'bitselect' 'tmp_2' <Predicate = (!tmp)> <Delay = 0.00>
ST_3 : Operation 38 [1/1] (0.00ns)   --->   "%zext_ln39 = zext i31 %lshr_ln39_1" [userdma.cpp:39]   --->   Operation 38 'zext' 'zext_ln39' <Predicate = (!tmp)> <Delay = 0.00>
ST_3 : Operation 39 [1/1] (2.52ns)   --->   "%sub_ln39_1 = sub i32 0, i32 %zext_ln39" [userdma.cpp:39]   --->   Operation 39 'sub' 'sub_ln39_1' <Predicate = (!tmp)> <Delay = 2.52> <CoreInst = "Adder">   --->   Core 1 'Adder' <Latency = 0> <II = 1> <Delay = 2.55> <FuncUnit> <Opcode : 'add' 'sub'> <InPorts = 2> <OutPorts = 1>
ST_3 : Operation 40 [1/1] (0.00ns) (grouped into LUT with out node select_ln38)   --->   "%lshr_ln39_2 = partselect i31 @_ssdm_op_PartSelect.i31.i32.i32.i32, i32 %tmp_4, i32 1, i32 31" [userdma.cpp:39]   --->   Operation 40 'partselect' 'lshr_ln39_2' <Predicate = (!tmp)> <Delay = 0.00>
ST_3 : Operation 41 [1/1] (0.00ns) (grouped into LUT with out node select_ln38)   --->   "%zext_ln39_1 = zext i31 %lshr_ln39_2" [userdma.cpp:39]   --->   Operation 41 'zext' 'zext_ln39_1' <Predicate = (!tmp)> <Delay = 0.00>
ST_3 : Operation 42 [1/1] (0.00ns) (grouped into LUT with out node select_ln38)   --->   "%select_ln39 = select i1 %tmp_2, i32 %sub_ln39_1, i32 %zext_ln39_1" [userdma.cpp:39]   --->   Operation 42 'select' 'select_ln39' <Predicate = (!tmp)> <Delay = 0.00> <CoreInst = "Sel">   --->   Core 73 'Sel' <Latency = 0> <II = 1> <Delay = 0.69> <FuncUnit> <Opcode : 'select'> <InPorts = 3> <OutPorts = 1>
ST_3 : Operation 43 [1/1] (0.69ns) (out node of the LUT)   --->   "%select_ln38 = select i1 %tmp, i32 %tmp_4, i32 %select_ln39" [userdma.cpp:38]   --->   Operation 43 'select' 'select_ln38' <Predicate = true> <Delay = 0.69> <CoreInst = "Sel">   --->   Core 73 'Sel' <Latency = 0> <II = 1> <Delay = 0.69> <FuncUnit> <Opcode : 'select'> <InPorts = 3> <OutPorts = 1>
ST_3 : Operation 44 [1/1] (0.00ns)   --->   "%shl_ln = bitconcatenate i35 @_ssdm_op_BitConcatenate.i35.i32.i3, i32 %select_ln38, i3 0" [userdma.cpp:42]   --->   Operation 44 'bitconcatenate' 'shl_ln' <Predicate = true> <Delay = 0.00>
ST_3 : Operation 45 [1/1] (0.00ns)   --->   "%sext_ln9 = sext i35 %shl_ln" [userdma.cpp:9]   --->   Operation 45 'sext' 'sext_ln9' <Predicate = true> <Delay = 0.00>
ST_3 : Operation 46 [1/1] (3.52ns)   --->   "%add_ln9 = add i64 %out_memory_assign_load, i64 %sext_ln9" [userdma.cpp:9]   --->   Operation 46 'add' 'add_ln9' <Predicate = true> <Delay = 3.52> <CoreInst = "Adder">   --->   Core 1 'Adder' <Latency = 0> <II = 1> <Delay = 3.52> <FuncUnit> <Opcode : 'add' 'sub'> <InPorts = 2> <OutPorts = 1>
ST_3 : Operation 47 [1/1] (2.55ns)   --->   "%final_s2m_len_V_3 = add i32 %select_ln38, i32 %final_s2m_len_V_2" [userdma.cpp:14]   --->   Operation 47 'add' 'final_s2m_len_V_3' <Predicate = true> <Delay = 2.55> <CoreInst = "Adder">   --->   Core 1 'Adder' <Latency = 0> <II = 1> <Delay = 2.55> <FuncUnit> <Opcode : 'add' 'sub'> <InPorts = 2> <OutPorts = 1>
ST_3 : Operation 48 [1/1] (0.00ns)   --->   "%tmp_3 = partselect i22 @_ssdm_op_PartSelect.i22.i32.i32.i32, i32 %final_s2m_len_V_3, i32 10, i32 31"   --->   Operation 48 'partselect' 'tmp_3' <Predicate = true> <Delay = 0.00>

State 4 <SV = 3> <Delay = 6.58>
ST_4 : Operation 49 [1/1] (0.00ns)   --->   "%specloopname_ln14 = specloopname void @_ssdm_op_SpecLoopName, void @empty_7" [userdma.cpp:14]   --->   Operation 49 'specloopname' 'specloopname_ln14' <Predicate = true> <Delay = 0.00>
ST_4 : Operation 50 [1/2] (0.00ns)   --->   "%call_ln145 = call void @streamtoparallelwithburst_Pipeline_VITIS_LOOP_25_2, i32 %tmp_4, i1 %even, i64 %out_memory_assign_load, i6 %shl_ln30_2, i64 %gmem0, i8 %shl_ln30, i33 %inbuf, i6 %shl_ln32_2, i8 %shl_ln32" [/tools/Xilinx/Vitis_HLS/2022.1/common/technology/autopilot/hls_stream_39.h:145]   --->   Operation 50 'call' 'call_ln145' <Predicate = true> <Delay = 0.00> <CoreType = "Generic">   --->   Core 0 '' <Latency = 0> <II = 1> <Delay = 1.00> <Generic> <Opcode : >
ST_4 : Operation 51 [1/1] (2.47ns)   --->   "%icmp_ln1065_2 = icmp_eq  i32 %final_s2m_len_V_3, i32 1024"   --->   Operation 51 'icmp' 'icmp_ln1065_2' <Predicate = true> <Delay = 2.47> <CoreInst = "Cmp">   --->   Core 9 'Cmp' <Latency = 0> <II = 1> <Delay = 2.47> <FuncUnit> <Opcode : 'icmp'> <InPorts = 2> <OutPorts = 1>
ST_4 : Operation 52 [1/1] (3.52ns)   --->   "%add_ln47 = add i64 %add_ln9, i64 18446744073709543424" [userdma.cpp:47]   --->   Operation 52 'add' 'add_ln47' <Predicate = true> <Delay = 3.52> <CoreInst = "Adder">   --->   Core 1 'Adder' <Latency = 0> <II = 1> <Delay = 3.52> <FuncUnit> <Opcode : 'add' 'sub'> <InPorts = 2> <OutPorts = 1>
ST_4 : Operation 53 [1/1] (1.48ns)   --->   "%select_ln46 = select i1 %icmp_ln1065_2, i64 %add_ln47, i64 %add_ln9" [userdma.cpp:46]   --->   Operation 53 'select' 'select_ln46' <Predicate = true> <Delay = 1.48> <CoreInst = "Sel">   --->   Core 73 'Sel' <Latency = 0> <II = 1> <Delay = 1.48> <FuncUnit> <Opcode : 'select'> <InPorts = 3> <OutPorts = 1>
ST_4 : Operation 54 [1/1] (2.44ns)   --->   "%icmp_ln1073 = icmp_eq  i22 %tmp_3, i22 0"   --->   Operation 54 'icmp' 'icmp_ln1073' <Predicate = true> <Delay = 2.44> <CoreInst = "Cmp">   --->   Core 9 'Cmp' <Latency = 0> <II = 1> <Delay = 2.44> <FuncUnit> <Opcode : 'icmp'> <InPorts = 2> <OutPorts = 1>
ST_4 : Operation 55 [1/1] (0.00ns)   --->   "%br_ln49 = br i1 %icmp_ln1073, void %do.end, void %VITIS_LOOP_25_2.VITIS_LOOP_25_2_crit_edge" [userdma.cpp:49]   --->   Operation 55 'br' 'br_ln49' <Predicate = true> <Delay = 0.00>
ST_4 : Operation 56 [1/1] (1.58ns)   --->   "%store_ln49 = store i32 %final_s2m_len_V_3, i32 %final_s2m_len_V" [userdma.cpp:49]   --->   Operation 56 'store' 'store_ln49' <Predicate = (icmp_ln1073)> <Delay = 1.58>
ST_4 : Operation 57 [1/1] (1.58ns)   --->   "%store_ln49 = store i64 %select_ln46, i64 %out_memory_assign" [userdma.cpp:49]   --->   Operation 57 'store' 'store_ln49' <Predicate = (icmp_ln1073)> <Delay = 1.58>
ST_4 : Operation 58 [1/1] (0.00ns)   --->   "%br_ln49 = br void %VITIS_LOOP_25_2" [userdma.cpp:49]   --->   Operation 58 'br' 'br_ln49' <Predicate = (icmp_ln1073)> <Delay = 0.00>
ST_4 : Operation 59 [1/1] (0.00ns)   --->   "%write_ln51 = write void @_ssdm_op_Write.ap_auto.volatile.i1P0A, i1 %s2m_buf_sts, i1 1" [userdma.cpp:51]   --->   Operation 59 'write' 'write_ln51' <Predicate = (!icmp_ln1073)> <Delay = 0.00>
ST_4 : Operation 60 [1/1] (0.00ns)   --->   "%ret_ln53 = ret" [userdma.cpp:53]   --->   Operation 60 'ret' 'ret_ln53' <Predicate = (!icmp_ln1073)> <Delay = 0.00>


============================================================
+ Verbose Summary: Binding
============================================================
STG Binding: 
---------------- STG Properties BEGIN ----------------
- Is combinational: 0
- Is one-state seq: 0
- Is datapath-only: 0
- Is pipelined: 0
- Is top level: 0
Port [ Return ] is wired: 1; IO mode=ap_ctrl_hs:ce=0
Port [ inbuf]:  wired=1; compound=1; hidden=0; nouse=0; global=0; static=0; extern=0; dir=0; type=3; pingpong=0; private_global=0; IO mode=ap_fifo:ce=0
Port [ incount25]:  wired=1; compound=1; hidden=0; nouse=0; global=0; static=0; extern=0; dir=0; type=3; pingpong=0; private_global=0; IO mode=ap_fifo:ce=0
Port [ s2m_buf_sts]:  wired=1; compound=0; hidden=0; nouse=0; global=0; static=0; extern=0; dir=1; type=0; pingpong=0; private_global=0; IO mode=ap_vld:ce=0
Port [ kernel_mode]:  wired=1; compound=1; hidden=0; nouse=0; global=0; static=0; extern=0; dir=0; type=3; pingpong=0; private_global=0; IO mode=ap_fifo:ce=0
Port [ gmem0]:  wired=1; compound=1; hidden=0; nouse=0; global=0; static=0; extern=0; dir=1; type=4; pingpong=0; private_global=0; IO mode=m_axi:ce=0
Port [ out_memory]:  wired=1; compound=1; hidden=0; nouse=0; global=0; static=0; extern=0; dir=0; type=3; pingpong=0; private_global=0; IO mode=ap_fifo:ce=0
---------------- STG Properties END ------------------

---------------- Datapath Model BEGIN ----------------

<LifeTime>
<method=bitvector/>
out_memory_assign      (alloca        ) [ 01111]
final_s2m_len_V        (alloca        ) [ 01111]
specinterface_ln0      (specinterface ) [ 00000]
out_memory_read        (read          ) [ 00000]
specinterface_ln0      (specinterface ) [ 00000]
kernel_mode_read       (read          ) [ 00000]
specinterface_ln0      (specinterface ) [ 00000]
specinterface_ln0      (specinterface ) [ 00000]
specinterface_ln0      (specinterface ) [ 00000]
icmp_ln1065            (icmp          ) [ 00000]
icmp_ln1065_1          (icmp          ) [ 00000]
even                   (or            ) [ 00111]
write_ln19             (write         ) [ 00000]
tmp                    (bitselect     ) [ 00111]
store_ln21             (store         ) [ 00000]
store_ln21             (store         ) [ 00000]
br_ln21                (br            ) [ 00000]
out_memory_assign_load (load          ) [ 00011]
tmp_4                  (read          ) [ 00011]
trunc_ln30             (trunc         ) [ 00010]
xor_ln30               (xor           ) [ 00010]
zext_ln30              (zext          ) [ 00000]
shl_ln30               (shl           ) [ 00011]
zext_ln32              (zext          ) [ 00000]
shl_ln32               (shl           ) [ 00011]
sub_ln39               (sub           ) [ 00000]
lshr_ln39_1            (partselect    ) [ 00010]
final_s2m_len_V_2      (load          ) [ 00000]
shl_ln30_2             (bitconcatenate) [ 00001]
shl_ln32_2             (bitconcatenate) [ 00001]
empty                  (wait          ) [ 00000]
tmp_2                  (bitselect     ) [ 00000]
zext_ln39              (zext          ) [ 00000]
sub_ln39_1             (sub           ) [ 00000]
lshr_ln39_2            (partselect    ) [ 00000]
zext_ln39_1            (zext          ) [ 00000]
select_ln39            (select        ) [ 00000]
select_ln38            (select        ) [ 00000]
shl_ln                 (bitconcatenate) [ 00000]
sext_ln9               (sext          ) [ 00000]
add_ln9                (add           ) [ 00001]
final_s2m_len_V_3      (add           ) [ 00001]
tmp_3                  (partselect    ) [ 00001]
specloopname_ln14      (specloopname  ) [ 00000]
call_ln145             (call          ) [ 00000]
icmp_ln1065_2          (icmp          ) [ 00000]
add_ln47               (add           ) [ 00000]
select_ln46            (select        ) [ 00000]
icmp_ln1073            (icmp          ) [ 00111]
br_ln49                (br            ) [ 00000]
store_ln49             (store         ) [ 00000]
store_ln49             (store         ) [ 00000]
br_ln49                (br            ) [ 00000]
write_ln51             (write         ) [ 00000]
ret_ln53               (ret           ) [ 00000]
</LifeTime>

<model>

<comp_list>
<comp id="0" class="1000" name="inbuf">
<pin_list>
<pin id="1" dir="1" index="0" bw="1" slack="0"/>
</pin_list>
<bind>
<StgValue><ssdm name="inbuf"/></StgValue>
</bind>
</comp>

<comp id="2" class="1000" name="incount25">
<pin_list>
<pin id="3" dir="1" index="0" bw="1" slack="0"/>
</pin_list>
<bind>
<StgValue><ssdm name="incount25"/></StgValue>
</bind>
</comp>

<comp id="4" class="1000" name="s2m_buf_sts">
<pin_list>
<pin id="5" dir="1" index="0" bw="1" slack="0"/>
</pin_list>
<bind>
<StgValue><ssdm name="s2m_buf_sts"/></StgValue>
</bind>
</comp>

<comp id="6" class="1000" name="kernel_mode">
<pin_list>
<pin id="7" dir="1" index="0" bw="1" slack="0"/>
</pin_list>
<bind>
<StgValue><ssdm name="kernel_mode"/></StgValue>
</bind>
</comp>

<comp id="8" class="1000" name="gmem0">
<pin_list>
<pin id="9" dir="1" index="0" bw="1" slack="0"/>
</pin_list>
<bind>
<StgValue><ssdm name="gmem0"/></StgValue>
</bind>
</comp>

<comp id="10" class="1000" name="out_memory">
<pin_list>
<pin id="11" dir="1" index="0" bw="1" slack="0"/>
</pin_list>
<bind>
<StgValue><ssdm name="out_memory"/></StgValue>
</bind>
</comp>

<comp id="12" class="1001" name="const_12">
<pin_list>
<pin id="13" dir="1" index="0" bw="1" slack="0"/>
</pin_list>
<bind>
<StgValue><ssdm name=""/></StgValue>
</bind>
</comp>

<comp id="14" class="1001" name="const_14">
<pin_list>
<pin id="15" dir="1" index="0" bw="1" slack="2147483647"/>
</pin_list>
<bind>
<StgValue><ssdm name="_ssdm_op_SpecInterface"/></StgValue>
</bind>
</comp>

<comp id="16" class="1001" name="const_16">
<pin_list>
<pin id="17" dir="1" index="0" bw="1" slack="2147483647"/>
</pin_list>
<bind>
<StgValue><ssdm name="ap_fifo_str"/></StgValue>
</bind>
</comp>

<comp id="18" class="1001" name="const_18">
<pin_list>
<pin id="19" dir="1" index="0" bw="1" slack="0"/>
</pin_list>
<bind>
<StgValue><ssdm name=""/></StgValue>
</bind>
</comp>

<comp id="20" class="1001" name="const_20">
<pin_list>
<pin id="21" dir="1" index="0" bw="1" slack="2147483647"/>
</pin_list>
<bind>
<StgValue><ssdm name="p_str"/></StgValue>
</bind>
</comp>

<comp id="22" class="1001" name="const_22">
<pin_list>
<pin id="23" dir="1" index="0" bw="1" slack="2147483647"/>
</pin_list>
<bind>
<StgValue><ssdm name=""/></StgValue>
</bind>
</comp>

<comp id="24" class="1001" name="const_24">
<pin_list>
<pin id="25" dir="1" index="0" bw="1" slack="2147483647"/>
</pin_list>
<bind>
<StgValue><ssdm name=""/></StgValue>
</bind>
</comp>

<comp id="26" class="1001" name="const_26">
<pin_list>
<pin id="27" dir="1" index="0" bw="1" slack="2147483647"/>
</pin_list>
<bind>
<StgValue><ssdm name="ScalarProp_str"/></StgValue>
</bind>
</comp>

<comp id="28" class="1001" name="const_28">
<pin_list>
<pin id="29" dir="1" index="0" bw="1" slack="2147483647"/>
</pin_list>
<bind>
<StgValue><ssdm name=""/></StgValue>
</bind>
</comp>

<comp id="30" class="1001" name="const_30">
<pin_list>
<pin id="31" dir="1" index="0" bw="1" slack="0"/>
</pin_list>
<bind>
<StgValue><ssdm name="_ssdm_op_Read.ap_fifo.i64P0A"/></StgValue>
</bind>
</comp>

<comp id="32" class="1001" name="const_32">
<pin_list>
<pin id="33" dir="1" index="0" bw="1" slack="0"/>
</pin_list>
<bind>
<StgValue><ssdm name="_ssdm_op_Read.ap_fifo.i2P0A"/></StgValue>
</bind>
</comp>

<comp id="34" class="1001" name="const_34">
<pin_list>
<pin id="35" dir="1" index="0" bw="1" slack="2147483647"/>
</pin_list>
<bind>
<StgValue><ssdm name="empty_16"/></StgValue>
</bind>
</comp>

<comp id="36" class="1001" name="const_36">
<pin_list>
<pin id="37" dir="1" index="0" bw="1" slack="2147483647"/>
</pin_list>
<bind>
<StgValue><ssdm name="empty_3"/></StgValue>
</bind>
</comp>

<comp id="38" class="1001" name="const_38">
<pin_list>
<pin id="39" dir="1" index="0" bw="1" slack="2147483647"/>
</pin_list>
<bind>
<StgValue><ssdm name="empty_4"/></StgValue>
</bind>
</comp>

<comp id="40" class="1001" name="const_40">
<pin_list>
<pin id="41" dir="1" index="0" bw="1" slack="0"/>
</pin_list>
<bind>
<StgValue><ssdm name=""/></StgValue>
</bind>
</comp>

<comp id="42" class="1001" name="const_42">
<pin_list>
<pin id="43" dir="1" index="0" bw="1" slack="2147483647"/>
</pin_list>
<bind>
<StgValue><ssdm name="empty_2"/></StgValue>
</bind>
</comp>

<comp id="44" class="1001" name="const_44">
<pin_list>
<pin id="45" dir="1" index="0" bw="1" slack="2147483647"/>
</pin_list>
<bind>
<StgValue><ssdm name="empty_1"/></StgValue>
</bind>
</comp>

<comp id="46" class="1001" name="const_46">
<pin_list>
<pin id="47" dir="1" index="0" bw="1" slack="2147483647"/>
</pin_list>
<bind>
<StgValue><ssdm name=""/></StgValue>
</bind>
</comp>

<comp id="48" class="1001" name="const_48">
<pin_list>
<pin id="49" dir="1" index="0" bw="1" slack="0"/>
</pin_list>
<bind>
<StgValue><ssdm name=""/></StgValue>
</bind>
</comp>

<comp id="50" class="1001" name="const_50">
<pin_list>
<pin id="51" dir="1" index="0" bw="1" slack="0"/>
</pin_list>
<bind>
<StgValue><ssdm name=""/></StgValue>
</bind>
</comp>

<comp id="52" class="1001" name="const_52">
<pin_list>
<pin id="53" dir="1" index="0" bw="1" slack="0"/>
</pin_list>
<bind>
<StgValue><ssdm name="_ssdm_op_Write.ap_auto.volatile.i1P0A"/></StgValue>
</bind>
</comp>

<comp id="54" class="1001" name="const_54">
<pin_list>
<pin id="55" dir="1" index="0" bw="1" slack="0"/>
</pin_list>
<bind>
<StgValue><ssdm name=""/></StgValue>
</bind>
</comp>

<comp id="56" class="1001" name="const_56">
<pin_list>
<pin id="57" dir="1" index="0" bw="1" slack="0"/>
</pin_list>
<bind>
<StgValue><ssdm name="_ssdm_op_BitSelect.i1.i2.i32"/></StgValue>
</bind>
</comp>

<comp id="58" class="1001" name="const_58">
<pin_list>
<pin id="59" dir="1" index="0" bw="1" slack="0"/>
</pin_list>
<bind>
<StgValue><ssdm name="_ssdm_op_Read.ap_fifo.volatile.i32P0A"/></StgValue>
</bind>
</comp>

<comp id="60" class="1001" name="const_60">
<pin_list>
<pin id="61" dir="1" index="0" bw="1" slack="0"/>
</pin_list>
<bind>
<StgValue><ssdm name=""/></StgValue>
</bind>
</comp>

<comp id="62" class="1001" name="const_62">
<pin_list>
<pin id="63" dir="1" index="0" bw="1" slack="0"/>
</pin_list>
<bind>
<StgValue><ssdm name=""/></StgValue>
</bind>
</comp>

<comp id="64" class="1001" name="const_64">
<pin_list>
<pin id="65" dir="1" index="0" bw="1" slack="0"/>
</pin_list>
<bind>
<StgValue><ssdm name="_ssdm_op_PartSelect.i31.i32.i32.i32"/></StgValue>
</bind>
</comp>

<comp id="66" class="1001" name="const_66">
<pin_list>
<pin id="67" dir="1" index="0" bw="1" slack="0"/>
</pin_list>
<bind>
<StgValue><ssdm name=""/></StgValue>
</bind>
</comp>

<comp id="68" class="1001" name="const_68">
<pin_list>
<pin id="69" dir="1" index="0" bw="1" slack="0"/>
</pin_list>
<bind>
<StgValue><ssdm name="_ssdm_op_BitConcatenate.i6.i3.i3"/></StgValue>
</bind>
</comp>

<comp id="70" class="1001" name="const_70">
<pin_list>
<pin id="71" dir="1" index="0" bw="1" slack="0"/>
</pin_list>
<bind>
<StgValue><ssdm name=""/></StgValue>
</bind>
</comp>

<comp id="72" class="1001" name="const_72">
<pin_list>
<pin id="73" dir="1" index="0" bw="1" slack="2147483647"/>
</pin_list>
<bind>
<StgValue><ssdm name="_ssdm_op_Wait"/></StgValue>
</bind>
</comp>

<comp id="74" class="1001" name="const_74">
<pin_list>
<pin id="75" dir="1" index="0" bw="1" slack="0"/>
</pin_list>
<bind>
<StgValue><ssdm name="streamtoparallelwithburst_Pipeline_VITIS_LOOP_25_2"/></StgValue>
</bind>
</comp>

<comp id="76" class="1001" name="const_76">
<pin_list>
<pin id="77" dir="1" index="0" bw="1" slack="0"/>
</pin_list>
<bind>
<StgValue><ssdm name="_ssdm_op_BitSelect.i1.i32.i32"/></StgValue>
</bind>
</comp>

<comp id="78" class="1001" name="const_78">
<pin_list>
<pin id="79" dir="1" index="0" bw="1" slack="0"/>
</pin_list>
<bind>
<StgValue><ssdm name="_ssdm_op_BitConcatenate.i35.i32.i3"/></StgValue>
</bind>
</comp>

<comp id="80" class="1001" name="const_80">
<pin_list>
<pin id="81" dir="1" index="0" bw="1" slack="0"/>
</pin_list>
<bind>
<StgValue><ssdm name="_ssdm_op_PartSelect.i22.i32.i32.i32"/></StgValue>
</bind>
</comp>

<comp id="82" class="1001" name="const_82">
<pin_list>
<pin id="83" dir="1" index="0" bw="1" slack="0"/>
</pin_list>
<bind>
<StgValue><ssdm name=""/></StgValue>
</bind>
</comp>

<comp id="84" class="1001" name="const_84">
<pin_list>
<pin id="85" dir="1" index="0" bw="1" slack="2147483647"/>
</pin_list>
<bind>
<StgValue><ssdm name="_ssdm_op_SpecLoopName"/></StgValue>
</bind>
</comp>

<comp id="86" class="1001" name="const_86">
<pin_list>
<pin id="87" dir="1" index="0" bw="1" slack="2147483647"/>
</pin_list>
<bind>
<StgValue><ssdm name="empty_7"/></StgValue>
</bind>
</comp>

<comp id="88" class="1001" name="const_88">
<pin_list>
<pin id="89" dir="1" index="0" bw="1" slack="0"/>
</pin_list>
<bind>
<StgValue><ssdm name=""/></StgValue>
</bind>
</comp>

<comp id="90" class="1001" name="const_90">
<pin_list>
<pin id="91" dir="1" index="0" bw="1" slack="0"/>
</pin_list>
<bind>
<StgValue><ssdm name=""/></StgValue>
</bind>
</comp>

<comp id="92" class="1001" name="const_92">
<pin_list>
<pin id="93" dir="1" index="0" bw="1" slack="0"/>
</pin_list>
<bind>
<StgValue><ssdm name=""/></StgValue>
</bind>
</comp>

<comp id="94" class="1004" name="out_memory_assign_fu_94">
<pin_list>
<pin id="95" dir="0" index="0" bw="1" slack="0"/>
<pin id="96" dir="1" index="1" bw="64" slack="0"/>
</pin_list>
<bind>
<opcode="alloca(26) " fcode="alloca"/>
<opset="out_memory_assign/1 "/>
</bind>
</comp>

<comp id="98" class="1004" name="final_s2m_len_V_fu_98">
<pin_list>
<pin id="99" dir="0" index="0" bw="1" slack="0"/>
<pin id="100" dir="1" index="1" bw="32" slack="0"/>
</pin_list>
<bind>
<opcode="alloca(26) " fcode="alloca"/>
<opset="final_s2m_len_V/1 "/>
</bind>
</comp>

<comp id="102" class="1004" name="out_memory_read_read_fu_102">
<pin_list>
<pin id="103" dir="0" index="0" bw="64" slack="0"/>
<pin id="104" dir="0" index="1" bw="64" slack="0"/>
<pin id="105" dir="1" index="2" bw="64" slack="0"/>
</pin_list>
<bind>
<opcode="read(1150) " fcode="read"/>
<opset="out_memory_read/1 "/>
</bind>
</comp>

<comp id="108" class="1004" name="kernel_mode_read_read_fu_108">
<pin_list>
<pin id="109" dir="0" index="0" bw="2" slack="0"/>
<pin id="110" dir="0" index="1" bw="2" slack="0"/>
<pin id="111" dir="1" index="2" bw="2" slack="0"/>
</pin_list>
<bind>
<opcode="read(1150) " fcode="read"/>
<opset="kernel_mode_read/1 "/>
</bind>
</comp>

<comp id="114" class="1004" name="grp_write_fu_114">
<pin_list>
<pin id="115" dir="0" index="0" bw="0" slack="0"/>
<pin id="116" dir="0" index="1" bw="1" slack="0"/>
<pin id="117" dir="0" index="2" bw="1" slack="0"/>
<pin id="118" dir="1" index="3" bw="0" slack="2147483647"/>
</pin_list>
<bind>
<opcode="write(1151) " fcode="write"/>
<opset="write_ln19/1 write_ln51/4 "/>
</bind>
</comp>

<comp id="122" class="1004" name="tmp_4_read_fu_122">
<pin_list>
<pin id="123" dir="0" index="0" bw="32" slack="0"/>
<pin id="124" dir="0" index="1" bw="32" slack="0"/>
<pin id="125" dir="1" index="2" bw="32" slack="0"/>
</pin_list>
<bind>
<opcode="read(1150) " fcode="read"/>
<opset="tmp_4/2 "/>
</bind>
</comp>

<comp id="129" class="1004" name="grp_streamtoparallelwithburst_Pipeline_VITIS_LOOP_25_2_fu_129">
<pin_list>
<pin id="130" dir="0" index="0" bw="0" slack="0"/>
<pin id="131" dir="0" index="1" bw="32" slack="1"/>
<pin id="132" dir="0" index="2" bw="1" slack="2"/>
<pin id="133" dir="0" index="3" bw="64" slack="2147483647"/>
<pin id="134" dir="0" index="4" bw="6" slack="0"/>
<pin id="135" dir="0" index="5" bw="64" slack="0"/>
<pin id="136" dir="0" index="6" bw="8" slack="1"/>
<pin id="137" dir="0" index="7" bw="33" slack="0"/>
<pin id="138" dir="0" index="8" bw="6" slack="0"/>
<pin id="139" dir="0" index="9" bw="8" slack="1"/>
<pin id="140" dir="1" index="10" bw="0" slack="2147483647"/>
</pin_list>
<bind>
<opcode="call(48) " fcode="call"/>
<opset="call_ln145/3 "/>
</bind>
</comp>

<comp id="144" class="1004" name="icmp_ln1065_fu_144">
<pin_list>
<pin id="145" dir="0" index="0" bw="2" slack="0"/>
<pin id="146" dir="0" index="1" bw="2" slack="0"/>
<pin id="147" dir="1" index="2" bw="1" slack="0"/>
</pin_list>
<bind>
<opcode="icmp(45) " fcode="icmp"/>
<opset="icmp_ln1065/1 "/>
</bind>
</comp>

<comp id="150" class="1004" name="icmp_ln1065_1_fu_150">
<pin_list>
<pin id="151" dir="0" index="0" bw="2" slack="0"/>
<pin id="152" dir="0" index="1" bw="2" slack="0"/>
<pin id="153" dir="1" index="2" bw="1" slack="0"/>
</pin_list>
<bind>
<opcode="icmp(45) " fcode="icmp"/>
<opset="icmp_ln1065_1/1 "/>
</bind>
</comp>

<comp id="156" class="1004" name="even_fu_156">
<pin_list>
<pin id="157" dir="0" index="0" bw="1" slack="0"/>
<pin id="158" dir="0" index="1" bw="1" slack="0"/>
<pin id="159" dir="1" index="2" bw="1" slack="2"/>
</pin_list>
<bind>
<opcode="or(24) " fcode="or"/>
<opset="even/1 "/>
</bind>
</comp>

<comp id="162" class="1004" name="tmp_fu_162">
<pin_list>
<pin id="163" dir="0" index="0" bw="1" slack="0"/>
<pin id="164" dir="0" index="1" bw="2" slack="0"/>
<pin id="165" dir="0" index="2" bw="1" slack="0"/>
<pin id="166" dir="1" index="3" bw="1" slack="1"/>
</pin_list>
<bind>
<opcode="bitselect(1000) " fcode="bitselect"/>
<opset="tmp/1 "/>
</bind>
</comp>

<comp id="170" class="1004" name="store_ln21_store_fu_170">
<pin_list>
<pin id="171" dir="0" index="0" bw="1" slack="0"/>
<pin id="172" dir="0" index="1" bw="32" slack="0"/>
<pin id="173" dir="1" index="2" bw="0" slack="2147483647"/>
</pin_list>
<bind>
<opcode="store(28) " fcode="store"/>
<opset="store_ln21/1 "/>
</bind>
</comp>

<comp id="175" class="1004" name="store_ln21_store_fu_175">
<pin_list>
<pin id="176" dir="0" index="0" bw="64" slack="0"/>
<pin id="177" dir="0" index="1" bw="64" slack="0"/>
<pin id="178" dir="1" index="2" bw="0" slack="2147483647"/>
</pin_list>
<bind>
<opcode="store(28) " fcode="store"/>
<opset="store_ln21/1 "/>
</bind>
</comp>

<comp id="180" class="1004" name="out_memory_assign_load_load_fu_180">
<pin_list>
<pin id="181" dir="0" index="0" bw="64" slack="1"/>
<pin id="182" dir="1" index="1" bw="64" slack="0"/>
</pin_list>
<bind>
<opcode="load(27) " fcode="load"/>
<opset="out_memory_assign_load/2 "/>
</bind>
</comp>

<comp id="183" class="1004" name="trunc_ln30_fu_183">
<pin_list>
<pin id="184" dir="0" index="0" bw="64" slack="0"/>
<pin id="185" dir="1" index="1" bw="3" slack="0"/>
</pin_list>
<bind>
<opcode="trunc(33) " fcode="trunc"/>
<opset="trunc_ln30/2 "/>
</bind>
</comp>

<comp id="187" class="1004" name="xor_ln30_fu_187">
<pin_list>
<pin id="188" dir="0" index="0" bw="3" slack="0"/>
<pin id="189" dir="0" index="1" bw="3" slack="0"/>
<pin id="190" dir="1" index="2" bw="3" slack="0"/>
</pin_list>
<bind>
<opcode="xor(25) " fcode="xor"/>
<opset="xor_ln30/2 "/>
</bind>
</comp>

<comp id="193" class="1004" name="zext_ln30_fu_193">
<pin_list>
<pin id="194" dir="0" index="0" bw="3" slack="0"/>
<pin id="195" dir="1" index="1" bw="8" slack="0"/>
</pin_list>
<bind>
<opcode="zext(34) " fcode="zext"/>
<opset="zext_ln30/2 "/>
</bind>
</comp>

<comp id="197" class="1004" name="shl_ln30_fu_197">
<pin_list>
<pin id="198" dir="0" index="0" bw="5" slack="0"/>
<pin id="199" dir="0" index="1" bw="3" slack="0"/>
<pin id="200" dir="1" index="2" bw="8" slack="1"/>
</pin_list>
<bind>
<opcode="shl(20) " fcode="shl"/>
<opset="shl_ln30/2 "/>
</bind>
</comp>

<comp id="203" class="1004" name="zext_ln32_fu_203">
<pin_list>
<pin id="204" dir="0" index="0" bw="3" slack="0"/>
<pin id="205" dir="1" index="1" bw="8" slack="0"/>
</pin_list>
<bind>
<opcode="zext(34) " fcode="zext"/>
<opset="zext_ln32/2 "/>
</bind>
</comp>

<comp id="207" class="1004" name="shl_ln32_fu_207">
<pin_list>
<pin id="208" dir="0" index="0" bw="5" slack="0"/>
<pin id="209" dir="0" index="1" bw="3" slack="0"/>
<pin id="210" dir="1" index="2" bw="8" slack="1"/>
</pin_list>
<bind>
<opcode="shl(20) " fcode="shl"/>
<opset="shl_ln32/2 "/>
</bind>
</comp>

<comp id="213" class="1004" name="sub_ln39_fu_213">
<pin_list>
<pin id="214" dir="0" index="0" bw="1" slack="0"/>
<pin id="215" dir="0" index="1" bw="32" slack="0"/>
<pin id="216" dir="1" index="2" bw="32" slack="0"/>
</pin_list>
<bind>
<opcode="sub(10) " fcode="sub"/>
<opset="sub_ln39/2 "/>
</bind>
</comp>

<comp id="219" class="1004" name="lshr_ln39_1_fu_219">
<pin_list>
<pin id="220" dir="0" index="0" bw="31" slack="0"/>
<pin id="221" dir="0" index="1" bw="32" slack="0"/>
<pin id="222" dir="0" index="2" bw="1" slack="0"/>
<pin id="223" dir="0" index="3" bw="6" slack="0"/>
<pin id="224" dir="1" index="4" bw="31" slack="1"/>
</pin_list>
<bind>
<opcode="partselect(1002) " fcode="partselect"/>
<opset="lshr_ln39_1/2 "/>
</bind>
</comp>

<comp id="229" class="1004" name="final_s2m_len_V_2_load_fu_229">
<pin_list>
<pin id="230" dir="0" index="0" bw="32" slack="2"/>
<pin id="231" dir="1" index="1" bw="32" slack="0"/>
</pin_list>
<bind>
<opcode="load(27) " fcode="load"/>
<opset="final_s2m_len_V_2/3 "/>
</bind>
</comp>

<comp id="232" class="1004" name="shl_ln30_2_fu_232">
<pin_list>
<pin id="233" dir="0" index="0" bw="6" slack="0"/>
<pin id="234" dir="0" index="1" bw="3" slack="1"/>
<pin id="235" dir="0" index="2" bw="1" slack="0"/>
<pin id="236" dir="1" index="3" bw="6" slack="0"/>
</pin_list>
<bind>
<opcode="bitconcatenate(1004) " fcode="bitconcatenate"/>
<opset="shl_ln30_2/3 "/>
</bind>
</comp>

<comp id="240" class="1004" name="shl_ln32_2_fu_240">
<pin_list>
<pin id="241" dir="0" index="0" bw="6" slack="0"/>
<pin id="242" dir="0" index="1" bw="3" slack="1"/>
<pin id="243" dir="0" index="2" bw="1" slack="0"/>
<pin id="244" dir="1" index="3" bw="6" slack="0"/>
</pin_list>
<bind>
<opcode="bitconcatenate(1004) " fcode="bitconcatenate"/>
<opset="shl_ln32_2/3 "/>
</bind>
</comp>

<comp id="248" class="1004" name="tmp_2_fu_248">
<pin_list>
<pin id="249" dir="0" index="0" bw="1" slack="0"/>
<pin id="250" dir="0" index="1" bw="32" slack="1"/>
<pin id="251" dir="0" index="2" bw="6" slack="0"/>
<pin id="252" dir="1" index="3" bw="1" slack="0"/>
</pin_list>
<bind>
<opcode="bitselect(1000) " fcode="bitselect"/>
<opset="tmp_2/3 "/>
</bind>
</comp>

<comp id="255" class="1004" name="zext_ln39_fu_255">
<pin_list>
<pin id="256" dir="0" index="0" bw="31" slack="1"/>
<pin id="257" dir="1" index="1" bw="32" slack="0"/>
</pin_list>
<bind>
<opcode="zext(34) " fcode="zext"/>
<opset="zext_ln39/3 "/>
</bind>
</comp>

<comp id="258" class="1004" name="sub_ln39_1_fu_258">
<pin_list>
<pin id="259" dir="0" index="0" bw="1" slack="0"/>
<pin id="260" dir="0" index="1" bw="31" slack="0"/>
<pin id="261" dir="1" index="2" bw="32" slack="0"/>
</pin_list>
<bind>
<opcode="sub(10) " fcode="sub"/>
<opset="sub_ln39_1/3 "/>
</bind>
</comp>

<comp id="264" class="1004" name="lshr_ln39_2_fu_264">
<pin_list>
<pin id="265" dir="0" index="0" bw="31" slack="0"/>
<pin id="266" dir="0" index="1" bw="32" slack="1"/>
<pin id="267" dir="0" index="2" bw="1" slack="0"/>
<pin id="268" dir="0" index="3" bw="6" slack="0"/>
<pin id="269" dir="1" index="4" bw="31" slack="0"/>
</pin_list>
<bind>
<opcode="partselect(1002) " fcode="partselect"/>
<opset="lshr_ln39_2/3 "/>
</bind>
</comp>

<comp id="273" class="1004" name="zext_ln39_1_fu_273">
<pin_list>
<pin id="274" dir="0" index="0" bw="31" slack="0"/>
<pin id="275" dir="1" index="1" bw="32" slack="0"/>
</pin_list>
<bind>
<opcode="zext(34) " fcode="zext"/>
<opset="zext_ln39_1/3 "/>
</bind>
</comp>

<comp id="277" class="1004" name="select_ln39_fu_277">
<pin_list>
<pin id="278" dir="0" index="0" bw="1" slack="0"/>
<pin id="279" dir="0" index="1" bw="32" slack="0"/>
<pin id="280" dir="0" index="2" bw="32" slack="0"/>
<pin id="281" dir="1" index="3" bw="32" slack="0"/>
</pin_list>
<bind>
<opcode="select(49) " fcode="select"/>
<opset="select_ln39/3 "/>
</bind>
</comp>

<comp id="285" class="1004" name="select_ln38_fu_285">
<pin_list>
<pin id="286" dir="0" index="0" bw="1" slack="2"/>
<pin id="287" dir="0" index="1" bw="32" slack="1"/>
<pin id="288" dir="0" index="2" bw="32" slack="0"/>
<pin id="289" dir="1" index="3" bw="32" slack="0"/>
</pin_list>
<bind>
<opcode="select(49) " fcode="select"/>
<opset="select_ln38/3 "/>
</bind>
</comp>

<comp id="291" class="1004" name="shl_ln_fu_291">
<pin_list>
<pin id="292" dir="0" index="0" bw="35" slack="0"/>
<pin id="293" dir="0" index="1" bw="32" slack="0"/>
<pin id="294" dir="0" index="2" bw="1" slack="0"/>
<pin id="295" dir="1" index="3" bw="35" slack="0"/>
</pin_list>
<bind>
<opcode="bitconcatenate(1004) " fcode="bitconcatenate"/>
<opset="shl_ln/3 "/>
</bind>
</comp>

<comp id="299" class="1004" name="sext_ln9_fu_299">
<pin_list>
<pin id="300" dir="0" index="0" bw="35" slack="0"/>
<pin id="301" dir="1" index="1" bw="64" slack="0"/>
</pin_list>
<bind>
<opcode="sext(35) " fcode="sext"/>
<opset="sext_ln9/3 "/>
</bind>
</comp>

<comp id="303" class="1004" name="add_ln9_fu_303">
<pin_list>
<pin id="304" dir="0" index="0" bw="64" slack="2147483647"/>
<pin id="305" dir="0" index="1" bw="35" slack="0"/>
<pin id="306" dir="1" index="2" bw="64" slack="1"/>
</pin_list>
<bind>
<opcode="add(8) " fcode="add"/>
<opset="add_ln9/3 "/>
</bind>
</comp>

<comp id="308" class="1004" name="final_s2m_len_V_3_fu_308">
<pin_list>
<pin id="309" dir="0" index="0" bw="32" slack="0"/>
<pin id="310" dir="0" index="1" bw="32" slack="0"/>
<pin id="311" dir="1" index="2" bw="32" slack="0"/>
</pin_list>
<bind>
<opcode="add(8) " fcode="add"/>
<opset="final_s2m_len_V_3/3 "/>
</bind>
</comp>

<comp id="314" class="1004" name="tmp_3_fu_314">
<pin_list>
<pin id="315" dir="0" index="0" bw="22" slack="0"/>
<pin id="316" dir="0" index="1" bw="32" slack="0"/>
<pin id="317" dir="0" index="2" bw="5" slack="0"/>
<pin id="318" dir="0" index="3" bw="6" slack="0"/>
<pin id="319" dir="1" index="4" bw="22" slack="1"/>
</pin_list>
<bind>
<opcode="partselect(1002) " fcode="partselect"/>
<opset="tmp_3/3 "/>
</bind>
</comp>

<comp id="324" class="1004" name="icmp_ln1065_2_fu_324">
<pin_list>
<pin id="325" dir="0" index="0" bw="32" slack="1"/>
<pin id="326" dir="0" index="1" bw="32" slack="0"/>
<pin id="327" dir="1" index="2" bw="1" slack="0"/>
</pin_list>
<bind>
<opcode="icmp(45) " fcode="icmp"/>
<opset="icmp_ln1065_2/4 "/>
</bind>
</comp>

<comp id="329" class="1004" name="add_ln47_fu_329">
<pin_list>
<pin id="330" dir="0" index="0" bw="64" slack="1"/>
<pin id="331" dir="0" index="1" bw="14" slack="0"/>
<pin id="332" dir="1" index="2" bw="64" slack="0"/>
</pin_list>
<bind>
<opcode="add(8) " fcode="add"/>
<opset="add_ln47/4 "/>
</bind>
</comp>

<comp id="334" class="1004" name="select_ln46_fu_334">
<pin_list>
<pin id="335" dir="0" index="0" bw="1" slack="0"/>
<pin id="336" dir="0" index="1" bw="64" slack="0"/>
<pin id="337" dir="0" index="2" bw="64" slack="1"/>
<pin id="338" dir="1" index="3" bw="64" slack="0"/>
</pin_list>
<bind>
<opcode="select(49) " fcode="select"/>
<opset="select_ln46/4 "/>
</bind>
</comp>

<comp id="341" class="1004" name="icmp_ln1073_fu_341">
<pin_list>
<pin id="342" dir="0" index="0" bw="22" slack="1"/>
<pin id="343" dir="0" index="1" bw="22" slack="0"/>
<pin id="344" dir="1" index="2" bw="1" slack="2147483647"/>
</pin_list>
<bind>
<opcode="icmp(45) " fcode="icmp"/>
<opset="icmp_ln1073/4 "/>
</bind>
</comp>

<comp id="346" class="1004" name="store_ln49_store_fu_346">
<pin_list>
<pin id="347" dir="0" index="0" bw="32" slack="1"/>
<pin id="348" dir="0" index="1" bw="32" slack="3"/>
<pin id="349" dir="1" index="2" bw="0" slack="2147483647"/>
</pin_list>
<bind>
<opcode="store(28) " fcode="store"/>
<opset="store_ln49/4 "/>
</bind>
</comp>

<comp id="350" class="1004" name="store_ln49_store_fu_350">
<pin_list>
<pin id="351" dir="0" index="0" bw="64" slack="0"/>
<pin id="352" dir="0" index="1" bw="64" slack="3"/>
<pin id="353" dir="1" index="2" bw="0" slack="2147483647"/>
</pin_list>
<bind>
<opcode="store(28) " fcode="store"/>
<opset="store_ln49/4 "/>
</bind>
</comp>

<comp id="355" class="1005" name="out_memory_assign_reg_355">
<pin_list>
<pin id="356" dir="0" index="0" bw="64" slack="0"/>
<pin id="357" dir="1" index="1" bw="64" slack="0"/>
</pin_list>
<bind>
<opset="out_memory_assign "/>
</bind>
</comp>

<comp id="362" class="1005" name="final_s2m_len_V_reg_362">
<pin_list>
<pin id="363" dir="0" index="0" bw="32" slack="0"/>
<pin id="364" dir="1" index="1" bw="32" slack="0"/>
</pin_list>
<bind>
<opset="final_s2m_len_V "/>
</bind>
</comp>

<comp id="369" class="1005" name="even_reg_369">
<pin_list>
<pin id="370" dir="0" index="0" bw="1" slack="2"/>
<pin id="371" dir="1" index="1" bw="1" slack="2"/>
</pin_list>
<bind>
<opset="even "/>
</bind>
</comp>

<comp id="374" class="1005" name="tmp_reg_374">
<pin_list>
<pin id="375" dir="0" index="0" bw="1" slack="1"/>
<pin id="376" dir="1" index="1" bw="1" slack="2"/>
</pin_list>
<bind>
<opset="tmp "/>
</bind>
</comp>

<comp id="382" class="1005" name="tmp_4_reg_382">
<pin_list>
<pin id="383" dir="0" index="0" bw="32" slack="1"/>
<pin id="384" dir="1" index="1" bw="32" slack="1"/>
</pin_list>
<bind>
<opset="tmp_4 "/>
</bind>
</comp>

<comp id="390" class="1005" name="trunc_ln30_reg_390">
<pin_list>
<pin id="391" dir="0" index="0" bw="3" slack="1"/>
<pin id="392" dir="1" index="1" bw="3" slack="1"/>
</pin_list>
<bind>
<opset="trunc_ln30 "/>
</bind>
</comp>

<comp id="395" class="1005" name="xor_ln30_reg_395">
<pin_list>
<pin id="396" dir="0" index="0" bw="3" slack="1"/>
<pin id="397" dir="1" index="1" bw="3" slack="1"/>
</pin_list>
<bind>
<opset="xor_ln30 "/>
</bind>
</comp>

<comp id="400" class="1005" name="shl_ln30_reg_400">
<pin_list>
<pin id="401" dir="0" index="0" bw="8" slack="1"/>
<pin id="402" dir="1" index="1" bw="8" slack="1"/>
</pin_list>
<bind>
<opset="shl_ln30 "/>
</bind>
</comp>

<comp id="405" class="1005" name="shl_ln32_reg_405">
<pin_list>
<pin id="406" dir="0" index="0" bw="8" slack="1"/>
<pin id="407" dir="1" index="1" bw="8" slack="1"/>
</pin_list>
<bind>
<opset="shl_ln32 "/>
</bind>
</comp>

<comp id="410" class="1005" name="lshr_ln39_1_reg_410">
<pin_list>
<pin id="411" dir="0" index="0" bw="31" slack="1"/>
<pin id="412" dir="1" index="1" bw="31" slack="1"/>
</pin_list>
<bind>
<opset="lshr_ln39_1 "/>
</bind>
</comp>

<comp id="415" class="1005" name="shl_ln30_2_reg_415">
<pin_list>
<pin id="416" dir="0" index="0" bw="6" slack="1"/>
<pin id="417" dir="1" index="1" bw="6" slack="1"/>
</pin_list>
<bind>
<opset="shl_ln30_2 "/>
</bind>
</comp>

<comp id="420" class="1005" name="shl_ln32_2_reg_420">
<pin_list>
<pin id="421" dir="0" index="0" bw="6" slack="1"/>
<pin id="422" dir="1" index="1" bw="6" slack="1"/>
</pin_list>
<bind>
<opset="shl_ln32_2 "/>
</bind>
</comp>

<comp id="425" class="1005" name="add_ln9_reg_425">
<pin_list>
<pin id="426" dir="0" index="0" bw="64" slack="1"/>
<pin id="427" dir="1" index="1" bw="64" slack="1"/>
</pin_list>
<bind>
<opset="add_ln9 "/>
</bind>
</comp>

<comp id="431" class="1005" name="final_s2m_len_V_3_reg_431">
<pin_list>
<pin id="432" dir="0" index="0" bw="32" slack="1"/>
<pin id="433" dir="1" index="1" bw="32" slack="1"/>
</pin_list>
<bind>
<opset="final_s2m_len_V_3 "/>
</bind>
</comp>

<comp id="437" class="1005" name="tmp_3_reg_437">
<pin_list>
<pin id="438" dir="0" index="0" bw="22" slack="1"/>
<pin id="439" dir="1" index="1" bw="22" slack="1"/>
</pin_list>
<bind>
<opset="tmp_3 "/>
</bind>
</comp>

</comp_list>

<net_list>
<net id="97"><net_src comp="12" pin="0"/><net_sink comp="94" pin=0"/></net>

<net id="101"><net_src comp="12" pin="0"/><net_sink comp="98" pin=0"/></net>

<net id="106"><net_src comp="30" pin="0"/><net_sink comp="102" pin=0"/></net>

<net id="107"><net_src comp="10" pin="0"/><net_sink comp="102" pin=1"/></net>

<net id="112"><net_src comp="32" pin="0"/><net_sink comp="108" pin=0"/></net>

<net id="113"><net_src comp="6" pin="0"/><net_sink comp="108" pin=1"/></net>

<net id="119"><net_src comp="52" pin="0"/><net_sink comp="114" pin=0"/></net>

<net id="120"><net_src comp="4" pin="0"/><net_sink comp="114" pin=1"/></net>

<net id="121"><net_src comp="54" pin="0"/><net_sink comp="114" pin=2"/></net>

<net id="126"><net_src comp="58" pin="0"/><net_sink comp="122" pin=0"/></net>

<net id="127"><net_src comp="2" pin="0"/><net_sink comp="122" pin=1"/></net>

<net id="128"><net_src comp="92" pin="0"/><net_sink comp="114" pin=2"/></net>

<net id="141"><net_src comp="74" pin="0"/><net_sink comp="129" pin=0"/></net>

<net id="142"><net_src comp="8" pin="0"/><net_sink comp="129" pin=5"/></net>

<net id="143"><net_src comp="0" pin="0"/><net_sink comp="129" pin=7"/></net>

<net id="148"><net_src comp="108" pin="2"/><net_sink comp="144" pin=0"/></net>

<net id="149"><net_src comp="48" pin="0"/><net_sink comp="144" pin=1"/></net>

<net id="154"><net_src comp="108" pin="2"/><net_sink comp="150" pin=0"/></net>

<net id="155"><net_src comp="50" pin="0"/><net_sink comp="150" pin=1"/></net>

<net id="160"><net_src comp="144" pin="2"/><net_sink comp="156" pin=0"/></net>

<net id="161"><net_src comp="150" pin="2"/><net_sink comp="156" pin=1"/></net>

<net id="167"><net_src comp="56" pin="0"/><net_sink comp="162" pin=0"/></net>

<net id="168"><net_src comp="108" pin="2"/><net_sink comp="162" pin=1"/></net>

<net id="169"><net_src comp="12" pin="0"/><net_sink comp="162" pin=2"/></net>

<net id="174"><net_src comp="18" pin="0"/><net_sink comp="170" pin=0"/></net>

<net id="179"><net_src comp="102" pin="2"/><net_sink comp="175" pin=0"/></net>

<net id="186"><net_src comp="180" pin="1"/><net_sink comp="183" pin=0"/></net>

<net id="191"><net_src comp="183" pin="1"/><net_sink comp="187" pin=0"/></net>

<net id="192"><net_src comp="60" pin="0"/><net_sink comp="187" pin=1"/></net>

<net id="196"><net_src comp="187" pin="2"/><net_sink comp="193" pin=0"/></net>

<net id="201"><net_src comp="62" pin="0"/><net_sink comp="197" pin=0"/></net>

<net id="202"><net_src comp="193" pin="1"/><net_sink comp="197" pin=1"/></net>

<net id="206"><net_src comp="183" pin="1"/><net_sink comp="203" pin=0"/></net>

<net id="211"><net_src comp="62" pin="0"/><net_sink comp="207" pin=0"/></net>

<net id="212"><net_src comp="203" pin="1"/><net_sink comp="207" pin=1"/></net>

<net id="217"><net_src comp="18" pin="0"/><net_sink comp="213" pin=0"/></net>

<net id="218"><net_src comp="122" pin="2"/><net_sink comp="213" pin=1"/></net>

<net id="225"><net_src comp="64" pin="0"/><net_sink comp="219" pin=0"/></net>

<net id="226"><net_src comp="213" pin="2"/><net_sink comp="219" pin=1"/></net>

<net id="227"><net_src comp="12" pin="0"/><net_sink comp="219" pin=2"/></net>

<net id="228"><net_src comp="66" pin="0"/><net_sink comp="219" pin=3"/></net>

<net id="237"><net_src comp="68" pin="0"/><net_sink comp="232" pin=0"/></net>

<net id="238"><net_src comp="70" pin="0"/><net_sink comp="232" pin=2"/></net>

<net id="239"><net_src comp="232" pin="3"/><net_sink comp="129" pin=4"/></net>

<net id="245"><net_src comp="68" pin="0"/><net_sink comp="240" pin=0"/></net>

<net id="246"><net_src comp="70" pin="0"/><net_sink comp="240" pin=2"/></net>

<net id="247"><net_src comp="240" pin="3"/><net_sink comp="129" pin=8"/></net>

<net id="253"><net_src comp="76" pin="0"/><net_sink comp="248" pin=0"/></net>

<net id="254"><net_src comp="66" pin="0"/><net_sink comp="248" pin=2"/></net>

<net id="262"><net_src comp="18" pin="0"/><net_sink comp="258" pin=0"/></net>

<net id="263"><net_src comp="255" pin="1"/><net_sink comp="258" pin=1"/></net>

<net id="270"><net_src comp="64" pin="0"/><net_sink comp="264" pin=0"/></net>

<net id="271"><net_src comp="12" pin="0"/><net_sink comp="264" pin=2"/></net>

<net id="272"><net_src comp="66" pin="0"/><net_sink comp="264" pin=3"/></net>

<net id="276"><net_src comp="264" pin="4"/><net_sink comp="273" pin=0"/></net>

<net id="282"><net_src comp="248" pin="3"/><net_sink comp="277" pin=0"/></net>

<net id="283"><net_src comp="258" pin="2"/><net_sink comp="277" pin=1"/></net>

<net id="284"><net_src comp="273" pin="1"/><net_sink comp="277" pin=2"/></net>

<net id="290"><net_src comp="277" pin="3"/><net_sink comp="285" pin=2"/></net>

<net id="296"><net_src comp="78" pin="0"/><net_sink comp="291" pin=0"/></net>

<net id="297"><net_src comp="285" pin="3"/><net_sink comp="291" pin=1"/></net>

<net id="298"><net_src comp="70" pin="0"/><net_sink comp="291" pin=2"/></net>

<net id="302"><net_src comp="291" pin="3"/><net_sink comp="299" pin=0"/></net>

<net id="307"><net_src comp="299" pin="1"/><net_sink comp="303" pin=1"/></net>

<net id="312"><net_src comp="285" pin="3"/><net_sink comp="308" pin=0"/></net>

<net id="313"><net_src comp="229" pin="1"/><net_sink comp="308" pin=1"/></net>

<net id="320"><net_src comp="80" pin="0"/><net_sink comp="314" pin=0"/></net>

<net id="321"><net_src comp="308" pin="2"/><net_sink comp="314" pin=1"/></net>

<net id="322"><net_src comp="82" pin="0"/><net_sink comp="314" pin=2"/></net>

<net id="323"><net_src comp="66" pin="0"/><net_sink comp="314" pin=3"/></net>

<net id="328"><net_src comp="40" pin="0"/><net_sink comp="324" pin=1"/></net>

<net id="333"><net_src comp="88" pin="0"/><net_sink comp="329" pin=1"/></net>

<net id="339"><net_src comp="324" pin="2"/><net_sink comp="334" pin=0"/></net>

<net id="340"><net_src comp="329" pin="2"/><net_sink comp="334" pin=1"/></net>

<net id="345"><net_src comp="90" pin="0"/><net_sink comp="341" pin=1"/></net>

<net id="354"><net_src comp="334" pin="3"/><net_sink comp="350" pin=0"/></net>

<net id="358"><net_src comp="94" pin="1"/><net_sink comp="355" pin=0"/></net>

<net id="359"><net_src comp="355" pin="1"/><net_sink comp="175" pin=1"/></net>

<net id="360"><net_src comp="355" pin="1"/><net_sink comp="180" pin=0"/></net>

<net id="361"><net_src comp="355" pin="1"/><net_sink comp="350" pin=1"/></net>

<net id="365"><net_src comp="98" pin="1"/><net_sink comp="362" pin=0"/></net>

<net id="366"><net_src comp="362" pin="1"/><net_sink comp="170" pin=1"/></net>

<net id="367"><net_src comp="362" pin="1"/><net_sink comp="229" pin=0"/></net>

<net id="368"><net_src comp="362" pin="1"/><net_sink comp="346" pin=1"/></net>

<net id="372"><net_src comp="156" pin="2"/><net_sink comp="369" pin=0"/></net>

<net id="373"><net_src comp="369" pin="1"/><net_sink comp="129" pin=2"/></net>

<net id="377"><net_src comp="162" pin="3"/><net_sink comp="374" pin=0"/></net>

<net id="378"><net_src comp="374" pin="1"/><net_sink comp="285" pin=0"/></net>

<net id="385"><net_src comp="122" pin="2"/><net_sink comp="382" pin=0"/></net>

<net id="386"><net_src comp="382" pin="1"/><net_sink comp="129" pin=1"/></net>

<net id="387"><net_src comp="382" pin="1"/><net_sink comp="248" pin=1"/></net>

<net id="388"><net_src comp="382" pin="1"/><net_sink comp="264" pin=1"/></net>

<net id="389"><net_src comp="382" pin="1"/><net_sink comp="285" pin=1"/></net>

<net id="393"><net_src comp="183" pin="1"/><net_sink comp="390" pin=0"/></net>

<net id="394"><net_src comp="390" pin="1"/><net_sink comp="240" pin=1"/></net>

<net id="398"><net_src comp="187" pin="2"/><net_sink comp="395" pin=0"/></net>

<net id="399"><net_src comp="395" pin="1"/><net_sink comp="232" pin=1"/></net>

<net id="403"><net_src comp="197" pin="2"/><net_sink comp="400" pin=0"/></net>

<net id="404"><net_src comp="400" pin="1"/><net_sink comp="129" pin=6"/></net>

<net id="408"><net_src comp="207" pin="2"/><net_sink comp="405" pin=0"/></net>

<net id="409"><net_src comp="405" pin="1"/><net_sink comp="129" pin=9"/></net>

<net id="413"><net_src comp="219" pin="4"/><net_sink comp="410" pin=0"/></net>

<net id="414"><net_src comp="410" pin="1"/><net_sink comp="255" pin=0"/></net>

<net id="418"><net_src comp="232" pin="3"/><net_sink comp="415" pin=0"/></net>

<net id="419"><net_src comp="415" pin="1"/><net_sink comp="129" pin=4"/></net>

<net id="423"><net_src comp="240" pin="3"/><net_sink comp="420" pin=0"/></net>

<net id="424"><net_src comp="420" pin="1"/><net_sink comp="129" pin=8"/></net>

<net id="428"><net_src comp="303" pin="2"/><net_sink comp="425" pin=0"/></net>

<net id="429"><net_src comp="425" pin="1"/><net_sink comp="329" pin=0"/></net>

<net id="430"><net_src comp="425" pin="1"/><net_sink comp="334" pin=2"/></net>

<net id="434"><net_src comp="308" pin="2"/><net_sink comp="431" pin=0"/></net>

<net id="435"><net_src comp="431" pin="1"/><net_sink comp="324" pin=0"/></net>

<net id="436"><net_src comp="431" pin="1"/><net_sink comp="346" pin=0"/></net>

<net id="440"><net_src comp="314" pin="4"/><net_sink comp="437" pin=0"/></net>

<net id="441"><net_src comp="437" pin="1"/><net_sink comp="341" pin=0"/></net>

</net_list>

</model> 
---------------- Datapath Model END ------------------

* FSMD analyzer results:
  - Output states:
	Port: s2m_buf_sts | {1 4 }
	Port: gmem0 | {3 4 }
 - Input state : 
	Port: streamtoparallelwithburst : inbuf | {3 4 }
	Port: streamtoparallelwithburst : incount25 | {2 }
	Port: streamtoparallelwithburst : s2m_buf_sts | {}
	Port: streamtoparallelwithburst : kernel_mode | {1 }
	Port: streamtoparallelwithburst : gmem0 | {}
	Port: streamtoparallelwithburst : out_memory | {1 }
  - Chain level:
	State 1
		even : 1
		store_ln21 : 1
	State 2
		trunc_ln30 : 1
		xor_ln30 : 2
		zext_ln30 : 2
		shl_ln30 : 3
		zext_ln32 : 2
		shl_ln32 : 3
		lshr_ln39_1 : 1
	State 3
		call_ln145 : 1
		sub_ln39_1 : 1
		zext_ln39_1 : 1
		select_ln39 : 2
		select_ln38 : 3
		shl_ln : 4
		sext_ln9 : 5
		add_ln9 : 6
		final_s2m_len_V_3 : 4
		tmp_3 : 5
	State 4
		select_ln46 : 1
		br_ln49 : 1
		store_ln49 : 2


============================================================
+ Verbose Summary: Datapath Resource usage 
============================================================

* Functional unit list:
|----------|---------------------------------------------------------------|---------|---------|---------|
| Operation|                        Functional Unit                        |  Delay  |    FF   |   LUT   |
|----------|---------------------------------------------------------------|---------|---------|---------|
|   call   | grp_streamtoparallelwithburst_Pipeline_VITIS_LOOP_25_2_fu_129 |  6.352  |   685   |   562   |
|----------|---------------------------------------------------------------|---------|---------|---------|
|          |                         add_ln9_fu_303                        |    0    |    0    |    71   |
|    add   |                    final_s2m_len_V_3_fu_308                   |    0    |    0    |    39   |
|          |                        add_ln47_fu_329                        |    0    |    0    |    71   |
|----------|---------------------------------------------------------------|---------|---------|---------|
|          |                       select_ln39_fu_277                      |    0    |    0    |    32   |
|  select  |                       select_ln38_fu_285                      |    0    |    0    |    32   |
|          |                       select_ln46_fu_334                      |    0    |    0    |    64   |
|----------|---------------------------------------------------------------|---------|---------|---------|
|    sub   |                        sub_ln39_fu_213                        |    0    |    0    |    39   |
|          |                       sub_ln39_1_fu_258                       |    0    |    0    |    38   |
|----------|---------------------------------------------------------------|---------|---------|---------|
|          |                       icmp_ln1065_fu_144                      |    0    |    0    |    8    |
|   icmp   |                      icmp_ln1065_1_fu_150                     |    0    |    0    |    8    |
|          |                      icmp_ln1065_2_fu_324                     |    0    |    0    |    18   |
|          |                       icmp_ln1073_fu_341                      |    0    |    0    |    14   |
|----------|---------------------------------------------------------------|---------|---------|---------|
|    shl   |                        shl_ln30_fu_197                        |    0    |    0    |    11   |
|          |                        shl_ln32_fu_207                        |    0    |    0    |    11   |
|----------|---------------------------------------------------------------|---------|---------|---------|
|    xor   |                        xor_ln30_fu_187                        |    0    |    0    |    3    |
|----------|---------------------------------------------------------------|---------|---------|---------|
|    or    |                          even_fu_156                          |    0    |    0    |    2    |
|----------|---------------------------------------------------------------|---------|---------|---------|
|          |                  out_memory_read_read_fu_102                  |    0    |    0    |    0    |
|   read   |                  kernel_mode_read_read_fu_108                 |    0    |    0    |    0    |
|          |                       tmp_4_read_fu_122                       |    0    |    0    |    0    |
|----------|---------------------------------------------------------------|---------|---------|---------|
|   write  |                        grp_write_fu_114                       |    0    |    0    |    0    |
|----------|---------------------------------------------------------------|---------|---------|---------|
| bitselect|                           tmp_fu_162                          |    0    |    0    |    0    |
|          |                          tmp_2_fu_248                         |    0    |    0    |    0    |
|----------|---------------------------------------------------------------|---------|---------|---------|
|   trunc  |                       trunc_ln30_fu_183                       |    0    |    0    |    0    |
|----------|---------------------------------------------------------------|---------|---------|---------|
|          |                        zext_ln30_fu_193                       |    0    |    0    |    0    |
|   zext   |                        zext_ln32_fu_203                       |    0    |    0    |    0    |
|          |                        zext_ln39_fu_255                       |    0    |    0    |    0    |
|          |                       zext_ln39_1_fu_273                      |    0    |    0    |    0    |
|----------|---------------------------------------------------------------|---------|---------|---------|
|          |                       lshr_ln39_1_fu_219                      |    0    |    0    |    0    |
|partselect|                       lshr_ln39_2_fu_264                      |    0    |    0    |    0    |
|          |                          tmp_3_fu_314                         |    0    |    0    |    0    |
|----------|---------------------------------------------------------------|---------|---------|---------|
|          |                       shl_ln30_2_fu_232                       |    0    |    0    |    0    |
|bitconcatenate|                       shl_ln32_2_fu_240                       |    0    |    0    |    0    |
|          |                         shl_ln_fu_291                         |    0    |    0    |    0    |
|----------|---------------------------------------------------------------|---------|---------|---------|
|   sext   |                        sext_ln9_fu_299                        |    0    |    0    |    0    |
|----------|---------------------------------------------------------------|---------|---------|---------|
|   Total  |                                                               |  6.352  |   685   |   1023  |
|----------|---------------------------------------------------------------|---------|---------|---------|

Memories:
N/A

* Register list:
+-------------------------+--------+
|                         |   FF   |
+-------------------------+--------+
|     add_ln9_reg_425     |   64   |
|       even_reg_369      |    1   |
|final_s2m_len_V_3_reg_431|   32   |
| final_s2m_len_V_reg_362 |   32   |
|   lshr_ln39_1_reg_410   |   31   |
|out_memory_assign_reg_355|   64   |
|    shl_ln30_2_reg_415   |    6   |
|     shl_ln30_reg_400    |    8   |
|    shl_ln32_2_reg_420   |    6   |
|     shl_ln32_reg_405    |    8   |
|      tmp_3_reg_437      |   22   |
|      tmp_4_reg_382      |   32   |
|       tmp_reg_374       |    1   |
|    trunc_ln30_reg_390   |    3   |
|     xor_ln30_reg_395    |    3   |
+-------------------------+--------+
|          Total          |   313  |
+-------------------------+--------+

* Multiplexer (MUX) list: 
|---------------------------------------------------------------|------|------|------|--------||---------||---------|
|                              Comp                             |  Pin | Size |  BW  | S x BW ||  Delay  ||   LUT   |
|---------------------------------------------------------------|------|------|------|--------||---------||---------|
|                        grp_write_fu_114                       |  p2  |   2  |   1  |    2   |
| grp_streamtoparallelwithburst_Pipeline_VITIS_LOOP_25_2_fu_129 |  p4  |   2  |   6  |   12   ||    9    |
| grp_streamtoparallelwithburst_Pipeline_VITIS_LOOP_25_2_fu_129 |  p8  |   2  |   6  |   12   ||    9    |
|---------------------------------------------------------------|------|------|------|--------||---------||---------|
|                             Total                             |      |      |      |   26   ||  4.764  ||    18   |
|---------------------------------------------------------------|------|------|------|--------||---------||---------|



* Summary:
+-----------+--------+--------+--------+
|           |  Delay |   FF   |   LUT  |
+-----------+--------+--------+--------+
|  Function |    6   |   685  |  1023  |
|   Memory  |    -   |    -   |    -   |
|Multiplexer|    4   |    -   |   18   |
|  Register |    -   |   313  |    -   |
+-----------+--------+--------+--------+
|   Total   |   11   |   998  |  1041  |
+-----------+--------+--------+--------+
