

================================================================
== Vitis HLS Report for 'streamtoparallelwithburst_Pipeline_VITIS_LOOP_25_2'
================================================================
* Date:           Wed May 29 12:58:13 2024

* Version:        2022.1 (Build 3526262 on Mon Apr 18 15:47:01 MDT 2022)
* Project:        hls_userdma.prj
* Solution:       solution1 (Vivado IP Flow Target)
* Product family: zynq
* Target device:  xc7z020-clg400-1


================================================================
== Performance Estimates
================================================================
+ Timing: 
    * Summary: 
    +--------+----------+----------+------------+
    |  Clock |  Target  | Estimated| Uncertainty|
    +--------+----------+----------+------------+
    |ap_clk  |  10.00 ns|  7.300 ns|     2.70 ns|
    +--------+----------+----------+------------+

+ Latency: 
    * Summary: 
    +---------+---------+----------+----------+-----+-----+---------+
    |  Latency (cycles) |  Latency (absolute) |  Interval | Pipeline|
    |   min   |   max   |    min   |    max   | min | max |   Type  |
    +---------+---------+----------+----------+-----+-----+---------+
    |        ?|        ?|         ?|         ?|    ?|    ?|       no|
    +---------+---------+----------+----------+-----+-----+---------+

    + Detail: 
        * Instance: 
        N/A

        * Loop: 
        +-------------------+---------+---------+----------+-----------+-----------+------+----------+
        |                   |  Latency (cycles) | Iteration|  Initiation Interval  | Trip |          |
        |     Loop Name     |   min   |   max   |  Latency |  achieved |   target  | Count| Pipelined|
        +-------------------+---------+---------+----------+-----------+-----------+------+----------+
        |- VITIS_LOOP_25_2  |        ?|        ?|         9|          1|          1|     ?|       yes|
        +-------------------+---------+---------+----------+-----------+-----------+------+----------+

============================================================
+ Verbose Summary: Synthesis Manager
============================================================
InlineROM: 1
ExposeGlobal: 0
============================================================
+ Verbose Summary: CDFG Model
============================================================
IsTopModel: 0
ResetActiveHigh: 1
IsCombinational: 0
IsDatapathOnly: 0
HasWiredReturn: 1
HasMFsm: 2
HasVarLatency: 1
IsPipeline: 0
IsRtlPipelined: 0
IsInstanceOverlapped: 0
IsDontTouch: 0
HasImplIP: 0
IsGatedGlobalClock: 0

+ Individual pipeline summary: 
  * Pipeline-0: initiation interval (II) = 1, depth = 9


============================================================
+ Verbose Summary: Schedule
============================================================
* Number of FSM states : 9
* Pipeline : 1
  Pipeline-0 : II = 1, D = 9, States = { 1 2 3 4 5 6 7 8 9 }
* Dataflow Pipeline: 0

* FSM state transitions: 
1 --> 2 
2 --> 3 
3 --> 4 
4 --> 5 
5 --> 6 
6 --> 7 
7 --> 8 
8 --> 9 
9 --> 

* FSM state operations: 

State 1 <SV = 0> <Delay = 4.11>
ST_1 : Operation 12 [1/1] (0.00ns)   --->   "%a = alloca i32 1"   --->   Operation 12 'alloca' 'a' <Predicate = true> <Delay = 0.00>
ST_1 : Operation 13 [1/1] (0.00ns)   --->   "%i = alloca i32 1"   --->   Operation 13 'alloca' 'i' <Predicate = true> <Delay = 0.00>
ST_1 : Operation 14 [1/1] (0.00ns)   --->   "%shl_ln32_1_read = read i8 @_ssdm_op_Read.ap_auto.i8, i8 %shl_ln32_1"   --->   Operation 14 'read' 'shl_ln32_1_read' <Predicate = true> <Delay = 0.00>
ST_1 : Operation 15 [1/1] (0.00ns)   --->   "%zext_ln32_2_read = read i6 @_ssdm_op_Read.ap_auto.i6, i6 %zext_ln32_2"   --->   Operation 15 'read' 'zext_ln32_2_read' <Predicate = true> <Delay = 0.00>
ST_1 : Operation 16 [1/1] (0.00ns)   --->   "%shl_ln30_1_read = read i8 @_ssdm_op_Read.ap_auto.i8, i8 %shl_ln30_1"   --->   Operation 16 'read' 'shl_ln30_1_read' <Predicate = true> <Delay = 0.00>
ST_1 : Operation 17 [1/1] (0.00ns)   --->   "%zext_ln30_1_read = read i6 @_ssdm_op_Read.ap_auto.i6, i6 %zext_ln30_1"   --->   Operation 17 'read' 'zext_ln30_1_read' <Predicate = true> <Delay = 0.00>
ST_1 : Operation 18 [1/1] (0.00ns)   --->   "%out_memory_assign_read = read i64 @_ssdm_op_Read.ap_auto.i64, i64 %out_memory_assign"   --->   Operation 18 'read' 'out_memory_assign_read' <Predicate = true> <Delay = 0.00>
ST_1 : Operation 19 [1/1] (0.00ns)   --->   "%even_read = read i1 @_ssdm_op_Read.ap_auto.i1, i1 %even"   --->   Operation 19 'read' 'even_read' <Predicate = true> <Delay = 0.00>
ST_1 : Operation 20 [1/1] (0.00ns)   --->   "%tmp_1_read = read i32 @_ssdm_op_Read.ap_auto.i32, i32 %tmp_1"   --->   Operation 20 'read' 'tmp_1_read' <Predicate = true> <Delay = 0.00>
ST_1 : Operation 21 [1/1] (0.00ns)   --->   "%zext_ln32_2_cast = zext i6 %zext_ln32_2_read"   --->   Operation 21 'zext' 'zext_ln32_2_cast' <Predicate = true> <Delay = 0.00>
ST_1 : Operation 22 [1/1] (0.00ns)   --->   "%zext_ln30_1_cast = zext i6 %zext_ln30_1_read"   --->   Operation 22 'zext' 'zext_ln30_1_cast' <Predicate = true> <Delay = 0.00>
ST_1 : Operation 23 [1/1] (0.00ns)   --->   "%specinterface_ln0 = specinterface void @_ssdm_op_SpecInterface, i64 %gmem0, void @empty_4, i32 0, i32 0, void @empty_3, i32 0, i32 1024, void @empty_2, void @empty_1, void @empty_3, i32 16, i32 16, i32 16, i32 256, void @empty_3, void @empty_3, i32 4294967295, i32 0"   --->   Operation 23 'specinterface' 'specinterface_ln0' <Predicate = true> <Delay = 0.00>
ST_1 : Operation 24 [1/1] (0.00ns)   --->   "%specinterface_ln0 = specinterface void @_ssdm_op_SpecInterface, i33 %inbuf, void @empty_16, i32 0, i32 0, void @empty_3, i32 0, i32 0, void @empty_3, void @empty_3, void @empty_3, i32 0, i32 0, i32 0, i32 0, void @empty_3, void @empty_3, i32 4294967295, i32 0"   --->   Operation 24 'specinterface' 'specinterface_ln0' <Predicate = true> <Delay = 0.00>
ST_1 : Operation 25 [1/1] (1.58ns)   --->   "%store_ln0 = store i31 0, i31 %i"   --->   Operation 25 'store' 'store_ln0' <Predicate = true> <Delay = 1.58>
ST_1 : Operation 26 [1/1] (1.58ns)   --->   "%store_ln0 = store i32 0, i32 %a"   --->   Operation 26 'store' 'store_ln0' <Predicate = true> <Delay = 1.58>
ST_1 : Operation 27 [1/1] (1.58ns)   --->   "%br_ln0 = br void %for.body"   --->   Operation 27 'br' 'br_ln0' <Predicate = true> <Delay = 1.58>
ST_1 : Operation 28 [1/1] (0.00ns)   --->   "%high = phi i1 0, void %newFuncRoot, i1 %high_1, void %if.end"   --->   Operation 28 'phi' 'high' <Predicate = true> <Delay = 0.00>
ST_1 : Operation 29 [1/1] (0.00ns)   --->   "%i_load = load i31 %i" [userdma.cpp:25]   --->   Operation 29 'load' 'i_load' <Predicate = true> <Delay = 0.00>
ST_1 : Operation 30 [1/1] (0.00ns)   --->   "%zext_ln25 = zext i31 %i_load" [userdma.cpp:25]   --->   Operation 30 'zext' 'zext_ln25' <Predicate = true> <Delay = 0.00>
ST_1 : Operation 31 [1/1] (2.47ns)   --->   "%icmp_ln25 = icmp_slt  i32 %zext_ln25, i32 %tmp_1_read" [userdma.cpp:25]   --->   Operation 31 'icmp' 'icmp_ln25' <Predicate = true> <Delay = 2.47> <CoreInst = "Cmp">   --->   Core 9 'Cmp' <Latency = 0> <II = 1> <Delay = 2.47> <FuncUnit> <Opcode : 'icmp'> <InPorts = 2> <OutPorts = 1>
ST_1 : Operation 32 [1/1] (2.52ns)   --->   "%add_ln25 = add i31 %i_load, i31 1" [userdma.cpp:25]   --->   Operation 32 'add' 'add_ln25' <Predicate = true> <Delay = 2.52> <CoreInst = "Adder">   --->   Core 1 'Adder' <Latency = 0> <II = 1> <Delay = 2.52> <FuncUnit> <Opcode : 'add' 'sub'> <InPorts = 2> <OutPorts = 1>
ST_1 : Operation 33 [1/1] (0.00ns)   --->   "%br_ln25 = br i1 %icmp_ln25, void %for.end.loopexit_ifconv.exitStub, void %for.body.split" [userdma.cpp:25]   --->   Operation 33 'br' 'br_ln25' <Predicate = true> <Delay = 0.00>
ST_1 : Operation 34 [1/1] (0.00ns)   --->   "%br_ln29 = br i1 %high, void %if.else, void %if.then" [userdma.cpp:29]   --->   Operation 34 'br' 'br_ln29' <Predicate = (icmp_ln25)> <Delay = 0.00>
ST_1 : Operation 35 [1/1] (0.00ns) (grouped into LUT with out node high_1)   --->   "%xor_ln33 = xor i1 %high, i1 1" [userdma.cpp:33]   --->   Operation 35 'xor' 'xor_ln33' <Predicate = (icmp_ln25 & even_read)> <Delay = 0.00> <CoreInst = "LogicGate">   --->   Core 74 'LogicGate' <Latency = 0> <II = 1> <Delay = 0.97> <FuncUnit> <Opcode : 'and' 'or' 'xor'> <InPorts = 2> <OutPorts = 1>
ST_1 : Operation 36 [1/1] (0.99ns) (out node of the LUT)   --->   "%high_1 = select i1 %even_read, i1 %xor_ln33, i1 %high" [userdma.cpp:33]   --->   Operation 36 'select' 'high_1' <Predicate = (icmp_ln25)> <Delay = 0.99> <CoreInst = "Sel">   --->   Core 73 'Sel' <Latency = 0> <II = 1> <Delay = 0.99> <FuncUnit> <Opcode : 'select'> <InPorts = 3> <OutPorts = 1>
ST_1 : Operation 37 [1/1] (1.58ns)   --->   "%store_ln25 = store i31 %add_ln25, i31 %i" [userdma.cpp:25]   --->   Operation 37 'store' 'store_ln25' <Predicate = (icmp_ln25)> <Delay = 1.58>

State 2 <SV = 1> <Delay = 6.07>
ST_2 : Operation 38 [1/1] (3.50ns)   --->   "%inbuf_read = read i33 @_ssdm_op_Read.ap_fifo.volatile.i33P0A, i33 %inbuf" [/tools/Xilinx/Vitis_HLS/2022.1/common/technology/autopilot/hls_stream_39.h:145]   --->   Operation 38 'read' 'inbuf_read' <Predicate = true> <Delay = 3.50> <CoreInst = "FIFO">   --->   Core 78 'FIFO' <Latency = 0> <II = 1> <Delay = 3.50> <Storage> <Opcode : 'read' 'write' 'nbread' 'nbwrite'> <Ports = 0> <Width = 33> <Depth = 1024> <FIFO>
ST_2 : Operation 39 [1/1] (0.00ns)   --->   "%trunc_ln145 = trunc i33 %inbuf_read" [/tools/Xilinx/Vitis_HLS/2022.1/common/technology/autopilot/hls_stream_39.h:145]   --->   Operation 39 'trunc' 'trunc_ln145' <Predicate = true> <Delay = 0.00>
ST_2 : Operation 40 [1/1] (0.00ns)   --->   "%a_load_1 = load i32 %a" [userdma.cpp:30]   --->   Operation 40 'load' 'a_load_1' <Predicate = true> <Delay = 0.00>
ST_2 : Operation 41 [1/1] (0.00ns)   --->   "%shl_ln2 = bitconcatenate i35 @_ssdm_op_BitConcatenate.i35.i32.i3, i32 %a_load_1, i3 0" [userdma.cpp:32]   --->   Operation 41 'bitconcatenate' 'shl_ln2' <Predicate = (!high)> <Delay = 0.00>
ST_2 : Operation 42 [1/1] (0.00ns)   --->   "%sext_ln32 = sext i35 %shl_ln2" [userdma.cpp:32]   --->   Operation 42 'sext' 'sext_ln32' <Predicate = (!high)> <Delay = 0.00>
ST_2 : Operation 43 [1/1] (3.52ns)   --->   "%add_ln32 = add i64 %out_memory_assign_read, i64 %sext_ln32" [userdma.cpp:32]   --->   Operation 43 'add' 'add_ln32' <Predicate = (!high)> <Delay = 3.52> <CoreInst = "Adder">   --->   Core 1 'Adder' <Latency = 0> <II = 1> <Delay = 3.52> <FuncUnit> <Opcode : 'add' 'sub'> <InPorts = 2> <OutPorts = 1>
ST_2 : Operation 44 [1/1] (0.00ns)   --->   "%trunc_ln3 = partselect i61 @_ssdm_op_PartSelect.i61.i64.i32.i32, i64 %add_ln32, i32 3, i32 63" [userdma.cpp:32]   --->   Operation 44 'partselect' 'trunc_ln3' <Predicate = (!high)> <Delay = 0.00>
ST_2 : Operation 45 [1/1] (2.55ns)   --->   "%add_ln30 = add i32 %a_load_1, i32 4294967295" [userdma.cpp:30]   --->   Operation 45 'add' 'add_ln30' <Predicate = (high)> <Delay = 2.55> <CoreInst = "Adder">   --->   Core 1 'Adder' <Latency = 0> <II = 1> <Delay = 2.55> <FuncUnit> <Opcode : 'add' 'sub'> <InPorts = 2> <OutPorts = 1>
ST_2 : Operation 46 [1/1] (0.00ns) (grouped into LUT with out node add_ln30_1)   --->   "%shl_ln1 = bitconcatenate i35 @_ssdm_op_BitConcatenate.i35.i32.i3, i32 %add_ln30, i3 0" [userdma.cpp:30]   --->   Operation 46 'bitconcatenate' 'shl_ln1' <Predicate = (high)> <Delay = 0.00>
ST_2 : Operation 47 [1/1] (0.00ns) (grouped into LUT with out node add_ln30_1)   --->   "%or_ln30 = or i35 %shl_ln1, i35 4" [userdma.cpp:30]   --->   Operation 47 'or' 'or_ln30' <Predicate = (high)> <Delay = 0.00>
ST_2 : Operation 48 [1/1] (0.00ns) (grouped into LUT with out node add_ln30_1)   --->   "%sext_ln30 = sext i35 %or_ln30" [userdma.cpp:30]   --->   Operation 48 'sext' 'sext_ln30' <Predicate = (high)> <Delay = 0.00>
ST_2 : Operation 49 [1/1] (3.52ns) (out node of the LUT)   --->   "%add_ln30_1 = add i64 %sext_ln30, i64 %out_memory_assign_read" [userdma.cpp:30]   --->   Operation 49 'add' 'add_ln30_1' <Predicate = (high)> <Delay = 3.52> <CoreInst = "Adder">   --->   Core 1 'Adder' <Latency = 0> <II = 1> <Delay = 3.52> <FuncUnit> <Opcode : 'add' 'sub'> <InPorts = 2> <OutPorts = 1>
ST_2 : Operation 50 [1/1] (0.00ns)   --->   "%trunc_ln30_1 = partselect i61 @_ssdm_op_PartSelect.i61.i64.i32.i32, i64 %add_ln30_1, i32 3, i32 63" [userdma.cpp:30]   --->   Operation 50 'partselect' 'trunc_ln30_1' <Predicate = (high)> <Delay = 0.00>
ST_2 : Operation 51 [1/1] (0.00ns)   --->   "%a_load = load i32 %a" [userdma.cpp:35]   --->   Operation 51 'load' 'a_load' <Predicate = (icmp_ln25)> <Delay = 0.00>
ST_2 : Operation 52 [1/1] (2.55ns)   --->   "%add_ln35 = add i32 %a_load, i32 1" [userdma.cpp:35]   --->   Operation 52 'add' 'add_ln35' <Predicate = (icmp_ln25)> <Delay = 2.55> <CoreInst = "Adder">   --->   Core 1 'Adder' <Latency = 0> <II = 1> <Delay = 2.55> <FuncUnit> <Opcode : 'add' 'sub'> <InPorts = 2> <OutPorts = 1>
ST_2 : Operation 53 [1/1] (0.00ns) (grouped into LUT with out node a_1)   --->   "%select_ln35 = select i1 %high_1, i32 %add_ln35, i32 %a_load" [userdma.cpp:35]   --->   Operation 53 'select' 'select_ln35' <Predicate = (icmp_ln25 & even_read)> <Delay = 0.00> <CoreInst = "Sel">   --->   Core 73 'Sel' <Latency = 0> <II = 1> <Delay = 0.69> <FuncUnit> <Opcode : 'select'> <InPorts = 3> <OutPorts = 1>
ST_2 : Operation 54 [1/1] (0.69ns) (out node of the LUT)   --->   "%a_1 = select i1 %even_read, i32 %select_ln35, i32 %add_ln35" [userdma.cpp:35]   --->   Operation 54 'select' 'a_1' <Predicate = (icmp_ln25)> <Delay = 0.69> <CoreInst = "Sel">   --->   Core 73 'Sel' <Latency = 0> <II = 1> <Delay = 0.69> <FuncUnit> <Opcode : 'select'> <InPorts = 3> <OutPorts = 1>
ST_2 : Operation 55 [1/1] (1.58ns)   --->   "%store_ln25 = store i32 %a_1, i32 %a" [userdma.cpp:25]   --->   Operation 55 'store' 'store_ln25' <Predicate = (icmp_ln25)> <Delay = 1.58>
ST_2 : Operation 56 [1/1] (0.00ns)   --->   "%br_ln25 = br void %for.body" [userdma.cpp:25]   --->   Operation 56 'br' 'br_ln25' <Predicate = (icmp_ln25)> <Delay = 0.00>

State 3 <SV = 2> <Delay = 7.30>
ST_3 : Operation 57 [1/1] (0.00ns)   --->   "%specpipeline_ln26 = specpipeline void @_ssdm_op_SpecPipeline, i32 4294967295, i32 0, i32 0, i32 0, void @empty_3" [userdma.cpp:26]   --->   Operation 57 'specpipeline' 'specpipeline_ln26' <Predicate = true> <Delay = 0.00>
ST_3 : Operation 58 [1/1] (0.00ns)   --->   "%specloopname_ln18 = specloopname void @_ssdm_op_SpecLoopName, void @empty_17" [userdma.cpp:18]   --->   Operation 58 'specloopname' 'specloopname_ln18' <Predicate = true> <Delay = 0.00>
ST_3 : Operation 59 [1/1] (0.00ns)   --->   "%zext_ln32 = zext i32 %trunc_ln145" [userdma.cpp:32]   --->   Operation 59 'zext' 'zext_ln32' <Predicate = true> <Delay = 0.00>
ST_3 : Operation 60 [1/1] (4.42ns)   --->   "%shl_ln32 = shl i64 %zext_ln32, i64 %zext_ln32_2_cast" [userdma.cpp:32]   --->   Operation 60 'shl' 'shl_ln32' <Predicate = (!high)> <Delay = 4.42> <CoreInst = "Shifter">   --->   Core 75 'Shifter' <Latency = 0> <II = 1> <Delay = 4.42> <FuncUnit> <Opcode : 'shl' 'lshr' 'ashr'> <InPorts = 2> <OutPorts = 1>
ST_3 : Operation 61 [1/1] (0.00ns)   --->   "%sext_ln32_1 = sext i61 %trunc_ln3" [userdma.cpp:32]   --->   Operation 61 'sext' 'sext_ln32_1' <Predicate = (!high)> <Delay = 0.00>
ST_3 : Operation 62 [1/1] (0.00ns)   --->   "%gmem0_addr_1 = getelementptr i64 %gmem0, i64 %sext_ln32_1" [userdma.cpp:32]   --->   Operation 62 'getelementptr' 'gmem0_addr_1' <Predicate = (!high)> <Delay = 0.00>
ST_3 : Operation 63 [1/1] (7.30ns)   --->   "%empty_40 = writereq i1 @_ssdm_op_WriteReq.m_axi.p1i64, i64 %gmem0_addr_1, i32 1" [userdma.cpp:32]   --->   Operation 63 'writereq' 'empty_40' <Predicate = (!high)> <Delay = 7.30> <CoreInst = "m_axi">   --->   Core 113 'm_axi' <Latency = 0> <II = 1> <Delay = 1.00> <Adapter> <Opcode : 'read' 'write' 'readreq' 'writereq' 'writeresp'>
ST_3 : Operation 64 [1/1] (4.42ns)   --->   "%shl_ln30 = shl i64 %zext_ln32, i64 %zext_ln30_1_cast" [userdma.cpp:30]   --->   Operation 64 'shl' 'shl_ln30' <Predicate = (high)> <Delay = 4.42> <CoreInst = "Shifter">   --->   Core 75 'Shifter' <Latency = 0> <II = 1> <Delay = 4.42> <FuncUnit> <Opcode : 'shl' 'lshr' 'ashr'> <InPorts = 2> <OutPorts = 1>
ST_3 : Operation 65 [1/1] (0.00ns)   --->   "%sext_ln30_1 = sext i61 %trunc_ln30_1" [userdma.cpp:30]   --->   Operation 65 'sext' 'sext_ln30_1' <Predicate = (high)> <Delay = 0.00>
ST_3 : Operation 66 [1/1] (0.00ns)   --->   "%gmem0_addr = getelementptr i64 %gmem0, i64 %sext_ln30_1" [userdma.cpp:30]   --->   Operation 66 'getelementptr' 'gmem0_addr' <Predicate = (high)> <Delay = 0.00>
ST_3 : Operation 67 [1/1] (7.30ns)   --->   "%empty = writereq i1 @_ssdm_op_WriteReq.m_axi.p1i64, i64 %gmem0_addr, i32 1" [userdma.cpp:30]   --->   Operation 67 'writereq' 'empty' <Predicate = (high)> <Delay = 7.30> <CoreInst = "m_axi">   --->   Core 113 'm_axi' <Latency = 0> <II = 1> <Delay = 1.00> <Adapter> <Opcode : 'read' 'write' 'readreq' 'writereq' 'writeresp'>

State 4 <SV = 3> <Delay = 7.30>
ST_4 : Operation 68 [1/1] (7.30ns)   --->   "%write_ln32 = write void @_ssdm_op_Write.m_axi.p1i64, i64 %gmem0_addr_1, i64 %shl_ln32, i8 %shl_ln32_1_read" [userdma.cpp:32]   --->   Operation 68 'write' 'write_ln32' <Predicate = (!high)> <Delay = 7.30> <CoreInst = "m_axi">   --->   Core 113 'm_axi' <Latency = 0> <II = 1> <Delay = 1.00> <Adapter> <Opcode : 'read' 'write' 'readreq' 'writereq' 'writeresp'>
ST_4 : Operation 69 [1/1] (7.30ns)   --->   "%write_ln30 = write void @_ssdm_op_Write.m_axi.p1i64, i64 %gmem0_addr, i64 %shl_ln30, i8 %shl_ln30_1_read" [userdma.cpp:30]   --->   Operation 69 'write' 'write_ln30' <Predicate = (high)> <Delay = 7.30> <CoreInst = "m_axi">   --->   Core 113 'm_axi' <Latency = 0> <II = 1> <Delay = 1.00> <Adapter> <Opcode : 'read' 'write' 'readreq' 'writereq' 'writeresp'>

State 5 <SV = 4> <Delay = 7.30>
ST_5 : Operation 70 [5/5] (7.30ns)   --->   "%empty_41 = writeresp i1 @_ssdm_op_WriteResp.m_axi.p1i64, i64 %gmem0_addr_1" [userdma.cpp:32]   --->   Operation 70 'writeresp' 'empty_41' <Predicate = (!high)> <Delay = 7.30> <CoreInst = "m_axi">   --->   Core 113 'm_axi' <Latency = 0> <II = 1> <Delay = 1.00> <Adapter> <Opcode : 'read' 'write' 'readreq' 'writereq' 'writeresp'>
ST_5 : Operation 71 [5/5] (7.30ns)   --->   "%empty_39 = writeresp i1 @_ssdm_op_WriteResp.m_axi.p1i64, i64 %gmem0_addr" [userdma.cpp:30]   --->   Operation 71 'writeresp' 'empty_39' <Predicate = (high)> <Delay = 7.30> <CoreInst = "m_axi">   --->   Core 113 'm_axi' <Latency = 0> <II = 1> <Delay = 1.00> <Adapter> <Opcode : 'read' 'write' 'readreq' 'writereq' 'writeresp'>

State 6 <SV = 5> <Delay = 7.30>
ST_6 : Operation 72 [4/5] (7.30ns)   --->   "%empty_41 = writeresp i1 @_ssdm_op_WriteResp.m_axi.p1i64, i64 %gmem0_addr_1" [userdma.cpp:32]   --->   Operation 72 'writeresp' 'empty_41' <Predicate = (!high)> <Delay = 7.30> <CoreInst = "m_axi">   --->   Core 113 'm_axi' <Latency = 0> <II = 1> <Delay = 1.00> <Adapter> <Opcode : 'read' 'write' 'readreq' 'writereq' 'writeresp'>
ST_6 : Operation 73 [4/5] (7.30ns)   --->   "%empty_39 = writeresp i1 @_ssdm_op_WriteResp.m_axi.p1i64, i64 %gmem0_addr" [userdma.cpp:30]   --->   Operation 73 'writeresp' 'empty_39' <Predicate = (high)> <Delay = 7.30> <CoreInst = "m_axi">   --->   Core 113 'm_axi' <Latency = 0> <II = 1> <Delay = 1.00> <Adapter> <Opcode : 'read' 'write' 'readreq' 'writereq' 'writeresp'>

State 7 <SV = 6> <Delay = 7.30>
ST_7 : Operation 74 [3/5] (7.30ns)   --->   "%empty_41 = writeresp i1 @_ssdm_op_WriteResp.m_axi.p1i64, i64 %gmem0_addr_1" [userdma.cpp:32]   --->   Operation 74 'writeresp' 'empty_41' <Predicate = (!high)> <Delay = 7.30> <CoreInst = "m_axi">   --->   Core 113 'm_axi' <Latency = 0> <II = 1> <Delay = 1.00> <Adapter> <Opcode : 'read' 'write' 'readreq' 'writereq' 'writeresp'>
ST_7 : Operation 75 [3/5] (7.30ns)   --->   "%empty_39 = writeresp i1 @_ssdm_op_WriteResp.m_axi.p1i64, i64 %gmem0_addr" [userdma.cpp:30]   --->   Operation 75 'writeresp' 'empty_39' <Predicate = (high)> <Delay = 7.30> <CoreInst = "m_axi">   --->   Core 113 'm_axi' <Latency = 0> <II = 1> <Delay = 1.00> <Adapter> <Opcode : 'read' 'write' 'readreq' 'writereq' 'writeresp'>

State 8 <SV = 7> <Delay = 7.30>
ST_8 : Operation 76 [2/5] (7.30ns)   --->   "%empty_41 = writeresp i1 @_ssdm_op_WriteResp.m_axi.p1i64, i64 %gmem0_addr_1" [userdma.cpp:32]   --->   Operation 76 'writeresp' 'empty_41' <Predicate = (!high)> <Delay = 7.30> <CoreInst = "m_axi">   --->   Core 113 'm_axi' <Latency = 0> <II = 1> <Delay = 1.00> <Adapter> <Opcode : 'read' 'write' 'readreq' 'writereq' 'writeresp'>
ST_8 : Operation 77 [2/5] (7.30ns)   --->   "%empty_39 = writeresp i1 @_ssdm_op_WriteResp.m_axi.p1i64, i64 %gmem0_addr" [userdma.cpp:30]   --->   Operation 77 'writeresp' 'empty_39' <Predicate = (high)> <Delay = 7.30> <CoreInst = "m_axi">   --->   Core 113 'm_axi' <Latency = 0> <II = 1> <Delay = 1.00> <Adapter> <Opcode : 'read' 'write' 'readreq' 'writereq' 'writeresp'>
ST_8 : Operation 82 [1/1] (0.00ns)   --->   "%ret_ln0 = ret"   --->   Operation 82 'ret' 'ret_ln0' <Predicate = (!icmp_ln25)> <Delay = 0.00>

State 9 <SV = 8> <Delay = 7.30>
ST_9 : Operation 78 [1/5] (7.30ns)   --->   "%empty_41 = writeresp i1 @_ssdm_op_WriteResp.m_axi.p1i64, i64 %gmem0_addr_1" [userdma.cpp:32]   --->   Operation 78 'writeresp' 'empty_41' <Predicate = (!high)> <Delay = 7.30> <CoreInst = "m_axi">   --->   Core 113 'm_axi' <Latency = 0> <II = 1> <Delay = 1.00> <Adapter> <Opcode : 'read' 'write' 'readreq' 'writereq' 'writeresp'>
ST_9 : Operation 79 [1/1] (0.00ns)   --->   "%br_ln0 = br void %if.end"   --->   Operation 79 'br' 'br_ln0' <Predicate = (!high)> <Delay = 0.00>
ST_9 : Operation 80 [1/5] (7.30ns)   --->   "%empty_39 = writeresp i1 @_ssdm_op_WriteResp.m_axi.p1i64, i64 %gmem0_addr" [userdma.cpp:30]   --->   Operation 80 'writeresp' 'empty_39' <Predicate = (high)> <Delay = 7.30> <CoreInst = "m_axi">   --->   Core 113 'm_axi' <Latency = 0> <II = 1> <Delay = 1.00> <Adapter> <Opcode : 'read' 'write' 'readreq' 'writereq' 'writeresp'>
ST_9 : Operation 81 [1/1] (0.00ns)   --->   "%br_ln30 = br void %if.end" [userdma.cpp:30]   --->   Operation 81 'br' 'br_ln30' <Predicate = (high)> <Delay = 0.00>


============================================================
+ Verbose Summary: Timing violations
============================================================
Target clock period: 10ns, clock uncertainty: 2.7ns.

 <State 1>: 4.11ns
The critical path consists of the following:
	'alloca' operation ('i') [11]  (0 ns)
	'load' operation ('i_load', userdma.cpp:25) on local variable 'i' [28]  (0 ns)
	'add' operation ('add_ln25', userdma.cpp:25) [31]  (2.52 ns)
	'store' operation ('store_ln25', userdma.cpp:25) of variable 'add_ln25', userdma.cpp:25 on local variable 'i' [74]  (1.59 ns)

 <State 2>: 6.07ns
The critical path consists of the following:
	'load' operation ('a_load_1', userdma.cpp:30) on local variable 'a' [39]  (0 ns)
	'add' operation ('add_ln30', userdma.cpp:30) [54]  (2.55 ns)
	'or' operation ('or_ln30', userdma.cpp:30) [56]  (0 ns)
	'add' operation ('add_ln30_1', userdma.cpp:30) [58]  (3.52 ns)

 <State 3>: 7.3ns
The critical path consists of the following:
	'getelementptr' operation ('gmem0_addr_1', userdma.cpp:32) [48]  (0 ns)
	bus request operation ('empty_40', userdma.cpp:32) on port 'gmem0' (userdma.cpp:32) [49]  (7.3 ns)

 <State 4>: 7.3ns
The critical path consists of the following:
	bus write operation ('write_ln32', userdma.cpp:32) on port 'gmem0' (userdma.cpp:32) [50]  (7.3 ns)

 <State 5>: 7.3ns
The critical path consists of the following:
	bus response operation ('empty_41', userdma.cpp:32) on port 'gmem0' (userdma.cpp:32) [51]  (7.3 ns)

 <State 6>: 7.3ns
The critical path consists of the following:
	bus response operation ('empty_41', userdma.cpp:32) on port 'gmem0' (userdma.cpp:32) [51]  (7.3 ns)

 <State 7>: 7.3ns
The critical path consists of the following:
	bus response operation ('empty_41', userdma.cpp:32) on port 'gmem0' (userdma.cpp:32) [51]  (7.3 ns)

 <State 8>: 7.3ns
The critical path consists of the following:
	bus response operation ('empty_41', userdma.cpp:32) on port 'gmem0' (userdma.cpp:32) [51]  (7.3 ns)

 <State 9>: 7.3ns
The critical path consists of the following:
	bus response operation ('empty_41', userdma.cpp:32) on port 'gmem0' (userdma.cpp:32) [51]  (7.3 ns)


============================================================
+ Verbose Summary: Binding
============================================================
N/A
* FSMD analyzer results:
  - Output states:
 - Input state : 
  - Chain level:
	State 1
	State 2
	State 3
	State 4
	State 5
	State 6
	State 7
	State 8
	State 9


============================================================
+ Verbose Summary: Datapath Resource usage 
============================================================
N/A
