INFO: [SIM 2] *************** CSIM start ***************
INFO: [SIM 4] CSIM will launch GCC as the compiler.
   Compiling(apcc) ../../../../code_hls/tb.c in debug mode
INFO: [HLS 200-10] Running '/tools/Xilinx/Vitis_HLS/2022.1/bin/unwrapped/lnx64.o/apcc'
INFO: [HLS 200-10] For user 'ubuntu' on host 'ubuntu2004.linuxvmimages.local' (Linux_x86_64 version 5.15.0-100-generic) on Mon Mar 11 07:53:03 EDT 2024
INFO: [HLS 200-10] On os Ubuntu 20.04.4 LTS
INFO: [HLS 200-10] In directory '/home/ubuntu/PQC-Falcon/test_sign/solution1/csim/build'
INFO: [APCC 202-3] Tmp directory is /tmp/apcc_db_ubuntu/147471710157983918080
INFO: [APCC 202-1] APCC is done.
INFO: [HLS 200-112] Total CPU user time: 6.74 seconds. Total CPU system time: 0.2 seconds. Total elapsed time: 7 seconds; peak allocated memory: 19.328 MB.
   Generating csim.exe
calculated answer = 73835.092798, expected value = 73835.092798 
calculated answer = -16960.298535, expected value = -16960.298535 
calculated answer = 94553.170159, expected value = 94553.170159 
calculated answer = 82071.942361, expected value = 82071.942361 
calculated answer = -88004.668639, expected value = -88004.668639 
calculated answer = 8300.720780, expected value = 8300.720780 
calculated answer = -38341.277961, expected value = -38341.277961 
calculated answer = -38980.275453, expected value = -38980.275453 
calculated answer = 66294.861495, expected value = 66294.861495 
calculated answer = 107313.993800, expected value = 107313.993800 
calculated answer = -51097.256119, expected value = -51097.256119 
calculated answer = 107002.238445, expected value = 107002.238445 
calculated answer = -101176.555280, expected value = -101176.555280 
calculated answer = 151764.441918, expected value = 151764.441918 
calculated answer = 55989.316365, expected value = 55989.316365 
calculated answer = 122.307054, expected value = 122.307054 
calculated answer = 2878.270777, expected value = 2878.270777 
calculated answer = 101592.301952, expected value = 101592.301952 
calculated answer = 97880.816489, expected value = 97880.816489 
calculated answer = -69110.752544, expected value = -69110.752544 
calculated answer = 7917.384529, expected value = 7917.384529 
calculated answer = 12119.483937, expected value = 12119.483937 
calculated answer = -106107.529249, expected value = -106107.529249 
calculated answer = 59739.302426, expected value = 59739.302426 
calculated answer = -72456.898270, expected value = -72456.898270 
calculated answer = -42974.098146, expected value = -42974.098146 
calculated answer = -30346.600995, expected value = -30346.600995 
calculated answer = -36006.545055, expected value = -36006.545055 
calculated answer = -79691.022567, expected value = -79691.022567 
calculated answer = -14016.811046, expected value = -14016.811046 
calculated answer = 16806.676845, expected value = 16806.676845 
calculated answer = 95742.026904, expected value = 95742.026904 
calculated answer = 72880.971370, expected value = 72880.971370 
calculated answer = -49397.866759, expected value = -49397.866759 
calculated answer = -53326.966023, expected value = -53326.966023 
calculated answer = -123966.471450, expected value = -123966.471450 
calculated answer = -5132.724593, expected value = -5132.724593 
calculated answer = 19686.323534, expected value = 19686.323534 
calculated answer = 48665.535645, expected value = 48665.535645 
calculated answer = -10101.521674, expected value = -10101.521674 
calculated answer = -24702.643406, expected value = -24702.643406 
calculated answer = -40094.294459, expected value = -40094.294459 
calculated answer = -13870.632606, expected value = -13870.632606 
calculated answer = 140267.120833, expected value = 140267.120833 
calculated answer = -106820.573531, expected value = -106820.573531 
calculated answer = 133726.949341, expected value = 133726.949341 
calculated answer = -46704.180451, expected value = -46704.180451 
calculated answer = 14469.923185, expected value = 14469.923185 
calculated answer = -99394.441307, expected value = -99394.441307 
calculated answer = -148414.403903, expected value = -148414.403903 
calculated answer = -36810.291854, expected value = -36810.291854 
calculated answer = 12146.248441, expected value = 12146.248441 
calculated answer = 97082.957017, expected value = 97082.957017 
calculated answer = 38225.855343, expected value = 38225.855343 
calculated answer = -29840.979546, expected value = -29840.979546 
calculated answer = 15863.059826, expected value = 15863.059826 
calculated answer = -55305.377724, expected value = -55305.377724 
calculated answer = 155865.892897, expected value = 155865.892897 
calculated answer = -54426.442409, expected value = -54426.442409 
calculated answer = -113175.454128, expected value = -113175.454128 
calculated answer = 18712.310285, expected value = 18712.310285 
calculated answer = 39832.502414, expected value = 39832.502414 
calculated answer = 19530.039172, expected value = 19530.039172 
calculated answer = -12476.627174, expected value = -12476.627174 
calculated answer = -130030.857465, expected value = -130030.857465 
calculated answer = -6342.240015, expected value = -6342.240015 
calculated answer = 50434.485954, expected value = 50434.485954 
calculated answer = -124369.728243, expected value = -124369.728243 
calculated answer = 108232.333277, expected value = 108232.333277 
calculated answer = -43772.891496, expected value = -43772.891496 
calculated answer = 4369.602665, expected value = 4369.602665 
calculated answer = 43112.423769, expected value = 43112.423769 
calculated answer = -9054.546378, expected value = -9054.546378 
calculated answer = 215095.446250, expected value = 215095.446250 
calculated answer = 41817.199474, expected value = 41817.199474 
calculated answer = 23961.025334, expected value = 23961.025334 
calculated answer = 9187.643050, expected value = 9187.643050 
calculated answer = 136032.028941, expected value = 136032.028941 
calculated answer = -46792.215608, expected value = -46792.215608 
calculated answer = -2624.915650, expected value = -2624.915650 
calculated answer = 46431.553078, expected value = 46431.553078 
calculated answer = -226379.039691, expected value = -226379.039691 
calculated answer = -132083.435309, expected value = -132083.435309 
calculated answer = 17910.431271, expected value = 17910.431271 
calculated answer = -33721.596355, expected value = -33721.596355 
calculated answer = 122394.514481, expected value = 122394.514481 
calculated answer = 148593.670297, expected value = 148593.670297 
calculated answer = -8548.841811, expected value = -8548.841811 
calculated answer = -28146.702740, expected value = -28146.702740 
calculated answer = -95741.784862, expected value = -95741.784862 
calculated answer = -95338.885917, expected value = -95338.885917 
calculated answer = 169616.755577, expected value = 169616.755577 
calculated answer = 613.728895, expected value = 613.728895 
calculated answer = 73014.658970, expected value = 73014.658970 
calculated answer = -109099.868310, expected value = -109099.868310 
calculated answer = -15072.913088, expected value = -15072.913088 
calculated answer = -809.491487, expected value = -809.491487 
calculated answer = -9817.197825, expected value = -9817.197825 
calculated answer = -50480.915750, expected value = -50480.915750 
calculated answer = -78572.148516, expected value = -78572.148516 
calculated answer = -96682.725827, expected value = -96682.725827 
calculated answer = 183494.129196, expected value = 183494.129196 
calculated answer = -137754.934231, expected value = -137754.934231 
calculated answer = -43061.881186, expected value = -43061.881186 
calculated answer = -9863.629185, expected value = -9863.629185 
calculated answer = 102536.709918, expected value = 102536.709918 
calculated answer = 42996.227816, expected value = 42996.227816 
calculated answer = 34171.600677, expected value = 34171.600677 
calculated answer = 22568.030460, expected value = 22568.030460 
calculated answer = -108987.331931, expected value = -108987.331931 
calculated answer = 58321.174605, expected value = 58321.174605 
calculated answer = 41460.920600, expected value = 41460.920600 
calculated answer = 18223.495209, expected value = 18223.495209 
calculated answer = 49813.475526, expected value = 49813.475526 
calculated answer = 15257.996943, expected value = 15257.996943 
calculated answer = -133508.786164, expected value = -133508.786164 
calculated answer = 75090.894512, expected value = 75090.894512 
calculated answer = -45903.969146, expected value = -45903.969146 
calculated answer = 6822.800854, expected value = 6822.800854 
calculated answer = 43681.607984, expected value = 43681.607984 
calculated answer = -44928.939904, expected value = -44928.939904 
calculated answer = -107797.490888, expected value = -107797.490888 
calculated answer = -10023.519203, expected value = -10023.519203 
calculated answer = -22405.587416, expected value = -22405.587416 
calculated answer = 7132.286437, expected value = 7132.286437 
calculated answer = 118755.031991, expected value = 118755.031991 
calculated answer = -47939.605678, expected value = -47939.605678 
calculated answer = 55850.852118, expected value = 55850.852118 
calculated answer = 102934.070826, expected value = 102934.070826 
calculated answer = -25763.067086, expected value = -25763.067086 
calculated answer = 39387.696650, expected value = 39387.696650 
calculated answer = 89053.546418, expected value = 89053.546418 
calculated answer = 83627.211230, expected value = 83627.211230 
calculated answer = 20261.712610, expected value = 20261.712610 
calculated answer = -105504.820317, expected value = -105504.820317 
calculated answer = -145072.763901, expected value = -145072.763901 
calculated answer = 65737.062941, expected value = 65737.062941 
calculated answer = -30832.142077, expected value = -30832.142077 
calculated answer = 156470.626488, expected value = 156470.626488 
calculated answer = -46790.623810, expected value = -46790.623810 
calculated answer = 31018.973484, expected value = 31018.973484 
calculated answer = 94683.274566, expected value = 94683.274566 
calculated answer = -30673.451190, expected value = -30673.451190 
calculated answer = -14144.976625, expected value = -14144.976625 
calculated answer = 44850.685610, expected value = 44850.685610 
calculated answer = 109350.850919, expected value = 109350.850919 
calculated answer = 115843.600633, expected value = 115843.600633 
calculated answer = -174470.262642, expected value = -174470.262642 
calculated answer = 62628.677092, expected value = 62628.677092 
calculated answer = -94774.688442, expected value = -94774.688442 
calculated answer = -14977.835183, expected value = -14977.835183 
calculated answer = -33605.496830, expected value = -33605.496830 
calculated answer = -37224.958826, expected value = -37224.958826 
calculated answer = 107754.738821, expected value = 107754.738821 
calculated answer = -10664.882826, expected value = -10664.882826 
calculated answer = 34271.434735, expected value = 34271.434735 
calculated answer = 150583.379205, expected value = 150583.379205 
calculated answer = -96449.870775, expected value = -96449.870775 
calculated answer = 62515.123846, expected value = 62515.123846 
calculated answer = -151281.303697, expected value = -151281.303697 
calculated answer = -19550.803142, expected value = -19550.803142 
calculated answer = -110320.809491, expected value = -110320.809491 
calculated answer = 31133.230724, expected value = 31133.230724 
calculated answer = 39481.268515, expected value = 39481.268515 
calculated answer = -107468.841759, expected value = -107468.841759 
calculated answer = -93794.818104, expected value = -93794.818104 
calculated answer = 46622.685962, expected value = 46622.685962 
calculated answer = -9749.237430, expected value = -9749.237430 
calculated answer = 93325.076725, expected value = 93325.076725 
calculated answer = -61916.688744, expected value = -61916.688744 
calculated answer = 84911.206149, expected value = 84911.206149 
calculated answer = -9219.923104, expected value = -9219.923104 
calculated answer = 11022.837456, expected value = 11022.837456 
calculated answer = 22819.684095, expected value = 22819.684095 
calculated answer = -42123.156001, expected value = -42123.156001 
calculated answer = 76852.940331, expected value = 76852.940331 
calculated answer = -113766.650443, expected value = -113766.650443 
calculated answer = 52607.340377, expected value = 52607.340377 
calculated answer = 104542.279252, expected value = 104542.279252 
calculated answer = -22752.254733, expected value = -22752.254733 
calculated answer = -11151.510902, expected value = -11151.510902 
calculated answer = 153587.437161, expected value = 153587.437161 
calculated answer = 9658.296833, expected value = 9658.296833 
calculated answer = 53259.669120, expected value = 53259.669120 
calculated answer = 84512.522329, expected value = 84512.522329 
calculated answer = 16486.615564, expected value = 16486.615564 
calculated answer = 43179.335794, expected value = 43179.335794 
calculated answer = -46251.009634, expected value = -46251.009634 
calculated answer = 33430.804733, expected value = 33430.804733 
calculated answer = -10497.058230, expected value = -10497.058230 
calculated answer = -40227.789932, expected value = -40227.789932 
calculated answer = -19487.766391, expected value = -19487.766391 
calculated answer = -33182.275474, expected value = -33182.275474 
calculated answer = -30931.567391, expected value = -30931.567391 
calculated answer = 62543.030510, expected value = 62543.030510 
calculated answer = 79657.943094, expected value = 79657.943094 
calculated answer = -24600.858133, expected value = -24600.858133 
calculated answer = 135813.980409, expected value = 135813.980409 
calculated answer = -73856.602285, expected value = -73856.602285 
calculated answer = 30636.344141, expected value = 30636.344141 
calculated answer = -86929.265438, expected value = -86929.265438 
calculated answer = 2579.454962, expected value = 2579.454962 
calculated answer = 108372.162843, expected value = 108372.162843 
calculated answer = 135967.256806, expected value = 135967.256806 
calculated answer = 68655.051759, expected value = 68655.051759 
calculated answer = 11001.346245, expected value = 11001.346245 
calculated answer = -120785.046780, expected value = -120785.046780 
calculated answer = 19551.890951, expected value = 19551.890951 
calculated answer = 41676.619684, expected value = 41676.619684 
calculated answer = -27962.171040, expected value = -27962.171040 
calculated answer = -80172.185460, expected value = -80172.185460 
calculated answer = -61978.457369, expected value = -61978.457369 
calculated answer = 113937.590192, expected value = 113937.590192 
calculated answer = 61726.474802, expected value = 61726.474802 
calculated answer = 69699.144636, expected value = 69699.144636 
calculated answer = -63777.679286, expected value = -63777.679286 
calculated answer = -97570.743558, expected value = -97570.743558 
calculated answer = -24156.109293, expected value = -24156.109293 
calculated answer = 165819.784392, expected value = 165819.784392 
calculated answer = -527.679383, expected value = -527.679383 
calculated answer = 10509.085613, expected value = 10509.085613 
calculated answer = 18919.830297, expected value = 18919.830297 
calculated answer = -23011.516143, expected value = -23011.516143 
calculated answer = -134213.490983, expected value = -134213.490983 
calculated answer = -13333.468812, expected value = -13333.468812 
calculated answer = 5297.809830, expected value = 5297.809830 
calculated answer = 180169.410561, expected value = 180169.410561 
calculated answer = 42541.218067, expected value = 42541.218067 
calculated answer = 6940.765344, expected value = 6940.765344 
calculated answer = 65386.934791, expected value = 65386.934791 
calculated answer = 30760.573082, expected value = 30760.573082 
calculated answer = -122165.181848, expected value = -122165.181848 
calculated answer = 188496.079714, expected value = 188496.079714 
calculated answer = -24245.236931, expected value = -24245.236931 
calculated answer = -132595.810679, expected value = -132595.810679 
calculated answer = -124331.081111, expected value = -124331.081111 
calculated answer = -27431.125358, expected value = -27431.125358 
calculated answer = -33844.766941, expected value = -33844.766941 
calculated answer = 26706.998142, expected value = 26706.998142 
calculated answer = 73775.058152, expected value = 73775.058152 
calculated answer = 31333.237122, expected value = 31333.237122 
calculated answer = 38437.946658, expected value = 38437.946658 
calculated answer = 58746.154062, expected value = 58746.154062 
calculated answer = 17789.389113, expected value = 17789.389113 
calculated answer = -59938.985945, expected value = -59938.985945 
calculated answer = -103187.434875, expected value = -103187.434875 
calculated answer = -134799.161354, expected value = -134799.161354 
calculated answer = 80040.883529, expected value = 80040.883529 
calculated answer = -96071.420009, expected value = -96071.420009 
calculated answer = -24864.852768, expected value = -24864.852768 
calculated answer = -31562.063081, expected value = -31562.063081 
calculated answer = -30551.882335, expected value = -30551.882335 
calculated answer = -45755.348968, expected value = -45755.348968 
calculated answer = -18752.191536, expected value = -18752.191536 
calculated answer = -108945.418124, expected value = -108945.418124 
calculated answer = 44243.902355, expected value = 44243.902355 
calculated answer = -66490.290502, expected value = -66490.290502 
calculated answer = 2683.227790, expected value = 2683.227790 
calculated answer = 165281.765578, expected value = 165281.765578 
calculated answer = 89040.111734, expected value = 89040.111734 
calculated answer = -157258.620452, expected value = -157258.620452 
calculated answer = 67123.620725, expected value = 67123.620725 
calculated answer = -55955.824269, expected value = -55955.824269 
calculated answer = -105734.190011, expected value = -105734.190011 
calculated answer = -18960.629243, expected value = -18960.629243 
calculated answer = -68090.518403, expected value = -68090.518403 
calculated answer = 62855.371602, expected value = 62855.371602 
calculated answer = 77447.742412, expected value = 77447.742412 
calculated answer = -47944.749947, expected value = -47944.749947 
calculated answer = 18625.410078, expected value = 18625.410078 
calculated answer = -94836.780740, expected value = -94836.780740 
calculated answer = -32554.087874, expected value = -32554.087874 
calculated answer = -30756.677452, expected value = -30756.677452 
calculated answer = -2418.413122, expected value = -2418.413122 
calculated answer = -102810.801107, expected value = -102810.801107 
calculated answer = -9558.617236, expected value = -9558.617236 
calculated answer = 110569.119224, expected value = 110569.119224 
calculated answer = 6043.533850, expected value = 6043.533850 
calculated answer = 100876.946267, expected value = 100876.946267 
calculated answer = 63129.058707, expected value = 63129.058707 
calculated answer = 41481.508976, expected value = 41481.508976 
calculated answer = -60761.972230, expected value = -60761.972230 
calculated answer = -115428.532759, expected value = -115428.532759 
calculated answer = 56386.531323, expected value = 56386.531323 
calculated answer = -54972.539559, expected value = -54972.539559 
calculated answer = 8681.635202, expected value = 8681.635202 
calculated answer = 98259.459080, expected value = 98259.459080 
calculated answer = 32740.507530, expected value = 32740.507530 
calculated answer = -133142.935609, expected value = -133142.935609 
calculated answer = 2947.661118, expected value = 2947.661118 
calculated answer = -4999.929297, expected value = -4999.929297 
calculated answer = 12853.700406, expected value = 12853.700406 
calculated answer = 26176.441434, expected value = 26176.441434 
calculated answer = 55574.234738, expected value = 55574.234738 
calculated answer = -30300.081642, expected value = -30300.081642 
calculated answer = -39575.108603, expected value = -39575.108603 
calculated answer = -24212.926672, expected value = -24212.926672 
calculated answer = -43518.306147, expected value = -43518.306147 
calculated answer = 162074.424945, expected value = 162074.424945 
calculated answer = -5231.695937, expected value = -5231.695937 
calculated answer = 94365.481870, expected value = 94365.481870 
calculated answer = 53758.739938, expected value = 53758.739938 
calculated answer = 6618.161070, expected value = 6618.161070 
calculated answer = 113890.636143, expected value = 113890.636143 
calculated answer = -218739.744435, expected value = -218739.744435 
calculated answer = 75773.650536, expected value = 75773.650536 
calculated answer = -125195.769765, expected value = -125195.769765 
calculated answer = 92161.768429, expected value = 92161.768429 
calculated answer = 87491.361151, expected value = 87491.361151 
calculated answer = 131327.510484, expected value = 131327.510484 
calculated answer = 10418.817170, expected value = 10418.817170 
calculated answer = -129883.486030, expected value = -129883.486030 
calculated answer = 36964.456434, expected value = 36964.456434 
calculated answer = -86467.464611, expected value = -86467.464611 
calculated answer = 166069.793866, expected value = 166069.793866 
calculated answer = 14301.044841, expected value = 14301.044841 
calculated answer = 22687.211781, expected value = 22687.211781 
calculated answer = 51819.172874, expected value = 51819.172874 
calculated answer = 69082.064505, expected value = 69082.064505 
calculated answer = 150653.831613, expected value = 150653.831613 
calculated answer = 58610.646569, expected value = 58610.646569 
calculated answer = -24125.526994, expected value = -24125.526994 
calculated answer = 21281.354092, expected value = 21281.354092 
calculated answer = -35183.509235, expected value = -35183.509235 
calculated answer = -27007.163908, expected value = -27007.163908 
calculated answer = 57044.544437, expected value = 57044.544437 
calculated answer = -5954.960824, expected value = -5954.960824 
calculated answer = 15403.000084, expected value = 15403.000084 
calculated answer = -134666.349530, expected value = -134666.349530 
calculated answer = -57305.012268, expected value = -57305.012268 
calculated answer = 78991.340619, expected value = 78991.340619 
calculated answer = -19132.628004, expected value = -19132.628004 
calculated answer = 84814.331178, expected value = 84814.331178 
calculated answer = 111953.528319, expected value = 111953.528319 
calculated answer = -17392.765959, expected value = -17392.765959 
calculated answer = 98245.117991, expected value = 98245.117991 
calculated answer = -22323.270598, expected value = -22323.270598 
calculated answer = -74417.107511, expected value = -74417.107511 
calculated answer = -62388.529823, expected value = -62388.529823 
calculated answer = 59826.211426, expected value = 59826.211426 
calculated answer = -131.005091, expected value = -131.005091 
calculated answer = -15336.277218, expected value = -15336.277218 
calculated answer = -47364.462022, expected value = -47364.462022 
calculated answer = -38763.980130, expected value = -38763.980130 
calculated answer = -145827.048548, expected value = -145827.048548 
calculated answer = -5439.768032, expected value = -5439.768032 
calculated answer = 62680.703957, expected value = 62680.703957 
calculated answer = 85259.155780, expected value = 85259.155780 
calculated answer = -13366.814986, expected value = -13366.814986 
calculated answer = 86140.705432, expected value = 86140.705432 
calculated answer = -50129.487285, expected value = -50129.487285 
calculated answer = 118117.751369, expected value = 118117.751369 
calculated answer = 82305.392925, expected value = 82305.392925 
calculated answer = -54290.657413, expected value = -54290.657413 
calculated answer = 8354.113111, expected value = 8354.113111 
calculated answer = 984.437322, expected value = 984.437322 
calculated answer = -24655.292320, expected value = -24655.292320 
calculated answer = 106068.504755, expected value = 106068.504755 
calculated answer = -154942.056443, expected value = -154942.056443 
calculated answer = -93361.202498, expected value = -93361.202498 
calculated answer = 8423.833317, expected value = 8423.833317 
calculated answer = 24213.150826, expected value = 24213.150826 
calculated answer = 31225.583706, expected value = 31225.583706 
calculated answer = 42744.590541, expected value = 42744.590541 
calculated answer = 124425.170829, expected value = 124425.170829 
calculated answer = -5862.797553, expected value = -5862.797553 
calculated answer = -114689.320740, expected value = -114689.320740 
calculated answer = -45403.391241, expected value = -45403.391241 
calculated answer = 185855.108759, expected value = 185855.108759 
calculated answer = 41656.555255, expected value = 41656.555255 
calculated answer = -76213.925141, expected value = -76213.925141 
calculated answer = -19841.180267, expected value = -19841.180267 
calculated answer = 161048.913831, expected value = 161048.913831 
calculated answer = 39625.651937, expected value = 39625.651937 
calculated answer = 23287.301473, expected value = 23287.301473 
calculated answer = -70217.233682, expected value = -70217.233682 
calculated answer = 63450.882794, expected value = 63450.882794 
calculated answer = -8254.242843, expected value = -8254.242843 
calculated answer = -74056.795793, expected value = -74056.795793 
calculated answer = 7384.026270, expected value = 7384.026270 
calculated answer = -57553.955306, expected value = -57553.955306 
calculated answer = 29068.371138, expected value = 29068.371138 
calculated answer = 31530.717392, expected value = 31530.717392 
calculated answer = -40990.613156, expected value = -40990.613156 
calculated answer = 36000.885455, expected value = 36000.885455 
calculated answer = 55967.720723, expected value = 55967.720723 
calculated answer = 82735.925857, expected value = 82735.925857 
calculated answer = -54357.781996, expected value = -54357.781996 
calculated answer = 148647.878700, expected value = 148647.878700 
calculated answer = -16801.710102, expected value = -16801.710102 
calculated answer = -17211.131280, expected value = -17211.131280 
calculated answer = 31306.465529, expected value = 31306.465529 
calculated answer = -4304.024423, expected value = -4304.024423 
calculated answer = 130099.418448, expected value = 130099.418448 
calculated answer = 54522.869079, expected value = 54522.869079 
calculated answer = 66265.412526, expected value = 66265.412526 
calculated answer = 169209.715661, expected value = 169209.715661 
calculated answer = -41833.646212, expected value = -41833.646212 
calculated answer = 192568.569399, expected value = 192568.569399 
calculated answer = 111758.777753, expected value = 111758.777753 
calculated answer = -54461.852215, expected value = -54461.852215 
calculated answer = 56492.601483, expected value = 56492.601483 
calculated answer = 6496.433944, expected value = 6496.433944 
calculated answer = 13633.408559, expected value = 13633.408559 
calculated answer = 18455.371037, expected value = 18455.371037 
calculated answer = -18759.531549, expected value = -18759.531549 
calculated answer = 1225.769044, expected value = 1225.769044 
calculated answer = -121176.754538, expected value = -121176.754538 
calculated answer = 9351.602943, expected value = 9351.602943 
calculated answer = 12957.012263, expected value = 12957.012263 
calculated answer = -52400.334808, expected value = -52400.334808 
calculated answer = 42453.255272, expected value = 42453.255272 
calculated answer = -104602.239452, expected value = -104602.239452 
calculated answer = -76886.710448, expected value = -76886.710448 
calculated answer = -14072.006993, expected value = -14072.006993 
calculated answer = 56868.447780, expected value = 56868.447780 
calculated answer = -21867.544316, expected value = -21867.544316 
calculated answer = -3782.277135, expected value = -3782.277135 
calculated answer = -98270.709866, expected value = -98270.709866 
calculated answer = -5835.370278, expected value = -5835.370278 
calculated answer = -41200.871575, expected value = -41200.871575 
calculated answer = -28471.902926, expected value = -28471.902926 
calculated answer = 41709.316694, expected value = 41709.316694 
calculated answer = 36542.958370, expected value = 36542.958370 
calculated answer = 74246.248691, expected value = 74246.248691 
calculated answer = -68188.195043, expected value = -68188.195043 
calculated answer = 53833.202422, expected value = 53833.202422 
calculated answer = -124762.576544, expected value = -124762.576544 
calculated answer = -40035.301308, expected value = -40035.301308 
calculated answer = -25208.368032, expected value = -25208.368032 
calculated answer = -127426.855968, expected value = -127426.855968 
calculated answer = 33546.251063, expected value = 33546.251063 
calculated answer = 62072.208929, expected value = 62072.208929 
calculated answer = -13666.375676, expected value = -13666.375676 
calculated answer = -124094.930323, expected value = -124094.930323 
calculated answer = 24724.284687, expected value = 24724.284687 
calculated answer = 68540.686276, expected value = 68540.686276 
calculated answer = 67900.881675, expected value = 67900.881675 
calculated answer = 85100.743748, expected value = 85100.743748 
calculated answer = -62018.580610, expected value = -62018.580610 
calculated answer = -6944.869868, expected value = -6944.869868 
calculated answer = 60880.447887, expected value = 60880.447887 
calculated answer = -65560.258920, expected value = -65560.258920 
calculated answer = -61633.005021, expected value = -61633.005021 
calculated answer = -11820.316025, expected value = -11820.316025 
calculated answer = 28724.605198, expected value = 28724.605198 
calculated answer = -37580.653481, expected value = -37580.653481 
calculated answer = -18188.245579, expected value = -18188.245579 
calculated answer = -161382.584446, expected value = -161382.584446 
calculated answer = -87043.353647, expected value = -87043.353647 
calculated answer = -15763.063957, expected value = -15763.063957 
calculated answer = 17778.501981, expected value = 17778.501981 
calculated answer = -26825.185355, expected value = -26825.185355 
calculated answer = 15454.398365, expected value = 15454.398365 
calculated answer = 85753.255459, expected value = 85753.255459 
calculated answer = 22040.789991, expected value = 22040.789991 
calculated answer = 43960.977568, expected value = 43960.977568 
calculated answer = -86016.759550, expected value = -86016.759550 
calculated answer = 96367.601768, expected value = 96367.601768 
calculated answer = 46488.217845, expected value = 46488.217845 
calculated answer = 52714.925166, expected value = 52714.925166 
calculated answer = 47398.694490, expected value = 47398.694490 
calculated answer = 1898.373427, expected value = 1898.373427 
calculated answer = -36652.737691, expected value = -36652.737691 
calculated answer = -77790.746422, expected value = -77790.746422 
calculated answer = -20552.403265, expected value = -20552.403265 
calculated answer = 32363.056105, expected value = 32363.056105 
calculated answer = -5862.441427, expected value = -5862.441427 
calculated answer = -58187.048281, expected value = -58187.048281 
calculated answer = -87482.046854, expected value = -87482.046854 
calculated answer = 104917.369762, expected value = 104917.369762 
calculated answer = 43140.722424, expected value = 43140.722424 
calculated answer = -34083.212937, expected value = -34083.212937 
calculated answer = -110374.417299, expected value = -110374.417299 
calculated answer = -1005.849469, expected value = -1005.849469 
calculated answer = -50288.908940, expected value = -50288.908940 
calculated answer = -41363.752956, expected value = -41363.752956 
calculated answer = 20129.803100, expected value = 20129.803100 
calculated answer = 123874.659276, expected value = 123874.659276 
calculated answer = 9648.165495, expected value = 9648.165495 
calculated answer = 120674.436656, expected value = 120674.436656 
calculated answer = -14095.218116, expected value = -14095.218116 
calculated answer = 239738.853207, expected value = 239738.853207 
calculated answer = 84537.650657, expected value = 84537.650657 
calculated answer = 100655.026078, expected value = 100655.026078 
calculated answer = 60512.593037, expected value = 60512.593037 
calculated answer = -14411.279334, expected value = -14411.279334 
calculated answer = 29844.256438, expected value = 29844.256438 
calculated answer = -37787.997938, expected value = -37787.997938 
calculated answer = 37353.027437, expected value = 37353.027437 
calculated answer = -70444.479824, expected value = -70444.479824 
calculated answer = 131358.910919, expected value = 131358.910919 
calculated answer = 16443.468377, expected value = 16443.468377 
calculated answer = -46716.813287, expected value = -46716.813287 
calculated answer = 25494.310267, expected value = 25494.310267 
calculated answer = 52718.978730, expected value = 52718.978730 
calculated answer = -24602.302007, expected value = -24602.302007 
calculated answer = 54816.661142, expected value = 54816.661142 
calculated answer = 62405.386157, expected value = 62405.386157 
calculated answer = 44793.128295, expected value = 44793.128295 
calculated answer = 151307.751254, expected value = 151307.751254 
calculated answer = 2151.738962, expected value = 2151.738962 
calculated answer = 18419.490510, expected value = 18419.490510 
calculated answer = 11231.342250, expected value = 11231.342250 
calculated answer = -23079.070624, expected value = -23079.070624 
calculated answer = 150506.346217, expected value = 150506.346217 
calculated answer = -18064.276225, expected value = -18064.276225 
calculated answer = -22052.408425, expected value = -22052.408425 
calculated answer = -37732.378061, expected value = -37732.378061 
calculated answer = -23257.548009, expected value = -23257.548009 
calculated answer = 1439.056937, expected value = 1439.056937 
calculated answer = 12994.144733, expected value = 12994.144733 
calculated answer = 4139671.185982, expected value = 4139671.185982 
calculated answer = -30291.585039, expected value = -30291.585039 
calculated answer = -30213.415749, expected value = -30213.415749 
calculated answer = -36723.364787, expected value = -36723.364787 
calculated answer = -67198.038684, expected value = -67198.038684 
calculated answer = 179832.756376, expected value = 179832.756376 
calculated answer = -58987.380301, expected value = -58987.380301 
calculated answer = 3007.667905, expected value = 3007.667905 
calculated answer = -20789.944679, expected value = -20789.944679 
calculated answer = 46720.408694, expected value = 46720.408694 
calculated answer = 110840.889304, expected value = 110840.889304 
calculated answer = -64537.745224, expected value = -64537.745224 
calculated answer = -79878.517411, expected value = -79878.517411 
calculated answer = 41989.175102, expected value = 41989.175102 
calculated answer = 5209.308790, expected value = 5209.308790 
calculated answer = -66225.521028, expected value = -66225.521028 
calculated answer = 153555.780626, expected value = 153555.780626 
calculated answer = 50878.283104, expected value = 50878.283104 
calculated answer = 45515.278805, expected value = 45515.278805 
calculated answer = 199912.592726, expected value = 199912.592726 
calculated answer = -44213.889199, expected value = -44213.889199 
calculated answer = 107078.826580, expected value = 107078.826580 
calculated answer = 208888.053741, expected value = 208888.053741 
calculated answer = 112965.261647, expected value = 112965.261647 
calculated answer = 42816.471225, expected value = 42816.471225 
calculated answer = 35429.652732, expected value = 35429.652732 
calculated answer = 139954.368058, expected value = 139954.368058 
calculated answer = 21338.308698, expected value = 21338.308698 
calculated answer = 6561.539274, expected value = 6561.539274 
calculated answer = 28799.122462, expected value = 28799.122462 
calculated answer = -78396.348542, expected value = -78396.348542 
calculated answer = 32436.941264, expected value = 32436.941264 
calculated answer = 111760.728955, expected value = 111760.728955 
calculated answer = 24843.209173, expected value = 24843.209173 
calculated answer = 74230.510861, expected value = 74230.510861 
calculated answer = 48753.527035, expected value = 48753.527035 
calculated answer = 47935.803763, expected value = 47935.803763 
calculated answer = -82880.354400, expected value = -82880.354400 
calculated answer = 131472.145420, expected value = 131472.145420 
calculated answer = -99933.696918, expected value = -99933.696918 
calculated answer = 50379.771755, expected value = 50379.771755 
calculated answer = 18571.960887, expected value = 18571.960887 
calculated answer = 127639.124879, expected value = 127639.124879 
calculated answer = -85313.331350, expected value = -85313.331350 
calculated answer = 73650.733678, expected value = 73650.733678 
calculated answer = -83852.186367, expected value = -83852.186367 
calculated answer = 105273.611711, expected value = 105273.611711 
calculated answer = -36453.966030, expected value = -36453.966030 
calculated answer = 47046.474566, expected value = 47046.474566 
calculated answer = 41399.826379, expected value = 41399.826379 
calculated answer = -140688.250230, expected value = -140688.250230 
calculated answer = 45798.933636, expected value = 45798.933636 
calculated answer = -22136.039916, expected value = -22136.039916 
calculated answer = -87025.174233, expected value = -87025.174233 
calculated answer = -90108.369240, expected value = -90108.369240 
calculated answer = 30204.067162, expected value = 30204.067162 
calculated answer = 2390.522129, expected value = 2390.522129 
calculated answer = -11893.388554, expected value = -11893.388554 
calculated answer = 143544.029183, expected value = 143544.029183 
calculated answer = -16072.299209, expected value = -16072.299209 
calculated answer = -101044.383058, expected value = -101044.383058 
calculated answer = 13401.802758, expected value = 13401.802758 
calculated answer = -111052.284633, expected value = -111052.284633 
calculated answer = -311691.334638, expected value = -311691.334638 
calculated answer = 283477.201943, expected value = 283477.201943 
calculated answer = -21396.185119, expected value = -21396.185119 
calculated answer = -46683.215253, expected value = -46683.215253 
calculated answer = -91525.756542, expected value = -91525.756542 
calculated answer = -184624.798540, expected value = -184624.798540 
calculated answer = 81301.267568, expected value = 81301.267568 
calculated answer = -77511.632212, expected value = -77511.632212 
calculated answer = -69431.658492, expected value = -69431.658492 
calculated answer = 207624.022535, expected value = 207624.022535 
calculated answer = -34626.434452, expected value = -34626.434452 
calculated answer = 55607.048590, expected value = 55607.048590 
calculated answer = 24133.872575, expected value = 24133.872575 
calculated answer = 101752.132251, expected value = 101752.132251 
calculated answer = -131020.062510, expected value = -131020.062510 
calculated answer = -18557.696070, expected value = -18557.696070 
calculated answer = 93306.208746, expected value = 93306.208746 
calculated answer = -19399.237804, expected value = -19399.237804 
calculated answer = -27450.511163, expected value = -27450.511163 
calculated answer = -61711.692197, expected value = -61711.692197 
calculated answer = -27297.560415, expected value = -27297.560415 
calculated answer = -14888.586735, expected value = -14888.586735 
calculated answer = -43941.039818, expected value = -43941.039818 
calculated answer = 18311.756846, expected value = 18311.756846 
calculated answer = -73845.513892, expected value = -73845.513892 
calculated answer = -63293.057298, expected value = -63293.057298 
calculated answer = -95980.400651, expected value = -95980.400651 
calculated answer = 90407.910535, expected value = 90407.910535 
calculated answer = -74100.110155, expected value = -74100.110155 
calculated answer = 113111.299932, expected value = 113111.299932 
calculated answer = 8980.583044, expected value = 8980.583044 
calculated answer = 45258.863675, expected value = 45258.863675 
calculated answer = 12610.884858, expected value = 12610.884858 
calculated answer = 33936.669440, expected value = 33936.669440 
calculated answer = 56707.399421, expected value = 56707.399421 
calculated answer = 121037.639347, expected value = 121037.639347 
calculated answer = -14843.421604, expected value = -14843.421604 
calculated answer = -62954.693394, expected value = -62954.693394 
calculated answer = 17482.557308, expected value = 17482.557308 
calculated answer = 40541.246462, expected value = 40541.246462 
calculated answer = 39746.955102, expected value = 39746.955102 
calculated answer = 58098.618556, expected value = 58098.618556 
calculated answer = 29252.998845, expected value = 29252.998845 
calculated answer = 64069.326000, expected value = 64069.326000 
calculated answer = 52008.905418, expected value = 52008.905418 
calculated answer = 67869.297467, expected value = 67869.297467 
calculated answer = -60862.496598, expected value = -60862.496598 
calculated answer = -26155.343611, expected value = -26155.343611 
calculated answer = -64029.495088, expected value = -64029.495088 
calculated answer = 97989.741050, expected value = 97989.741050 
calculated answer = 114543.335486, expected value = 114543.335486 
calculated answer = -35261.909131, expected value = -35261.909131 
calculated answer = -113768.074096, expected value = -113768.074096 
calculated answer = -45218.874418, expected value = -45218.874418 
calculated answer = 45721.331330, expected value = 45721.331330 
calculated answer = 72719.041078, expected value = 72719.041078 
calculated answer = -129550.203557, expected value = -129550.203557 
calculated answer = 12735.023713, expected value = 12735.023713 
calculated answer = 67765.592411, expected value = 67765.592411 
calculated answer = 12935.413713, expected value = 12935.413713 
calculated answer = 25305.730736, expected value = 25305.730736 
calculated answer = 20169.940560, expected value = 20169.940560 
calculated answer = 60442.492716, expected value = 60442.492716 
calculated answer = 84002.443146, expected value = 84002.443146 
calculated answer = -346481.950076, expected value = -346481.950076 
calculated answer = 484762.644561, expected value = 484762.644561 
calculated answer = -15898.433298, expected value = -15898.433298 
calculated answer = 97276.948884, expected value = 97276.948884 
calculated answer = 92365.844730, expected value = 92365.844730 
calculated answer = -98408.554217, expected value = -98408.554217 
calculated answer = -59326.375436, expected value = -59326.375436 
calculated answer = -18644.202483, expected value = -18644.202483 
calculated answer = -31298.082990, expected value = -31298.082990 
calculated answer = 33921.355948, expected value = 33921.355948 
calculated answer = -35895.030659, expected value = -35895.030659 
calculated answer = -54830.238803, expected value = -54830.238803 
calculated answer = -72567.479386, expected value = -72567.479386 
calculated answer = -11289.364676, expected value = -11289.364676 
calculated answer = -72649.926677, expected value = -72649.926677 
calculated answer = -82081.642588, expected value = -82081.642588 
calculated answer = 116447.045105, expected value = 116447.045105 
calculated answer = 131118.459063, expected value = 131118.459063 
calculated answer = -54702.747396, expected value = -54702.747396 
calculated answer = 47607.384682, expected value = 47607.384682 
calculated answer = -76962.694396, expected value = -76962.694396 
calculated answer = 206079.713780, expected value = 206079.713780 
calculated answer = 32348.714845, expected value = 32348.714845 
calculated answer = 115065.046171, expected value = 115065.046171 
calculated answer = -45013.613910, expected value = -45013.613910 
calculated answer = 29442.053322, expected value = 29442.053322 
calculated answer = 25986.495786, expected value = 25986.495786 
calculated answer = -39061.338036, expected value = -39061.338036 
calculated answer = -172157.987315, expected value = -172157.987315 
calculated answer = -55742.760933, expected value = -55742.760933 
calculated answer = 4900.928572, expected value = 4900.928572 
calculated answer = 60019.856590, expected value = 60019.856590 
calculated answer = -5607.662391, expected value = -5607.662391 
calculated answer = 22391.530587, expected value = 22391.530587 
calculated answer = -26917.919995, expected value = -26917.919995 
calculated answer = 100730.898965, expected value = 100730.898965 
calculated answer = -102108.455323, expected value = -102108.455323 
calculated answer = 105509.246658, expected value = 105509.246658 
calculated answer = -113073.417881, expected value = -113073.417881 
calculated answer = -123388.987316, expected value = -123388.987316 
calculated answer = 113271.973391, expected value = 113271.973391 
calculated answer = 120765.332883, expected value = 120765.332883 
calculated answer = 82539.433002, expected value = 82539.433002 
calculated answer = -10908.883743, expected value = -10908.883743 
calculated answer = -126371.462340, expected value = -126371.462340 
calculated answer = -104855.941056, expected value = -104855.941056 
calculated answer = 158481.480989, expected value = 158481.480989 
calculated answer = 63313.515972, expected value = 63313.515972 
calculated answer = -16876.807532, expected value = -16876.807532 
calculated answer = 160194.419096, expected value = 160194.419096 
calculated answer = -16079.353343, expected value = -16079.353343 
calculated answer = -94771.010512, expected value = -94771.010512 
calculated answer = 4866.345107, expected value = 4866.345107 
calculated answer = 33182.104151, expected value = 33182.104151 
calculated answer = 91336.959954, expected value = 91336.959954 
calculated answer = -15237.385769, expected value = -15237.385769 
calculated answer = -118243.822743, expected value = -118243.822743 
calculated answer = -77980.043831, expected value = -77980.043831 
calculated answer = -77120.209248, expected value = -77120.209248 
calculated answer = 35213.018035, expected value = 35213.018035 
calculated answer = 53023.621129, expected value = 53023.621129 
calculated answer = -43578.013664, expected value = -43578.013664 
calculated answer = 71198.136195, expected value = 71198.136195 
calculated answer = 11925.587750, expected value = 11925.587750 
calculated answer = -124514.747575, expected value = -124514.747575 
calculated answer = 169426.388683, expected value = 169426.388683 
calculated answer = 71147.631440, expected value = 71147.631440 
calculated answer = -37044.077847, expected value = -37044.077847 
calculated answer = 20334.694734, expected value = 20334.694734 
calculated answer = -6202.377151, expected value = -6202.377151 
calculated answer = -14164.843520, expected value = -14164.843520 
calculated answer = 18055.396096, expected value = 18055.396096 
calculated answer = -61870.200992, expected value = -61870.200992 
calculated answer = -59203.436435, expected value = -59203.436435 
calculated answer = 13807.047952, expected value = 13807.047952 
calculated answer = 142758.126479, expected value = 142758.126479 
calculated answer = 4045.319490, expected value = 4045.319490 
calculated answer = -116617.734039, expected value = -116617.734039 
calculated answer = -159343.868767, expected value = -159343.868767 
calculated answer = 5299.568801, expected value = 5299.568801 
calculated answer = -108558.195063, expected value = -108558.195063 
calculated answer = -33430.139979, expected value = -33430.139979 
calculated answer = 128939.371452, expected value = 128939.371452 
calculated answer = 13398.683268, expected value = 13398.683268 
calculated answer = -83807.192314, expected value = -83807.192314 
calculated answer = 50587.280962, expected value = 50587.280962 
calculated answer = -88456.061604, expected value = -88456.061604 
calculated answer = 32149.015161, expected value = 32149.015161 
calculated answer = -135309.538384, expected value = -135309.538384 
calculated answer = 5449.746027, expected value = 5449.746027 
calculated answer = -5261.179422, expected value = -5261.179422 
calculated answer = -50221.104846, expected value = -50221.104846 
calculated answer = -93598.752779, expected value = -93598.752779 
calculated answer = 27788.391223, expected value = 27788.391223 
calculated answer = 28793.295728, expected value = 28793.295728 
calculated answer = 92020.279554, expected value = 92020.279554 
calculated answer = -180411.341668, expected value = -180411.341668 
calculated answer = 130893.120589, expected value = 130893.120589 
calculated answer = -93836.004691, expected value = -93836.004691 
calculated answer = -8802.385749, expected value = -8802.385749 
calculated answer = 999.763109, expected value = 999.763109 
calculated answer = 145532.265404, expected value = 145532.265404 
calculated answer = 4471.103157, expected value = 4471.103157 
calculated answer = 35979.809445, expected value = 35979.809445 
calculated answer = 120410.325962, expected value = 120410.325962 
calculated answer = -111526.150567, expected value = -111526.150567 
calculated answer = 66720.639197, expected value = 66720.639197 
calculated answer = -42343.509523, expected value = -42343.509523 
calculated answer = -175668.862476, expected value = -175668.862476 
calculated answer = 20543.899893, expected value = 20543.899893 
calculated answer = -45890.587877, expected value = -45890.587877 
calculated answer = -71086.626776, expected value = -71086.626776 
calculated answer = -89581.434263, expected value = -89581.434263 
calculated answer = 61180.420097, expected value = 61180.420097 
calculated answer = 83264.562822, expected value = 83264.562822 
calculated answer = 28503.676720, expected value = 28503.676720 
calculated answer = -64391.915761, expected value = -64391.915761 
calculated answer = -125695.924829, expected value = -125695.924829 
calculated answer = -33216.254859, expected value = -33216.254859 
calculated answer = -51989.618324, expected value = -51989.618324 
calculated answer = -226730.228059, expected value = -226730.228059 
calculated answer = -79489.303186, expected value = -79489.303186 
calculated answer = -119645.033573, expected value = -119645.033573 
calculated answer = 53662.235272, expected value = 53662.235272 
calculated answer = 90295.775414, expected value = 90295.775414 
calculated answer = -120592.169867, expected value = -120592.169867 
calculated answer = 160374.728400, expected value = 160374.728400 
calculated answer = 119964.067194, expected value = 119964.067194 
calculated answer = -625456.974907, expected value = -625456.974907 
calculated answer = 799749.647971, expected value = 799749.647971 
calculated answer = -63273.703304, expected value = -63273.703304 
calculated answer = 76192.901541, expected value = 76192.901541 
calculated answer = 11941.044094, expected value = 11941.044094 
calculated answer = -10045.788716, expected value = -10045.788716 
calculated answer = -20248.929981, expected value = -20248.929981 
calculated answer = -107644.956455, expected value = -107644.956455 
calculated answer = -3408.096744, expected value = -3408.096744 
calculated answer = -94459.600745, expected value = -94459.600745 
calculated answer = -99894.085158, expected value = -99894.085158 
calculated answer = -87849.739063, expected value = -87849.739063 
calculated answer = 119185.238868, expected value = 119185.238868 
calculated answer = -28106.394976, expected value = -28106.394976 
calculated answer = 179818.441986, expected value = 179818.441986 
calculated answer = 80736.333114, expected value = 80736.333114 
calculated answer = -46080.773174, expected value = -46080.773174 
calculated answer = 86540.536242, expected value = 86540.536242 
calculated answer = 85931.658293, expected value = 85931.658293 
calculated answer = -62671.034724, expected value = -62671.034724 
calculated answer = 11083.932753, expected value = 11083.932753 
calculated answer = 38393.009846, expected value = 38393.009846 
calculated answer = -24055.923885, expected value = -24055.923885 
calculated answer = -88823.775958, expected value = -88823.775958 
calculated answer = -54137.756199, expected value = -54137.756199 
calculated answer = 118150.173381, expected value = 118150.173381 
calculated answer = 46689.099036, expected value = 46689.099036 
calculated answer = 68732.678101, expected value = 68732.678101 
calculated answer = -243104.801076, expected value = -243104.801076 
calculated answer = 11327.191732, expected value = 11327.191732 
calculated answer = 31975.576735, expected value = 31975.576735 
calculated answer = -92832.375229, expected value = -92832.375229 
calculated answer = -111311.604177, expected value = -111311.604177 
calculated answer = 199601.678616, expected value = 199601.678616 
calculated answer = 46079.757945, expected value = 46079.757945 
calculated answer = -30317.914635, expected value = -30317.914635 
calculated answer = -99197.617957, expected value = -99197.617957 
calculated answer = 102970.870976, expected value = 102970.870976 
calculated answer = 26603.772532, expected value = 26603.772532 
calculated answer = 46464.423542, expected value = 46464.423542 
calculated answer = 18747.154726, expected value = 18747.154726 
calculated answer = -48694.122343, expected value = -48694.122343 
calculated answer = 115050.033093, expected value = 115050.033093 
calculated answer = -87981.397076, expected value = -87981.397076 
calculated answer = -127139.575177, expected value = -127139.575177 
calculated answer = -89611.683482, expected value = -89611.683482 
calculated answer = 22726.972766, expected value = 22726.972766 
calculated answer = -113246.349210, expected value = -113246.349210 
calculated answer = -105149.434244, expected value = -105149.434244 
calculated answer = 100290.724034, expected value = 100290.724034 
calculated answer = 35674.663415, expected value = 35674.663415 
calculated answer = 119748.617500, expected value = 119748.617500 
calculated answer = -147342.263136, expected value = -147342.263136 
calculated answer = -142079.342838, expected value = -142079.342838 
calculated answer = -24206.839514, expected value = -24206.839514 
calculated answer = 133363.360456, expected value = 133363.360456 
calculated answer = 14370.978443, expected value = 14370.978443 
calculated answer = 105318.665560, expected value = 105318.665560 
calculated answer = 133483.046708, expected value = 133483.046708 
calculated answer = -99327.107978, expected value = -99327.107978 
calculated answer = -24671.548575, expected value = -24671.548575 
calculated answer = 20968.809849, expected value = 20968.809849 
calculated answer = -56078.896134, expected value = -56078.896134 
calculated answer = -67976.164607, expected value = -67976.164607 
calculated answer = -93500.206854, expected value = -93500.206854 
calculated answer = 73074.162672, expected value = 73074.162672 
calculated answer = 88272.218522, expected value = 88272.218522 
calculated answer = -27575.798152, expected value = -27575.798152 
calculated answer = 80060.932969, expected value = 80060.932969 
calculated answer = 14425.417291, expected value = 14425.417291 
calculated answer = -17303.903937, expected value = -17303.903937 
calculated answer = -89984.146405, expected value = -89984.146405 
calculated answer = -76699.803047, expected value = -76699.803047 
calculated answer = -38896.128772, expected value = -38896.128772 
calculated answer = -86609.502265, expected value = -86609.502265 
calculated answer = 30855.346837, expected value = 30855.346837 
calculated answer = -46633.252714, expected value = -46633.252714 
calculated answer = 30709.755065, expected value = 30709.755065 
calculated answer = -48760.589986, expected value = -48760.589986 
calculated answer = -3406.582016, expected value = -3406.582016 
calculated answer = -132283.922137, expected value = -132283.922137 
calculated answer = 23190.735312, expected value = 23190.735312 
calculated answer = -133471.551098, expected value = -133471.551098 
calculated answer = 5809.071333, expected value = 5809.071333 
calculated answer = -30081.816800, expected value = -30081.816800 
calculated answer = 122395.649921, expected value = 122395.649921 
calculated answer = 50575.550294, expected value = 50575.550294 
calculated answer = -75832.701272, expected value = -75832.701272 
calculated answer = -87031.922632, expected value = -87031.922632 
calculated answer = 164529.074598, expected value = 164529.074598 
calculated answer = -16361.810625, expected value = -16361.810625 
calculated answer = 19937.162875, expected value = 19937.162875 
calculated answer = 114213.195305, expected value = 114213.195305 
calculated answer = -4735.215379, expected value = -4735.215379 
calculated answer = -66191.616604, expected value = -66191.616604 
calculated answer = -4272.805633, expected value = -4272.805633 
calculated answer = -78108.415117, expected value = -78108.415117 
calculated answer = 94680.995797, expected value = 94680.995797 
calculated answer = -62406.775952, expected value = -62406.775952 
calculated answer = 192450.875463, expected value = 192450.875463 
calculated answer = -128327.953106, expected value = -128327.953106 
calculated answer = 43750.084329, expected value = 43750.084329 
calculated answer = -205208.789058, expected value = -205208.789058 
calculated answer = 22773.708717, expected value = 22773.708717 
calculated answer = 33793.436417, expected value = 33793.436417 
calculated answer = 49650.148202, expected value = 49650.148202 
calculated answer = 13896.416855, expected value = 13896.416855 
calculated answer = 58746.468577, expected value = 58746.468577 
calculated answer = -69472.771217, expected value = -69472.771217 
calculated answer = 34048.499287, expected value = 34048.499287 
calculated answer = -52602.143058, expected value = -52602.143058 
calculated answer = 70207.245044, expected value = 70207.245044 
calculated answer = 94716.107791, expected value = 94716.107791 
calculated answer = -7721.678393, expected value = -7721.678393 
calculated answer = -36342.580624, expected value = -36342.580624 
calculated answer = -82102.280714, expected value = -82102.280714 
calculated answer = 18076.849537, expected value = 18076.849537 
calculated answer = -14309.912466, expected value = -14309.912466 
calculated answer = 30436.738302, expected value = 30436.738302 
calculated answer = -39179.280487, expected value = -39179.280487 
calculated answer = -42728.685116, expected value = -42728.685116 
calculated answer = -57273.352215, expected value = -57273.352215 
calculated answer = -111286.753212, expected value = -111286.753212 
calculated answer = 71433.884965, expected value = 71433.884965 
calculated answer = -16820.852796, expected value = -16820.852796 
calculated answer = 160431.692634, expected value = 160431.692634 
calculated answer = -35244.867160, expected value = -35244.867160 
calculated answer = 70385.942279, expected value = 70385.942279 
calculated answer = -325637.258612, expected value = -325637.258612 
calculated answer = 390348.261452, expected value = 390348.261452 
calculated answer = -26469.326247, expected value = -26469.326247 
calculated answer = 82386.813569, expected value = 82386.813569 
calculated answer = 50967.169669, expected value = 50967.169669 
calculated answer = -69489.173878, expected value = -69489.173878 
calculated answer = -80846.804482, expected value = -80846.804482 
calculated answer = 55938.568522, expected value = 55938.568522 
calculated answer = -129819.066205, expected value = -129819.066205 
calculated answer = 109630.645253, expected value = 109630.645253 
calculated answer = -21720.085877, expected value = -21720.085877 
calculated answer = 33573.981420, expected value = 33573.981420 
calculated answer = -54966.215274, expected value = -54966.215274 
calculated answer = -49110.103336, expected value = -49110.103336 
calculated answer = 98819.612493, expected value = 98819.612493 
calculated answer = 19660.536383, expected value = 19660.536383 
calculated answer = -6926.902496, expected value = -6926.902496 
calculated answer = 70965.825416, expected value = 70965.825416 
calculated answer = -60632.313798, expected value = -60632.313798 
calculated answer = 46290.096128, expected value = 46290.096128 
calculated answer = 5466.735728, expected value = 5466.735728 
calculated answer = -202250.024292, expected value = -202250.024292 
calculated answer = -58951.275938, expected value = -58951.275938 
calculated answer = 9736.353277, expected value = 9736.353277 
calculated answer = 35307.861750, expected value = 35307.861750 
calculated answer = 188566.003660, expected value = 188566.003660 
calculated answer = -62435.239152, expected value = -62435.239152 
calculated answer = -47571.606144, expected value = -47571.606144 
calculated answer = -338.770915, expected value = -338.770915 
calculated answer = -33522.526021, expected value = -33522.526021 
calculated answer = -102909.359808, expected value = -102909.359808 
calculated answer = 13364.391385, expected value = 13364.391385 
calculated answer = -77605.964943, expected value = -77605.964943 
calculated answer = -53931.116198, expected value = -53931.116198 
calculated answer = -46747.101318, expected value = -46747.101318 
calculated answer = -8824.484162, expected value = -8824.484162 
calculated answer = 186072.417595, expected value = 186072.417595 
calculated answer = 35072.997944, expected value = 35072.997944 
calculated answer = -18997.136111, expected value = -18997.136111 
calculated answer = 34011.679957, expected value = 34011.679957 
calculated answer = -85658.404239, expected value = -85658.404239 
calculated answer = 91787.560388, expected value = 91787.560388 
calculated answer = -84543.003351, expected value = -84543.003351 
calculated answer = -76520.024745, expected value = -76520.024745 
calculated answer = 34565.842582, expected value = 34565.842582 
calculated answer = 86594.406835, expected value = 86594.406835 
calculated answer = -129046.010767, expected value = -129046.010767 
calculated answer = -41711.200162, expected value = -41711.200162 
calculated answer = 22943.316882, expected value = 22943.316882 
calculated answer = 9774.041091, expected value = 9774.041091 
calculated answer = -48782.389441, expected value = -48782.389441 
calculated answer = 91786.020743, expected value = 91786.020743 
calculated answer = -55596.118835, expected value = -55596.118835 
calculated answer = -156440.807580, expected value = -156440.807580 
calculated answer = -32098.995161, expected value = -32098.995161 
calculated answer = 46535.710134, expected value = 46535.710134 
calculated answer = 117213.490011, expected value = 117213.490011 
calculated answer = -14835.055092, expected value = -14835.055092 
calculated answer = 63487.106644, expected value = 63487.106644 
calculated answer = 6337.906064, expected value = 6337.906064 
calculated answer = -11745.107471, expected value = -11745.107471 
calculated answer = 88620.927367, expected value = 88620.927367 
calculated answer = 45236.704873, expected value = 45236.704873 
calculated answer = 116787.147078, expected value = 116787.147078 
calculated answer = -238413.048902, expected value = -238413.048902 
calculated answer = 260649.448280, expected value = 260649.448280 
calculated answer = 40249.833257, expected value = 40249.833257 
calculated answer = -152772.617406, expected value = -152772.617406 
calculated answer = -11824.308408, expected value = -11824.308408 
calculated answer = 53380.702993, expected value = 53380.702993 
calculated answer = -55239.210577, expected value = -55239.210577 
calculated answer = 136209.262677, expected value = 136209.262677 
calculated answer = 16699.494647, expected value = 16699.494647 
calculated answer = -615.997496, expected value = -615.997496 
calculated answer = 156625.179018, expected value = 156625.179018 
calculated answer = -110887.479861, expected value = -110887.479861 
calculated answer = -6999.428251, expected value = -6999.428251 
calculated answer = 44343.374327, expected value = 44343.374327 
calculated answer = -53151.792418, expected value = -53151.792418 
calculated answer = 147193.865617, expected value = 147193.865617 
calculated answer = -23557.415566, expected value = -23557.415566 
calculated answer = -57910.561648, expected value = -57910.561648 
calculated answer = -64429.568234, expected value = -64429.568234 
calculated answer = 38604.905410, expected value = 38604.905410 
calculated answer = 18387.558413, expected value = 18387.558413 
calculated answer = 64033.119836, expected value = 64033.119836 
calculated answer = 13951.369139, expected value = 13951.369139 
calculated answer = 13286.768146, expected value = 13286.768146 
calculated answer = -139312.679845, expected value = -139312.679845 
calculated answer = -59885.607809, expected value = -59885.607809 
calculated answer = 3156.545504, expected value = 3156.545504 
calculated answer = 5071.830983, expected value = 5071.830983 
calculated answer = -119879.623641, expected value = -119879.623641 
calculated answer = 37422.070202, expected value = 37422.070202 
calculated answer = 120471.049781, expected value = 120471.049781 
calculated answer = -42712.929221, expected value = -42712.929221 
calculated answer = -159075.573121, expected value = -159075.573121 
calculated answer = 37450.046356, expected value = 37450.046356 
calculated answer = -10996.415972, expected value = -10996.415972 
calculated answer = -51495.773790, expected value = -51495.773790 
calculated answer = -111817.354387, expected value = -111817.354387 
calculated answer = 113162.193099, expected value = 113162.193099 
calculated answer = -28282.363365, expected value = -28282.363365 
calculated answer = 80116.962713, expected value = 80116.962713 
calculated answer = -104308.656744, expected value = -104308.656744 
calculated answer = 51551.629645, expected value = 51551.629645 
calculated answer = 138542.813424, expected value = 138542.813424 
calculated answer = 2362.402932, expected value = 2362.402932 
calculated answer = 39636.662026, expected value = 39636.662026 
calculated answer = 128529.582665, expected value = 128529.582665 
calculated answer = -150213.094176, expected value = -150213.094176 
calculated answer = 1285.026329, expected value = 1285.026329 
calculated answer = 93464.393792, expected value = 93464.393792 
calculated answer = 33524.872069, expected value = 33524.872069 
calculated answer = -57032.548392, expected value = -57032.548392 
calculated answer = 48181.646394, expected value = 48181.646394 
calculated answer = -147292.470250, expected value = -147292.470250 
calculated answer = 97034.146007, expected value = 97034.146007 
calculated answer = -4232.458579, expected value = -4232.458579 
calculated answer = -65829.641462, expected value = -65829.641462 
calculated answer = -158601.825875, expected value = -158601.825875 
calculated answer = 107207.260353, expected value = 107207.260353 
calculated answer = 76046.680135, expected value = 76046.680135 
calculated answer = 72220.485344, expected value = 72220.485344 
calculated answer = 10611.603484, expected value = 10611.603484 
calculated answer = 65780.666926, expected value = 65780.666926 
calculated answer = -72158.974694, expected value = -72158.974694 
calculated answer = 38303.674606, expected value = 38303.674606 
calculated answer = -1298519.351439, expected value = -1298519.351439 

 
Test Finished 
INFO: [SIM 1] CSim done with 0 errors.
INFO: [SIM 3] *************** CSIM finish ***************
