Copyright 1986-2022 Xilinx, Inc. All Rights Reserved.
---------------------------------------------------------------------------------------------------------------------------------------
| Tool Version : Vivado v.2022.1 (lin64) Build 3526262 Mon Apr 18 15:47:01 MDT 2022
| Date         : Mon May 27 09:52:13 2024
| Host         : ubuntu2004 running 64-bit Ubuntu 20.04.6 LTS
| Command      : report_drc -file design_1_wrapper_drc_opted.rpt -pb design_1_wrapper_drc_opted.pb -rpx design_1_wrapper_drc_opted.rpx
| Design       : design_1_wrapper
| Device       : xc7z020clg400-1
| Speed File   : -1
| Design State : Synthesized
---------------------------------------------------------------------------------------------------------------------------------------

Report DRC

Table of Contents
-----------------
1. REPORT SUMMARY
2. REPORT DETAILS

1. REPORT SUMMARY
-----------------
            Netlist: netlist
          Floorplan: design_1
      Design limits: <entire design considered>
           Ruledeck: default
             Max violations: <unlimited>
             Violations found: 80
+-----------+----------+------------------------------------------------+------------+
| Rule      | Severity | Description                                    | Violations |
+-----------+----------+------------------------------------------------+------------+
| CHECK-3   | Warning  | Report rule limit reached                      | 2          |
| DPIP-1    | Warning  | Input pipelining                               | 18         |
| DPOP-1    | Warning  | PREG Output pipelining                         | 8          |
| DPOP-2    | Warning  | MREG Output pipelining                         | 8          |
| PLIO-6    | Warning  | Placement Constraints Check for IO constraints | 1          |
| REQP-1571 | Warning  | connects_D                                     | 1          |
| REQP-1617 | Warning  | use_IOB_register                               | 2          |
| REQP-1839 | Warning  | RAMB36 async control check                     | 20         |
| REQP-1840 | Warning  | RAMB18 async control check                     | 20         |
+-----------+----------+------------------------------------------------+------------+

2. REPORT DETAILS
-----------------
CHECK-3#1 Warning
Report rule limit reached  
REQP-1839 rule limit reached: 20 violations have been found.
Related violations: <none>

CHECK-3#2 Warning
Report rule limit reached  
REQP-1840 rule limit reached: 20 violations have been found.
Related violations: <none>

DPIP-1#1 Warning
Input pipelining  
DSP design_1_i/caravel_0/inst/mprj/u_fsic/U_USER_SUBSYS0/U_USRPRJ2/fiFFNTT/stage_struct_inst/stage_run_inst/nl_z_out_21 input design_1_i/caravel_0/inst/mprj/u_fsic/U_USER_SUBSYS0/U_USRPRJ2/fiFFNTT/stage_struct_inst/stage_run_inst/nl_z_out_21/A[29:0] is not pipelined. Pipelining DSP48 input will improve performance.
Related violations: <none>

DPIP-1#2 Warning
Input pipelining  
DSP design_1_i/caravel_0/inst/mprj/u_fsic/U_USER_SUBSYS0/U_USRPRJ2/fiFFNTT/stage_struct_inst/stage_run_inst/nl_z_out_21 input design_1_i/caravel_0/inst/mprj/u_fsic/U_USER_SUBSYS0/U_USRPRJ2/fiFFNTT/stage_struct_inst/stage_run_inst/nl_z_out_21/B[17:0] is not pipelined. Pipelining DSP48 input will improve performance.
Related violations: <none>

DPIP-1#3 Warning
Input pipelining  
DSP design_1_i/caravel_0/inst/mprj/u_fsic/U_USER_SUBSYS0/U_USRPRJ2/fiFFNTT/stage_struct_inst/stage_run_inst/nl_z_out_21__0 input design_1_i/caravel_0/inst/mprj/u_fsic/U_USER_SUBSYS0/U_USRPRJ2/fiFFNTT/stage_struct_inst/stage_run_inst/nl_z_out_21__0/A[29:0] is not pipelined. Pipelining DSP48 input will improve performance.
Related violations: <none>

DPIP-1#4 Warning
Input pipelining  
DSP design_1_i/caravel_0/inst/mprj/u_fsic/U_USER_SUBSYS0/U_USRPRJ2/fiFFNTT/stage_struct_inst/stage_run_inst/nl_z_out_21__0 input design_1_i/caravel_0/inst/mprj/u_fsic/U_USER_SUBSYS0/U_USRPRJ2/fiFFNTT/stage_struct_inst/stage_run_inst/nl_z_out_21__0/B[17:0] is not pipelined. Pipelining DSP48 input will improve performance.
Related violations: <none>

DPIP-1#5 Warning
Input pipelining  
DSP design_1_i/caravel_0/inst/mprj/u_fsic/U_USER_SUBSYS0/U_USRPRJ2/fiFFNTT/stage_struct_inst/stage_run_inst/nl_z_out_21__1 input design_1_i/caravel_0/inst/mprj/u_fsic/U_USER_SUBSYS0/U_USRPRJ2/fiFFNTT/stage_struct_inst/stage_run_inst/nl_z_out_21__1/A[29:0] is not pipelined. Pipelining DSP48 input will improve performance.
Related violations: <none>

DPIP-1#6 Warning
Input pipelining  
DSP design_1_i/caravel_0/inst/mprj/u_fsic/U_USER_SUBSYS0/U_USRPRJ2/fiFFNTT/stage_struct_inst/stage_run_inst/nl_z_out_21__1 input design_1_i/caravel_0/inst/mprj/u_fsic/U_USER_SUBSYS0/U_USRPRJ2/fiFFNTT/stage_struct_inst/stage_run_inst/nl_z_out_21__1/B[17:0] is not pipelined. Pipelining DSP48 input will improve performance.
Related violations: <none>

DPIP-1#7 Warning
Input pipelining  
DSP design_1_i/caravel_0/inst/mprj/u_fsic/U_USER_SUBSYS0/U_USRPRJ2/fiFFNTT/stage_struct_inst/stage_run_inst/nl_z_out_21__2 input design_1_i/caravel_0/inst/mprj/u_fsic/U_USER_SUBSYS0/U_USRPRJ2/fiFFNTT/stage_struct_inst/stage_run_inst/nl_z_out_21__2/A[29:0] is not pipelined. Pipelining DSP48 input will improve performance.
Related violations: <none>

DPIP-1#8 Warning
Input pipelining  
DSP design_1_i/caravel_0/inst/mprj/u_fsic/U_USER_SUBSYS0/U_USRPRJ2/fiFFNTT/stage_struct_inst/stage_run_inst/nl_z_out_21__2 input design_1_i/caravel_0/inst/mprj/u_fsic/U_USER_SUBSYS0/U_USRPRJ2/fiFFNTT/stage_struct_inst/stage_run_inst/nl_z_out_21__2/B[17:0] is not pipelined. Pipelining DSP48 input will improve performance.
Related violations: <none>

DPIP-1#9 Warning
Input pipelining  
DSP design_1_i/caravel_0/inst/mprj/u_fsic/U_USER_SUBSYS0/U_USRPRJ2/fiFFNTT/stage_struct_inst/stage_run_inst/nl_z_out_21__3 input design_1_i/caravel_0/inst/mprj/u_fsic/U_USER_SUBSYS0/U_USRPRJ2/fiFFNTT/stage_struct_inst/stage_run_inst/nl_z_out_21__3/A[29:0] is not pipelined. Pipelining DSP48 input will improve performance.
Related violations: <none>

DPIP-1#10 Warning
Input pipelining  
DSP design_1_i/caravel_0/inst/mprj/u_fsic/U_USER_SUBSYS0/U_USRPRJ2/fiFFNTT/stage_struct_inst/stage_run_inst/nl_z_out_21__3 input design_1_i/caravel_0/inst/mprj/u_fsic/U_USER_SUBSYS0/U_USRPRJ2/fiFFNTT/stage_struct_inst/stage_run_inst/nl_z_out_21__3/B[17:0] is not pipelined. Pipelining DSP48 input will improve performance.
Related violations: <none>

DPIP-1#11 Warning
Input pipelining  
DSP design_1_i/caravel_0/inst/mprj/u_fsic/U_USER_SUBSYS0/U_USRPRJ2/fiFFNTT/stage_struct_inst/stage_run_inst/nl_z_out_21__4 input design_1_i/caravel_0/inst/mprj/u_fsic/U_USER_SUBSYS0/U_USRPRJ2/fiFFNTT/stage_struct_inst/stage_run_inst/nl_z_out_21__4/A[29:0] is not pipelined. Pipelining DSP48 input will improve performance.
Related violations: <none>

DPIP-1#12 Warning
Input pipelining  
DSP design_1_i/caravel_0/inst/mprj/u_fsic/U_USER_SUBSYS0/U_USRPRJ2/fiFFNTT/stage_struct_inst/stage_run_inst/nl_z_out_21__4 input design_1_i/caravel_0/inst/mprj/u_fsic/U_USER_SUBSYS0/U_USRPRJ2/fiFFNTT/stage_struct_inst/stage_run_inst/nl_z_out_21__4/B[17:0] is not pipelined. Pipelining DSP48 input will improve performance.
Related violations: <none>

DPIP-1#13 Warning
Input pipelining  
DSP design_1_i/caravel_0/inst/mprj/u_fsic/U_USER_SUBSYS0/U_USRPRJ2/fiFFNTT/stage_struct_inst/stage_run_inst/nl_z_out_21__5 input design_1_i/caravel_0/inst/mprj/u_fsic/U_USER_SUBSYS0/U_USRPRJ2/fiFFNTT/stage_struct_inst/stage_run_inst/nl_z_out_21__5/A[29:0] is not pipelined. Pipelining DSP48 input will improve performance.
Related violations: <none>

DPIP-1#14 Warning
Input pipelining  
DSP design_1_i/caravel_0/inst/mprj/u_fsic/U_USER_SUBSYS0/U_USRPRJ2/fiFFNTT/stage_struct_inst/stage_run_inst/nl_z_out_21__5 input design_1_i/caravel_0/inst/mprj/u_fsic/U_USER_SUBSYS0/U_USRPRJ2/fiFFNTT/stage_struct_inst/stage_run_inst/nl_z_out_21__5/B[17:0] is not pipelined. Pipelining DSP48 input will improve performance.
Related violations: <none>

DPIP-1#15 Warning
Input pipelining  
DSP design_1_i/caravel_0/inst/mprj/u_fsic/U_USER_SUBSYS0/U_USRPRJ2/fiFFNTT/stage_struct_inst/stage_run_inst/nl_z_out_21__6 input design_1_i/caravel_0/inst/mprj/u_fsic/U_USER_SUBSYS0/U_USRPRJ2/fiFFNTT/stage_struct_inst/stage_run_inst/nl_z_out_21__6/A[29:0] is not pipelined. Pipelining DSP48 input will improve performance.
Related violations: <none>

DPIP-1#16 Warning
Input pipelining  
DSP design_1_i/caravel_0/inst/mprj/u_fsic/U_USER_SUBSYS0/U_USRPRJ2/fiFFNTT/stage_struct_inst/stage_run_inst/nl_z_out_21__6 input design_1_i/caravel_0/inst/mprj/u_fsic/U_USER_SUBSYS0/U_USRPRJ2/fiFFNTT/stage_struct_inst/stage_run_inst/nl_z_out_21__6/B[17:0] is not pipelined. Pipelining DSP48 input will improve performance.
Related violations: <none>

DPIP-1#17 Warning
Input pipelining  
DSP design_1_i/caravel_0/inst/mprj/u_fsic/U_USER_SUBSYS0/U_USRPRJ2/fiFFNTT/stage_struct_inst/stage_run_inst/nl_z_out_21__7 input design_1_i/caravel_0/inst/mprj/u_fsic/U_USER_SUBSYS0/U_USRPRJ2/fiFFNTT/stage_struct_inst/stage_run_inst/nl_z_out_21__7/A[29:0] is not pipelined. Pipelining DSP48 input will improve performance.
Related violations: <none>

DPIP-1#18 Warning
Input pipelining  
DSP design_1_i/caravel_0/inst/mprj/u_fsic/U_USER_SUBSYS0/U_USRPRJ2/fiFFNTT/stage_struct_inst/stage_run_inst/nl_z_out_21__7 input design_1_i/caravel_0/inst/mprj/u_fsic/U_USER_SUBSYS0/U_USRPRJ2/fiFFNTT/stage_struct_inst/stage_run_inst/nl_z_out_21__7/B[17:0] is not pipelined. Pipelining DSP48 input will improve performance.
Related violations: <none>

DPOP-1#1 Warning
PREG Output pipelining  
DSP design_1_i/caravel_0/inst/mprj/u_fsic/U_USER_SUBSYS0/U_USRPRJ1/fir/U0_MAC/product output design_1_i/caravel_0/inst/mprj/u_fsic/U_USER_SUBSYS0/U_USRPRJ1/fir/U0_MAC/product/P[47:0] is not pipelined (PREG=0). Pipelining the DSP48 output will improve performance and often saves power so it is suggested whenever possible to fully pipeline this function.  If this DSP48 function was inferred, it is suggested to describe an additional register stage after this function.  If the DSP48 was instantiated in the design, it is suggested to set the PREG attribute to 1.
Related violations: <none>

DPOP-1#2 Warning
PREG Output pipelining  
DSP design_1_i/caravel_0/inst/mprj/u_fsic/U_USER_SUBSYS0/U_USRPRJ1/fir/U0_MAC/product__0 output design_1_i/caravel_0/inst/mprj/u_fsic/U_USER_SUBSYS0/U_USRPRJ1/fir/U0_MAC/product__0/P[47:0] is not pipelined (PREG=0). Pipelining the DSP48 output will improve performance and often saves power so it is suggested whenever possible to fully pipeline this function.  If this DSP48 function was inferred, it is suggested to describe an additional register stage after this function.  If the DSP48 was instantiated in the design, it is suggested to set the PREG attribute to 1.
Related violations: <none>

DPOP-1#3 Warning
PREG Output pipelining  
DSP design_1_i/caravel_0/inst/mprj/u_fsic/U_USER_SUBSYS0/U_USRPRJ1/fir/U0_MAC/product__1 output design_1_i/caravel_0/inst/mprj/u_fsic/U_USER_SUBSYS0/U_USRPRJ1/fir/U0_MAC/product__1/P[47:0] is not pipelined (PREG=0). Pipelining the DSP48 output will improve performance and often saves power so it is suggested whenever possible to fully pipeline this function.  If this DSP48 function was inferred, it is suggested to describe an additional register stage after this function.  If the DSP48 was instantiated in the design, it is suggested to set the PREG attribute to 1.
Related violations: <none>

DPOP-1#4 Warning
PREG Output pipelining  
DSP design_1_i/caravel_0/inst/mprj/u_fsic/U_USER_SUBSYS0/U_USRPRJ2/fiFFNTT/stage_struct_inst/stage_run_inst/nl_z_out_21__0 output design_1_i/caravel_0/inst/mprj/u_fsic/U_USER_SUBSYS0/U_USRPRJ2/fiFFNTT/stage_struct_inst/stage_run_inst/nl_z_out_21__0/P[47:0] is not pipelined (PREG=0). Pipelining the DSP48 output will improve performance and often saves power so it is suggested whenever possible to fully pipeline this function.  If this DSP48 function was inferred, it is suggested to describe an additional register stage after this function.  If the DSP48 was instantiated in the design, it is suggested to set the PREG attribute to 1.
Related violations: <none>

DPOP-1#5 Warning
PREG Output pipelining  
DSP design_1_i/caravel_0/inst/mprj/u_fsic/U_USER_SUBSYS0/U_USRPRJ2/fiFFNTT/stage_struct_inst/stage_run_inst/nl_z_out_21__1 output design_1_i/caravel_0/inst/mprj/u_fsic/U_USER_SUBSYS0/U_USRPRJ2/fiFFNTT/stage_struct_inst/stage_run_inst/nl_z_out_21__1/P[47:0] is not pipelined (PREG=0). Pipelining the DSP48 output will improve performance and often saves power so it is suggested whenever possible to fully pipeline this function.  If this DSP48 function was inferred, it is suggested to describe an additional register stage after this function.  If the DSP48 was instantiated in the design, it is suggested to set the PREG attribute to 1.
Related violations: <none>

DPOP-1#6 Warning
PREG Output pipelining  
DSP design_1_i/caravel_0/inst/mprj/u_fsic/U_USER_SUBSYS0/U_USRPRJ2/fiFFNTT/stage_struct_inst/stage_run_inst/nl_z_out_21__4 output design_1_i/caravel_0/inst/mprj/u_fsic/U_USER_SUBSYS0/U_USRPRJ2/fiFFNTT/stage_struct_inst/stage_run_inst/nl_z_out_21__4/P[47:0] is not pipelined (PREG=0). Pipelining the DSP48 output will improve performance and often saves power so it is suggested whenever possible to fully pipeline this function.  If this DSP48 function was inferred, it is suggested to describe an additional register stage after this function.  If the DSP48 was instantiated in the design, it is suggested to set the PREG attribute to 1.
Related violations: <none>

DPOP-1#7 Warning
PREG Output pipelining  
DSP design_1_i/caravel_0/inst/mprj/u_fsic/U_USER_SUBSYS0/U_USRPRJ2/fiFFNTT/stage_struct_inst/stage_run_inst/nl_z_out_21__5 output design_1_i/caravel_0/inst/mprj/u_fsic/U_USER_SUBSYS0/U_USRPRJ2/fiFFNTT/stage_struct_inst/stage_run_inst/nl_z_out_21__5/P[47:0] is not pipelined (PREG=0). Pipelining the DSP48 output will improve performance and often saves power so it is suggested whenever possible to fully pipeline this function.  If this DSP48 function was inferred, it is suggested to describe an additional register stage after this function.  If the DSP48 was instantiated in the design, it is suggested to set the PREG attribute to 1.
Related violations: <none>

DPOP-1#8 Warning
PREG Output pipelining  
DSP design_1_i/caravel_0/inst/mprj/u_fsic/U_USER_SUBSYS0/U_USRPRJ2/fiFFNTT/stage_struct_inst/stage_run_inst/nl_z_out_21__7 output design_1_i/caravel_0/inst/mprj/u_fsic/U_USER_SUBSYS0/U_USRPRJ2/fiFFNTT/stage_struct_inst/stage_run_inst/nl_z_out_21__7/P[47:0] is not pipelined (PREG=0). Pipelining the DSP48 output will improve performance and often saves power so it is suggested whenever possible to fully pipeline this function.  If this DSP48 function was inferred, it is suggested to describe an additional register stage after this function.  If the DSP48 was instantiated in the design, it is suggested to set the PREG attribute to 1.
Related violations: <none>

DPOP-2#1 Warning
MREG Output pipelining  
DSP design_1_i/caravel_0/inst/mprj/u_fsic/U_USER_SUBSYS0/U_USRPRJ1/fir/U0_MAC/product multiplier stage design_1_i/caravel_0/inst/mprj/u_fsic/U_USER_SUBSYS0/U_USRPRJ1/fir/U0_MAC/product/P[47:0] is not pipelined (MREG=0). Pipelining the multiplier function will improve performance and will save significant power so it is suggested whenever possible to fully pipeline this function.  If this multiplier was inferred, it is suggested to describe an additional register stage after this function.  If there is no registered adder/accumulator following the multiply function, two pipeline stages are suggested to allow both the MREG and PREG registers to be used.  If the DSP48 was instantiated in the design, it is suggested to set both the MREG and PREG attributes to 1 when performing multiply functions.
Related violations: <none>

DPOP-2#2 Warning
MREG Output pipelining  
DSP design_1_i/caravel_0/inst/mprj/u_fsic/U_USER_SUBSYS0/U_USRPRJ1/fir/U0_MAC/product__0 multiplier stage design_1_i/caravel_0/inst/mprj/u_fsic/U_USER_SUBSYS0/U_USRPRJ1/fir/U0_MAC/product__0/P[47:0] is not pipelined (MREG=0). Pipelining the multiplier function will improve performance and will save significant power so it is suggested whenever possible to fully pipeline this function.  If this multiplier was inferred, it is suggested to describe an additional register stage after this function.  If there is no registered adder/accumulator following the multiply function, two pipeline stages are suggested to allow both the MREG and PREG registers to be used.  If the DSP48 was instantiated in the design, it is suggested to set both the MREG and PREG attributes to 1 when performing multiply functions.
Related violations: <none>

DPOP-2#3 Warning
MREG Output pipelining  
DSP design_1_i/caravel_0/inst/mprj/u_fsic/U_USER_SUBSYS0/U_USRPRJ1/fir/U0_MAC/product__1 multiplier stage design_1_i/caravel_0/inst/mprj/u_fsic/U_USER_SUBSYS0/U_USRPRJ1/fir/U0_MAC/product__1/P[47:0] is not pipelined (MREG=0). Pipelining the multiplier function will improve performance and will save significant power so it is suggested whenever possible to fully pipeline this function.  If this multiplier was inferred, it is suggested to describe an additional register stage after this function.  If there is no registered adder/accumulator following the multiply function, two pipeline stages are suggested to allow both the MREG and PREG registers to be used.  If the DSP48 was instantiated in the design, it is suggested to set both the MREG and PREG attributes to 1 when performing multiply functions.
Related violations: <none>

DPOP-2#4 Warning
MREG Output pipelining  
DSP design_1_i/caravel_0/inst/mprj/u_fsic/U_USER_SUBSYS0/U_USRPRJ2/fiFFNTT/stage_struct_inst/stage_run_inst/nl_z_out_21__0 multiplier stage design_1_i/caravel_0/inst/mprj/u_fsic/U_USER_SUBSYS0/U_USRPRJ2/fiFFNTT/stage_struct_inst/stage_run_inst/nl_z_out_21__0/P[47:0] is not pipelined (MREG=0). Pipelining the multiplier function will improve performance and will save significant power so it is suggested whenever possible to fully pipeline this function.  If this multiplier was inferred, it is suggested to describe an additional register stage after this function.  If there is no registered adder/accumulator following the multiply function, two pipeline stages are suggested to allow both the MREG and PREG registers to be used.  If the DSP48 was instantiated in the design, it is suggested to set both the MREG and PREG attributes to 1 when performing multiply functions.
Related violations: <none>

DPOP-2#5 Warning
MREG Output pipelining  
DSP design_1_i/caravel_0/inst/mprj/u_fsic/U_USER_SUBSYS0/U_USRPRJ2/fiFFNTT/stage_struct_inst/stage_run_inst/nl_z_out_21__1 multiplier stage design_1_i/caravel_0/inst/mprj/u_fsic/U_USER_SUBSYS0/U_USRPRJ2/fiFFNTT/stage_struct_inst/stage_run_inst/nl_z_out_21__1/P[47:0] is not pipelined (MREG=0). Pipelining the multiplier function will improve performance and will save significant power so it is suggested whenever possible to fully pipeline this function.  If this multiplier was inferred, it is suggested to describe an additional register stage after this function.  If there is no registered adder/accumulator following the multiply function, two pipeline stages are suggested to allow both the MREG and PREG registers to be used.  If the DSP48 was instantiated in the design, it is suggested to set both the MREG and PREG attributes to 1 when performing multiply functions.
Related violations: <none>

DPOP-2#6 Warning
MREG Output pipelining  
DSP design_1_i/caravel_0/inst/mprj/u_fsic/U_USER_SUBSYS0/U_USRPRJ2/fiFFNTT/stage_struct_inst/stage_run_inst/nl_z_out_21__4 multiplier stage design_1_i/caravel_0/inst/mprj/u_fsic/U_USER_SUBSYS0/U_USRPRJ2/fiFFNTT/stage_struct_inst/stage_run_inst/nl_z_out_21__4/P[47:0] is not pipelined (MREG=0). Pipelining the multiplier function will improve performance and will save significant power so it is suggested whenever possible to fully pipeline this function.  If this multiplier was inferred, it is suggested to describe an additional register stage after this function.  If there is no registered adder/accumulator following the multiply function, two pipeline stages are suggested to allow both the MREG and PREG registers to be used.  If the DSP48 was instantiated in the design, it is suggested to set both the MREG and PREG attributes to 1 when performing multiply functions.
Related violations: <none>

DPOP-2#7 Warning
MREG Output pipelining  
DSP design_1_i/caravel_0/inst/mprj/u_fsic/U_USER_SUBSYS0/U_USRPRJ2/fiFFNTT/stage_struct_inst/stage_run_inst/nl_z_out_21__5 multiplier stage design_1_i/caravel_0/inst/mprj/u_fsic/U_USER_SUBSYS0/U_USRPRJ2/fiFFNTT/stage_struct_inst/stage_run_inst/nl_z_out_21__5/P[47:0] is not pipelined (MREG=0). Pipelining the multiplier function will improve performance and will save significant power so it is suggested whenever possible to fully pipeline this function.  If this multiplier was inferred, it is suggested to describe an additional register stage after this function.  If there is no registered adder/accumulator following the multiply function, two pipeline stages are suggested to allow both the MREG and PREG registers to be used.  If the DSP48 was instantiated in the design, it is suggested to set both the MREG and PREG attributes to 1 when performing multiply functions.
Related violations: <none>

DPOP-2#8 Warning
MREG Output pipelining  
DSP design_1_i/caravel_0/inst/mprj/u_fsic/U_USER_SUBSYS0/U_USRPRJ2/fiFFNTT/stage_struct_inst/stage_run_inst/nl_z_out_21__7 multiplier stage design_1_i/caravel_0/inst/mprj/u_fsic/U_USER_SUBSYS0/U_USRPRJ2/fiFFNTT/stage_struct_inst/stage_run_inst/nl_z_out_21__7/P[47:0] is not pipelined (MREG=0). Pipelining the multiplier function will improve performance and will save significant power so it is suggested whenever possible to fully pipeline this function.  If this multiplier was inferred, it is suggested to describe an additional register stage after this function.  If there is no registered adder/accumulator following the multiply function, two pipeline stages are suggested to allow both the MREG and PREG registers to be used.  If the DSP48 was instantiated in the design, it is suggested to set both the MREG and PREG attributes to 1 when performing multiply functions.
Related violations: <none>

PLIO-6#1 Warning
Placement Constraints Check for IO constraints  
Invalid constraint on register design_1_i/axi_quad_spi_0/U0/NO_DUAL_QUAD_MODE.QSPI_NORMAL/IO1_I_REG. It has the property IOB=TRUE, but it is not driving or driven by any IO element.
Related violations: <none>

REQP-1571#1 Warning
connects_D  
The FDRE cell design_1_i/caravel_0/inst/soc/core/multiregimpl2_regs0_reg has no driver for the D input pin. To protect against unwanted transitions in all flows, the D input pin is required to have a driver. To resolve this violation, modify the design so that the D input pin has an active signal or constant logic-level tie-off.
Related violations: <none>

REQP-1617#1 Warning
use_IOB_register  
The FDRE cell design_1_i/axi_quad_spi_0/U0/NO_DUAL_QUAD_MODE.QSPI_NORMAL/IO1_I_REG has IOB set to TRUE, but does not connect directly to an IO cell. Remove the constraint or ensure the FDRE is properly connected to an IO.
Related violations: <none>

REQP-1617#2 Warning
use_IOB_register  
The FDRE cell design_1_i/axi_quad_spi_0/U0/NO_DUAL_QUAD_MODE.QSPI_NORMAL/QSPI_LEGACY_MD_GEN.QSPI_CORE_INTERFACE_I/LOGIC_FOR_MD_0_GEN.SPI_MODULE_I/RATIO_NOT_EQUAL_4_GENERATE.SCK_O_NQ_4_NO_STARTUP_USED.SCK_O_NE_4_FDRE_INST has IOB set to TRUE, but does not connect directly to an IO cell. Remove the constraint or ensure the FDRE is properly connected to an IO.
Related violations: <none>

REQP-1839#1 Warning
RAMB36 async control check  
The RAMB36E1 design_1_i/blk_mem_gen_0/U0/inst_blk_mem_gen/gnbram.gnative_mem_map_bmg.native_mem_map_blk_mem_gen/valid.cstr/ramloop[0].ram.r/prim_noinit.ram/DEVICE_7SERIES.WITH_BMM_INFO.TRUE_DP.SIMPLE_PRIM36.TDP_SP36_NO_ECC_ATTR.ram has an input control pin design_1_i/blk_mem_gen_0/U0/inst_blk_mem_gen/gnbram.gnative_mem_map_bmg.native_mem_map_blk_mem_gen/valid.cstr/ramloop[0].ram.r/prim_noinit.ram/DEVICE_7SERIES.WITH_BMM_INFO.TRUE_DP.SIMPLE_PRIM36.TDP_SP36_NO_ECC_ATTR.ram/ADDRARDADDR[10] (net: design_1_i/blk_mem_gen_0/U0/inst_blk_mem_gen/gnbram.gnative_mem_map_bmg.native_mem_map_blk_mem_gen/valid.cstr/ramloop[0].ram.r/prim_noinit.ram/addra[6]) which is driven by a register (design_1_i/spiflash_0/inst/write_addr_reg[8]) that has an active asychronous set or reset. This may cause corruption of the memory contents and/or read values when the set/reset is asserted and is not analyzed by the default static timing analysis. It is suggested to eliminate the use of a set/reset to registers driving this RAMB pin or else use a synchronous reset in which the assertion of the reset is timed by default.
Related violations: <none>

REQP-1839#2 Warning
RAMB36 async control check  
The RAMB36E1 design_1_i/blk_mem_gen_0/U0/inst_blk_mem_gen/gnbram.gnative_mem_map_bmg.native_mem_map_blk_mem_gen/valid.cstr/ramloop[0].ram.r/prim_noinit.ram/DEVICE_7SERIES.WITH_BMM_INFO.TRUE_DP.SIMPLE_PRIM36.TDP_SP36_NO_ECC_ATTR.ram has an input control pin design_1_i/blk_mem_gen_0/U0/inst_blk_mem_gen/gnbram.gnative_mem_map_bmg.native_mem_map_blk_mem_gen/valid.cstr/ramloop[0].ram.r/prim_noinit.ram/DEVICE_7SERIES.WITH_BMM_INFO.TRUE_DP.SIMPLE_PRIM36.TDP_SP36_NO_ECC_ATTR.ram/ADDRARDADDR[10] (net: design_1_i/blk_mem_gen_0/U0/inst_blk_mem_gen/gnbram.gnative_mem_map_bmg.native_mem_map_blk_mem_gen/valid.cstr/ramloop[0].ram.r/prim_noinit.ram/addra[6]) which is driven by a register (design_1_i/spiflash_0/inst/wstart_reg) that has an active asychronous set or reset. This may cause corruption of the memory contents and/or read values when the set/reset is asserted and is not analyzed by the default static timing analysis. It is suggested to eliminate the use of a set/reset to registers driving this RAMB pin or else use a synchronous reset in which the assertion of the reset is timed by default.
Related violations: <none>

REQP-1839#3 Warning
RAMB36 async control check  
The RAMB36E1 design_1_i/blk_mem_gen_0/U0/inst_blk_mem_gen/gnbram.gnative_mem_map_bmg.native_mem_map_blk_mem_gen/valid.cstr/ramloop[0].ram.r/prim_noinit.ram/DEVICE_7SERIES.WITH_BMM_INFO.TRUE_DP.SIMPLE_PRIM36.TDP_SP36_NO_ECC_ATTR.ram has an input control pin design_1_i/blk_mem_gen_0/U0/inst_blk_mem_gen/gnbram.gnative_mem_map_bmg.native_mem_map_blk_mem_gen/valid.cstr/ramloop[0].ram.r/prim_noinit.ram/DEVICE_7SERIES.WITH_BMM_INFO.TRUE_DP.SIMPLE_PRIM36.TDP_SP36_NO_ECC_ATTR.ram/ADDRARDADDR[11] (net: design_1_i/blk_mem_gen_0/U0/inst_blk_mem_gen/gnbram.gnative_mem_map_bmg.native_mem_map_blk_mem_gen/valid.cstr/ramloop[0].ram.r/prim_noinit.ram/addra[7]) which is driven by a register (design_1_i/spiflash_0/inst/write_addr_reg[9]) that has an active asychronous set or reset. This may cause corruption of the memory contents and/or read values when the set/reset is asserted and is not analyzed by the default static timing analysis. It is suggested to eliminate the use of a set/reset to registers driving this RAMB pin or else use a synchronous reset in which the assertion of the reset is timed by default.
Related violations: <none>

REQP-1839#4 Warning
RAMB36 async control check  
The RAMB36E1 design_1_i/blk_mem_gen_0/U0/inst_blk_mem_gen/gnbram.gnative_mem_map_bmg.native_mem_map_blk_mem_gen/valid.cstr/ramloop[0].ram.r/prim_noinit.ram/DEVICE_7SERIES.WITH_BMM_INFO.TRUE_DP.SIMPLE_PRIM36.TDP_SP36_NO_ECC_ATTR.ram has an input control pin design_1_i/blk_mem_gen_0/U0/inst_blk_mem_gen/gnbram.gnative_mem_map_bmg.native_mem_map_blk_mem_gen/valid.cstr/ramloop[0].ram.r/prim_noinit.ram/DEVICE_7SERIES.WITH_BMM_INFO.TRUE_DP.SIMPLE_PRIM36.TDP_SP36_NO_ECC_ATTR.ram/ADDRARDADDR[11] (net: design_1_i/blk_mem_gen_0/U0/inst_blk_mem_gen/gnbram.gnative_mem_map_bmg.native_mem_map_blk_mem_gen/valid.cstr/ramloop[0].ram.r/prim_noinit.ram/addra[7]) which is driven by a register (design_1_i/spiflash_0/inst/wstart_reg) that has an active asychronous set or reset. This may cause corruption of the memory contents and/or read values when the set/reset is asserted and is not analyzed by the default static timing analysis. It is suggested to eliminate the use of a set/reset to registers driving this RAMB pin or else use a synchronous reset in which the assertion of the reset is timed by default.
Related violations: <none>

REQP-1839#5 Warning
RAMB36 async control check  
The RAMB36E1 design_1_i/blk_mem_gen_0/U0/inst_blk_mem_gen/gnbram.gnative_mem_map_bmg.native_mem_map_blk_mem_gen/valid.cstr/ramloop[0].ram.r/prim_noinit.ram/DEVICE_7SERIES.WITH_BMM_INFO.TRUE_DP.SIMPLE_PRIM36.TDP_SP36_NO_ECC_ATTR.ram has an input control pin design_1_i/blk_mem_gen_0/U0/inst_blk_mem_gen/gnbram.gnative_mem_map_bmg.native_mem_map_blk_mem_gen/valid.cstr/ramloop[0].ram.r/prim_noinit.ram/DEVICE_7SERIES.WITH_BMM_INFO.TRUE_DP.SIMPLE_PRIM36.TDP_SP36_NO_ECC_ATTR.ram/ADDRARDADDR[12] (net: design_1_i/blk_mem_gen_0/U0/inst_blk_mem_gen/gnbram.gnative_mem_map_bmg.native_mem_map_blk_mem_gen/valid.cstr/ramloop[0].ram.r/prim_noinit.ram/addra[8]) which is driven by a register (design_1_i/spiflash_0/inst/write_addr_reg[10]) that has an active asychronous set or reset. This may cause corruption of the memory contents and/or read values when the set/reset is asserted and is not analyzed by the default static timing analysis. It is suggested to eliminate the use of a set/reset to registers driving this RAMB pin or else use a synchronous reset in which the assertion of the reset is timed by default.
Related violations: <none>

REQP-1839#6 Warning
RAMB36 async control check  
The RAMB36E1 design_1_i/blk_mem_gen_0/U0/inst_blk_mem_gen/gnbram.gnative_mem_map_bmg.native_mem_map_blk_mem_gen/valid.cstr/ramloop[0].ram.r/prim_noinit.ram/DEVICE_7SERIES.WITH_BMM_INFO.TRUE_DP.SIMPLE_PRIM36.TDP_SP36_NO_ECC_ATTR.ram has an input control pin design_1_i/blk_mem_gen_0/U0/inst_blk_mem_gen/gnbram.gnative_mem_map_bmg.native_mem_map_blk_mem_gen/valid.cstr/ramloop[0].ram.r/prim_noinit.ram/DEVICE_7SERIES.WITH_BMM_INFO.TRUE_DP.SIMPLE_PRIM36.TDP_SP36_NO_ECC_ATTR.ram/ADDRARDADDR[12] (net: design_1_i/blk_mem_gen_0/U0/inst_blk_mem_gen/gnbram.gnative_mem_map_bmg.native_mem_map_blk_mem_gen/valid.cstr/ramloop[0].ram.r/prim_noinit.ram/addra[8]) which is driven by a register (design_1_i/spiflash_0/inst/wstart_reg) that has an active asychronous set or reset. This may cause corruption of the memory contents and/or read values when the set/reset is asserted and is not analyzed by the default static timing analysis. It is suggested to eliminate the use of a set/reset to registers driving this RAMB pin or else use a synchronous reset in which the assertion of the reset is timed by default.
Related violations: <none>

REQP-1839#7 Warning
RAMB36 async control check  
The RAMB36E1 design_1_i/blk_mem_gen_0/U0/inst_blk_mem_gen/gnbram.gnative_mem_map_bmg.native_mem_map_blk_mem_gen/valid.cstr/ramloop[0].ram.r/prim_noinit.ram/DEVICE_7SERIES.WITH_BMM_INFO.TRUE_DP.SIMPLE_PRIM36.TDP_SP36_NO_ECC_ATTR.ram has an input control pin design_1_i/blk_mem_gen_0/U0/inst_blk_mem_gen/gnbram.gnative_mem_map_bmg.native_mem_map_blk_mem_gen/valid.cstr/ramloop[0].ram.r/prim_noinit.ram/DEVICE_7SERIES.WITH_BMM_INFO.TRUE_DP.SIMPLE_PRIM36.TDP_SP36_NO_ECC_ATTR.ram/ADDRARDADDR[13] (net: design_1_i/blk_mem_gen_0/U0/inst_blk_mem_gen/gnbram.gnative_mem_map_bmg.native_mem_map_blk_mem_gen/valid.cstr/ramloop[0].ram.r/prim_noinit.ram/addra[9]) which is driven by a register (design_1_i/spiflash_0/inst/write_addr_reg[11]) that has an active asychronous set or reset. This may cause corruption of the memory contents and/or read values when the set/reset is asserted and is not analyzed by the default static timing analysis. It is suggested to eliminate the use of a set/reset to registers driving this RAMB pin or else use a synchronous reset in which the assertion of the reset is timed by default.
Related violations: <none>

REQP-1839#8 Warning
RAMB36 async control check  
The RAMB36E1 design_1_i/blk_mem_gen_0/U0/inst_blk_mem_gen/gnbram.gnative_mem_map_bmg.native_mem_map_blk_mem_gen/valid.cstr/ramloop[0].ram.r/prim_noinit.ram/DEVICE_7SERIES.WITH_BMM_INFO.TRUE_DP.SIMPLE_PRIM36.TDP_SP36_NO_ECC_ATTR.ram has an input control pin design_1_i/blk_mem_gen_0/U0/inst_blk_mem_gen/gnbram.gnative_mem_map_bmg.native_mem_map_blk_mem_gen/valid.cstr/ramloop[0].ram.r/prim_noinit.ram/DEVICE_7SERIES.WITH_BMM_INFO.TRUE_DP.SIMPLE_PRIM36.TDP_SP36_NO_ECC_ATTR.ram/ADDRARDADDR[13] (net: design_1_i/blk_mem_gen_0/U0/inst_blk_mem_gen/gnbram.gnative_mem_map_bmg.native_mem_map_blk_mem_gen/valid.cstr/ramloop[0].ram.r/prim_noinit.ram/addra[9]) which is driven by a register (design_1_i/spiflash_0/inst/wstart_reg) that has an active asychronous set or reset. This may cause corruption of the memory contents and/or read values when the set/reset is asserted and is not analyzed by the default static timing analysis. It is suggested to eliminate the use of a set/reset to registers driving this RAMB pin or else use a synchronous reset in which the assertion of the reset is timed by default.
Related violations: <none>

REQP-1839#9 Warning
RAMB36 async control check  
The RAMB36E1 design_1_i/blk_mem_gen_0/U0/inst_blk_mem_gen/gnbram.gnative_mem_map_bmg.native_mem_map_blk_mem_gen/valid.cstr/ramloop[0].ram.r/prim_noinit.ram/DEVICE_7SERIES.WITH_BMM_INFO.TRUE_DP.SIMPLE_PRIM36.TDP_SP36_NO_ECC_ATTR.ram has an input control pin design_1_i/blk_mem_gen_0/U0/inst_blk_mem_gen/gnbram.gnative_mem_map_bmg.native_mem_map_blk_mem_gen/valid.cstr/ramloop[0].ram.r/prim_noinit.ram/DEVICE_7SERIES.WITH_BMM_INFO.TRUE_DP.SIMPLE_PRIM36.TDP_SP36_NO_ECC_ATTR.ram/ADDRARDADDR[14] (net: design_1_i/blk_mem_gen_0/U0/inst_blk_mem_gen/gnbram.gnative_mem_map_bmg.native_mem_map_blk_mem_gen/valid.cstr/ramloop[0].ram.r/prim_noinit.ram/addra[10]) which is driven by a register (design_1_i/spiflash_0/inst/write_addr_reg[12]) that has an active asychronous set or reset. This may cause corruption of the memory contents and/or read values when the set/reset is asserted and is not analyzed by the default static timing analysis. It is suggested to eliminate the use of a set/reset to registers driving this RAMB pin or else use a synchronous reset in which the assertion of the reset is timed by default.
Related violations: <none>

REQP-1839#10 Warning
RAMB36 async control check  
The RAMB36E1 design_1_i/blk_mem_gen_0/U0/inst_blk_mem_gen/gnbram.gnative_mem_map_bmg.native_mem_map_blk_mem_gen/valid.cstr/ramloop[0].ram.r/prim_noinit.ram/DEVICE_7SERIES.WITH_BMM_INFO.TRUE_DP.SIMPLE_PRIM36.TDP_SP36_NO_ECC_ATTR.ram has an input control pin design_1_i/blk_mem_gen_0/U0/inst_blk_mem_gen/gnbram.gnative_mem_map_bmg.native_mem_map_blk_mem_gen/valid.cstr/ramloop[0].ram.r/prim_noinit.ram/DEVICE_7SERIES.WITH_BMM_INFO.TRUE_DP.SIMPLE_PRIM36.TDP_SP36_NO_ECC_ATTR.ram/ADDRARDADDR[14] (net: design_1_i/blk_mem_gen_0/U0/inst_blk_mem_gen/gnbram.gnative_mem_map_bmg.native_mem_map_blk_mem_gen/valid.cstr/ramloop[0].ram.r/prim_noinit.ram/addra[10]) which is driven by a register (design_1_i/spiflash_0/inst/wstart_reg) that has an active asychronous set or reset. This may cause corruption of the memory contents and/or read values when the set/reset is asserted and is not analyzed by the default static timing analysis. It is suggested to eliminate the use of a set/reset to registers driving this RAMB pin or else use a synchronous reset in which the assertion of the reset is timed by default.
Related violations: <none>

REQP-1839#11 Warning
RAMB36 async control check  
The RAMB36E1 design_1_i/blk_mem_gen_0/U0/inst_blk_mem_gen/gnbram.gnative_mem_map_bmg.native_mem_map_blk_mem_gen/valid.cstr/ramloop[0].ram.r/prim_noinit.ram/DEVICE_7SERIES.WITH_BMM_INFO.TRUE_DP.SIMPLE_PRIM36.TDP_SP36_NO_ECC_ATTR.ram has an input control pin design_1_i/blk_mem_gen_0/U0/inst_blk_mem_gen/gnbram.gnative_mem_map_bmg.native_mem_map_blk_mem_gen/valid.cstr/ramloop[0].ram.r/prim_noinit.ram/DEVICE_7SERIES.WITH_BMM_INFO.TRUE_DP.SIMPLE_PRIM36.TDP_SP36_NO_ECC_ATTR.ram/ADDRARDADDR[5] (net: design_1_i/blk_mem_gen_0/U0/inst_blk_mem_gen/gnbram.gnative_mem_map_bmg.native_mem_map_blk_mem_gen/valid.cstr/ramloop[0].ram.r/prim_noinit.ram/addra[1]) which is driven by a register (design_1_i/spiflash_0/inst/write_addr_reg[3]) that has an active asychronous set or reset. This may cause corruption of the memory contents and/or read values when the set/reset is asserted and is not analyzed by the default static timing analysis. It is suggested to eliminate the use of a set/reset to registers driving this RAMB pin or else use a synchronous reset in which the assertion of the reset is timed by default.
Related violations: <none>

REQP-1839#12 Warning
RAMB36 async control check  
The RAMB36E1 design_1_i/blk_mem_gen_0/U0/inst_blk_mem_gen/gnbram.gnative_mem_map_bmg.native_mem_map_blk_mem_gen/valid.cstr/ramloop[0].ram.r/prim_noinit.ram/DEVICE_7SERIES.WITH_BMM_INFO.TRUE_DP.SIMPLE_PRIM36.TDP_SP36_NO_ECC_ATTR.ram has an input control pin design_1_i/blk_mem_gen_0/U0/inst_blk_mem_gen/gnbram.gnative_mem_map_bmg.native_mem_map_blk_mem_gen/valid.cstr/ramloop[0].ram.r/prim_noinit.ram/DEVICE_7SERIES.WITH_BMM_INFO.TRUE_DP.SIMPLE_PRIM36.TDP_SP36_NO_ECC_ATTR.ram/ADDRARDADDR[5] (net: design_1_i/blk_mem_gen_0/U0/inst_blk_mem_gen/gnbram.gnative_mem_map_bmg.native_mem_map_blk_mem_gen/valid.cstr/ramloop[0].ram.r/prim_noinit.ram/addra[1]) which is driven by a register (design_1_i/spiflash_0/inst/wstart_reg) that has an active asychronous set or reset. This may cause corruption of the memory contents and/or read values when the set/reset is asserted and is not analyzed by the default static timing analysis. It is suggested to eliminate the use of a set/reset to registers driving this RAMB pin or else use a synchronous reset in which the assertion of the reset is timed by default.
Related violations: <none>

REQP-1839#13 Warning
RAMB36 async control check  
The RAMB36E1 design_1_i/blk_mem_gen_0/U0/inst_blk_mem_gen/gnbram.gnative_mem_map_bmg.native_mem_map_blk_mem_gen/valid.cstr/ramloop[0].ram.r/prim_noinit.ram/DEVICE_7SERIES.WITH_BMM_INFO.TRUE_DP.SIMPLE_PRIM36.TDP_SP36_NO_ECC_ATTR.ram has an input control pin design_1_i/blk_mem_gen_0/U0/inst_blk_mem_gen/gnbram.gnative_mem_map_bmg.native_mem_map_blk_mem_gen/valid.cstr/ramloop[0].ram.r/prim_noinit.ram/DEVICE_7SERIES.WITH_BMM_INFO.TRUE_DP.SIMPLE_PRIM36.TDP_SP36_NO_ECC_ATTR.ram/ADDRARDADDR[6] (net: design_1_i/blk_mem_gen_0/U0/inst_blk_mem_gen/gnbram.gnative_mem_map_bmg.native_mem_map_blk_mem_gen/valid.cstr/ramloop[0].ram.r/prim_noinit.ram/addra[2]) which is driven by a register (design_1_i/spiflash_0/inst/write_addr_reg[4]) that has an active asychronous set or reset. This may cause corruption of the memory contents and/or read values when the set/reset is asserted and is not analyzed by the default static timing analysis. It is suggested to eliminate the use of a set/reset to registers driving this RAMB pin or else use a synchronous reset in which the assertion of the reset is timed by default.
Related violations: <none>

REQP-1839#14 Warning
RAMB36 async control check  
The RAMB36E1 design_1_i/blk_mem_gen_0/U0/inst_blk_mem_gen/gnbram.gnative_mem_map_bmg.native_mem_map_blk_mem_gen/valid.cstr/ramloop[0].ram.r/prim_noinit.ram/DEVICE_7SERIES.WITH_BMM_INFO.TRUE_DP.SIMPLE_PRIM36.TDP_SP36_NO_ECC_ATTR.ram has an input control pin design_1_i/blk_mem_gen_0/U0/inst_blk_mem_gen/gnbram.gnative_mem_map_bmg.native_mem_map_blk_mem_gen/valid.cstr/ramloop[0].ram.r/prim_noinit.ram/DEVICE_7SERIES.WITH_BMM_INFO.TRUE_DP.SIMPLE_PRIM36.TDP_SP36_NO_ECC_ATTR.ram/ADDRARDADDR[6] (net: design_1_i/blk_mem_gen_0/U0/inst_blk_mem_gen/gnbram.gnative_mem_map_bmg.native_mem_map_blk_mem_gen/valid.cstr/ramloop[0].ram.r/prim_noinit.ram/addra[2]) which is driven by a register (design_1_i/spiflash_0/inst/wstart_reg) that has an active asychronous set or reset. This may cause corruption of the memory contents and/or read values when the set/reset is asserted and is not analyzed by the default static timing analysis. It is suggested to eliminate the use of a set/reset to registers driving this RAMB pin or else use a synchronous reset in which the assertion of the reset is timed by default.
Related violations: <none>

REQP-1839#15 Warning
RAMB36 async control check  
The RAMB36E1 design_1_i/blk_mem_gen_0/U0/inst_blk_mem_gen/gnbram.gnative_mem_map_bmg.native_mem_map_blk_mem_gen/valid.cstr/ramloop[0].ram.r/prim_noinit.ram/DEVICE_7SERIES.WITH_BMM_INFO.TRUE_DP.SIMPLE_PRIM36.TDP_SP36_NO_ECC_ATTR.ram has an input control pin design_1_i/blk_mem_gen_0/U0/inst_blk_mem_gen/gnbram.gnative_mem_map_bmg.native_mem_map_blk_mem_gen/valid.cstr/ramloop[0].ram.r/prim_noinit.ram/DEVICE_7SERIES.WITH_BMM_INFO.TRUE_DP.SIMPLE_PRIM36.TDP_SP36_NO_ECC_ATTR.ram/ADDRARDADDR[7] (net: design_1_i/blk_mem_gen_0/U0/inst_blk_mem_gen/gnbram.gnative_mem_map_bmg.native_mem_map_blk_mem_gen/valid.cstr/ramloop[0].ram.r/prim_noinit.ram/addra[3]) which is driven by a register (design_1_i/spiflash_0/inst/write_addr_reg[5]) that has an active asychronous set or reset. This may cause corruption of the memory contents and/or read values when the set/reset is asserted and is not analyzed by the default static timing analysis. It is suggested to eliminate the use of a set/reset to registers driving this RAMB pin or else use a synchronous reset in which the assertion of the reset is timed by default.
Related violations: <none>

REQP-1839#16 Warning
RAMB36 async control check  
The RAMB36E1 design_1_i/blk_mem_gen_0/U0/inst_blk_mem_gen/gnbram.gnative_mem_map_bmg.native_mem_map_blk_mem_gen/valid.cstr/ramloop[0].ram.r/prim_noinit.ram/DEVICE_7SERIES.WITH_BMM_INFO.TRUE_DP.SIMPLE_PRIM36.TDP_SP36_NO_ECC_ATTR.ram has an input control pin design_1_i/blk_mem_gen_0/U0/inst_blk_mem_gen/gnbram.gnative_mem_map_bmg.native_mem_map_blk_mem_gen/valid.cstr/ramloop[0].ram.r/prim_noinit.ram/DEVICE_7SERIES.WITH_BMM_INFO.TRUE_DP.SIMPLE_PRIM36.TDP_SP36_NO_ECC_ATTR.ram/ADDRARDADDR[7] (net: design_1_i/blk_mem_gen_0/U0/inst_blk_mem_gen/gnbram.gnative_mem_map_bmg.native_mem_map_blk_mem_gen/valid.cstr/ramloop[0].ram.r/prim_noinit.ram/addra[3]) which is driven by a register (design_1_i/spiflash_0/inst/wstart_reg) that has an active asychronous set or reset. This may cause corruption of the memory contents and/or read values when the set/reset is asserted and is not analyzed by the default static timing analysis. It is suggested to eliminate the use of a set/reset to registers driving this RAMB pin or else use a synchronous reset in which the assertion of the reset is timed by default.
Related violations: <none>

REQP-1839#17 Warning
RAMB36 async control check  
The RAMB36E1 design_1_i/blk_mem_gen_0/U0/inst_blk_mem_gen/gnbram.gnative_mem_map_bmg.native_mem_map_blk_mem_gen/valid.cstr/ramloop[0].ram.r/prim_noinit.ram/DEVICE_7SERIES.WITH_BMM_INFO.TRUE_DP.SIMPLE_PRIM36.TDP_SP36_NO_ECC_ATTR.ram has an input control pin design_1_i/blk_mem_gen_0/U0/inst_blk_mem_gen/gnbram.gnative_mem_map_bmg.native_mem_map_blk_mem_gen/valid.cstr/ramloop[0].ram.r/prim_noinit.ram/DEVICE_7SERIES.WITH_BMM_INFO.TRUE_DP.SIMPLE_PRIM36.TDP_SP36_NO_ECC_ATTR.ram/ADDRARDADDR[8] (net: design_1_i/blk_mem_gen_0/U0/inst_blk_mem_gen/gnbram.gnative_mem_map_bmg.native_mem_map_blk_mem_gen/valid.cstr/ramloop[0].ram.r/prim_noinit.ram/addra[4]) which is driven by a register (design_1_i/spiflash_0/inst/write_addr_reg[6]) that has an active asychronous set or reset. This may cause corruption of the memory contents and/or read values when the set/reset is asserted and is not analyzed by the default static timing analysis. It is suggested to eliminate the use of a set/reset to registers driving this RAMB pin or else use a synchronous reset in which the assertion of the reset is timed by default.
Related violations: <none>

REQP-1839#18 Warning
RAMB36 async control check  
The RAMB36E1 design_1_i/blk_mem_gen_0/U0/inst_blk_mem_gen/gnbram.gnative_mem_map_bmg.native_mem_map_blk_mem_gen/valid.cstr/ramloop[0].ram.r/prim_noinit.ram/DEVICE_7SERIES.WITH_BMM_INFO.TRUE_DP.SIMPLE_PRIM36.TDP_SP36_NO_ECC_ATTR.ram has an input control pin design_1_i/blk_mem_gen_0/U0/inst_blk_mem_gen/gnbram.gnative_mem_map_bmg.native_mem_map_blk_mem_gen/valid.cstr/ramloop[0].ram.r/prim_noinit.ram/DEVICE_7SERIES.WITH_BMM_INFO.TRUE_DP.SIMPLE_PRIM36.TDP_SP36_NO_ECC_ATTR.ram/ADDRARDADDR[8] (net: design_1_i/blk_mem_gen_0/U0/inst_blk_mem_gen/gnbram.gnative_mem_map_bmg.native_mem_map_blk_mem_gen/valid.cstr/ramloop[0].ram.r/prim_noinit.ram/addra[4]) which is driven by a register (design_1_i/spiflash_0/inst/wstart_reg) that has an active asychronous set or reset. This may cause corruption of the memory contents and/or read values when the set/reset is asserted and is not analyzed by the default static timing analysis. It is suggested to eliminate the use of a set/reset to registers driving this RAMB pin or else use a synchronous reset in which the assertion of the reset is timed by default.
Related violations: <none>

REQP-1839#19 Warning
RAMB36 async control check  
The RAMB36E1 design_1_i/blk_mem_gen_0/U0/inst_blk_mem_gen/gnbram.gnative_mem_map_bmg.native_mem_map_blk_mem_gen/valid.cstr/ramloop[0].ram.r/prim_noinit.ram/DEVICE_7SERIES.WITH_BMM_INFO.TRUE_DP.SIMPLE_PRIM36.TDP_SP36_NO_ECC_ATTR.ram has an input control pin design_1_i/blk_mem_gen_0/U0/inst_blk_mem_gen/gnbram.gnative_mem_map_bmg.native_mem_map_blk_mem_gen/valid.cstr/ramloop[0].ram.r/prim_noinit.ram/DEVICE_7SERIES.WITH_BMM_INFO.TRUE_DP.SIMPLE_PRIM36.TDP_SP36_NO_ECC_ATTR.ram/ADDRARDADDR[9] (net: design_1_i/blk_mem_gen_0/U0/inst_blk_mem_gen/gnbram.gnative_mem_map_bmg.native_mem_map_blk_mem_gen/valid.cstr/ramloop[0].ram.r/prim_noinit.ram/addra[5]) which is driven by a register (design_1_i/spiflash_0/inst/write_addr_reg[7]) that has an active asychronous set or reset. This may cause corruption of the memory contents and/or read values when the set/reset is asserted and is not analyzed by the default static timing analysis. It is suggested to eliminate the use of a set/reset to registers driving this RAMB pin or else use a synchronous reset in which the assertion of the reset is timed by default.
Related violations: <none>

REQP-1839#20 Warning
RAMB36 async control check  
The RAMB36E1 design_1_i/blk_mem_gen_0/U0/inst_blk_mem_gen/gnbram.gnative_mem_map_bmg.native_mem_map_blk_mem_gen/valid.cstr/ramloop[0].ram.r/prim_noinit.ram/DEVICE_7SERIES.WITH_BMM_INFO.TRUE_DP.SIMPLE_PRIM36.TDP_SP36_NO_ECC_ATTR.ram has an input control pin design_1_i/blk_mem_gen_0/U0/inst_blk_mem_gen/gnbram.gnative_mem_map_bmg.native_mem_map_blk_mem_gen/valid.cstr/ramloop[0].ram.r/prim_noinit.ram/DEVICE_7SERIES.WITH_BMM_INFO.TRUE_DP.SIMPLE_PRIM36.TDP_SP36_NO_ECC_ATTR.ram/ADDRARDADDR[9] (net: design_1_i/blk_mem_gen_0/U0/inst_blk_mem_gen/gnbram.gnative_mem_map_bmg.native_mem_map_blk_mem_gen/valid.cstr/ramloop[0].ram.r/prim_noinit.ram/addra[5]) which is driven by a register (design_1_i/spiflash_0/inst/wstart_reg) that has an active asychronous set or reset. This may cause corruption of the memory contents and/or read values when the set/reset is asserted and is not analyzed by the default static timing analysis. It is suggested to eliminate the use of a set/reset to registers driving this RAMB pin or else use a synchronous reset in which the assertion of the reset is timed by default.
Related violations: <none>

REQP-1840#1 Warning
RAMB18 async control check  
The RAMB18E1 design_1_i/caravel_0/inst/soc/core/VexRiscv/IBusCachedPlugin_cache/banks_0_reg has an input control pin design_1_i/caravel_0/inst/soc/core/VexRiscv/IBusCachedPlugin_cache/banks_0_reg/ENARDEN (net: design_1_i/caravel_0/inst/soc/core/VexRiscv/IBusCachedPlugin_cache/IBusCachedPlugin_iBusRsp_stages_1_output_m2sPipe_ready) which is driven by a register (design_1_i/caravel_0/inst/housekeeping/wb_ack_o_reg) that has an active asychronous set or reset. This may cause corruption of the memory contents and/or read values when the set/reset is asserted and is not analyzed by the default static timing analysis. It is suggested to eliminate the use of a set/reset to registers driving this RAMB pin or else use a synchronous reset in which the assertion of the reset is timed by default.
Related violations: <none>

REQP-1840#2 Warning
RAMB18 async control check  
The RAMB18E1 design_1_i/caravel_0/inst/soc/core/VexRiscv/IBusCachedPlugin_cache/banks_0_reg has an input control pin design_1_i/caravel_0/inst/soc/core/VexRiscv/IBusCachedPlugin_cache/banks_0_reg/ENARDEN (net: design_1_i/caravel_0/inst/soc/core/VexRiscv/IBusCachedPlugin_cache/IBusCachedPlugin_iBusRsp_stages_1_output_m2sPipe_ready) which is driven by a register (design_1_i/caravel_0/inst/mprj/u_fsic/U_CFG_CTRL0/wbs_ack_o_reg) that has an active asychronous set or reset. This may cause corruption of the memory contents and/or read values when the set/reset is asserted and is not analyzed by the default static timing analysis. It is suggested to eliminate the use of a set/reset to registers driving this RAMB pin or else use a synchronous reset in which the assertion of the reset is timed by default.
Related violations: <none>

REQP-1840#3 Warning
RAMB18 async control check  
The RAMB18E1 design_1_i/caravel_0/inst/soc/core/VexRiscv/IBusCachedPlugin_cache/ways_0_tags_reg has an input control pin design_1_i/caravel_0/inst/soc/core/VexRiscv/IBusCachedPlugin_cache/ways_0_tags_reg/ENARDEN (net: design_1_i/caravel_0/inst/soc/core/VexRiscv/IBusCachedPlugin_cache/IBusCachedPlugin_iBusRsp_stages_1_output_m2sPipe_ready) which is driven by a register (design_1_i/caravel_0/inst/housekeeping/wb_ack_o_reg) that has an active asychronous set or reset. This may cause corruption of the memory contents and/or read values when the set/reset is asserted and is not analyzed by the default static timing analysis. It is suggested to eliminate the use of a set/reset to registers driving this RAMB pin or else use a synchronous reset in which the assertion of the reset is timed by default.
Related violations: <none>

REQP-1840#4 Warning
RAMB18 async control check  
The RAMB18E1 design_1_i/caravel_0/inst/soc/core/VexRiscv/IBusCachedPlugin_cache/ways_0_tags_reg has an input control pin design_1_i/caravel_0/inst/soc/core/VexRiscv/IBusCachedPlugin_cache/ways_0_tags_reg/ENARDEN (net: design_1_i/caravel_0/inst/soc/core/VexRiscv/IBusCachedPlugin_cache/IBusCachedPlugin_iBusRsp_stages_1_output_m2sPipe_ready) which is driven by a register (design_1_i/caravel_0/inst/mprj/u_fsic/U_CFG_CTRL0/wbs_ack_o_reg) that has an active asychronous set or reset. This may cause corruption of the memory contents and/or read values when the set/reset is asserted and is not analyzed by the default static timing analysis. It is suggested to eliminate the use of a set/reset to registers driving this RAMB pin or else use a synchronous reset in which the assertion of the reset is timed by default.
Related violations: <none>

REQP-1840#5 Warning
RAMB18 async control check  
The RAMB18E1 design_1_i/caravel_0/inst/soc/core/VexRiscv/RegFilePlugin_regFile_reg_1 has an input control pin design_1_i/caravel_0/inst/soc/core/VexRiscv/RegFilePlugin_regFile_reg_1/ADDRARDADDR[5] (net: design_1_i/caravel_0/inst/soc/core/VexRiscv/decode_RegFilePlugin_regFileReadAddress1[0]) which is driven by a register (design_1_i/caravel_0/inst/housekeeping/wb_ack_o_reg) that has an active asychronous set or reset. This may cause corruption of the memory contents and/or read values when the set/reset is asserted and is not analyzed by the default static timing analysis. It is suggested to eliminate the use of a set/reset to registers driving this RAMB pin or else use a synchronous reset in which the assertion of the reset is timed by default.
Related violations: <none>

REQP-1840#6 Warning
RAMB18 async control check  
The RAMB18E1 design_1_i/caravel_0/inst/soc/core/VexRiscv/RegFilePlugin_regFile_reg_1 has an input control pin design_1_i/caravel_0/inst/soc/core/VexRiscv/RegFilePlugin_regFile_reg_1/ADDRARDADDR[5] (net: design_1_i/caravel_0/inst/soc/core/VexRiscv/decode_RegFilePlugin_regFileReadAddress1[0]) which is driven by a register (design_1_i/caravel_0/inst/mprj/u_fsic/U_CFG_CTRL0/wbs_ack_o_reg) that has an active asychronous set or reset. This may cause corruption of the memory contents and/or read values when the set/reset is asserted and is not analyzed by the default static timing analysis. It is suggested to eliminate the use of a set/reset to registers driving this RAMB pin or else use a synchronous reset in which the assertion of the reset is timed by default.
Related violations: <none>

REQP-1840#7 Warning
RAMB18 async control check  
The RAMB18E1 design_1_i/caravel_0/inst/soc/core/VexRiscv/RegFilePlugin_regFile_reg_1 has an input control pin design_1_i/caravel_0/inst/soc/core/VexRiscv/RegFilePlugin_regFile_reg_1/ADDRARDADDR[6] (net: design_1_i/caravel_0/inst/soc/core/VexRiscv/decode_RegFilePlugin_regFileReadAddress1[1]) which is driven by a register (design_1_i/caravel_0/inst/housekeeping/wb_ack_o_reg) that has an active asychronous set or reset. This may cause corruption of the memory contents and/or read values when the set/reset is asserted and is not analyzed by the default static timing analysis. It is suggested to eliminate the use of a set/reset to registers driving this RAMB pin or else use a synchronous reset in which the assertion of the reset is timed by default.
Related violations: <none>

REQP-1840#8 Warning
RAMB18 async control check  
The RAMB18E1 design_1_i/caravel_0/inst/soc/core/VexRiscv/RegFilePlugin_regFile_reg_1 has an input control pin design_1_i/caravel_0/inst/soc/core/VexRiscv/RegFilePlugin_regFile_reg_1/ADDRARDADDR[6] (net: design_1_i/caravel_0/inst/soc/core/VexRiscv/decode_RegFilePlugin_regFileReadAddress1[1]) which is driven by a register (design_1_i/caravel_0/inst/mprj/u_fsic/U_CFG_CTRL0/wbs_ack_o_reg) that has an active asychronous set or reset. This may cause corruption of the memory contents and/or read values when the set/reset is asserted and is not analyzed by the default static timing analysis. It is suggested to eliminate the use of a set/reset to registers driving this RAMB pin or else use a synchronous reset in which the assertion of the reset is timed by default.
Related violations: <none>

REQP-1840#9 Warning
RAMB18 async control check  
The RAMB18E1 design_1_i/caravel_0/inst/soc/core/VexRiscv/RegFilePlugin_regFile_reg_1 has an input control pin design_1_i/caravel_0/inst/soc/core/VexRiscv/RegFilePlugin_regFile_reg_1/ADDRARDADDR[7] (net: design_1_i/caravel_0/inst/soc/core/VexRiscv/decode_RegFilePlugin_regFileReadAddress1[2]) which is driven by a register (design_1_i/caravel_0/inst/housekeeping/wb_ack_o_reg) that has an active asychronous set or reset. This may cause corruption of the memory contents and/or read values when the set/reset is asserted and is not analyzed by the default static timing analysis. It is suggested to eliminate the use of a set/reset to registers driving this RAMB pin or else use a synchronous reset in which the assertion of the reset is timed by default.
Related violations: <none>

REQP-1840#10 Warning
RAMB18 async control check  
The RAMB18E1 design_1_i/caravel_0/inst/soc/core/VexRiscv/RegFilePlugin_regFile_reg_1 has an input control pin design_1_i/caravel_0/inst/soc/core/VexRiscv/RegFilePlugin_regFile_reg_1/ADDRARDADDR[7] (net: design_1_i/caravel_0/inst/soc/core/VexRiscv/decode_RegFilePlugin_regFileReadAddress1[2]) which is driven by a register (design_1_i/caravel_0/inst/mprj/u_fsic/U_CFG_CTRL0/wbs_ack_o_reg) that has an active asychronous set or reset. This may cause corruption of the memory contents and/or read values when the set/reset is asserted and is not analyzed by the default static timing analysis. It is suggested to eliminate the use of a set/reset to registers driving this RAMB pin or else use a synchronous reset in which the assertion of the reset is timed by default.
Related violations: <none>

REQP-1840#11 Warning
RAMB18 async control check  
The RAMB18E1 design_1_i/caravel_0/inst/soc/core/VexRiscv/RegFilePlugin_regFile_reg_1 has an input control pin design_1_i/caravel_0/inst/soc/core/VexRiscv/RegFilePlugin_regFile_reg_1/ADDRARDADDR[8] (net: design_1_i/caravel_0/inst/soc/core/VexRiscv/decode_RegFilePlugin_regFileReadAddress1[3]) which is driven by a register (design_1_i/caravel_0/inst/housekeeping/wb_ack_o_reg) that has an active asychronous set or reset. This may cause corruption of the memory contents and/or read values when the set/reset is asserted and is not analyzed by the default static timing analysis. It is suggested to eliminate the use of a set/reset to registers driving this RAMB pin or else use a synchronous reset in which the assertion of the reset is timed by default.
Related violations: <none>

REQP-1840#12 Warning
RAMB18 async control check  
The RAMB18E1 design_1_i/caravel_0/inst/soc/core/VexRiscv/RegFilePlugin_regFile_reg_1 has an input control pin design_1_i/caravel_0/inst/soc/core/VexRiscv/RegFilePlugin_regFile_reg_1/ADDRARDADDR[8] (net: design_1_i/caravel_0/inst/soc/core/VexRiscv/decode_RegFilePlugin_regFileReadAddress1[3]) which is driven by a register (design_1_i/caravel_0/inst/mprj/u_fsic/U_CFG_CTRL0/wbs_ack_o_reg) that has an active asychronous set or reset. This may cause corruption of the memory contents and/or read values when the set/reset is asserted and is not analyzed by the default static timing analysis. It is suggested to eliminate the use of a set/reset to registers driving this RAMB pin or else use a synchronous reset in which the assertion of the reset is timed by default.
Related violations: <none>

REQP-1840#13 Warning
RAMB18 async control check  
The RAMB18E1 design_1_i/caravel_0/inst/soc/core/VexRiscv/RegFilePlugin_regFile_reg_1 has an input control pin design_1_i/caravel_0/inst/soc/core/VexRiscv/RegFilePlugin_regFile_reg_1/ADDRARDADDR[9] (net: design_1_i/caravel_0/inst/soc/core/VexRiscv/decode_RegFilePlugin_regFileReadAddress1[4]) which is driven by a register (design_1_i/caravel_0/inst/housekeeping/wb_ack_o_reg) that has an active asychronous set or reset. This may cause corruption of the memory contents and/or read values when the set/reset is asserted and is not analyzed by the default static timing analysis. It is suggested to eliminate the use of a set/reset to registers driving this RAMB pin or else use a synchronous reset in which the assertion of the reset is timed by default.
Related violations: <none>

REQP-1840#14 Warning
RAMB18 async control check  
The RAMB18E1 design_1_i/caravel_0/inst/soc/core/VexRiscv/RegFilePlugin_regFile_reg_1 has an input control pin design_1_i/caravel_0/inst/soc/core/VexRiscv/RegFilePlugin_regFile_reg_1/ADDRARDADDR[9] (net: design_1_i/caravel_0/inst/soc/core/VexRiscv/decode_RegFilePlugin_regFileReadAddress1[4]) which is driven by a register (design_1_i/caravel_0/inst/mprj/u_fsic/U_CFG_CTRL0/wbs_ack_o_reg) that has an active asychronous set or reset. This may cause corruption of the memory contents and/or read values when the set/reset is asserted and is not analyzed by the default static timing analysis. It is suggested to eliminate the use of a set/reset to registers driving this RAMB pin or else use a synchronous reset in which the assertion of the reset is timed by default.
Related violations: <none>

REQP-1840#15 Warning
RAMB18 async control check  
The RAMB18E1 design_1_i/caravel_0/inst/soc/core/VexRiscv/RegFilePlugin_regFile_reg_2 has an input control pin design_1_i/caravel_0/inst/soc/core/VexRiscv/RegFilePlugin_regFile_reg_2/ADDRARDADDR[7] (net: design_1_i/caravel_0/inst/soc/core/VexRiscv/decode_RegFilePlugin_regFileReadAddress2[2]) which is driven by a register (design_1_i/caravel_0/inst/housekeeping/wb_ack_o_reg) that has an active asychronous set or reset. This may cause corruption of the memory contents and/or read values when the set/reset is asserted and is not analyzed by the default static timing analysis. It is suggested to eliminate the use of a set/reset to registers driving this RAMB pin or else use a synchronous reset in which the assertion of the reset is timed by default.
Related violations: <none>

REQP-1840#16 Warning
RAMB18 async control check  
The RAMB18E1 design_1_i/caravel_0/inst/soc/core/VexRiscv/RegFilePlugin_regFile_reg_2 has an input control pin design_1_i/caravel_0/inst/soc/core/VexRiscv/RegFilePlugin_regFile_reg_2/ADDRARDADDR[7] (net: design_1_i/caravel_0/inst/soc/core/VexRiscv/decode_RegFilePlugin_regFileReadAddress2[2]) which is driven by a register (design_1_i/caravel_0/inst/mprj/u_fsic/U_CFG_CTRL0/wbs_ack_o_reg) that has an active asychronous set or reset. This may cause corruption of the memory contents and/or read values when the set/reset is asserted and is not analyzed by the default static timing analysis. It is suggested to eliminate the use of a set/reset to registers driving this RAMB pin or else use a synchronous reset in which the assertion of the reset is timed by default.
Related violations: <none>

REQP-1840#17 Warning
RAMB18 async control check  
The RAMB18E1 design_1_i/caravel_0/inst/soc/core/VexRiscv/RegFilePlugin_regFile_reg_2 has an input control pin design_1_i/caravel_0/inst/soc/core/VexRiscv/RegFilePlugin_regFile_reg_2/ADDRARDADDR[8] (net: design_1_i/caravel_0/inst/soc/core/VexRiscv/decode_RegFilePlugin_regFileReadAddress2[3]) which is driven by a register (design_1_i/caravel_0/inst/housekeeping/wb_ack_o_reg) that has an active asychronous set or reset. This may cause corruption of the memory contents and/or read values when the set/reset is asserted and is not analyzed by the default static timing analysis. It is suggested to eliminate the use of a set/reset to registers driving this RAMB pin or else use a synchronous reset in which the assertion of the reset is timed by default.
Related violations: <none>

REQP-1840#18 Warning
RAMB18 async control check  
The RAMB18E1 design_1_i/caravel_0/inst/soc/core/VexRiscv/RegFilePlugin_regFile_reg_2 has an input control pin design_1_i/caravel_0/inst/soc/core/VexRiscv/RegFilePlugin_regFile_reg_2/ADDRARDADDR[8] (net: design_1_i/caravel_0/inst/soc/core/VexRiscv/decode_RegFilePlugin_regFileReadAddress2[3]) which is driven by a register (design_1_i/caravel_0/inst/mprj/u_fsic/U_CFG_CTRL0/wbs_ack_o_reg) that has an active asychronous set or reset. This may cause corruption of the memory contents and/or read values when the set/reset is asserted and is not analyzed by the default static timing analysis. It is suggested to eliminate the use of a set/reset to registers driving this RAMB pin or else use a synchronous reset in which the assertion of the reset is timed by default.
Related violations: <none>

REQP-1840#19 Warning
RAMB18 async control check  
The RAMB18E1 design_1_i/caravel_0/inst/soc/core/VexRiscv/RegFilePlugin_regFile_reg_2 has an input control pin design_1_i/caravel_0/inst/soc/core/VexRiscv/RegFilePlugin_regFile_reg_2/ADDRARDADDR[9] (net: design_1_i/caravel_0/inst/soc/core/VexRiscv/decode_RegFilePlugin_regFileReadAddress2[4]) which is driven by a register (design_1_i/caravel_0/inst/housekeeping/wb_ack_o_reg) that has an active asychronous set or reset. This may cause corruption of the memory contents and/or read values when the set/reset is asserted and is not analyzed by the default static timing analysis. It is suggested to eliminate the use of a set/reset to registers driving this RAMB pin or else use a synchronous reset in which the assertion of the reset is timed by default.
Related violations: <none>

REQP-1840#20 Warning
RAMB18 async control check  
The RAMB18E1 design_1_i/caravel_0/inst/soc/core/VexRiscv/RegFilePlugin_regFile_reg_2 has an input control pin design_1_i/caravel_0/inst/soc/core/VexRiscv/RegFilePlugin_regFile_reg_2/ADDRARDADDR[9] (net: design_1_i/caravel_0/inst/soc/core/VexRiscv/decode_RegFilePlugin_regFileReadAddress2[4]) which is driven by a register (design_1_i/caravel_0/inst/mprj/u_fsic/U_CFG_CTRL0/wbs_ack_o_reg) that has an active asychronous set or reset. This may cause corruption of the memory contents and/or read values when the set/reset is asserted and is not analyzed by the default static timing analysis. It is suggested to eliminate the use of a set/reset to registers driving this RAMB pin or else use a synchronous reset in which the assertion of the reset is timed by default.
Related violations: <none>


