#-----------------------------------------------------------
# Vivado v2022.1 (64-bit)
# SW Build 3526262 on Mon Apr 18 15:47:01 MDT 2022
# IP Build 3524634 on Mon Apr 18 20:55:01 MDT 2022
# Start of session at: Tue Apr 23 07:29:25 2024
# Process ID: 19889
# Current directory: /home/ubuntu/PQC-Falcon/C++/cpp/solution1/impl/ip
# Command line: vivado -notrace -mode batch -source run_ippack.tcl
# Log file: /home/ubuntu/PQC-Falcon/C++/cpp/solution1/impl/ip/vivado.log
# Journal file: /home/ubuntu/PQC-Falcon/C++/cpp/solution1/impl/ip/vivado.jou
# Running On: ubuntu2004, OS: Linux, CPU Frequency: 2591.998 MHz, CPU Physical cores: 2, Host memory: 10425 MB
#-----------------------------------------------------------
source run_ippack.tcl -notrace
INFO: [IP_Flow 19-234] Refreshing IP repositories
INFO: [IP_Flow 19-1704] No user IP repositories specified
INFO: [IP_Flow 19-2313] Loaded Vivado IP repository '/tools/Xilinx/Vivado/2022.1/data/ip'.
WARNING: [IP_Flow 19-4832] The IP name 'fiFFNTT_dadd_64ns_64ns_64_5_full_dsp_0_ip' you have specified is long. The Windows operating system has path length limitations. It is recommended you use shorter names to reduce the likelihood of issues.
INFO: [IP_Flow 19-1686] Generating 'Synthesis' target for IP 'fiFFNTT_dadd_64ns_64ns_64_5_full_dsp_0_ip'...
INFO: [IP_Flow 19-1686] Generating 'Simulation' target for IP 'fiFFNTT_dadd_64ns_64ns_64_5_full_dsp_0_ip'...
WARNING: [IP_Flow 19-4832] The IP name 'fiFFNTT_dmul_64ns_64ns_64_5_max_dsp_0_ip' you have specified is long. The Windows operating system has path length limitations. It is recommended you use shorter names to reduce the likelihood of issues.
INFO: [IP_Flow 19-1686] Generating 'Synthesis' target for IP 'fiFFNTT_dmul_64ns_64ns_64_5_max_dsp_0_ip'...
INFO: [IP_Flow 19-1686] Generating 'Simulation' target for IP 'fiFFNTT_dmul_64ns_64ns_64_5_max_dsp_0_ip'...
WARNING: [IP_Flow 19-4832] The IP name 'fiFFNTT_uitodp_32ns_64_4_no_dsp_1_ip' you have specified is long. The Windows operating system has path length limitations. It is recommended you use shorter names to reduce the likelihood of issues.
INFO: [IP_Flow 19-1686] Generating 'Synthesis' target for IP 'fiFFNTT_uitodp_32ns_64_4_no_dsp_1_ip'...
INFO: [IP_Flow 19-1686] Generating 'Simulation' target for IP 'fiFFNTT_uitodp_32ns_64_4_no_dsp_1_ip'...
INFO: [IP_Flow 19-234] Refreshing IP repositories
INFO: [IP_Flow 19-1704] No user IP repositories specified
INFO: [IP_Flow 19-2313] Loaded Vivado IP repository '/tools/Xilinx/Vivado/2022.1/data/ip'.
INFO: [Common 17-206] Exiting Vivado at Tue Apr 23 07:29:35 2024...
