#-----------------------------------------------------------
# Vivado v2022.1 (64-bit)
# SW Build 3526262 on Mon Apr 18 15:47:01 MDT 2022
# IP Build 3524634 on Mon Apr 18 20:55:01 MDT 2022
# Start of session at: Fri Apr  5 22:35:15 2024
# Process ID: 146655
# Current directory: /home/ubuntu/PQC-Falcon/optimized_hls/solution3_combine/impl/ip
# Command line: vivado -notrace -mode batch -source run_ippack.tcl
# Log file: /home/ubuntu/PQC-Falcon/optimized_hls/solution3_combine/impl/ip/vivado.log
# Journal file: /home/ubuntu/PQC-Falcon/optimized_hls/solution3_combine/impl/ip/vivado.jou
# Running On: ubuntu2004, OS: Linux, CPU Frequency: 2591.996 MHz, CPU Physical cores: 2, Host memory: 10425 MB
#-----------------------------------------------------------
source run_ippack.tcl -notrace
INFO: [IP_Flow 19-234] Refreshing IP repositories
INFO: [IP_Flow 19-1704] No user IP repositories specified
INFO: [IP_Flow 19-2313] Loaded Vivado IP repository '/tools/Xilinx/Vivado/2022.1/data/ip'.
WARNING: [IP_Flow 19-4832] The IP name 'FFT_NTT_dadd_64ns_64ns_64_5_full_dsp_1_ip' you have specified is long. The Windows operating system has path length limitations. It is recommended you use shorter names to reduce the likelihood of issues.
INFO: [IP_Flow 19-1686] Generating 'Synthesis' target for IP 'FFT_NTT_dadd_64ns_64ns_64_5_full_dsp_1_ip'...
INFO: [IP_Flow 19-1686] Generating 'Simulation' target for IP 'FFT_NTT_dadd_64ns_64ns_64_5_full_dsp_1_ip'...
WARNING: [IP_Flow 19-4832] The IP name 'FFT_NTT_dadddsub_64ns_64ns_64_5_full_dsp_1_ip' you have specified is long. The Windows operating system has path length limitations. It is recommended you use shorter names to reduce the likelihood of issues.
INFO: [IP_Flow 19-1686] Generating 'Synthesis' target for IP 'FFT_NTT_dadddsub_64ns_64ns_64_5_full_dsp_1_ip'...
INFO: [IP_Flow 19-1686] Generating 'Simulation' target for IP 'FFT_NTT_dadddsub_64ns_64ns_64_5_full_dsp_1_ip'...
WARNING: [IP_Flow 19-4832] The IP name 'FFT_NTT_dadddsub_64ns_64ns_64_5_full_dsp_1_x_ip' you have specified is long. The Windows operating system has path length limitations. It is recommended you use shorter names to reduce the likelihood of issues.
INFO: [IP_Flow 19-1686] Generating 'Synthesis' target for IP 'FFT_NTT_dadddsub_64ns_64ns_64_5_full_dsp_1_x_ip'...
INFO: [IP_Flow 19-1686] Generating 'Simulation' target for IP 'FFT_NTT_dadddsub_64ns_64ns_64_5_full_dsp_1_x_ip'...
WARNING: [IP_Flow 19-4832] The IP name 'FFT_NTT_dmul_64ns_64ns_64_5_max_dsp_1_ip' you have specified is long. The Windows operating system has path length limitations. It is recommended you use shorter names to reduce the likelihood of issues.
INFO: [IP_Flow 19-1686] Generating 'Synthesis' target for IP 'FFT_NTT_dmul_64ns_64ns_64_5_max_dsp_1_ip'...
INFO: [IP_Flow 19-1686] Generating 'Simulation' target for IP 'FFT_NTT_dmul_64ns_64ns_64_5_max_dsp_1_ip'...
WARNING: [IP_Flow 19-4832] The IP name 'FFT_NTT_dsub_64ns_64ns_64_5_full_dsp_1_ip' you have specified is long. The Windows operating system has path length limitations. It is recommended you use shorter names to reduce the likelihood of issues.
INFO: [IP_Flow 19-1686] Generating 'Synthesis' target for IP 'FFT_NTT_dsub_64ns_64ns_64_5_full_dsp_1_ip'...
INFO: [IP_Flow 19-1686] Generating 'Simulation' target for IP 'FFT_NTT_dsub_64ns_64ns_64_5_full_dsp_1_ip'...
INFO: [IP_Flow 19-234] Refreshing IP repositories
INFO: [IP_Flow 19-1704] No user IP repositories specified
INFO: [IP_Flow 19-2313] Loaded Vivado IP repository '/tools/Xilinx/Vivado/2022.1/data/ip'.
INFO: [Common 17-206] Exiting Vivado at Fri Apr  5 22:35:25 2024...
