
*** Running vivado
    with args -log design_1_auto_us_0.vds -m64 -product Vivado -mode batch -messageDb vivado.pb -notrace -source design_1_auto_us_0.tcl


****** Vivado v2022.1 (64-bit)
  **** SW Build 3526262 on Mon Apr 18 15:47:01 MDT 2022
  **** IP Build 3524634 on Mon Apr 18 20:55:01 MDT 2022
    ** Copyright 1986-2022 Xilinx, Inc. All Rights Reserved.

source design_1_auto_us_0.tcl -notrace
create_project: Time (s): cpu = 00:00:07 ; elapsed = 00:00:23 . Memory (MB): peak = 2874.363 ; gain = 0.023 ; free physical = 114 ; free virtual = 1326
INFO: [IP_Flow 19-234] Refreshing IP repositories
WARNING: [IP_Flow 19-3685] Ignored loading user repository '/home/ubuntu/PQC_Falcon/impl_ASIC/fiFFNTT_sim_v1/vivado/vitis_prj/hls_caravel_ps'. The path is contained within another repository.
INFO: [IP_Flow 19-1700] Loaded user IP repository '/home/ubuntu/PQC_Falcon/impl_ASIC/fiFFNTT_sim_v1/vivado/vitis_prj'.
WARNING: [IP_Flow 19-3685] Ignored loading user repository '/home/ubuntu/PQC_Falcon/impl_ASIC/fiFFNTT_sim_v1/vivado/vitis_prj/hls_output_pin'. The path is contained within another repository.
INFO: [IP_Flow 19-2313] Loaded Vivado IP repository '/tools/Xilinx/Vivado/2022.1/data/ip'.
WARNING: [IP_Flow 19-1663] Duplicate IP found for 'xilinx.com:hls:userdma:1.0'. The one found in IP location '/home/ubuntu/PQC_Falcon/impl_ASIC/fiFFNTT_sim_v1/vivado/vitis_prj/hls_userdma/hls_userdma.prj/solution1/impl/ip' will take precedence over the same IP in location /home/ubuntu/PQC_Falcon/impl_ASIC/fiFFNTT_sim_v1/vivado/vitis_prj/DMA_version1/hls_userdma/hls_userdma.prj/solution1/impl/ip
Command: synth_design -top design_1_auto_us_0 -part xc7z020clg400-1 -incremental_mode off -mode out_of_context
Starting synth_design
Attempting to get a license for feature 'Synthesis' and/or device 'xc7z020'
INFO: [Common 17-349] Got license for feature 'Synthesis' and/or device 'xc7z020'
INFO: [Device 21-403] Loading part xc7z020clg400-1
INFO: [Synth 8-7079] Multithreading enabled for synth_design using a maximum of 4 processes.
INFO: [Synth 8-7078] Launching helper process for spawning children vivado processes
INFO: [Synth 8-7075] Helper process launched with PID 6200

*** Running vivado
    with args -log design_1_auto_us_0.vds -m64 -product Vivado -mode batch -messageDb vivado.pb -notrace -source design_1_auto_us_0.tcl


****** Vivado v2022.1 (64-bit)
  **** SW Build 3526262 on Mon Apr 18 15:47:01 MDT 2022
  **** IP Build 3524634 on Mon Apr 18 20:55:01 MDT 2022
    ** Copyright 1986-2022 Xilinx, Inc. All Rights Reserved.

source design_1_auto_us_0.tcl -notrace
create_project: Time (s): cpu = 00:00:07 ; elapsed = 00:00:08 . Memory (MB): peak = 2877.332 ; gain = 0.023 ; free physical = 1839 ; free virtual = 4533
INFO: [IP_Flow 19-234] Refreshing IP repositories
WARNING: [IP_Flow 19-3685] Ignored loading user repository '/home/ubuntu/PQC_Falcon/impl_ASIC/fiFFNTT_sim_v1/vivado/vitis_prj/hls_caravel_ps'. The path is contained within another repository.
INFO: [IP_Flow 19-1700] Loaded user IP repository '/home/ubuntu/PQC_Falcon/impl_ASIC/fiFFNTT_sim_v1/vivado/vitis_prj'.
WARNING: [IP_Flow 19-3685] Ignored loading user repository '/home/ubuntu/PQC_Falcon/impl_ASIC/fiFFNTT_sim_v1/vivado/vitis_prj/hls_output_pin'. The path is contained within another repository.
INFO: [IP_Flow 19-2313] Loaded Vivado IP repository '/tools/Xilinx/Vivado/2022.1/data/ip'.
WARNING: [IP_Flow 19-1663] Duplicate IP found for 'xilinx.com:hls:userdma:1.0'. The one found in IP location '/home/ubuntu/PQC_Falcon/impl_ASIC/fiFFNTT_sim_v1/vivado/vitis_prj/hls_userdma/hls_userdma.prj/solution1/impl/ip' will take precedence over the same IP in location /home/ubuntu/PQC_Falcon/impl_ASIC/fiFFNTT_sim_v1/vivado/vitis_prj/DMA_version1/hls_userdma/hls_userdma.prj/solution1/impl/ip
Command: synth_design -top design_1_auto_us_0 -part xc7z020clg400-1 -incremental_mode off -mode out_of_context
Starting synth_design
Attempting to get a license for feature 'Synthesis' and/or device 'xc7z020'
INFO: [Common 17-349] Got license for feature 'Synthesis' and/or device 'xc7z020'
INFO: [Device 21-403] Loading part xc7z020clg400-1
INFO: [Synth 8-7079] Multithreading enabled for synth_design using a maximum of 4 processes.
INFO: [Synth 8-7078] Launching helper process for spawning children vivado processes
INFO: [Synth 8-7075] Helper process launched with PID 3621
WARNING: [Synth 8-9501] generate block is allowed only inside loop and conditional generate in SystemVerilog mode [/tools/Xilinx/Vivado/2022.1/data/ip/xpm/xpm_fifo/hdl/xpm_fifo.sv:4023]
---------------------------------------------------------------------------------
Starting RTL Elaboration : Time (s): cpu = 00:00:07 ; elapsed = 00:00:13 . Memory (MB): peak = 2877.332 ; gain = 0.000 ; free physical = 1724 ; free virtual = 2873
---------------------------------------------------------------------------------
INFO: [Synth 8-6157] synthesizing module 'design_1_auto_us_0' [/home/ubuntu/PQC_Falcon/impl_ASIC/fiFFNTT_sim_v1/vivado/vvd_caravel_fpga/vvd_caravel_fpga.gen/sources_1/bd/design_1/ip/design_1_auto_us_0/synth/design_1_auto_us_0.v:53]
INFO: [Synth 8-6157] synthesizing module 'axi_dwidth_converter_v2_1_26_top' [/home/ubuntu/PQC_Falcon/impl_ASIC/fiFFNTT_sim_v1/vivado/vvd_caravel_fpga/vvd_caravel_fpga.gen/sources_1/bd/design_1/ipshared/b3c7/hdl/axi_dwidth_converter_v2_1_vlsyn_rfs.v:14461]
INFO: [Synth 8-6157] synthesizing module 'axi_dwidth_converter_v2_1_26_axi_upsizer' [/home/ubuntu/PQC_Falcon/impl_ASIC/fiFFNTT_sim_v1/vivado/vvd_caravel_fpga/vvd_caravel_fpga.gen/sources_1/bd/design_1/ipshared/b3c7/hdl/axi_dwidth_converter_v2_1_vlsyn_rfs.v:7037]
INFO: [Synth 8-6157] synthesizing module 'axi_dwidth_converter_v2_1_26_w_upsizer' [/home/ubuntu/PQC_Falcon/impl_ASIC/fiFFNTT_sim_v1/vivado/vvd_caravel_fpga/vvd_caravel_fpga.gen/sources_1/bd/design_1/ipshared/b3c7/hdl/axi_dwidth_converter_v2_1_vlsyn_rfs.v:5562]
INFO: [Synth 8-6155] done synthesizing module 'axi_dwidth_converter_v2_1_26_w_upsizer' (0#1) [/home/ubuntu/PQC_Falcon/impl_ASIC/fiFFNTT_sim_v1/vivado/vvd_caravel_fpga/vvd_caravel_fpga.gen/sources_1/bd/design_1/ipshared/b3c7/hdl/axi_dwidth_converter_v2_1_vlsyn_rfs.v:5562]
INFO: [Synth 8-6157] synthesizing module 'axi_dwidth_converter_v2_1_26_a_upsizer' [/home/ubuntu/PQC_Falcon/impl_ASIC/fiFFNTT_sim_v1/vivado/vvd_caravel_fpga/vvd_caravel_fpga.gen/sources_1/bd/design_1/ipshared/b3c7/hdl/axi_dwidth_converter_v2_1_vlsyn_rfs.v:3602]
INFO: [Synth 8-6157] synthesizing module 'generic_baseblocks_v2_1_0_command_fifo' [/home/ubuntu/PQC_Falcon/impl_ASIC/fiFFNTT_sim_v1/vivado/vvd_caravel_fpga/vvd_caravel_fpga.gen/sources_1/bd/design_1/ipshared/b752/hdl/generic_baseblocks_v2_1_vl_rfs.v:654]
INFO: [Synth 8-6155] done synthesizing module 'generic_baseblocks_v2_1_0_command_fifo' (0#1) [/home/ubuntu/PQC_Falcon/impl_ASIC/fiFFNTT_sim_v1/vivado/vvd_caravel_fpga/vvd_caravel_fpga.gen/sources_1/bd/design_1/ipshared/b752/hdl/generic_baseblocks_v2_1_vl_rfs.v:654]
INFO: [Synth 8-6157] synthesizing module 'generic_baseblocks_v2_1_0_command_fifo__parameterized0' [/home/ubuntu/PQC_Falcon/impl_ASIC/fiFFNTT_sim_v1/vivado/vvd_caravel_fpga/vvd_caravel_fpga.gen/sources_1/bd/design_1/ipshared/b752/hdl/generic_baseblocks_v2_1_vl_rfs.v:654]
INFO: [Synth 8-6155] done synthesizing module 'generic_baseblocks_v2_1_0_command_fifo__parameterized0' (0#1) [/home/ubuntu/PQC_Falcon/impl_ASIC/fiFFNTT_sim_v1/vivado/vvd_caravel_fpga/vvd_caravel_fpga.gen/sources_1/bd/design_1/ipshared/b752/hdl/generic_baseblocks_v2_1_vl_rfs.v:654]
INFO: [Synth 8-6155] done synthesizing module 'axi_dwidth_converter_v2_1_26_a_upsizer' (0#1) [/home/ubuntu/PQC_Falcon/impl_ASIC/fiFFNTT_sim_v1/vivado/vvd_caravel_fpga/vvd_caravel_fpga.gen/sources_1/bd/design_1/ipshared/b3c7/hdl/axi_dwidth_converter_v2_1_vlsyn_rfs.v:3602]
INFO: [Synth 8-6157] synthesizing module 'axi_dwidth_converter_v2_1_26_r_upsizer' [/home/ubuntu/PQC_Falcon/impl_ASIC/fiFFNTT_sim_v1/vivado/vvd_caravel_fpga/vvd_caravel_fpga.gen/sources_1/bd/design_1/ipshared/b3c7/hdl/axi_dwidth_converter_v2_1_vlsyn_rfs.v:4652]
INFO: [Synth 8-6155] done synthesizing module 'axi_dwidth_converter_v2_1_26_r_upsizer' (0#1) [/home/ubuntu/PQC_Falcon/impl_ASIC/fiFFNTT_sim_v1/vivado/vvd_caravel_fpga/vvd_caravel_fpga.gen/sources_1/bd/design_1/ipshared/b3c7/hdl/axi_dwidth_converter_v2_1_vlsyn_rfs.v:4652]
INFO: [Synth 8-6157] synthesizing module 'axi_register_slice_v2_1_26_axi_register_slice' [/home/ubuntu/PQC_Falcon/impl_ASIC/fiFFNTT_sim_v1/vivado/vvd_caravel_fpga/vvd_caravel_fpga.gen/sources_1/bd/design_1/ipshared/0a3f/hdl/axi_register_slice_v2_1_vl_rfs.v:3725]
INFO: [Synth 8-6157] synthesizing module 'axi_infrastructure_v1_1_0_axi2vector' [/home/ubuntu/PQC_Falcon/impl_ASIC/fiFFNTT_sim_v1/vivado/vvd_caravel_fpga/vvd_caravel_fpga.gen/sources_1/bd/design_1/ipshared/ec67/hdl/axi_infrastructure_v1_1_vl_rfs.v:59]
INFO: [Synth 8-6155] done synthesizing module 'axi_infrastructure_v1_1_0_axi2vector' (0#1) [/home/ubuntu/PQC_Falcon/impl_ASIC/fiFFNTT_sim_v1/vivado/vvd_caravel_fpga/vvd_caravel_fpga.gen/sources_1/bd/design_1/ipshared/ec67/hdl/axi_infrastructure_v1_1_vl_rfs.v:59]
INFO: [Synth 8-6157] synthesizing module 'axi_infrastructure_v1_1_0_vector2axi' [/home/ubuntu/PQC_Falcon/impl_ASIC/fiFFNTT_sim_v1/vivado/vvd_caravel_fpga/vvd_caravel_fpga.gen/sources_1/bd/design_1/ipshared/ec67/hdl/axi_infrastructure_v1_1_vl_rfs.v:473]
INFO: [Synth 8-6155] done synthesizing module 'axi_infrastructure_v1_1_0_vector2axi' (0#1) [/home/ubuntu/PQC_Falcon/impl_ASIC/fiFFNTT_sim_v1/vivado/vvd_caravel_fpga/vvd_caravel_fpga.gen/sources_1/bd/design_1/ipshared/ec67/hdl/axi_infrastructure_v1_1_vl_rfs.v:473]
INFO: [Synth 8-6157] synthesizing module 'axi_register_slice_v2_1_26_axic_register_slice' [/home/ubuntu/PQC_Falcon/impl_ASIC/fiFFNTT_sim_v1/vivado/vvd_caravel_fpga/vvd_caravel_fpga.gen/sources_1/bd/design_1/ipshared/0a3f/hdl/axi_register_slice_v2_1_vl_rfs.v:1497]
INFO: [Synth 8-6155] done synthesizing module 'axi_register_slice_v2_1_26_axic_register_slice' (0#1) [/home/ubuntu/PQC_Falcon/impl_ASIC/fiFFNTT_sim_v1/vivado/vvd_caravel_fpga/vvd_caravel_fpga.gen/sources_1/bd/design_1/ipshared/0a3f/hdl/axi_register_slice_v2_1_vl_rfs.v:1497]
INFO: [Synth 8-6157] synthesizing module 'axi_register_slice_v2_1_26_axic_register_slice__parameterized0' [/home/ubuntu/PQC_Falcon/impl_ASIC/fiFFNTT_sim_v1/vivado/vvd_caravel_fpga/vvd_caravel_fpga.gen/sources_1/bd/design_1/ipshared/0a3f/hdl/axi_register_slice_v2_1_vl_rfs.v:1497]
INFO: [Synth 8-6155] done synthesizing module 'axi_register_slice_v2_1_26_axic_register_slice__parameterized0' (0#1) [/home/ubuntu/PQC_Falcon/impl_ASIC/fiFFNTT_sim_v1/vivado/vvd_caravel_fpga/vvd_caravel_fpga.gen/sources_1/bd/design_1/ipshared/0a3f/hdl/axi_register_slice_v2_1_vl_rfs.v:1497]
INFO: [Synth 8-6157] synthesizing module 'axi_register_slice_v2_1_26_axic_register_slice__parameterized1' [/home/ubuntu/PQC_Falcon/impl_ASIC/fiFFNTT_sim_v1/vivado/vvd_caravel_fpga/vvd_caravel_fpga.gen/sources_1/bd/design_1/ipshared/0a3f/hdl/axi_register_slice_v2_1_vl_rfs.v:1497]
INFO: [Synth 8-6155] done synthesizing module 'axi_register_slice_v2_1_26_axic_register_slice__parameterized1' (0#1) [/home/ubuntu/PQC_Falcon/impl_ASIC/fiFFNTT_sim_v1/vivado/vvd_caravel_fpga/vvd_caravel_fpga.gen/sources_1/bd/design_1/ipshared/0a3f/hdl/axi_register_slice_v2_1_vl_rfs.v:1497]
INFO: [Synth 8-6157] synthesizing module 'axi_register_slice_v2_1_26_axic_register_slice__parameterized2' [/home/ubuntu/PQC_Falcon/impl_ASIC/fiFFNTT_sim_v1/vivado/vvd_caravel_fpga/vvd_caravel_fpga.gen/sources_1/bd/design_1/ipshared/0a3f/hdl/axi_register_slice_v2_1_vl_rfs.v:1497]
INFO: [Synth 8-6155] done synthesizing module 'axi_register_slice_v2_1_26_axic_register_slice__parameterized2' (0#1) [/home/ubuntu/PQC_Falcon/impl_ASIC/fiFFNTT_sim_v1/vivado/vvd_caravel_fpga/vvd_caravel_fpga.gen/sources_1/bd/design_1/ipshared/0a3f/hdl/axi_register_slice_v2_1_vl_rfs.v:1497]
INFO: [Synth 8-6155] done synthesizing module 'axi_register_slice_v2_1_26_axi_register_slice' (0#1) [/home/ubuntu/PQC_Falcon/impl_ASIC/fiFFNTT_sim_v1/vivado/vvd_caravel_fpga/vvd_caravel_fpga.gen/sources_1/bd/design_1/ipshared/0a3f/hdl/axi_register_slice_v2_1_vl_rfs.v:3725]
WARNING: [Synth 8-7071] port 'aclk2x' of module 'axi_register_slice_v2_1_26_axi_register_slice' is unconnected for instance 'mi_register_slice_inst' [/home/ubuntu/PQC_Falcon/impl_ASIC/fiFFNTT_sim_v1/vivado/vvd_caravel_fpga/vvd_caravel_fpga.gen/sources_1/bd/design_1/ipshared/b3c7/hdl/axi_dwidth_converter_v2_1_vlsyn_rfs.v:8475]
WARNING: [Synth 8-7023] instance 'mi_register_slice_inst' of module 'axi_register_slice_v2_1_26_axi_register_slice' has 93 connections declared, but only 92 given [/home/ubuntu/PQC_Falcon/impl_ASIC/fiFFNTT_sim_v1/vivado/vvd_caravel_fpga/vvd_caravel_fpga.gen/sources_1/bd/design_1/ipshared/b3c7/hdl/axi_dwidth_converter_v2_1_vlsyn_rfs.v:8475]
INFO: [Synth 8-6157] synthesizing module 'axi_dwidth_converter_v2_1_26_a_upsizer__parameterized0' [/home/ubuntu/PQC_Falcon/impl_ASIC/fiFFNTT_sim_v1/vivado/vvd_caravel_fpga/vvd_caravel_fpga.gen/sources_1/bd/design_1/ipshared/b3c7/hdl/axi_dwidth_converter_v2_1_vlsyn_rfs.v:3602]
INFO: [Synth 8-6155] done synthesizing module 'axi_dwidth_converter_v2_1_26_a_upsizer__parameterized0' (0#1) [/home/ubuntu/PQC_Falcon/impl_ASIC/fiFFNTT_sim_v1/vivado/vvd_caravel_fpga/vvd_caravel_fpga.gen/sources_1/bd/design_1/ipshared/b3c7/hdl/axi_dwidth_converter_v2_1_vlsyn_rfs.v:3602]
INFO: [Synth 8-6157] synthesizing module 'axi_register_slice_v2_1_26_axi_register_slice__parameterized0' [/home/ubuntu/PQC_Falcon/impl_ASIC/fiFFNTT_sim_v1/vivado/vvd_caravel_fpga/vvd_caravel_fpga.gen/sources_1/bd/design_1/ipshared/0a3f/hdl/axi_register_slice_v2_1_vl_rfs.v:3725]
INFO: [Synth 8-6157] synthesizing module 'axi_infrastructure_v1_1_0_axi2vector__parameterized0' [/home/ubuntu/PQC_Falcon/impl_ASIC/fiFFNTT_sim_v1/vivado/vvd_caravel_fpga/vvd_caravel_fpga.gen/sources_1/bd/design_1/ipshared/ec67/hdl/axi_infrastructure_v1_1_vl_rfs.v:59]
INFO: [Synth 8-6155] done synthesizing module 'axi_infrastructure_v1_1_0_axi2vector__parameterized0' (0#1) [/home/ubuntu/PQC_Falcon/impl_ASIC/fiFFNTT_sim_v1/vivado/vvd_caravel_fpga/vvd_caravel_fpga.gen/sources_1/bd/design_1/ipshared/ec67/hdl/axi_infrastructure_v1_1_vl_rfs.v:59]
INFO: [Synth 8-6157] synthesizing module 'axi_infrastructure_v1_1_0_vector2axi__parameterized0' [/home/ubuntu/PQC_Falcon/impl_ASIC/fiFFNTT_sim_v1/vivado/vvd_caravel_fpga/vvd_caravel_fpga.gen/sources_1/bd/design_1/ipshared/ec67/hdl/axi_infrastructure_v1_1_vl_rfs.v:473]
INFO: [Synth 8-6155] done synthesizing module 'axi_infrastructure_v1_1_0_vector2axi__parameterized0' (0#1) [/home/ubuntu/PQC_Falcon/impl_ASIC/fiFFNTT_sim_v1/vivado/vvd_caravel_fpga/vvd_caravel_fpga.gen/sources_1/bd/design_1/ipshared/ec67/hdl/axi_infrastructure_v1_1_vl_rfs.v:473]
INFO: [Synth 8-6157] synthesizing module 'axi_register_slice_v2_1_26_axic_register_slice__parameterized3' [/home/ubuntu/PQC_Falcon/impl_ASIC/fiFFNTT_sim_v1/vivado/vvd_caravel_fpga/vvd_caravel_fpga.gen/sources_1/bd/design_1/ipshared/0a3f/hdl/axi_register_slice_v2_1_vl_rfs.v:1497]
INFO: [Synth 8-6155] done synthesizing module 'axi_register_slice_v2_1_26_axic_register_slice__parameterized3' (0#1) [/home/ubuntu/PQC_Falcon/impl_ASIC/fiFFNTT_sim_v1/vivado/vvd_caravel_fpga/vvd_caravel_fpga.gen/sources_1/bd/design_1/ipshared/0a3f/hdl/axi_register_slice_v2_1_vl_rfs.v:1497]
INFO: [Synth 8-6157] synthesizing module 'axi_register_slice_v2_1_26_axic_register_slice__parameterized4' [/home/ubuntu/PQC_Falcon/impl_ASIC/fiFFNTT_sim_v1/vivado/vvd_caravel_fpga/vvd_caravel_fpga.gen/sources_1/bd/design_1/ipshared/0a3f/hdl/axi_register_slice_v2_1_vl_rfs.v:1497]
INFO: [Synth 8-6155] done synthesizing module 'axi_register_slice_v2_1_26_axic_register_slice__parameterized4' (0#1) [/home/ubuntu/PQC_Falcon/impl_ASIC/fiFFNTT_sim_v1/vivado/vvd_caravel_fpga/vvd_caravel_fpga.gen/sources_1/bd/design_1/ipshared/0a3f/hdl/axi_register_slice_v2_1_vl_rfs.v:1497]
INFO: [Synth 8-6155] done synthesizing module 'axi_register_slice_v2_1_26_axi_register_slice__parameterized0' (0#1) [/home/ubuntu/PQC_Falcon/impl_ASIC/fiFFNTT_sim_v1/vivado/vvd_caravel_fpga/vvd_caravel_fpga.gen/sources_1/bd/design_1/ipshared/0a3f/hdl/axi_register_slice_v2_1_vl_rfs.v:3725]
WARNING: [Synth 8-7071] port 'aclk2x' of module 'axi_register_slice_v2_1_26_axi_register_slice' is unconnected for instance 'si_register_slice_inst' [/home/ubuntu/PQC_Falcon/impl_ASIC/fiFFNTT_sim_v1/vivado/vvd_caravel_fpga/vvd_caravel_fpga.gen/sources_1/bd/design_1/ipshared/b3c7/hdl/axi_dwidth_converter_v2_1_vlsyn_rfs.v:7379]
WARNING: [Synth 8-7023] instance 'si_register_slice_inst' of module 'axi_register_slice_v2_1_26_axi_register_slice' has 93 connections declared, but only 92 given [/home/ubuntu/PQC_Falcon/impl_ASIC/fiFFNTT_sim_v1/vivado/vvd_caravel_fpga/vvd_caravel_fpga.gen/sources_1/bd/design_1/ipshared/b3c7/hdl/axi_dwidth_converter_v2_1_vlsyn_rfs.v:7379]
INFO: [Synth 8-6155] done synthesizing module 'axi_dwidth_converter_v2_1_26_axi_upsizer' (0#1) [/home/ubuntu/PQC_Falcon/impl_ASIC/fiFFNTT_sim_v1/vivado/vvd_caravel_fpga/vvd_caravel_fpga.gen/sources_1/bd/design_1/ipshared/b3c7/hdl/axi_dwidth_converter_v2_1_vlsyn_rfs.v:7037]
INFO: [Synth 8-6155] done synthesizing module 'axi_dwidth_converter_v2_1_26_top' (0#1) [/home/ubuntu/PQC_Falcon/impl_ASIC/fiFFNTT_sim_v1/vivado/vvd_caravel_fpga/vvd_caravel_fpga.gen/sources_1/bd/design_1/ipshared/b3c7/hdl/axi_dwidth_converter_v2_1_vlsyn_rfs.v:14461]
INFO: [Synth 8-6155] done synthesizing module 'design_1_auto_us_0' (0#1) [/home/ubuntu/PQC_Falcon/impl_ASIC/fiFFNTT_sim_v1/vivado/vvd_caravel_fpga/vvd_caravel_fpga.gen/sources_1/bd/design_1/ip/design_1_auto_us_0/synth/design_1_auto_us_0.v:53]
WARNING: [Synth 8-7129] Port m_axi_buser[0] in module axi_infrastructure_v1_1_0_vector2axi__parameterized0 is either unconnected or has no load
WARNING: [Synth 8-7129] Port m_axi_ruser[0] in module axi_infrastructure_v1_1_0_vector2axi__parameterized0 is either unconnected or has no load
WARNING: [Synth 8-7129] Port s_axi_awuser[0] in module axi_infrastructure_v1_1_0_axi2vector__parameterized0 is either unconnected or has no load
WARNING: [Synth 8-7129] Port s_axi_wid[0] in module axi_infrastructure_v1_1_0_axi2vector__parameterized0 is either unconnected or has no load
WARNING: [Synth 8-7129] Port s_axi_wuser[0] in module axi_infrastructure_v1_1_0_axi2vector__parameterized0 is either unconnected or has no load
WARNING: [Synth 8-7129] Port s_axi_aruser[0] in module axi_infrastructure_v1_1_0_axi2vector__parameterized0 is either unconnected or has no load
WARNING: [Synth 8-7129] Port aclk2x in module axi_register_slice_v2_1_26_axi_register_slice__parameterized0 is either unconnected or has no load
WARNING: [Synth 8-7129] Port m_axi_buser[0] in module axi_infrastructure_v1_1_0_vector2axi is either unconnected or has no load
WARNING: [Synth 8-7129] Port m_axi_ruser[0] in module axi_infrastructure_v1_1_0_vector2axi is either unconnected or has no load
WARNING: [Synth 8-7129] Port s_axi_awuser[0] in module axi_infrastructure_v1_1_0_axi2vector is either unconnected or has no load
WARNING: [Synth 8-7129] Port s_axi_wid[0] in module axi_infrastructure_v1_1_0_axi2vector is either unconnected or has no load
WARNING: [Synth 8-7129] Port s_axi_wuser[0] in module axi_infrastructure_v1_1_0_axi2vector is either unconnected or has no load
WARNING: [Synth 8-7129] Port s_axi_aruser[0] in module axi_infrastructure_v1_1_0_axi2vector is either unconnected or has no load
WARNING: [Synth 8-7129] Port aclk2x in module axi_register_slice_v2_1_26_axi_register_slice is either unconnected or has no load
WARNING: [Synth 8-7129] Port s_axi_awlock[1] in module axi_dwidth_converter_v2_1_26_axi_upsizer is either unconnected or has no load
WARNING: [Synth 8-7129] Port s_axi_arlock[1] in module axi_dwidth_converter_v2_1_26_axi_upsizer is either unconnected or has no load
WARNING: [Synth 8-7129] Port m_axi_aresetn in module axi_dwidth_converter_v2_1_26_axi_upsizer is either unconnected or has no load
WARNING: [Synth 8-7129] Port m_axi_aclk in module axi_dwidth_converter_v2_1_26_axi_upsizer is either unconnected or has no load
---------------------------------------------------------------------------------
Finished RTL Elaboration : Time (s): cpu = 00:00:15 ; elapsed = 00:00:22 . Memory (MB): peak = 2877.332 ; gain = 0.000 ; free physical = 1580 ; free virtual = 2747
---------------------------------------------------------------------------------
---------------------------------------------------------------------------------
Start Handling Custom Attributes
---------------------------------------------------------------------------------
---------------------------------------------------------------------------------
Finished Handling Custom Attributes : Time (s): cpu = 00:00:15 ; elapsed = 00:00:22 . Memory (MB): peak = 2877.332 ; gain = 0.000 ; free physical = 1580 ; free virtual = 2749
---------------------------------------------------------------------------------
---------------------------------------------------------------------------------
Finished RTL Optimization Phase 1 : Time (s): cpu = 00:00:15 ; elapsed = 00:00:22 . Memory (MB): peak = 2877.332 ; gain = 0.000 ; free physical = 1580 ; free virtual = 2749
---------------------------------------------------------------------------------
Netlist sorting complete. Time (s): cpu = 00:00:00.11 ; elapsed = 00:00:00.12 . Memory (MB): peak = 2877.332 ; gain = 0.000 ; free physical = 1568 ; free virtual = 2742
INFO: [Project 1-570] Preparing netlist for logic optimization

Processing XDC Constraints
Initializing timing engine
Parsing XDC File [/home/ubuntu/PQC_Falcon/impl_ASIC/fiFFNTT_sim_v1/vivado/vvd_caravel_fpga/vvd_caravel_fpga.gen/sources_1/bd/design_1/ip/design_1_auto_us_0/design_1_auto_us_0_ooc.xdc] for cell 'inst'
Finished Parsing XDC File [/home/ubuntu/PQC_Falcon/impl_ASIC/fiFFNTT_sim_v1/vivado/vvd_caravel_fpga/vvd_caravel_fpga.gen/sources_1/bd/design_1/ip/design_1_auto_us_0/design_1_auto_us_0_ooc.xdc] for cell 'inst'
Parsing XDC File [/home/ubuntu/PQC_Falcon/impl_ASIC/fiFFNTT_sim_v1/vivado/vvd_caravel_fpga/vvd_caravel_fpga.runs/design_1_auto_us_0_synth_1/dont_touch.xdc]
Finished Parsing XDC File [/home/ubuntu/PQC_Falcon/impl_ASIC/fiFFNTT_sim_v1/vivado/vvd_caravel_fpga/vvd_caravel_fpga.runs/design_1_auto_us_0_synth_1/dont_touch.xdc]
Completed Processing XDC Constraints

Netlist sorting complete. Time (s): cpu = 00:00:00 ; elapsed = 00:00:00 . Memory (MB): peak = 2925.152 ; gain = 0.000 ; free physical = 1392 ; free virtual = 2596
INFO: [Project 1-111] Unisim Transformation Summary:
No Unisim elements were transformed.

Constraint Validation Runtime : Time (s): cpu = 00:00:00.13 ; elapsed = 00:00:00.17 . Memory (MB): peak = 2925.152 ; gain = 0.000 ; free physical = 1367 ; free virtual = 2574
INFO: [Designutils 20-5008] Incremental synthesis strategy off
---------------------------------------------------------------------------------
Finished Constraint Validation : Time (s): cpu = 00:00:26 ; elapsed = 00:00:34 . Memory (MB): peak = 2925.152 ; gain = 47.820 ; free physical = 1559 ; free virtual = 2774
---------------------------------------------------------------------------------
---------------------------------------------------------------------------------
Start Loading Part and Timing Information
---------------------------------------------------------------------------------
Loading part: xc7z020clg400-1
---------------------------------------------------------------------------------
Finished Loading Part and Timing Information : Time (s): cpu = 00:00:26 ; elapsed = 00:00:34 . Memory (MB): peak = 2925.152 ; gain = 47.820 ; free physical = 1558 ; free virtual = 2775
---------------------------------------------------------------------------------
---------------------------------------------------------------------------------
Start Applying 'set_property' XDC Constraints
---------------------------------------------------------------------------------
Applied set_property KEEP_HIERARCHY = SOFT for inst. (constraint file  /home/ubuntu/PQC_Falcon/impl_ASIC/fiFFNTT_sim_v1/vivado/vvd_caravel_fpga/vvd_caravel_fpga.runs/design_1_auto_us_0_synth_1/dont_touch.xdc, line 9).
---------------------------------------------------------------------------------
Finished applying 'set_property' XDC Constraints : Time (s): cpu = 00:00:26 ; elapsed = 00:00:34 . Memory (MB): peak = 2925.152 ; gain = 47.820 ; free physical = 1558 ; free virtual = 2775
---------------------------------------------------------------------------------
---------------------------------------------------------------------------------
Finished RTL Optimization Phase 2 : Time (s): cpu = 00:00:27 ; elapsed = 00:00:35 . Memory (MB): peak = 2925.152 ; gain = 47.820 ; free physical = 1556 ; free virtual = 2776
---------------------------------------------------------------------------------
---------------------------------------------------------------------------------
Start RTL Component Statistics 
---------------------------------------------------------------------------------
Detailed RTL Component Info : 
+---Adders : 
	   2 Input    8 Bit       Adders := 4     
	   2 Input    6 Bit       Adders := 1     
	   2 Input    5 Bit       Adders := 4     
	   2 Input    4 Bit       Adders := 2     
	   2 Input    3 Bit       Adders := 4     
+---Registers : 
	               94 Bit    Registers := 4     
	               73 Bit    Registers := 2     
	               68 Bit    Registers := 2     
	               64 Bit    Registers := 1     
	               37 Bit    Registers := 2     
	               36 Bit    Registers := 2     
	               30 Bit    Registers := 2     
	                8 Bit    Registers := 18    
	                5 Bit    Registers := 4     
	                3 Bit    Registers := 6     
	                2 Bit    Registers := 11    
	                1 Bit    Registers := 61    
+---Muxes : 
	   2 Input   73 Bit        Muxes := 2     
	   2 Input   68 Bit        Muxes := 2     
	   2 Input   64 Bit        Muxes := 6     
	   2 Input   37 Bit        Muxes := 2     
	   2 Input   36 Bit        Muxes := 2     
	   2 Input   32 Bit        Muxes := 3     
	   2 Input    8 Bit        Muxes := 22    
	   8 Input    8 Bit        Muxes := 4     
	   2 Input    3 Bit        Muxes := 11    
	   8 Input    3 Bit        Muxes := 6     
	   2 Input    2 Bit        Muxes := 9     
	   2 Input    1 Bit        Muxes := 61    
---------------------------------------------------------------------------------
Finished RTL Component Statistics 
---------------------------------------------------------------------------------
---------------------------------------------------------------------------------
Start Part Resource Summary
---------------------------------------------------------------------------------
Part Resources:
DSPs: 220 (col length:60)
BRAMs: 280 (col length: RAMB18 60 RAMB36 30)
---------------------------------------------------------------------------------
Finished Part Resource Summary
---------------------------------------------------------------------------------
---------------------------------------------------------------------------------
Start Cross Boundary and Area Optimization
---------------------------------------------------------------------------------
WARNING: [Synth 8-7080] Parallel synthesis criteria is not met
WARNING: [Synth 8-7129] Port aclk2x in module axi_register_slice_v2_1_26_axi_register_slice__parameterized0 is either unconnected or has no load
WARNING: [Synth 8-7129] Port s_axi_awuser[0] in module axi_register_slice_v2_1_26_axi_register_slice__parameterized0 is either unconnected or has no load
WARNING: [Synth 8-7129] Port s_axi_wid[0] in module axi_register_slice_v2_1_26_axi_register_slice__parameterized0 is either unconnected or has no load
WARNING: [Synth 8-7129] Port s_axi_wuser[0] in module axi_register_slice_v2_1_26_axi_register_slice__parameterized0 is either unconnected or has no load
WARNING: [Synth 8-7129] Port s_axi_aruser[0] in module axi_register_slice_v2_1_26_axi_register_slice__parameterized0 is either unconnected or has no load
WARNING: [Synth 8-7129] Port m_axi_buser[0] in module axi_register_slice_v2_1_26_axi_register_slice__parameterized0 is either unconnected or has no load
WARNING: [Synth 8-7129] Port m_axi_ruser[0] in module axi_register_slice_v2_1_26_axi_register_slice__parameterized0 is either unconnected or has no load
WARNING: [Synth 8-7129] Port aclk2x in module axi_register_slice_v2_1_26_axi_register_slice is either unconnected or has no load
WARNING: [Synth 8-7129] Port s_axi_awuser[0] in module axi_register_slice_v2_1_26_axi_register_slice is either unconnected or has no load
WARNING: [Synth 8-7129] Port s_axi_wid[0] in module axi_register_slice_v2_1_26_axi_register_slice is either unconnected or has no load
WARNING: [Synth 8-7129] Port s_axi_wuser[0] in module axi_register_slice_v2_1_26_axi_register_slice is either unconnected or has no load
WARNING: [Synth 8-7129] Port s_axi_aruser[0] in module axi_register_slice_v2_1_26_axi_register_slice is either unconnected or has no load
WARNING: [Synth 8-7129] Port m_axi_buser[0] in module axi_register_slice_v2_1_26_axi_register_slice is either unconnected or has no load
WARNING: [Synth 8-7129] Port m_axi_ruser[0] in module axi_register_slice_v2_1_26_axi_register_slice is either unconnected or has no load
WARNING: [Synth 8-7129] Port s_axi_awlock[1] in module axi_dwidth_converter_v2_1_26_axi_upsizer is either unconnected or has no load
WARNING: [Synth 8-7129] Port s_axi_arlock[1] in module axi_dwidth_converter_v2_1_26_axi_upsizer is either unconnected or has no load
WARNING: [Synth 8-7129] Port m_axi_aresetn in module axi_dwidth_converter_v2_1_26_axi_upsizer is either unconnected or has no load
WARNING: [Synth 8-7129] Port m_axi_aclk in module axi_dwidth_converter_v2_1_26_axi_upsizer is either unconnected or has no load
---------------------------------------------------------------------------------
Finished Cross Boundary and Area Optimization : Time (s): cpu = 00:00:35 ; elapsed = 00:00:45 . Memory (MB): peak = 2925.152 ; gain = 47.820 ; free physical = 1354 ; free virtual = 2619
---------------------------------------------------------------------------------
---------------------------------------------------------------------------------
Start Applying XDC Timing Constraints
---------------------------------------------------------------------------------
---------------------------------------------------------------------------------
Finished Applying XDC Timing Constraints : Time (s): cpu = 00:00:42 ; elapsed = 00:00:52 . Memory (MB): peak = 2925.152 ; gain = 47.820 ; free physical = 1506 ; free virtual = 2782
---------------------------------------------------------------------------------
---------------------------------------------------------------------------------
Start Timing Optimization
---------------------------------------------------------------------------------
---------------------------------------------------------------------------------
Finished Timing Optimization : Time (s): cpu = 00:00:43 ; elapsed = 00:00:54 . Memory (MB): peak = 2925.152 ; gain = 47.820 ; free physical = 1459 ; free virtual = 2735
---------------------------------------------------------------------------------
---------------------------------------------------------------------------------
Start Technology Mapping
---------------------------------------------------------------------------------
---------------------------------------------------------------------------------
Finished Technology Mapping : Time (s): cpu = 00:00:43 ; elapsed = 00:00:54 . Memory (MB): peak = 2925.152 ; gain = 47.820 ; free physical = 1488 ; free virtual = 2780
---------------------------------------------------------------------------------
---------------------------------------------------------------------------------
Start IO Insertion
---------------------------------------------------------------------------------
---------------------------------------------------------------------------------
Start Flattening Before IO Insertion
---------------------------------------------------------------------------------
---------------------------------------------------------------------------------
Finished Flattening Before IO Insertion
---------------------------------------------------------------------------------
---------------------------------------------------------------------------------
Start Final Netlist Cleanup
---------------------------------------------------------------------------------
---------------------------------------------------------------------------------
Finished Final Netlist Cleanup
---------------------------------------------------------------------------------
---------------------------------------------------------------------------------
Finished IO Insertion : Time (s): cpu = 00:00:50 ; elapsed = 00:01:10 . Memory (MB): peak = 2925.152 ; gain = 47.820 ; free physical = 121 ; free virtual = 549
---------------------------------------------------------------------------------
---------------------------------------------------------------------------------
Start Renaming Generated Instances
---------------------------------------------------------------------------------
---------------------------------------------------------------------------------
Finished Renaming Generated Instances : Time (s): cpu = 00:00:50 ; elapsed = 00:01:10 . Memory (MB): peak = 2925.152 ; gain = 47.820 ; free physical = 116 ; free virtual = 544
---------------------------------------------------------------------------------
---------------------------------------------------------------------------------
Start Rebuilding User Hierarchy
---------------------------------------------------------------------------------
---------------------------------------------------------------------------------
Finished Rebuilding User Hierarchy : Time (s): cpu = 00:00:50 ; elapsed = 00:01:13 . Memory (MB): peak = 2925.152 ; gain = 47.820 ; free physical = 880 ; free virtual = 1082
---------------------------------------------------------------------------------
---------------------------------------------------------------------------------
Start Renaming Generated Ports
---------------------------------------------------------------------------------
---------------------------------------------------------------------------------
Finished Renaming Generated Ports : Time (s): cpu = 00:00:51 ; elapsed = 00:01:13 . Memory (MB): peak = 2925.152 ; gain = 47.820 ; free physical = 861 ; free virtual = 1070
---------------------------------------------------------------------------------
---------------------------------------------------------------------------------
Start Handling Custom Attributes
---------------------------------------------------------------------------------
---------------------------------------------------------------------------------
Finished Handling Custom Attributes : Time (s): cpu = 00:00:51 ; elapsed = 00:01:14 . Memory (MB): peak = 2925.152 ; gain = 47.820 ; free physical = 813 ; free virtual = 1048
---------------------------------------------------------------------------------
---------------------------------------------------------------------------------
Start Renaming Generated Nets
---------------------------------------------------------------------------------
---------------------------------------------------------------------------------
Finished Renaming Generated Nets : Time (s): cpu = 00:00:51 ; elapsed = 00:01:14 . Memory (MB): peak = 2925.152 ; gain = 47.820 ; free physical = 802 ; free virtual = 1040
---------------------------------------------------------------------------------
---------------------------------------------------------------------------------
Start ROM, RAM, DSP, Shift Register and Retiming Reporting
---------------------------------------------------------------------------------

Dynamic Shift Register Report:
+------------+-------------------------------+--------+------------+--------+---------+--------+--------+--------+
|Module Name | RTL Name                      | Length | Data Width | SRL16E | SRLC32E | Mux F7 | Mux F8 | Mux F9 | 
+------------+-------------------------------+--------+------------+--------+---------+--------+--------+--------+
|dsrl        | USE_RTL_FIFO.data_srl_reg[31] | 1      | 1          | 0      | 1       | 0      | 0      | 0      | 
|dsrl__1     | USE_RTL_FIFO.data_srl_reg[31] | 30     | 30         | 0      | 30      | 0      | 0      | 0      | 
|dsrl__4     | USE_RTL_FIFO.data_srl_reg[31] | 30     | 30         | 0      | 30      | 0      | 0      | 0      | 
+------------+-------------------------------+--------+------------+--------+---------+--------+--------+--------+

---------------------------------------------------------------------------------
Finished ROM, RAM, DSP, Shift Register and Retiming Reporting
---------------------------------------------------------------------------------
---------------------------------------------------------------------------------
Start Writing Synthesis Report
---------------------------------------------------------------------------------

Report BlackBoxes: 
+-+--------------+----------+
| |BlackBox name |Instances |
+-+--------------+----------+
+-+--------------+----------+

Report Cell Usage: 
+------+--------+------+
|      |Cell    |Count |
+------+--------+------+
|1     |LUT1    |     6|
|2     |LUT2    |    24|
|3     |LUT3    |   107|
|4     |LUT4    |    58|
|5     |LUT5    |   138|
|6     |LUT6    |   196|
|7     |SRLC32E |    58|
|8     |FDRE    |   665|
|9     |FDSE    |     4|
+------+--------+------+
---------------------------------------------------------------------------------
Finished Writing Synthesis Report : Time (s): cpu = 00:00:51 ; elapsed = 00:01:14 . Memory (MB): peak = 2925.152 ; gain = 47.820 ; free physical = 786 ; free virtual = 1030
---------------------------------------------------------------------------------
Synthesis finished with 0 errors, 0 critical warnings and 19 warnings.
Synthesis Optimization Runtime : Time (s): cpu = 00:00:47 ; elapsed = 00:01:10 . Memory (MB): peak = 2925.152 ; gain = 0.000 ; free physical = 609 ; free virtual = 943
Synthesis Optimization Complete : Time (s): cpu = 00:00:51 ; elapsed = 00:01:14 . Memory (MB): peak = 2925.160 ; gain = 47.820 ; free physical = 602 ; free virtual = 940
INFO: [Project 1-571] Translating synthesized netlist
Netlist sorting complete. Time (s): cpu = 00:00:00.02 ; elapsed = 00:00:00.19 . Memory (MB): peak = 2925.160 ; gain = 0.000 ; free physical = 1374 ; free virtual = 1874
INFO: [Project 1-570] Preparing netlist for logic optimization
INFO: [Opt 31-138] Pushed 0 inverter(s) to 0 load pin(s).
Netlist sorting complete. Time (s): cpu = 00:00:00 ; elapsed = 00:00:00 . Memory (MB): peak = 2925.160 ; gain = 0.000 ; free physical = 124 ; free virtual = 578
INFO: [Project 1-111] Unisim Transformation Summary:
No Unisim elements were transformed.

Synth Design complete, checksum: 1d538696
INFO: [Common 17-83] Releasing license: Synthesis
58 Infos, 45 Warnings, 0 Critical Warnings and 0 Errors encountered.
synth_design completed successfully
synth_design: Time (s): cpu = 00:01:01 ; elapsed = 00:01:28 . Memory (MB): peak = 2925.160 ; gain = 47.828 ; free physical = 672 ; free virtual = 1094
INFO: [Common 17-1381] The checkpoint '/home/ubuntu/PQC_Falcon/impl_ASIC/fiFFNTT_sim_v1/vivado/vvd_caravel_fpga/vvd_caravel_fpga.runs/design_1_auto_us_0_synth_1/design_1_auto_us_0.dcp' has been generated.
INFO: [Coretcl 2-1648] Added synthesis output to IP cache for IP design_1_auto_us_0, cache-ID = 6fbe0d39cf8c0750
INFO: [Coretcl 2-1174] Renamed 15 cell refs.
INFO: [Common 17-1381] The checkpoint '/home/ubuntu/PQC_Falcon/impl_ASIC/fiFFNTT_sim_v1/vivado/vvd_caravel_fpga/vvd_caravel_fpga.runs/design_1_auto_us_0_synth_1/design_1_auto_us_0.dcp' has been generated.
INFO: [runtcl-4] Executing : report_utilization -file design_1_auto_us_0_utilization_synth.rpt -pb design_1_auto_us_0_utilization_synth.pb
INFO: [Common 17-206] Exiting Vivado at Mon May 27 09:11:48 2024...
