

================================================================
== Vitis HLS Report for 'streamtoparallelwithburst'
================================================================
* Date:           Fri May 24 13:42:54 2024

* Version:        2022.1 (Build 3526262 on Mon Apr 18 15:47:01 MDT 2022)
* Project:        hls_userdma.prj
* Solution:       solution1 (Vivado IP Flow Target)
* Product family: zynq
* Target device:  xc7z020-clg400-1


================================================================
== Performance Estimates
================================================================
+ Timing: 
    * Summary: 
    +--------+----------+----------+------------+
    |  Clock |  Target  | Estimated| Uncertainty|
    +--------+----------+----------+------------+
    |ap_clk  |  10.00 ns|  7.300 ns|     2.70 ns|
    +--------+----------+----------+------------+

+ Latency: 
    * Summary: 
    +---------+---------+----------+----------+-----+-----+---------+
    |  Latency (cycles) |  Latency (absolute) |  Interval | Pipeline|
    |   min   |   max   |    min   |    max   | min | max |   Type  |
    +---------+---------+----------+----------+-----+-----+---------+
    |        ?|        ?|         ?|         ?|    ?|    ?|       no|
    +---------+---------+----------+----------+-----+-----+---------+

    + Detail: 
        * Instance: 
        +---------------------------------------------------------------+----------------------------------------------------+---------+---------+----------+----------+-----+-----+---------+
        |                                                               |                                                    |  Latency (cycles) |  Latency (absolute) |  Interval | Pipeline|
        |                            Instance                           |                       Module                       |   min   |   max   |    min   |    max   | min | max |   Type  |
        +---------------------------------------------------------------+----------------------------------------------------+---------+---------+----------+----------+-----+-----+---------+
        |grp_streamtoparallelwithburst_Pipeline_VITIS_LOOP_29_2_fu_123  |streamtoparallelwithburst_Pipeline_VITIS_LOOP_29_2  |        ?|        ?|         ?|         ?|    ?|    ?|       no|
        +---------------------------------------------------------------+----------------------------------------------------+---------+---------+----------+----------+-----+-----+---------+

        * Loop: 
        +-------------------+---------+---------+----------+-----------+-----------+------+----------+
        |                   |  Latency (cycles) | Iteration|  Initiation Interval  | Trip |          |
        |     Loop Name     |   min   |   max   |  Latency |  achieved |   target  | Count| Pipelined|
        +-------------------+---------+---------+----------+-----------+-----------+------+----------+
        |- VITIS_LOOP_25_1  |        ?|        ?|         ?|          -|          -|     ?|        no|
        +-------------------+---------+---------+----------+-----------+-----------+------+----------+

============================================================
+ Verbose Summary: Synthesis Manager
============================================================
InlineROM: 1
ExposeGlobal: 0
============================================================
+ Verbose Summary: CDFG Model
============================================================
IsTopModel: 0
ResetActiveHigh: 1
IsCombinational: 2
IsDatapathOnly: 0
HasWiredReturn: 1
HasMFsm: 0
HasVarLatency: 1
IsPipeline: 0
IsRtlPipelined: 0
IsInstanceOverlapped: 0
IsDontTouch: 0
HasImplIP: 0
IsGatedGlobalClock: 0


============================================================
+ Verbose Summary: Schedule
============================================================
* Number of FSM states : 4
* Pipeline : 0
* Dataflow Pipeline: 0

* FSM state transitions: 
1 --> 2 
2 --> 3 
3 --> 4 
4 --> 2 

* FSM state operations: 

State 1 <SV = 0> <Delay = 5.57>
ST_1 : Operation 5 [1/1] (0.00ns)   --->   "%out_memory_assign = alloca i32 1"   --->   Operation 5 'alloca' 'out_memory_assign' <Predicate = true> <Delay = 0.00>
ST_1 : Operation 6 [1/1] (0.00ns)   --->   "%final_s2m_len_V = alloca i32 1"   --->   Operation 6 'alloca' 'final_s2m_len_V' <Predicate = true> <Delay = 0.00>
ST_1 : Operation 7 [1/1] (0.00ns)   --->   "%specinterface_ln0 = specinterface void @_ssdm_op_SpecInterface, i64 %out_memory, void @ap_fifo_str, i32 0, i32 0, void @p_str, i32 0, i32 0, void @p_str, void @p_str, void @p_str, i32 2, i32 2, i32 16, i32 16, void @p_str, void @ScalarProp_str, i32 4294967295, i32 0"   --->   Operation 7 'specinterface' 'specinterface_ln0' <Predicate = true> <Delay = 0.00>
ST_1 : Operation 8 [1/1] (3.63ns)   --->   "%out_memory_read = read i64 @_ssdm_op_Read.ap_fifo.i64P0A, i64 %out_memory"   --->   Operation 8 'read' 'out_memory_read' <Predicate = true> <Delay = 3.63> <CoreInst = "FIFO_SRL">   --->   Core 81 'FIFO_SRL' <Latency = 0> <II = 1> <Delay = 3.63> <Storage> <Opcode : 'read' 'write' 'nbread' 'nbwrite'> <Ports = 0> <Width = 64> <Depth = 3> <FIFO>
ST_1 : Operation 9 [1/1] (0.00ns)   --->   "%specinterface_ln0 = specinterface void @_ssdm_op_SpecInterface, i2 %kernel_mode, void @ap_fifo_str, i32 0, i32 0, void @p_str, i32 0, i32 0, void @p_str, void @p_str, void @p_str, i32 2, i32 2, i32 16, i32 16, void @p_str, void @ScalarProp_str, i32 4294967295, i32 0"   --->   Operation 9 'specinterface' 'specinterface_ln0' <Predicate = true> <Delay = 0.00>
ST_1 : Operation 10 [1/1] (3.63ns)   --->   "%kernel_mode_read = read i2 @_ssdm_op_Read.ap_fifo.i2P0A, i2 %kernel_mode"   --->   Operation 10 'read' 'kernel_mode_read' <Predicate = true> <Delay = 3.63> <CoreInst = "FIFO_SRL">   --->   Core 81 'FIFO_SRL' <Latency = 0> <II = 1> <Delay = 3.63> <Storage> <Opcode : 'read' 'write' 'nbread' 'nbwrite'> <Ports = 0> <Width = 2> <Depth = 2> <FIFO>
ST_1 : Operation 11 [1/1] (0.00ns)   --->   "%specinterface_ln0 = specinterface void @_ssdm_op_SpecInterface, i32 %incount25, void @empty_16, i32 0, i32 0, void @empty_3, i32 0, i32 0, void @empty_3, void @empty_3, void @empty_3, i32 0, i32 0, i32 0, i32 0, void @empty_3, void @empty_3, i32 4294967295, i32 0"   --->   Operation 11 'specinterface' 'specinterface_ln0' <Predicate = true> <Delay = 0.00>
ST_1 : Operation 12 [1/1] (0.00ns)   --->   "%specinterface_ln0 = specinterface void @_ssdm_op_SpecInterface, i33 %inbuf, void @empty_16, i32 0, i32 0, void @empty_3, i32 0, i32 0, void @empty_3, void @empty_3, void @empty_3, i32 0, i32 0, i32 0, i32 0, void @empty_3, void @empty_3, i32 4294967295, i32 0"   --->   Operation 12 'specinterface' 'specinterface_ln0' <Predicate = true> <Delay = 0.00>
ST_1 : Operation 13 [1/1] (0.00ns)   --->   "%specinterface_ln0 = specinterface void @_ssdm_op_SpecInterface, i64 %gmem0, void @empty_4, i32 0, i32 0, void @empty_3, i32 10, i32 1024, void @empty_2, void @empty_1, void @empty_3, i32 16, i32 16, i32 16, i32 32, void @empty_3, void @empty_3, i32 4294967295, i32 0"   --->   Operation 13 'specinterface' 'specinterface_ln0' <Predicate = true> <Delay = 0.00>
ST_1 : Operation 14 [1/1] (0.95ns)   --->   "%icmp_ln1065 = icmp_eq  i2 %kernel_mode_read, i2 0"   --->   Operation 14 'icmp' 'icmp_ln1065' <Predicate = true> <Delay = 0.95> <CoreInst = "Cmp">   --->   Core 9 'Cmp' <Latency = 0> <II = 1> <Delay = 0.95> <FuncUnit> <Opcode : 'icmp'> <InPorts = 2> <OutPorts = 1>
ST_1 : Operation 15 [1/1] (0.95ns)   --->   "%icmp_ln1065_1 = icmp_eq  i2 %kernel_mode_read, i2 1"   --->   Operation 15 'icmp' 'icmp_ln1065_1' <Predicate = true> <Delay = 0.95> <CoreInst = "Cmp">   --->   Core 9 'Cmp' <Latency = 0> <II = 1> <Delay = 0.95> <FuncUnit> <Opcode : 'icmp'> <InPorts = 2> <OutPorts = 1>
ST_1 : Operation 16 [1/1] (0.97ns)   --->   "%even = or i1 %icmp_ln1065, i1 %icmp_ln1065_1" [userdma.cpp:14]   --->   Operation 16 'or' 'even' <Predicate = true> <Delay = 0.97> <CoreInst = "LogicGate">   --->   Core 74 'LogicGate' <Latency = 0> <II = 1> <Delay = 0.97> <FuncUnit> <Opcode : 'and' 'or' 'xor'> <InPorts = 2> <OutPorts = 1>
ST_1 : Operation 17 [1/1] (0.00ns)   --->   "%tmp = bitselect i1 @_ssdm_op_BitSelect.i1.i2.i32, i2 %kernel_mode_read, i32 1" [userdma.cpp:42]   --->   Operation 17 'bitselect' 'tmp' <Predicate = true> <Delay = 0.00>
ST_1 : Operation 18 [1/1] (1.58ns)   --->   "%store_ln25 = store i32 0, i32 %final_s2m_len_V" [userdma.cpp:25]   --->   Operation 18 'store' 'store_ln25' <Predicate = true> <Delay = 1.58>
ST_1 : Operation 19 [1/1] (1.58ns)   --->   "%store_ln25 = store i64 %out_memory_read, i64 %out_memory_assign" [userdma.cpp:25]   --->   Operation 19 'store' 'store_ln25' <Predicate = true> <Delay = 1.58>
ST_1 : Operation 20 [1/1] (0.00ns)   --->   "%br_ln25 = br void %VITIS_LOOP_29_2" [userdma.cpp:25]   --->   Operation 20 'br' 'br_ln25' <Predicate = true> <Delay = 0.00>

State 2 <SV = 1> <Delay = 6.18>
ST_2 : Operation 21 [1/1] (0.00ns)   --->   "%out_memory_assign_load = load i64 %out_memory_assign" [userdma.cpp:34]   --->   Operation 21 'load' 'out_memory_assign_load' <Predicate = true> <Delay = 0.00>
ST_2 : Operation 22 [1/1] (3.63ns)   --->   "%tmp_4 = read i32 @_ssdm_op_Read.ap_fifo.volatile.i32P0A, i32 %incount25" [/tools/Xilinx/Vitis_HLS/2022.1/common/technology/autopilot/hls_stream_39.h:145]   --->   Operation 22 'read' 'tmp_4' <Predicate = true> <Delay = 3.63> <CoreInst = "FIFO_SRL">   --->   Core 81 'FIFO_SRL' <Latency = 0> <II = 1> <Delay = 3.63> <Storage> <Opcode : 'read' 'write' 'nbread' 'nbwrite'> <Ports = 0> <Width = 32> <Depth = 2> <FIFO>
ST_2 : Operation 23 [1/1] (0.00ns)   --->   "%trunc_ln34 = trunc i64 %out_memory_assign_load" [userdma.cpp:34]   --->   Operation 23 'trunc' 'trunc_ln34' <Predicate = true> <Delay = 0.00>
ST_2 : Operation 24 [1/1] (0.96ns)   --->   "%xor_ln34 = xor i3 %trunc_ln34, i3 4" [userdma.cpp:34]   --->   Operation 24 'xor' 'xor_ln34' <Predicate = true> <Delay = 0.96> <CoreInst = "LogicGate">   --->   Core 74 'LogicGate' <Latency = 0> <II = 1> <Delay = 0.96> <FuncUnit> <Opcode : 'and' 'or' 'xor'> <InPorts = 2> <OutPorts = 1>
ST_2 : Operation 25 [1/1] (0.00ns)   --->   "%zext_ln34 = zext i3 %xor_ln34" [userdma.cpp:34]   --->   Operation 25 'zext' 'zext_ln34' <Predicate = true> <Delay = 0.00>
ST_2 : Operation 26 [1/1] (2.66ns)   --->   "%shl_ln34 = shl i8 15, i8 %zext_ln34" [userdma.cpp:34]   --->   Operation 26 'shl' 'shl_ln34' <Predicate = true> <Delay = 2.66> <CoreInst = "Shifter">   --->   Core 75 'Shifter' <Latency = 0> <II = 1> <Delay = 2.66> <FuncUnit> <Opcode : 'shl' 'lshr' 'ashr'> <InPorts = 2> <OutPorts = 1>
ST_2 : Operation 27 [1/1] (2.55ns)   --->   "%sub_ln43 = sub i32 0, i32 %tmp_4" [userdma.cpp:43]   --->   Operation 27 'sub' 'sub_ln43' <Predicate = (!tmp)> <Delay = 2.55> <CoreInst = "Adder">   --->   Core 1 'Adder' <Latency = 0> <II = 1> <Delay = 2.55> <FuncUnit> <Opcode : 'add' 'sub'> <InPorts = 2> <OutPorts = 1>
ST_2 : Operation 28 [1/1] (0.00ns)   --->   "%lshr_ln43_1 = partselect i31 @_ssdm_op_PartSelect.i31.i32.i32.i32, i32 %sub_ln43, i32 1, i32 31" [userdma.cpp:43]   --->   Operation 28 'partselect' 'lshr_ln43_1' <Predicate = (!tmp)> <Delay = 0.00>

State 3 <SV = 2> <Delay = 6.74>
ST_3 : Operation 29 [1/1] (0.00ns)   --->   "%final_s2m_len_V_2 = load i32 %final_s2m_len_V" [userdma.cpp:10]   --->   Operation 29 'load' 'final_s2m_len_V_2' <Predicate = true> <Delay = 0.00>
ST_3 : Operation 30 [1/1] (0.00ns)   --->   "%shl_ln34_2 = bitconcatenate i6 @_ssdm_op_BitConcatenate.i6.i3.i3, i3 %xor_ln34, i3 0" [userdma.cpp:34]   --->   Operation 30 'bitconcatenate' 'shl_ln34_2' <Predicate = true> <Delay = 0.00>
ST_3 : Operation 31 [1/1] (0.00ns)   --->   "%empty = wait i32 @_ssdm_op_Wait"   --->   Operation 31 'wait' 'empty' <Predicate = true> <Delay = 0.00>
ST_3 : Operation 32 [2/2] (4.06ns)   --->   "%call_ln145 = call void @streamtoparallelwithburst_Pipeline_VITIS_LOOP_29_2, i32 %tmp_4, i1 %even, i64 %out_memory_assign_load, i6 %shl_ln34_2, i64 %gmem0, i8 %shl_ln34, i33 %inbuf" [/tools/Xilinx/Vitis_HLS/2022.1/common/technology/autopilot/hls_stream_39.h:145]   --->   Operation 32 'call' 'call_ln145' <Predicate = true> <Delay = 4.06> <CoreType = "Generic">   --->   Core 0 '' <Latency = 0> <II = 1> <Delay = 1.00> <Generic> <Opcode : >
ST_3 : Operation 33 [1/1] (0.00ns) (grouped into LUT with out node select_ln42)   --->   "%tmp_2 = bitselect i1 @_ssdm_op_BitSelect.i1.i32.i32, i32 %tmp_4, i32 31" [userdma.cpp:43]   --->   Operation 33 'bitselect' 'tmp_2' <Predicate = (!tmp)> <Delay = 0.00>
ST_3 : Operation 34 [1/1] (0.00ns)   --->   "%zext_ln43 = zext i31 %lshr_ln43_1" [userdma.cpp:43]   --->   Operation 34 'zext' 'zext_ln43' <Predicate = (!tmp)> <Delay = 0.00>
ST_3 : Operation 35 [1/1] (2.52ns)   --->   "%sub_ln43_1 = sub i32 0, i32 %zext_ln43" [userdma.cpp:43]   --->   Operation 35 'sub' 'sub_ln43_1' <Predicate = (!tmp)> <Delay = 2.52> <CoreInst = "Adder">   --->   Core 1 'Adder' <Latency = 0> <II = 1> <Delay = 2.52> <FuncUnit> <Opcode : 'add' 'sub'> <InPorts = 2> <OutPorts = 1>
ST_3 : Operation 36 [1/1] (0.00ns) (grouped into LUT with out node select_ln42)   --->   "%lshr_ln43_2 = partselect i31 @_ssdm_op_PartSelect.i31.i32.i32.i32, i32 %tmp_4, i32 1, i32 31" [userdma.cpp:43]   --->   Operation 36 'partselect' 'lshr_ln43_2' <Predicate = (!tmp)> <Delay = 0.00>
ST_3 : Operation 37 [1/1] (0.00ns) (grouped into LUT with out node select_ln42)   --->   "%zext_ln43_1 = zext i31 %lshr_ln43_2" [userdma.cpp:43]   --->   Operation 37 'zext' 'zext_ln43_1' <Predicate = (!tmp)> <Delay = 0.00>
ST_3 : Operation 38 [1/1] (0.00ns) (grouped into LUT with out node select_ln42)   --->   "%select_ln43 = select i1 %tmp_2, i32 %sub_ln43_1, i32 %zext_ln43_1" [userdma.cpp:43]   --->   Operation 38 'select' 'select_ln43' <Predicate = (!tmp)> <Delay = 0.00> <CoreInst = "Sel">   --->   Core 73 'Sel' <Latency = 0> <II = 1> <Delay = 0.69> <FuncUnit> <Opcode : 'select'> <InPorts = 3> <OutPorts = 1>
ST_3 : Operation 39 [1/1] (0.69ns) (out node of the LUT)   --->   "%select_ln42 = select i1 %tmp, i32 %tmp_4, i32 %select_ln43" [userdma.cpp:42]   --->   Operation 39 'select' 'select_ln42' <Predicate = true> <Delay = 0.69> <CoreInst = "Sel">   --->   Core 73 'Sel' <Latency = 0> <II = 1> <Delay = 0.69> <FuncUnit> <Opcode : 'select'> <InPorts = 3> <OutPorts = 1>
ST_3 : Operation 40 [1/1] (0.00ns)   --->   "%shl_ln = bitconcatenate i35 @_ssdm_op_BitConcatenate.i35.i32.i3, i32 %select_ln42, i3 0" [userdma.cpp:46]   --->   Operation 40 'bitconcatenate' 'shl_ln' <Predicate = true> <Delay = 0.00>
ST_3 : Operation 41 [1/1] (0.00ns)   --->   "%sext_ln5 = sext i35 %shl_ln" [userdma.cpp:5]   --->   Operation 41 'sext' 'sext_ln5' <Predicate = true> <Delay = 0.00>
ST_3 : Operation 42 [1/1] (3.52ns)   --->   "%add_ln5 = add i64 %out_memory_assign_load, i64 %sext_ln5" [userdma.cpp:5]   --->   Operation 42 'add' 'add_ln5' <Predicate = true> <Delay = 3.52> <CoreInst = "Adder">   --->   Core 1 'Adder' <Latency = 0> <II = 1> <Delay = 3.52> <FuncUnit> <Opcode : 'add' 'sub'> <InPorts = 2> <OutPorts = 1>
ST_3 : Operation 43 [1/1] (2.55ns)   --->   "%final_s2m_len_V_3 = add i32 %select_ln42, i32 %final_s2m_len_V_2" [userdma.cpp:10]   --->   Operation 43 'add' 'final_s2m_len_V_3' <Predicate = true> <Delay = 2.55> <CoreInst = "Adder">   --->   Core 1 'Adder' <Latency = 0> <II = 1> <Delay = 2.55> <FuncUnit> <Opcode : 'add' 'sub'> <InPorts = 2> <OutPorts = 1>
ST_3 : Operation 44 [1/1] (0.00ns)   --->   "%tmp_3 = partselect i22 @_ssdm_op_PartSelect.i22.i32.i32.i32, i32 %final_s2m_len_V_3, i32 10, i32 31"   --->   Operation 44 'partselect' 'tmp_3' <Predicate = true> <Delay = 0.00>

State 4 <SV = 3> <Delay = 6.58>
ST_4 : Operation 45 [1/1] (0.00ns)   --->   "%specloopname_ln10 = specloopname void @_ssdm_op_SpecLoopName, void @empty_7" [userdma.cpp:10]   --->   Operation 45 'specloopname' 'specloopname_ln10' <Predicate = true> <Delay = 0.00>
ST_4 : Operation 46 [1/2] (0.00ns)   --->   "%call_ln145 = call void @streamtoparallelwithburst_Pipeline_VITIS_LOOP_29_2, i32 %tmp_4, i1 %even, i64 %out_memory_assign_load, i6 %shl_ln34_2, i64 %gmem0, i8 %shl_ln34, i33 %inbuf" [/tools/Xilinx/Vitis_HLS/2022.1/common/technology/autopilot/hls_stream_39.h:145]   --->   Operation 46 'call' 'call_ln145' <Predicate = true> <Delay = 0.00> <CoreType = "Generic">   --->   Core 0 '' <Latency = 0> <II = 1> <Delay = 1.00> <Generic> <Opcode : >
ST_4 : Operation 47 [1/1] (2.47ns)   --->   "%out_sts = icmp_eq  i32 %final_s2m_len_V_3, i32 1024"   --->   Operation 47 'icmp' 'out_sts' <Predicate = true> <Delay = 2.47> <CoreInst = "Cmp">   --->   Core 9 'Cmp' <Latency = 0> <II = 1> <Delay = 2.47> <FuncUnit> <Opcode : 'icmp'> <InPorts = 2> <OutPorts = 1>
ST_4 : Operation 48 [1/1] (3.52ns)   --->   "%add_ln56 = add i64 %add_ln5, i64 18446744073709543424" [userdma.cpp:56]   --->   Operation 48 'add' 'add_ln56' <Predicate = true> <Delay = 3.52> <CoreInst = "Adder">   --->   Core 1 'Adder' <Latency = 0> <II = 1> <Delay = 3.52> <FuncUnit> <Opcode : 'add' 'sub'> <InPorts = 2> <OutPorts = 1>
ST_4 : Operation 49 [1/1] (1.48ns)   --->   "%select_ln55 = select i1 %out_sts, i64 %add_ln56, i64 %add_ln5" [userdma.cpp:55]   --->   Operation 49 'select' 'select_ln55' <Predicate = true> <Delay = 1.48> <CoreInst = "Sel">   --->   Core 73 'Sel' <Latency = 0> <II = 1> <Delay = 1.48> <FuncUnit> <Opcode : 'select'> <InPorts = 3> <OutPorts = 1>
ST_4 : Operation 50 [1/1] (2.44ns)   --->   "%icmp_ln1073 = icmp_eq  i22 %tmp_3, i22 0"   --->   Operation 50 'icmp' 'icmp_ln1073' <Predicate = true> <Delay = 2.44> <CoreInst = "Cmp">   --->   Core 9 'Cmp' <Latency = 0> <II = 1> <Delay = 2.44> <FuncUnit> <Opcode : 'icmp'> <InPorts = 2> <OutPorts = 1>
ST_4 : Operation 51 [1/1] (0.00ns)   --->   "%br_ln60 = br i1 %icmp_ln1073, void %do.end, void %VITIS_LOOP_29_2.VITIS_LOOP_29_2_crit_edge" [userdma.cpp:60]   --->   Operation 51 'br' 'br_ln60' <Predicate = true> <Delay = 0.00>
ST_4 : Operation 52 [1/1] (1.58ns)   --->   "%store_ln60 = store i32 %final_s2m_len_V_3, i32 %final_s2m_len_V" [userdma.cpp:60]   --->   Operation 52 'store' 'store_ln60' <Predicate = (icmp_ln1073)> <Delay = 1.58>
ST_4 : Operation 53 [1/1] (1.58ns)   --->   "%store_ln60 = store i64 %select_ln55, i64 %out_memory_assign" [userdma.cpp:60]   --->   Operation 53 'store' 'store_ln60' <Predicate = (icmp_ln1073)> <Delay = 1.58>
ST_4 : Operation 54 [1/1] (0.00ns)   --->   "%br_ln60 = br void %VITIS_LOOP_29_2" [userdma.cpp:60]   --->   Operation 54 'br' 'br_ln60' <Predicate = (icmp_ln1073)> <Delay = 0.00>
ST_4 : Operation 55 [1/1] (0.00ns)   --->   "%write_ln58 = write void @_ssdm_op_Write.ap_auto.i1P0A, i1 %s2m_buf_sts, i1 %out_sts" [userdma.cpp:58]   --->   Operation 55 'write' 'write_ln58' <Predicate = (!icmp_ln1073)> <Delay = 0.00>
ST_4 : Operation 56 [1/1] (0.00ns)   --->   "%ret_ln70 = ret" [userdma.cpp:70]   --->   Operation 56 'ret' 'ret_ln70' <Predicate = (!icmp_ln1073)> <Delay = 0.00>


============================================================
+ Verbose Summary: Binding
============================================================
STG Binding: 
---------------- STG Properties BEGIN ----------------
- Is combinational: 0
- Is one-state seq: 0
- Is datapath-only: 0
- Is pipelined: 0
- Is top level: 0
Port [ Return ] is wired: 1; IO mode=ap_ctrl_hs:ce=0
Port [ inbuf]:  wired=1; compound=1; hidden=0; nouse=0; global=0; static=0; extern=0; dir=0; type=3; pingpong=0; private_global=0; IO mode=ap_fifo:ce=0
Port [ incount25]:  wired=1; compound=1; hidden=0; nouse=0; global=0; static=0; extern=0; dir=0; type=3; pingpong=0; private_global=0; IO mode=ap_fifo:ce=0
Port [ s2m_buf_sts]:  wired=1; compound=0; hidden=0; nouse=0; global=0; static=0; extern=0; dir=1; type=0; pingpong=0; private_global=0; IO mode=ap_vld:ce=0
Port [ kernel_mode]:  wired=1; compound=1; hidden=0; nouse=0; global=0; static=0; extern=0; dir=0; type=3; pingpong=0; private_global=0; IO mode=ap_fifo:ce=0
Port [ gmem0]:  wired=1; compound=1; hidden=0; nouse=0; global=0; static=0; extern=0; dir=1; type=4; pingpong=0; private_global=0; IO mode=m_axi:ce=0
Port [ out_memory]:  wired=1; compound=1; hidden=0; nouse=0; global=0; static=0; extern=0; dir=0; type=3; pingpong=0; private_global=0; IO mode=ap_fifo:ce=0
---------------- STG Properties END ------------------

---------------- Datapath Model BEGIN ----------------

<LifeTime>
<method=bitvector/>
out_memory_assign      (alloca        ) [ 01111]
final_s2m_len_V        (alloca        ) [ 01111]
specinterface_ln0      (specinterface ) [ 00000]
out_memory_read        (read          ) [ 00000]
specinterface_ln0      (specinterface ) [ 00000]
kernel_mode_read       (read          ) [ 00000]
specinterface_ln0      (specinterface ) [ 00000]
specinterface_ln0      (specinterface ) [ 00000]
specinterface_ln0      (specinterface ) [ 00000]
icmp_ln1065            (icmp          ) [ 00000]
icmp_ln1065_1          (icmp          ) [ 00000]
even                   (or            ) [ 00111]
tmp                    (bitselect     ) [ 00111]
store_ln25             (store         ) [ 00000]
store_ln25             (store         ) [ 00000]
br_ln25                (br            ) [ 00000]
out_memory_assign_load (load          ) [ 00011]
tmp_4                  (read          ) [ 00011]
trunc_ln34             (trunc         ) [ 00000]
xor_ln34               (xor           ) [ 00010]
zext_ln34              (zext          ) [ 00000]
shl_ln34               (shl           ) [ 00011]
sub_ln43               (sub           ) [ 00000]
lshr_ln43_1            (partselect    ) [ 00010]
final_s2m_len_V_2      (load          ) [ 00000]
shl_ln34_2             (bitconcatenate) [ 00001]
empty                  (wait          ) [ 00000]
tmp_2                  (bitselect     ) [ 00000]
zext_ln43              (zext          ) [ 00000]
sub_ln43_1             (sub           ) [ 00000]
lshr_ln43_2            (partselect    ) [ 00000]
zext_ln43_1            (zext          ) [ 00000]
select_ln43            (select        ) [ 00000]
select_ln42            (select        ) [ 00000]
shl_ln                 (bitconcatenate) [ 00000]
sext_ln5               (sext          ) [ 00000]
add_ln5                (add           ) [ 00001]
final_s2m_len_V_3      (add           ) [ 00001]
tmp_3                  (partselect    ) [ 00001]
specloopname_ln10      (specloopname  ) [ 00000]
call_ln145             (call          ) [ 00000]
out_sts                (icmp          ) [ 00000]
add_ln56               (add           ) [ 00000]
select_ln55            (select        ) [ 00000]
icmp_ln1073            (icmp          ) [ 00111]
br_ln60                (br            ) [ 00000]
store_ln60             (store         ) [ 00000]
store_ln60             (store         ) [ 00000]
br_ln60                (br            ) [ 00000]
write_ln58             (write         ) [ 00000]
ret_ln70               (ret           ) [ 00000]
</LifeTime>

<model>

<comp_list>
<comp id="0" class="1000" name="inbuf">
<pin_list>
<pin id="1" dir="1" index="0" bw="1" slack="0"/>
</pin_list>
<bind>
<StgValue><ssdm name="inbuf"/></StgValue>
</bind>
</comp>

<comp id="2" class="1000" name="incount25">
<pin_list>
<pin id="3" dir="1" index="0" bw="1" slack="0"/>
</pin_list>
<bind>
<StgValue><ssdm name="incount25"/></StgValue>
</bind>
</comp>

<comp id="4" class="1000" name="s2m_buf_sts">
<pin_list>
<pin id="5" dir="1" index="0" bw="1" slack="0"/>
</pin_list>
<bind>
<StgValue><ssdm name="s2m_buf_sts"/></StgValue>
</bind>
</comp>

<comp id="6" class="1000" name="kernel_mode">
<pin_list>
<pin id="7" dir="1" index="0" bw="1" slack="0"/>
</pin_list>
<bind>
<StgValue><ssdm name="kernel_mode"/></StgValue>
</bind>
</comp>

<comp id="8" class="1000" name="gmem0">
<pin_list>
<pin id="9" dir="1" index="0" bw="1" slack="0"/>
</pin_list>
<bind>
<StgValue><ssdm name="gmem0"/></StgValue>
</bind>
</comp>

<comp id="10" class="1000" name="out_memory">
<pin_list>
<pin id="11" dir="1" index="0" bw="1" slack="0"/>
</pin_list>
<bind>
<StgValue><ssdm name="out_memory"/></StgValue>
</bind>
</comp>

<comp id="12" class="1001" name="const_12">
<pin_list>
<pin id="13" dir="1" index="0" bw="1" slack="0"/>
</pin_list>
<bind>
<StgValue><ssdm name=""/></StgValue>
</bind>
</comp>

<comp id="14" class="1001" name="const_14">
<pin_list>
<pin id="15" dir="1" index="0" bw="1" slack="2147483647"/>
</pin_list>
<bind>
<StgValue><ssdm name="_ssdm_op_SpecInterface"/></StgValue>
</bind>
</comp>

<comp id="16" class="1001" name="const_16">
<pin_list>
<pin id="17" dir="1" index="0" bw="1" slack="2147483647"/>
</pin_list>
<bind>
<StgValue><ssdm name="ap_fifo_str"/></StgValue>
</bind>
</comp>

<comp id="18" class="1001" name="const_18">
<pin_list>
<pin id="19" dir="1" index="0" bw="1" slack="0"/>
</pin_list>
<bind>
<StgValue><ssdm name=""/></StgValue>
</bind>
</comp>

<comp id="20" class="1001" name="const_20">
<pin_list>
<pin id="21" dir="1" index="0" bw="1" slack="2147483647"/>
</pin_list>
<bind>
<StgValue><ssdm name="p_str"/></StgValue>
</bind>
</comp>

<comp id="22" class="1001" name="const_22">
<pin_list>
<pin id="23" dir="1" index="0" bw="1" slack="2147483647"/>
</pin_list>
<bind>
<StgValue><ssdm name=""/></StgValue>
</bind>
</comp>

<comp id="24" class="1001" name="const_24">
<pin_list>
<pin id="25" dir="1" index="0" bw="1" slack="2147483647"/>
</pin_list>
<bind>
<StgValue><ssdm name=""/></StgValue>
</bind>
</comp>

<comp id="26" class="1001" name="const_26">
<pin_list>
<pin id="27" dir="1" index="0" bw="1" slack="2147483647"/>
</pin_list>
<bind>
<StgValue><ssdm name="ScalarProp_str"/></StgValue>
</bind>
</comp>

<comp id="28" class="1001" name="const_28">
<pin_list>
<pin id="29" dir="1" index="0" bw="1" slack="2147483647"/>
</pin_list>
<bind>
<StgValue><ssdm name=""/></StgValue>
</bind>
</comp>

<comp id="30" class="1001" name="const_30">
<pin_list>
<pin id="31" dir="1" index="0" bw="1" slack="0"/>
</pin_list>
<bind>
<StgValue><ssdm name="_ssdm_op_Read.ap_fifo.i64P0A"/></StgValue>
</bind>
</comp>

<comp id="32" class="1001" name="const_32">
<pin_list>
<pin id="33" dir="1" index="0" bw="1" slack="0"/>
</pin_list>
<bind>
<StgValue><ssdm name="_ssdm_op_Read.ap_fifo.i2P0A"/></StgValue>
</bind>
</comp>

<comp id="34" class="1001" name="const_34">
<pin_list>
<pin id="35" dir="1" index="0" bw="1" slack="2147483647"/>
</pin_list>
<bind>
<StgValue><ssdm name="empty_16"/></StgValue>
</bind>
</comp>

<comp id="36" class="1001" name="const_36">
<pin_list>
<pin id="37" dir="1" index="0" bw="1" slack="2147483647"/>
</pin_list>
<bind>
<StgValue><ssdm name="empty_3"/></StgValue>
</bind>
</comp>

<comp id="38" class="1001" name="const_38">
<pin_list>
<pin id="39" dir="1" index="0" bw="1" slack="2147483647"/>
</pin_list>
<bind>
<StgValue><ssdm name="empty_4"/></StgValue>
</bind>
</comp>

<comp id="40" class="1001" name="const_40">
<pin_list>
<pin id="41" dir="1" index="0" bw="1" slack="0"/>
</pin_list>
<bind>
<StgValue><ssdm name=""/></StgValue>
</bind>
</comp>

<comp id="42" class="1001" name="const_42">
<pin_list>
<pin id="43" dir="1" index="0" bw="1" slack="0"/>
</pin_list>
<bind>
<StgValue><ssdm name=""/></StgValue>
</bind>
</comp>

<comp id="44" class="1001" name="const_44">
<pin_list>
<pin id="45" dir="1" index="0" bw="1" slack="2147483647"/>
</pin_list>
<bind>
<StgValue><ssdm name="empty_2"/></StgValue>
</bind>
</comp>

<comp id="46" class="1001" name="const_46">
<pin_list>
<pin id="47" dir="1" index="0" bw="1" slack="2147483647"/>
</pin_list>
<bind>
<StgValue><ssdm name="empty_1"/></StgValue>
</bind>
</comp>

<comp id="48" class="1001" name="const_48">
<pin_list>
<pin id="49" dir="1" index="0" bw="1" slack="2147483647"/>
</pin_list>
<bind>
<StgValue><ssdm name=""/></StgValue>
</bind>
</comp>

<comp id="50" class="1001" name="const_50">
<pin_list>
<pin id="51" dir="1" index="0" bw="1" slack="0"/>
</pin_list>
<bind>
<StgValue><ssdm name=""/></StgValue>
</bind>
</comp>

<comp id="52" class="1001" name="const_52">
<pin_list>
<pin id="53" dir="1" index="0" bw="1" slack="0"/>
</pin_list>
<bind>
<StgValue><ssdm name=""/></StgValue>
</bind>
</comp>

<comp id="54" class="1001" name="const_54">
<pin_list>
<pin id="55" dir="1" index="0" bw="1" slack="0"/>
</pin_list>
<bind>
<StgValue><ssdm name="_ssdm_op_BitSelect.i1.i2.i32"/></StgValue>
</bind>
</comp>

<comp id="56" class="1001" name="const_56">
<pin_list>
<pin id="57" dir="1" index="0" bw="1" slack="0"/>
</pin_list>
<bind>
<StgValue><ssdm name="_ssdm_op_Read.ap_fifo.volatile.i32P0A"/></StgValue>
</bind>
</comp>

<comp id="58" class="1001" name="const_58">
<pin_list>
<pin id="59" dir="1" index="0" bw="1" slack="0"/>
</pin_list>
<bind>
<StgValue><ssdm name=""/></StgValue>
</bind>
</comp>

<comp id="60" class="1001" name="const_60">
<pin_list>
<pin id="61" dir="1" index="0" bw="1" slack="0"/>
</pin_list>
<bind>
<StgValue><ssdm name=""/></StgValue>
</bind>
</comp>

<comp id="62" class="1001" name="const_62">
<pin_list>
<pin id="63" dir="1" index="0" bw="1" slack="0"/>
</pin_list>
<bind>
<StgValue><ssdm name="_ssdm_op_PartSelect.i31.i32.i32.i32"/></StgValue>
</bind>
</comp>

<comp id="64" class="1001" name="const_64">
<pin_list>
<pin id="65" dir="1" index="0" bw="1" slack="0"/>
</pin_list>
<bind>
<StgValue><ssdm name=""/></StgValue>
</bind>
</comp>

<comp id="66" class="1001" name="const_66">
<pin_list>
<pin id="67" dir="1" index="0" bw="1" slack="0"/>
</pin_list>
<bind>
<StgValue><ssdm name="_ssdm_op_BitConcatenate.i6.i3.i3"/></StgValue>
</bind>
</comp>

<comp id="68" class="1001" name="const_68">
<pin_list>
<pin id="69" dir="1" index="0" bw="1" slack="0"/>
</pin_list>
<bind>
<StgValue><ssdm name=""/></StgValue>
</bind>
</comp>

<comp id="70" class="1001" name="const_70">
<pin_list>
<pin id="71" dir="1" index="0" bw="1" slack="2147483647"/>
</pin_list>
<bind>
<StgValue><ssdm name="_ssdm_op_Wait"/></StgValue>
</bind>
</comp>

<comp id="72" class="1001" name="const_72">
<pin_list>
<pin id="73" dir="1" index="0" bw="1" slack="0"/>
</pin_list>
<bind>
<StgValue><ssdm name="streamtoparallelwithburst_Pipeline_VITIS_LOOP_29_2"/></StgValue>
</bind>
</comp>

<comp id="74" class="1001" name="const_74">
<pin_list>
<pin id="75" dir="1" index="0" bw="1" slack="0"/>
</pin_list>
<bind>
<StgValue><ssdm name="_ssdm_op_BitSelect.i1.i32.i32"/></StgValue>
</bind>
</comp>

<comp id="76" class="1001" name="const_76">
<pin_list>
<pin id="77" dir="1" index="0" bw="1" slack="0"/>
</pin_list>
<bind>
<StgValue><ssdm name="_ssdm_op_BitConcatenate.i35.i32.i3"/></StgValue>
</bind>
</comp>

<comp id="78" class="1001" name="const_78">
<pin_list>
<pin id="79" dir="1" index="0" bw="1" slack="0"/>
</pin_list>
<bind>
<StgValue><ssdm name="_ssdm_op_PartSelect.i22.i32.i32.i32"/></StgValue>
</bind>
</comp>

<comp id="80" class="1001" name="const_80">
<pin_list>
<pin id="81" dir="1" index="0" bw="1" slack="2147483647"/>
</pin_list>
<bind>
<StgValue><ssdm name="_ssdm_op_SpecLoopName"/></StgValue>
</bind>
</comp>

<comp id="82" class="1001" name="const_82">
<pin_list>
<pin id="83" dir="1" index="0" bw="1" slack="2147483647"/>
</pin_list>
<bind>
<StgValue><ssdm name="empty_7"/></StgValue>
</bind>
</comp>

<comp id="84" class="1001" name="const_84">
<pin_list>
<pin id="85" dir="1" index="0" bw="1" slack="0"/>
</pin_list>
<bind>
<StgValue><ssdm name=""/></StgValue>
</bind>
</comp>

<comp id="86" class="1001" name="const_86">
<pin_list>
<pin id="87" dir="1" index="0" bw="1" slack="0"/>
</pin_list>
<bind>
<StgValue><ssdm name=""/></StgValue>
</bind>
</comp>

<comp id="88" class="1001" name="const_88">
<pin_list>
<pin id="89" dir="1" index="0" bw="1" slack="0"/>
</pin_list>
<bind>
<StgValue><ssdm name="_ssdm_op_Write.ap_auto.i1P0A"/></StgValue>
</bind>
</comp>

<comp id="90" class="1004" name="out_memory_assign_fu_90">
<pin_list>
<pin id="91" dir="0" index="0" bw="1" slack="0"/>
<pin id="92" dir="1" index="1" bw="64" slack="0"/>
</pin_list>
<bind>
<opcode="alloca(26) " fcode="alloca"/>
<opset="out_memory_assign/1 "/>
</bind>
</comp>

<comp id="94" class="1004" name="final_s2m_len_V_fu_94">
<pin_list>
<pin id="95" dir="0" index="0" bw="1" slack="0"/>
<pin id="96" dir="1" index="1" bw="32" slack="0"/>
</pin_list>
<bind>
<opcode="alloca(26) " fcode="alloca"/>
<opset="final_s2m_len_V/1 "/>
</bind>
</comp>

<comp id="98" class="1004" name="out_memory_read_read_fu_98">
<pin_list>
<pin id="99" dir="0" index="0" bw="64" slack="0"/>
<pin id="100" dir="0" index="1" bw="64" slack="0"/>
<pin id="101" dir="1" index="2" bw="64" slack="0"/>
</pin_list>
<bind>
<opcode="read(1150) " fcode="read"/>
<opset="out_memory_read/1 "/>
</bind>
</comp>

<comp id="104" class="1004" name="kernel_mode_read_read_fu_104">
<pin_list>
<pin id="105" dir="0" index="0" bw="2" slack="0"/>
<pin id="106" dir="0" index="1" bw="2" slack="0"/>
<pin id="107" dir="1" index="2" bw="2" slack="0"/>
</pin_list>
<bind>
<opcode="read(1150) " fcode="read"/>
<opset="kernel_mode_read/1 "/>
</bind>
</comp>

<comp id="110" class="1004" name="tmp_4_read_fu_110">
<pin_list>
<pin id="111" dir="0" index="0" bw="32" slack="0"/>
<pin id="112" dir="0" index="1" bw="32" slack="0"/>
<pin id="113" dir="1" index="2" bw="32" slack="0"/>
</pin_list>
<bind>
<opcode="read(1150) " fcode="read"/>
<opset="tmp_4/2 "/>
</bind>
</comp>

<comp id="116" class="1004" name="write_ln58_write_fu_116">
<pin_list>
<pin id="117" dir="0" index="0" bw="0" slack="0"/>
<pin id="118" dir="0" index="1" bw="1" slack="0"/>
<pin id="119" dir="0" index="2" bw="1" slack="0"/>
<pin id="120" dir="1" index="3" bw="0" slack="2147483647"/>
</pin_list>
<bind>
<opcode="write(1151) " fcode="write"/>
<opset="write_ln58/4 "/>
</bind>
</comp>

<comp id="123" class="1004" name="grp_streamtoparallelwithburst_Pipeline_VITIS_LOOP_29_2_fu_123">
<pin_list>
<pin id="124" dir="0" index="0" bw="0" slack="0"/>
<pin id="125" dir="0" index="1" bw="32" slack="1"/>
<pin id="126" dir="0" index="2" bw="1" slack="2"/>
<pin id="127" dir="0" index="3" bw="64" slack="2147483647"/>
<pin id="128" dir="0" index="4" bw="6" slack="0"/>
<pin id="129" dir="0" index="5" bw="64" slack="0"/>
<pin id="130" dir="0" index="6" bw="8" slack="1"/>
<pin id="131" dir="0" index="7" bw="33" slack="0"/>
<pin id="132" dir="1" index="8" bw="0" slack="2147483647"/>
</pin_list>
<bind>
<opcode="call(48) " fcode="call"/>
<opset="call_ln145/3 "/>
</bind>
</comp>

<comp id="136" class="1004" name="icmp_ln1065_fu_136">
<pin_list>
<pin id="137" dir="0" index="0" bw="2" slack="0"/>
<pin id="138" dir="0" index="1" bw="1" slack="0"/>
<pin id="139" dir="1" index="2" bw="1" slack="0"/>
</pin_list>
<bind>
<opcode="icmp(45) " fcode="icmp"/>
<opset="icmp_ln1065/1 "/>
</bind>
</comp>

<comp id="142" class="1004" name="icmp_ln1065_1_fu_142">
<pin_list>
<pin id="143" dir="0" index="0" bw="2" slack="0"/>
<pin id="144" dir="0" index="1" bw="1" slack="0"/>
<pin id="145" dir="1" index="2" bw="1" slack="0"/>
</pin_list>
<bind>
<opcode="icmp(45) " fcode="icmp"/>
<opset="icmp_ln1065_1/1 "/>
</bind>
</comp>

<comp id="148" class="1004" name="even_fu_148">
<pin_list>
<pin id="149" dir="0" index="0" bw="1" slack="0"/>
<pin id="150" dir="0" index="1" bw="1" slack="0"/>
<pin id="151" dir="1" index="2" bw="1" slack="2"/>
</pin_list>
<bind>
<opcode="or(24) " fcode="or"/>
<opset="even/1 "/>
</bind>
</comp>

<comp id="154" class="1004" name="tmp_fu_154">
<pin_list>
<pin id="155" dir="0" index="0" bw="1" slack="0"/>
<pin id="156" dir="0" index="1" bw="2" slack="0"/>
<pin id="157" dir="0" index="2" bw="1" slack="0"/>
<pin id="158" dir="1" index="3" bw="1" slack="1"/>
</pin_list>
<bind>
<opcode="bitselect(1000) " fcode="bitselect"/>
<opset="tmp/1 "/>
</bind>
</comp>

<comp id="162" class="1004" name="store_ln25_store_fu_162">
<pin_list>
<pin id="163" dir="0" index="0" bw="1" slack="0"/>
<pin id="164" dir="0" index="1" bw="32" slack="0"/>
<pin id="165" dir="1" index="2" bw="0" slack="2147483647"/>
</pin_list>
<bind>
<opcode="store(28) " fcode="store"/>
<opset="store_ln25/1 "/>
</bind>
</comp>

<comp id="167" class="1004" name="store_ln25_store_fu_167">
<pin_list>
<pin id="168" dir="0" index="0" bw="64" slack="0"/>
<pin id="169" dir="0" index="1" bw="64" slack="0"/>
<pin id="170" dir="1" index="2" bw="0" slack="2147483647"/>
</pin_list>
<bind>
<opcode="store(28) " fcode="store"/>
<opset="store_ln25/1 "/>
</bind>
</comp>

<comp id="172" class="1004" name="out_memory_assign_load_load_fu_172">
<pin_list>
<pin id="173" dir="0" index="0" bw="64" slack="1"/>
<pin id="174" dir="1" index="1" bw="64" slack="0"/>
</pin_list>
<bind>
<opcode="load(27) " fcode="load"/>
<opset="out_memory_assign_load/2 "/>
</bind>
</comp>

<comp id="175" class="1004" name="trunc_ln34_fu_175">
<pin_list>
<pin id="176" dir="0" index="0" bw="64" slack="0"/>
<pin id="177" dir="1" index="1" bw="3" slack="0"/>
</pin_list>
<bind>
<opcode="trunc(33) " fcode="trunc"/>
<opset="trunc_ln34/2 "/>
</bind>
</comp>

<comp id="179" class="1004" name="xor_ln34_fu_179">
<pin_list>
<pin id="180" dir="0" index="0" bw="3" slack="0"/>
<pin id="181" dir="0" index="1" bw="3" slack="0"/>
<pin id="182" dir="1" index="2" bw="3" slack="0"/>
</pin_list>
<bind>
<opcode="xor(25) " fcode="xor"/>
<opset="xor_ln34/2 "/>
</bind>
</comp>

<comp id="185" class="1004" name="zext_ln34_fu_185">
<pin_list>
<pin id="186" dir="0" index="0" bw="3" slack="0"/>
<pin id="187" dir="1" index="1" bw="8" slack="0"/>
</pin_list>
<bind>
<opcode="zext(34) " fcode="zext"/>
<opset="zext_ln34/2 "/>
</bind>
</comp>

<comp id="189" class="1004" name="shl_ln34_fu_189">
<pin_list>
<pin id="190" dir="0" index="0" bw="5" slack="0"/>
<pin id="191" dir="0" index="1" bw="3" slack="0"/>
<pin id="192" dir="1" index="2" bw="8" slack="1"/>
</pin_list>
<bind>
<opcode="shl(20) " fcode="shl"/>
<opset="shl_ln34/2 "/>
</bind>
</comp>

<comp id="195" class="1004" name="sub_ln43_fu_195">
<pin_list>
<pin id="196" dir="0" index="0" bw="1" slack="0"/>
<pin id="197" dir="0" index="1" bw="32" slack="0"/>
<pin id="198" dir="1" index="2" bw="32" slack="0"/>
</pin_list>
<bind>
<opcode="sub(10) " fcode="sub"/>
<opset="sub_ln43/2 "/>
</bind>
</comp>

<comp id="201" class="1004" name="lshr_ln43_1_fu_201">
<pin_list>
<pin id="202" dir="0" index="0" bw="31" slack="0"/>
<pin id="203" dir="0" index="1" bw="32" slack="0"/>
<pin id="204" dir="0" index="2" bw="1" slack="0"/>
<pin id="205" dir="0" index="3" bw="6" slack="0"/>
<pin id="206" dir="1" index="4" bw="31" slack="1"/>
</pin_list>
<bind>
<opcode="partselect(1002) " fcode="partselect"/>
<opset="lshr_ln43_1/2 "/>
</bind>
</comp>

<comp id="211" class="1004" name="final_s2m_len_V_2_load_fu_211">
<pin_list>
<pin id="212" dir="0" index="0" bw="32" slack="2"/>
<pin id="213" dir="1" index="1" bw="32" slack="0"/>
</pin_list>
<bind>
<opcode="load(27) " fcode="load"/>
<opset="final_s2m_len_V_2/3 "/>
</bind>
</comp>

<comp id="214" class="1004" name="shl_ln34_2_fu_214">
<pin_list>
<pin id="215" dir="0" index="0" bw="6" slack="0"/>
<pin id="216" dir="0" index="1" bw="3" slack="1"/>
<pin id="217" dir="0" index="2" bw="1" slack="0"/>
<pin id="218" dir="1" index="3" bw="6" slack="0"/>
</pin_list>
<bind>
<opcode="bitconcatenate(1004) " fcode="bitconcatenate"/>
<opset="shl_ln34_2/3 "/>
</bind>
</comp>

<comp id="222" class="1004" name="tmp_2_fu_222">
<pin_list>
<pin id="223" dir="0" index="0" bw="1" slack="0"/>
<pin id="224" dir="0" index="1" bw="32" slack="1"/>
<pin id="225" dir="0" index="2" bw="6" slack="0"/>
<pin id="226" dir="1" index="3" bw="1" slack="0"/>
</pin_list>
<bind>
<opcode="bitselect(1000) " fcode="bitselect"/>
<opset="tmp_2/3 "/>
</bind>
</comp>

<comp id="229" class="1004" name="zext_ln43_fu_229">
<pin_list>
<pin id="230" dir="0" index="0" bw="31" slack="1"/>
<pin id="231" dir="1" index="1" bw="32" slack="0"/>
</pin_list>
<bind>
<opcode="zext(34) " fcode="zext"/>
<opset="zext_ln43/3 "/>
</bind>
</comp>

<comp id="232" class="1004" name="sub_ln43_1_fu_232">
<pin_list>
<pin id="233" dir="0" index="0" bw="1" slack="0"/>
<pin id="234" dir="0" index="1" bw="31" slack="0"/>
<pin id="235" dir="1" index="2" bw="32" slack="0"/>
</pin_list>
<bind>
<opcode="sub(10) " fcode="sub"/>
<opset="sub_ln43_1/3 "/>
</bind>
</comp>

<comp id="238" class="1004" name="lshr_ln43_2_fu_238">
<pin_list>
<pin id="239" dir="0" index="0" bw="31" slack="0"/>
<pin id="240" dir="0" index="1" bw="32" slack="1"/>
<pin id="241" dir="0" index="2" bw="1" slack="0"/>
<pin id="242" dir="0" index="3" bw="6" slack="0"/>
<pin id="243" dir="1" index="4" bw="31" slack="0"/>
</pin_list>
<bind>
<opcode="partselect(1002) " fcode="partselect"/>
<opset="lshr_ln43_2/3 "/>
</bind>
</comp>

<comp id="247" class="1004" name="zext_ln43_1_fu_247">
<pin_list>
<pin id="248" dir="0" index="0" bw="31" slack="0"/>
<pin id="249" dir="1" index="1" bw="32" slack="0"/>
</pin_list>
<bind>
<opcode="zext(34) " fcode="zext"/>
<opset="zext_ln43_1/3 "/>
</bind>
</comp>

<comp id="251" class="1004" name="select_ln43_fu_251">
<pin_list>
<pin id="252" dir="0" index="0" bw="1" slack="0"/>
<pin id="253" dir="0" index="1" bw="32" slack="0"/>
<pin id="254" dir="0" index="2" bw="31" slack="0"/>
<pin id="255" dir="1" index="3" bw="32" slack="0"/>
</pin_list>
<bind>
<opcode="select(49) " fcode="select"/>
<opset="select_ln43/3 "/>
</bind>
</comp>

<comp id="259" class="1004" name="select_ln42_fu_259">
<pin_list>
<pin id="260" dir="0" index="0" bw="1" slack="2"/>
<pin id="261" dir="0" index="1" bw="32" slack="1"/>
<pin id="262" dir="0" index="2" bw="32" slack="0"/>
<pin id="263" dir="1" index="3" bw="32" slack="0"/>
</pin_list>
<bind>
<opcode="select(49) " fcode="select"/>
<opset="select_ln42/3 "/>
</bind>
</comp>

<comp id="265" class="1004" name="shl_ln_fu_265">
<pin_list>
<pin id="266" dir="0" index="0" bw="35" slack="0"/>
<pin id="267" dir="0" index="1" bw="32" slack="0"/>
<pin id="268" dir="0" index="2" bw="1" slack="0"/>
<pin id="269" dir="1" index="3" bw="35" slack="0"/>
</pin_list>
<bind>
<opcode="bitconcatenate(1004) " fcode="bitconcatenate"/>
<opset="shl_ln/3 "/>
</bind>
</comp>

<comp id="273" class="1004" name="sext_ln5_fu_273">
<pin_list>
<pin id="274" dir="0" index="0" bw="35" slack="0"/>
<pin id="275" dir="1" index="1" bw="64" slack="0"/>
</pin_list>
<bind>
<opcode="sext(35) " fcode="sext"/>
<opset="sext_ln5/3 "/>
</bind>
</comp>

<comp id="277" class="1004" name="add_ln5_fu_277">
<pin_list>
<pin id="278" dir="0" index="0" bw="64" slack="2147483647"/>
<pin id="279" dir="0" index="1" bw="35" slack="0"/>
<pin id="280" dir="1" index="2" bw="64" slack="1"/>
</pin_list>
<bind>
<opcode="add(8) " fcode="add"/>
<opset="add_ln5/3 "/>
</bind>
</comp>

<comp id="282" class="1004" name="final_s2m_len_V_3_fu_282">
<pin_list>
<pin id="283" dir="0" index="0" bw="32" slack="0"/>
<pin id="284" dir="0" index="1" bw="32" slack="0"/>
<pin id="285" dir="1" index="2" bw="32" slack="0"/>
</pin_list>
<bind>
<opcode="add(8) " fcode="add"/>
<opset="final_s2m_len_V_3/3 "/>
</bind>
</comp>

<comp id="288" class="1004" name="tmp_3_fu_288">
<pin_list>
<pin id="289" dir="0" index="0" bw="22" slack="0"/>
<pin id="290" dir="0" index="1" bw="32" slack="0"/>
<pin id="291" dir="0" index="2" bw="5" slack="0"/>
<pin id="292" dir="0" index="3" bw="6" slack="0"/>
<pin id="293" dir="1" index="4" bw="22" slack="1"/>
</pin_list>
<bind>
<opcode="partselect(1002) " fcode="partselect"/>
<opset="tmp_3/3 "/>
</bind>
</comp>

<comp id="298" class="1004" name="out_sts_fu_298">
<pin_list>
<pin id="299" dir="0" index="0" bw="32" slack="1"/>
<pin id="300" dir="0" index="1" bw="12" slack="0"/>
<pin id="301" dir="1" index="2" bw="1" slack="0"/>
</pin_list>
<bind>
<opcode="icmp(45) " fcode="icmp"/>
<opset="out_sts/4 "/>
</bind>
</comp>

<comp id="304" class="1004" name="add_ln56_fu_304">
<pin_list>
<pin id="305" dir="0" index="0" bw="64" slack="1"/>
<pin id="306" dir="0" index="1" bw="14" slack="0"/>
<pin id="307" dir="1" index="2" bw="64" slack="0"/>
</pin_list>
<bind>
<opcode="add(8) " fcode="add"/>
<opset="add_ln56/4 "/>
</bind>
</comp>

<comp id="309" class="1004" name="select_ln55_fu_309">
<pin_list>
<pin id="310" dir="0" index="0" bw="1" slack="0"/>
<pin id="311" dir="0" index="1" bw="64" slack="0"/>
<pin id="312" dir="0" index="2" bw="64" slack="1"/>
<pin id="313" dir="1" index="3" bw="64" slack="0"/>
</pin_list>
<bind>
<opcode="select(49) " fcode="select"/>
<opset="select_ln55/4 "/>
</bind>
</comp>

<comp id="316" class="1004" name="icmp_ln1073_fu_316">
<pin_list>
<pin id="317" dir="0" index="0" bw="22" slack="1"/>
<pin id="318" dir="0" index="1" bw="1" slack="0"/>
<pin id="319" dir="1" index="2" bw="1" slack="2147483647"/>
</pin_list>
<bind>
<opcode="icmp(45) " fcode="icmp"/>
<opset="icmp_ln1073/4 "/>
</bind>
</comp>

<comp id="321" class="1004" name="store_ln60_store_fu_321">
<pin_list>
<pin id="322" dir="0" index="0" bw="32" slack="1"/>
<pin id="323" dir="0" index="1" bw="32" slack="3"/>
<pin id="324" dir="1" index="2" bw="0" slack="2147483647"/>
</pin_list>
<bind>
<opcode="store(28) " fcode="store"/>
<opset="store_ln60/4 "/>
</bind>
</comp>

<comp id="325" class="1004" name="store_ln60_store_fu_325">
<pin_list>
<pin id="326" dir="0" index="0" bw="64" slack="0"/>
<pin id="327" dir="0" index="1" bw="64" slack="3"/>
<pin id="328" dir="1" index="2" bw="0" slack="2147483647"/>
</pin_list>
<bind>
<opcode="store(28) " fcode="store"/>
<opset="store_ln60/4 "/>
</bind>
</comp>

<comp id="330" class="1005" name="out_memory_assign_reg_330">
<pin_list>
<pin id="331" dir="0" index="0" bw="64" slack="0"/>
<pin id="332" dir="1" index="1" bw="64" slack="0"/>
</pin_list>
<bind>
<opset="out_memory_assign "/>
</bind>
</comp>

<comp id="337" class="1005" name="final_s2m_len_V_reg_337">
<pin_list>
<pin id="338" dir="0" index="0" bw="32" slack="0"/>
<pin id="339" dir="1" index="1" bw="32" slack="0"/>
</pin_list>
<bind>
<opset="final_s2m_len_V "/>
</bind>
</comp>

<comp id="344" class="1005" name="even_reg_344">
<pin_list>
<pin id="345" dir="0" index="0" bw="1" slack="2"/>
<pin id="346" dir="1" index="1" bw="1" slack="2"/>
</pin_list>
<bind>
<opset="even "/>
</bind>
</comp>

<comp id="349" class="1005" name="tmp_reg_349">
<pin_list>
<pin id="350" dir="0" index="0" bw="1" slack="1"/>
<pin id="351" dir="1" index="1" bw="1" slack="2"/>
</pin_list>
<bind>
<opset="tmp "/>
</bind>
</comp>

<comp id="357" class="1005" name="tmp_4_reg_357">
<pin_list>
<pin id="358" dir="0" index="0" bw="32" slack="1"/>
<pin id="359" dir="1" index="1" bw="32" slack="1"/>
</pin_list>
<bind>
<opset="tmp_4 "/>
</bind>
</comp>

<comp id="365" class="1005" name="xor_ln34_reg_365">
<pin_list>
<pin id="366" dir="0" index="0" bw="3" slack="1"/>
<pin id="367" dir="1" index="1" bw="3" slack="1"/>
</pin_list>
<bind>
<opset="xor_ln34 "/>
</bind>
</comp>

<comp id="370" class="1005" name="shl_ln34_reg_370">
<pin_list>
<pin id="371" dir="0" index="0" bw="8" slack="1"/>
<pin id="372" dir="1" index="1" bw="8" slack="1"/>
</pin_list>
<bind>
<opset="shl_ln34 "/>
</bind>
</comp>

<comp id="375" class="1005" name="lshr_ln43_1_reg_375">
<pin_list>
<pin id="376" dir="0" index="0" bw="31" slack="1"/>
<pin id="377" dir="1" index="1" bw="31" slack="1"/>
</pin_list>
<bind>
<opset="lshr_ln43_1 "/>
</bind>
</comp>

<comp id="380" class="1005" name="shl_ln34_2_reg_380">
<pin_list>
<pin id="381" dir="0" index="0" bw="6" slack="1"/>
<pin id="382" dir="1" index="1" bw="6" slack="1"/>
</pin_list>
<bind>
<opset="shl_ln34_2 "/>
</bind>
</comp>

<comp id="385" class="1005" name="add_ln5_reg_385">
<pin_list>
<pin id="386" dir="0" index="0" bw="64" slack="1"/>
<pin id="387" dir="1" index="1" bw="64" slack="1"/>
</pin_list>
<bind>
<opset="add_ln5 "/>
</bind>
</comp>

<comp id="391" class="1005" name="final_s2m_len_V_3_reg_391">
<pin_list>
<pin id="392" dir="0" index="0" bw="32" slack="1"/>
<pin id="393" dir="1" index="1" bw="32" slack="1"/>
</pin_list>
<bind>
<opset="final_s2m_len_V_3 "/>
</bind>
</comp>

<comp id="397" class="1005" name="tmp_3_reg_397">
<pin_list>
<pin id="398" dir="0" index="0" bw="22" slack="1"/>
<pin id="399" dir="1" index="1" bw="22" slack="1"/>
</pin_list>
<bind>
<opset="tmp_3 "/>
</bind>
</comp>

</comp_list>

<net_list>
<net id="93"><net_src comp="12" pin="0"/><net_sink comp="90" pin=0"/></net>

<net id="97"><net_src comp="12" pin="0"/><net_sink comp="94" pin=0"/></net>

<net id="102"><net_src comp="30" pin="0"/><net_sink comp="98" pin=0"/></net>

<net id="103"><net_src comp="10" pin="0"/><net_sink comp="98" pin=1"/></net>

<net id="108"><net_src comp="32" pin="0"/><net_sink comp="104" pin=0"/></net>

<net id="109"><net_src comp="6" pin="0"/><net_sink comp="104" pin=1"/></net>

<net id="114"><net_src comp="56" pin="0"/><net_sink comp="110" pin=0"/></net>

<net id="115"><net_src comp="2" pin="0"/><net_sink comp="110" pin=1"/></net>

<net id="121"><net_src comp="88" pin="0"/><net_sink comp="116" pin=0"/></net>

<net id="122"><net_src comp="4" pin="0"/><net_sink comp="116" pin=1"/></net>

<net id="133"><net_src comp="72" pin="0"/><net_sink comp="123" pin=0"/></net>

<net id="134"><net_src comp="8" pin="0"/><net_sink comp="123" pin=5"/></net>

<net id="135"><net_src comp="0" pin="0"/><net_sink comp="123" pin=7"/></net>

<net id="140"><net_src comp="104" pin="2"/><net_sink comp="136" pin=0"/></net>

<net id="141"><net_src comp="50" pin="0"/><net_sink comp="136" pin=1"/></net>

<net id="146"><net_src comp="104" pin="2"/><net_sink comp="142" pin=0"/></net>

<net id="147"><net_src comp="52" pin="0"/><net_sink comp="142" pin=1"/></net>

<net id="152"><net_src comp="136" pin="2"/><net_sink comp="148" pin=0"/></net>

<net id="153"><net_src comp="142" pin="2"/><net_sink comp="148" pin=1"/></net>

<net id="159"><net_src comp="54" pin="0"/><net_sink comp="154" pin=0"/></net>

<net id="160"><net_src comp="104" pin="2"/><net_sink comp="154" pin=1"/></net>

<net id="161"><net_src comp="12" pin="0"/><net_sink comp="154" pin=2"/></net>

<net id="166"><net_src comp="18" pin="0"/><net_sink comp="162" pin=0"/></net>

<net id="171"><net_src comp="98" pin="2"/><net_sink comp="167" pin=0"/></net>

<net id="178"><net_src comp="172" pin="1"/><net_sink comp="175" pin=0"/></net>

<net id="183"><net_src comp="175" pin="1"/><net_sink comp="179" pin=0"/></net>

<net id="184"><net_src comp="58" pin="0"/><net_sink comp="179" pin=1"/></net>

<net id="188"><net_src comp="179" pin="2"/><net_sink comp="185" pin=0"/></net>

<net id="193"><net_src comp="60" pin="0"/><net_sink comp="189" pin=0"/></net>

<net id="194"><net_src comp="185" pin="1"/><net_sink comp="189" pin=1"/></net>

<net id="199"><net_src comp="18" pin="0"/><net_sink comp="195" pin=0"/></net>

<net id="200"><net_src comp="110" pin="2"/><net_sink comp="195" pin=1"/></net>

<net id="207"><net_src comp="62" pin="0"/><net_sink comp="201" pin=0"/></net>

<net id="208"><net_src comp="195" pin="2"/><net_sink comp="201" pin=1"/></net>

<net id="209"><net_src comp="12" pin="0"/><net_sink comp="201" pin=2"/></net>

<net id="210"><net_src comp="64" pin="0"/><net_sink comp="201" pin=3"/></net>

<net id="219"><net_src comp="66" pin="0"/><net_sink comp="214" pin=0"/></net>

<net id="220"><net_src comp="68" pin="0"/><net_sink comp="214" pin=2"/></net>

<net id="221"><net_src comp="214" pin="3"/><net_sink comp="123" pin=4"/></net>

<net id="227"><net_src comp="74" pin="0"/><net_sink comp="222" pin=0"/></net>

<net id="228"><net_src comp="64" pin="0"/><net_sink comp="222" pin=2"/></net>

<net id="236"><net_src comp="18" pin="0"/><net_sink comp="232" pin=0"/></net>

<net id="237"><net_src comp="229" pin="1"/><net_sink comp="232" pin=1"/></net>

<net id="244"><net_src comp="62" pin="0"/><net_sink comp="238" pin=0"/></net>

<net id="245"><net_src comp="12" pin="0"/><net_sink comp="238" pin=2"/></net>

<net id="246"><net_src comp="64" pin="0"/><net_sink comp="238" pin=3"/></net>

<net id="250"><net_src comp="238" pin="4"/><net_sink comp="247" pin=0"/></net>

<net id="256"><net_src comp="222" pin="3"/><net_sink comp="251" pin=0"/></net>

<net id="257"><net_src comp="232" pin="2"/><net_sink comp="251" pin=1"/></net>

<net id="258"><net_src comp="247" pin="1"/><net_sink comp="251" pin=2"/></net>

<net id="264"><net_src comp="251" pin="3"/><net_sink comp="259" pin=2"/></net>

<net id="270"><net_src comp="76" pin="0"/><net_sink comp="265" pin=0"/></net>

<net id="271"><net_src comp="259" pin="3"/><net_sink comp="265" pin=1"/></net>

<net id="272"><net_src comp="68" pin="0"/><net_sink comp="265" pin=2"/></net>

<net id="276"><net_src comp="265" pin="3"/><net_sink comp="273" pin=0"/></net>

<net id="281"><net_src comp="273" pin="1"/><net_sink comp="277" pin=1"/></net>

<net id="286"><net_src comp="259" pin="3"/><net_sink comp="282" pin=0"/></net>

<net id="287"><net_src comp="211" pin="1"/><net_sink comp="282" pin=1"/></net>

<net id="294"><net_src comp="78" pin="0"/><net_sink comp="288" pin=0"/></net>

<net id="295"><net_src comp="282" pin="2"/><net_sink comp="288" pin=1"/></net>

<net id="296"><net_src comp="40" pin="0"/><net_sink comp="288" pin=2"/></net>

<net id="297"><net_src comp="64" pin="0"/><net_sink comp="288" pin=3"/></net>

<net id="302"><net_src comp="42" pin="0"/><net_sink comp="298" pin=1"/></net>

<net id="303"><net_src comp="298" pin="2"/><net_sink comp="116" pin=2"/></net>

<net id="308"><net_src comp="84" pin="0"/><net_sink comp="304" pin=1"/></net>

<net id="314"><net_src comp="298" pin="2"/><net_sink comp="309" pin=0"/></net>

<net id="315"><net_src comp="304" pin="2"/><net_sink comp="309" pin=1"/></net>

<net id="320"><net_src comp="86" pin="0"/><net_sink comp="316" pin=1"/></net>

<net id="329"><net_src comp="309" pin="3"/><net_sink comp="325" pin=0"/></net>

<net id="333"><net_src comp="90" pin="1"/><net_sink comp="330" pin=0"/></net>

<net id="334"><net_src comp="330" pin="1"/><net_sink comp="167" pin=1"/></net>

<net id="335"><net_src comp="330" pin="1"/><net_sink comp="172" pin=0"/></net>

<net id="336"><net_src comp="330" pin="1"/><net_sink comp="325" pin=1"/></net>

<net id="340"><net_src comp="94" pin="1"/><net_sink comp="337" pin=0"/></net>

<net id="341"><net_src comp="337" pin="1"/><net_sink comp="162" pin=1"/></net>

<net id="342"><net_src comp="337" pin="1"/><net_sink comp="211" pin=0"/></net>

<net id="343"><net_src comp="337" pin="1"/><net_sink comp="321" pin=1"/></net>

<net id="347"><net_src comp="148" pin="2"/><net_sink comp="344" pin=0"/></net>

<net id="348"><net_src comp="344" pin="1"/><net_sink comp="123" pin=2"/></net>

<net id="352"><net_src comp="154" pin="3"/><net_sink comp="349" pin=0"/></net>

<net id="353"><net_src comp="349" pin="1"/><net_sink comp="259" pin=0"/></net>

<net id="360"><net_src comp="110" pin="2"/><net_sink comp="357" pin=0"/></net>

<net id="361"><net_src comp="357" pin="1"/><net_sink comp="123" pin=1"/></net>

<net id="362"><net_src comp="357" pin="1"/><net_sink comp="222" pin=1"/></net>

<net id="363"><net_src comp="357" pin="1"/><net_sink comp="238" pin=1"/></net>

<net id="364"><net_src comp="357" pin="1"/><net_sink comp="259" pin=1"/></net>

<net id="368"><net_src comp="179" pin="2"/><net_sink comp="365" pin=0"/></net>

<net id="369"><net_src comp="365" pin="1"/><net_sink comp="214" pin=1"/></net>

<net id="373"><net_src comp="189" pin="2"/><net_sink comp="370" pin=0"/></net>

<net id="374"><net_src comp="370" pin="1"/><net_sink comp="123" pin=6"/></net>

<net id="378"><net_src comp="201" pin="4"/><net_sink comp="375" pin=0"/></net>

<net id="379"><net_src comp="375" pin="1"/><net_sink comp="229" pin=0"/></net>

<net id="383"><net_src comp="214" pin="3"/><net_sink comp="380" pin=0"/></net>

<net id="384"><net_src comp="380" pin="1"/><net_sink comp="123" pin=4"/></net>

<net id="388"><net_src comp="277" pin="2"/><net_sink comp="385" pin=0"/></net>

<net id="389"><net_src comp="385" pin="1"/><net_sink comp="304" pin=0"/></net>

<net id="390"><net_src comp="385" pin="1"/><net_sink comp="309" pin=2"/></net>

<net id="394"><net_src comp="282" pin="2"/><net_sink comp="391" pin=0"/></net>

<net id="395"><net_src comp="391" pin="1"/><net_sink comp="298" pin=0"/></net>

<net id="396"><net_src comp="391" pin="1"/><net_sink comp="321" pin=0"/></net>

<net id="400"><net_src comp="288" pin="4"/><net_sink comp="397" pin=0"/></net>

<net id="401"><net_src comp="397" pin="1"/><net_sink comp="316" pin=0"/></net>

</net_list>

</model> 
---------------- Datapath Model END ------------------

* FSMD analyzer results:
  - Output states:
	Port: s2m_buf_sts | {4 }
	Port: gmem0 | {3 4 }
 - Input state : 
	Port: streamtoparallelwithburst : inbuf | {3 4 }
	Port: streamtoparallelwithburst : incount25 | {2 }
	Port: streamtoparallelwithburst : kernel_mode | {1 }
	Port: streamtoparallelwithburst : out_memory | {1 }
  - Chain level:
	State 1
		even : 1
		store_ln25 : 1
	State 2
		trunc_ln34 : 1
		xor_ln34 : 2
		zext_ln34 : 2
		shl_ln34 : 3
		lshr_ln43_1 : 1
	State 3
		call_ln145 : 1
		sub_ln43_1 : 1
		zext_ln43_1 : 1
		select_ln43 : 2
		select_ln42 : 3
		shl_ln : 4
		sext_ln5 : 5
		add_ln5 : 6
		final_s2m_len_V_3 : 4
		tmp_3 : 5
	State 4
		select_ln55 : 1
		br_ln60 : 1
		store_ln60 : 2
		write_ln58 : 1


============================================================
+ Verbose Summary: Datapath Resource usage 
============================================================

* Functional unit list:
|----------|---------------------------------------------------------------|---------|---------|---------|
| Operation|                        Functional Unit                        |  Delay  |    FF   |   LUT   |
|----------|---------------------------------------------------------------|---------|---------|---------|
|   call   | grp_streamtoparallelwithburst_Pipeline_VITIS_LOOP_29_2_fu_123 |  6.352  |   613   |   462   |
|----------|---------------------------------------------------------------|---------|---------|---------|
|          |                         add_ln5_fu_277                        |    0    |    0    |    71   |
|    add   |                    final_s2m_len_V_3_fu_282                   |    0    |    0    |    39   |
|          |                        add_ln56_fu_304                        |    0    |    0    |    71   |
|----------|---------------------------------------------------------------|---------|---------|---------|
|          |                       select_ln43_fu_251                      |    0    |    0    |    32   |
|  select  |                       select_ln42_fu_259                      |    0    |    0    |    32   |
|          |                       select_ln55_fu_309                      |    0    |    0    |    64   |
|----------|---------------------------------------------------------------|---------|---------|---------|
|    sub   |                        sub_ln43_fu_195                        |    0    |    0    |    39   |
|          |                       sub_ln43_1_fu_232                       |    0    |    0    |    38   |
|----------|---------------------------------------------------------------|---------|---------|---------|
|          |                       icmp_ln1065_fu_136                      |    0    |    0    |    8    |
|   icmp   |                      icmp_ln1065_1_fu_142                     |    0    |    0    |    8    |
|          |                         out_sts_fu_298                        |    0    |    0    |    18   |
|          |                       icmp_ln1073_fu_316                      |    0    |    0    |    14   |
|----------|---------------------------------------------------------------|---------|---------|---------|
|    shl   |                        shl_ln34_fu_189                        |    0    |    0    |    11   |
|----------|---------------------------------------------------------------|---------|---------|---------|
|    xor   |                        xor_ln34_fu_179                        |    0    |    0    |    3    |
|----------|---------------------------------------------------------------|---------|---------|---------|
|    or    |                          even_fu_148                          |    0    |    0    |    2    |
|----------|---------------------------------------------------------------|---------|---------|---------|
|          |                   out_memory_read_read_fu_98                  |    0    |    0    |    0    |
|   read   |                  kernel_mode_read_read_fu_104                 |    0    |    0    |    0    |
|          |                       tmp_4_read_fu_110                       |    0    |    0    |    0    |
|----------|---------------------------------------------------------------|---------|---------|---------|
|   write  |                    write_ln58_write_fu_116                    |    0    |    0    |    0    |
|----------|---------------------------------------------------------------|---------|---------|---------|
| bitselect|                           tmp_fu_154                          |    0    |    0    |    0    |
|          |                          tmp_2_fu_222                         |    0    |    0    |    0    |
|----------|---------------------------------------------------------------|---------|---------|---------|
|   trunc  |                       trunc_ln34_fu_175                       |    0    |    0    |    0    |
|----------|---------------------------------------------------------------|---------|---------|---------|
|          |                        zext_ln34_fu_185                       |    0    |    0    |    0    |
|   zext   |                        zext_ln43_fu_229                       |    0    |    0    |    0    |
|          |                       zext_ln43_1_fu_247                      |    0    |    0    |    0    |
|----------|---------------------------------------------------------------|---------|---------|---------|
|          |                       lshr_ln43_1_fu_201                      |    0    |    0    |    0    |
|partselect|                       lshr_ln43_2_fu_238                      |    0    |    0    |    0    |
|          |                          tmp_3_fu_288                         |    0    |    0    |    0    |
|----------|---------------------------------------------------------------|---------|---------|---------|
|bitconcatenate|                       shl_ln34_2_fu_214                       |    0    |    0    |    0    |
|          |                         shl_ln_fu_265                         |    0    |    0    |    0    |
|----------|---------------------------------------------------------------|---------|---------|---------|
|   sext   |                        sext_ln5_fu_273                        |    0    |    0    |    0    |
|----------|---------------------------------------------------------------|---------|---------|---------|
|   Total  |                                                               |  6.352  |   613   |   912   |
|----------|---------------------------------------------------------------|---------|---------|---------|

Memories:
N/A

* Register list:
+-------------------------+--------+
|                         |   FF   |
+-------------------------+--------+
|     add_ln5_reg_385     |   64   |
|       even_reg_344      |    1   |
|final_s2m_len_V_3_reg_391|   32   |
| final_s2m_len_V_reg_337 |   32   |
|   lshr_ln43_1_reg_375   |   31   |
|out_memory_assign_reg_330|   64   |
|    shl_ln34_2_reg_380   |    6   |
|     shl_ln34_reg_370    |    8   |
|      tmp_3_reg_397      |   22   |
|      tmp_4_reg_357      |   32   |
|       tmp_reg_349       |    1   |
|     xor_ln34_reg_365    |    3   |
+-------------------------+--------+
|          Total          |   296  |
+-------------------------+--------+

* Multiplexer (MUX) list: 
|---------------------------------------------------------------|------|------|------|--------||---------||---------|
|                              Comp                             |  Pin | Size |  BW  | S x BW ||  Delay  ||   LUT   |
|---------------------------------------------------------------|------|------|------|--------||---------||---------|
| grp_streamtoparallelwithburst_Pipeline_VITIS_LOOP_29_2_fu_123 |  p4  |   2  |   6  |   12   ||    9    |
|---------------------------------------------------------------|------|------|------|--------||---------||---------|
|                             Total                             |      |      |      |   12   ||  1.588  ||    9    |
|---------------------------------------------------------------|------|------|------|--------||---------||---------|



* Summary:
+-----------+--------+--------+--------+
|           |  Delay |   FF   |   LUT  |
+-----------+--------+--------+--------+
|  Function |    6   |   613  |   912  |
|   Memory  |    -   |    -   |    -   |
|Multiplexer|    1   |    -   |    9   |
|  Register |    -   |   296  |    -   |
+-----------+--------+--------+--------+
|   Total   |    7   |   909  |   921  |
+-----------+--------+--------+--------+
