

================================================================
== Vitis HLS Report for 'streamtoparallelwithburst_Pipeline_VITIS_LOOP_29_2'
================================================================
* Date:           Fri May 24 13:42:53 2024

* Version:        2022.1 (Build 3526262 on Mon Apr 18 15:47:01 MDT 2022)
* Project:        hls_userdma.prj
* Solution:       solution1 (Vivado IP Flow Target)
* Product family: zynq
* Target device:  xc7z020-clg400-1


================================================================
== Performance Estimates
================================================================
+ Timing: 
    * Summary: 
    +--------+----------+----------+------------+
    |  Clock |  Target  | Estimated| Uncertainty|
    +--------+----------+----------+------------+
    |ap_clk  |  10.00 ns|  7.300 ns|     2.70 ns|
    +--------+----------+----------+------------+

+ Latency: 
    * Summary: 
    +---------+---------+----------+----------+-----+-----+---------+
    |  Latency (cycles) |  Latency (absolute) |  Interval | Pipeline|
    |   min   |   max   |    min   |    max   | min | max |   Type  |
    +---------+---------+----------+----------+-----+-----+---------+
    |        ?|        ?|         ?|         ?|    ?|    ?|       no|
    +---------+---------+----------+----------+-----+-----+---------+

    + Detail: 
        * Instance: 
        N/A

        * Loop: 
        +-------------------+---------+---------+----------+-----------+-----------+------+----------+
        |                   |  Latency (cycles) | Iteration|  Initiation Interval  | Trip |          |
        |     Loop Name     |   min   |   max   |  Latency |  achieved |   target  | Count| Pipelined|
        +-------------------+---------+---------+----------+-----------+-----------+------+----------+
        |- VITIS_LOOP_29_2  |        ?|        ?|        18|          1|          1|     ?|       yes|
        +-------------------+---------+---------+----------+-----------+-----------+------+----------+

============================================================
+ Verbose Summary: Synthesis Manager
============================================================
InlineROM: 1
ExposeGlobal: 0
============================================================
+ Verbose Summary: CDFG Model
============================================================
IsTopModel: 0
ResetActiveHigh: 1
IsCombinational: 0
IsDatapathOnly: 0
HasWiredReturn: 1
HasMFsm: 2
HasVarLatency: 1
IsPipeline: 0
IsRtlPipelined: 0
IsInstanceOverlapped: 0
IsDontTouch: 0
HasImplIP: 0
IsGatedGlobalClock: 0

+ Individual pipeline summary: 
  * Pipeline-0: initiation interval (II) = 1, depth = 18


============================================================
+ Verbose Summary: Schedule
============================================================
* Number of FSM states : 18
* Pipeline : 1
  Pipeline-0 : II = 1, D = 18, States = { 1 2 3 4 5 6 7 8 9 10 11 12 13 14 15 16 17 18 }
* Dataflow Pipeline: 0

* FSM state transitions: 
1 --> 2 
2 --> 3 
3 --> 4 
4 --> 5 
5 --> 6 
6 --> 7 
7 --> 8 
8 --> 9 
9 --> 10 
10 --> 11 
11 --> 12 
12 --> 13 
13 --> 14 
14 --> 15 
15 --> 16 
16 --> 17 
17 --> 18 
18 --> 

* FSM state operations: 

State 1 <SV = 0> <Delay = 4.11>
ST_1 : Operation 21 [1/1] (0.00ns)   --->   "%a = alloca i32 1"   --->   Operation 21 'alloca' 'a' <Predicate = true> <Delay = 0.00>
ST_1 : Operation 22 [1/1] (0.00ns)   --->   "%i = alloca i32 1"   --->   Operation 22 'alloca' 'i' <Predicate = true> <Delay = 0.00>
ST_1 : Operation 23 [1/1] (0.00ns)   --->   "%shl_ln34_1_read = read i8 @_ssdm_op_Read.ap_auto.i8, i8 %shl_ln34_1"   --->   Operation 23 'read' 'shl_ln34_1_read' <Predicate = true> <Delay = 0.00>
ST_1 : Operation 24 [1/1] (0.00ns)   --->   "%zext_ln34_1_read = read i6 @_ssdm_op_Read.ap_auto.i6, i6 %zext_ln34_1"   --->   Operation 24 'read' 'zext_ln34_1_read' <Predicate = true> <Delay = 0.00>
ST_1 : Operation 25 [1/1] (0.00ns)   --->   "%out_memory_assign_read = read i64 @_ssdm_op_Read.ap_auto.i64, i64 %out_memory_assign"   --->   Operation 25 'read' 'out_memory_assign_read' <Predicate = true> <Delay = 0.00>
ST_1 : Operation 26 [1/1] (0.00ns)   --->   "%even_read = read i1 @_ssdm_op_Read.ap_auto.i1, i1 %even"   --->   Operation 26 'read' 'even_read' <Predicate = true> <Delay = 0.00>
ST_1 : Operation 27 [1/1] (0.00ns)   --->   "%tmp_read = read i32 @_ssdm_op_Read.ap_auto.i32, i32 %tmp"   --->   Operation 27 'read' 'tmp_read' <Predicate = true> <Delay = 0.00>
ST_1 : Operation 28 [1/1] (0.00ns)   --->   "%zext_ln34_1_cast = zext i6 %zext_ln34_1_read"   --->   Operation 28 'zext' 'zext_ln34_1_cast' <Predicate = true> <Delay = 0.00>
ST_1 : Operation 29 [1/1] (0.00ns)   --->   "%specinterface_ln0 = specinterface void @_ssdm_op_SpecInterface, i64 %gmem0, void @empty_4, i32 0, i32 0, void @empty_3, i32 10, i32 1024, void @empty_2, void @empty_1, void @empty_3, i32 16, i32 16, i32 16, i32 32, void @empty_3, void @empty_3, i32 4294967295, i32 0"   --->   Operation 29 'specinterface' 'specinterface_ln0' <Predicate = true> <Delay = 0.00>
ST_1 : Operation 30 [1/1] (0.00ns)   --->   "%specinterface_ln0 = specinterface void @_ssdm_op_SpecInterface, i33 %inbuf, void @empty_16, i32 0, i32 0, void @empty_3, i32 0, i32 0, void @empty_3, void @empty_3, void @empty_3, i32 0, i32 0, i32 0, i32 0, void @empty_3, void @empty_3, i32 4294967295, i32 0"   --->   Operation 30 'specinterface' 'specinterface_ln0' <Predicate = true> <Delay = 0.00>
ST_1 : Operation 31 [1/1] (1.58ns)   --->   "%store_ln0 = store i31 0, i31 %i"   --->   Operation 31 'store' 'store_ln0' <Predicate = true> <Delay = 1.58>
ST_1 : Operation 32 [1/1] (1.58ns)   --->   "%store_ln0 = store i32 0, i32 %a"   --->   Operation 32 'store' 'store_ln0' <Predicate = true> <Delay = 1.58>
ST_1 : Operation 33 [1/1] (1.58ns)   --->   "%br_ln0 = br void %for.body"   --->   Operation 33 'br' 'br_ln0' <Predicate = true> <Delay = 1.58>
ST_1 : Operation 34 [1/1] (0.00ns)   --->   "%high = phi i1 0, void %newFuncRoot, i1 %high_1, void %if.end"   --->   Operation 34 'phi' 'high' <Predicate = true> <Delay = 0.00>
ST_1 : Operation 35 [1/1] (0.00ns)   --->   "%i_load = load i31 %i" [userdma.cpp:29]   --->   Operation 35 'load' 'i_load' <Predicate = true> <Delay = 0.00>
ST_1 : Operation 36 [1/1] (0.00ns)   --->   "%zext_ln29 = zext i31 %i_load" [userdma.cpp:29]   --->   Operation 36 'zext' 'zext_ln29' <Predicate = true> <Delay = 0.00>
ST_1 : Operation 37 [1/1] (2.47ns)   --->   "%icmp_ln29 = icmp_slt  i32 %zext_ln29, i32 %tmp_read" [userdma.cpp:29]   --->   Operation 37 'icmp' 'icmp_ln29' <Predicate = true> <Delay = 2.47> <CoreInst = "Cmp">   --->   Core 9 'Cmp' <Latency = 0> <II = 1> <Delay = 2.47> <FuncUnit> <Opcode : 'icmp'> <InPorts = 2> <OutPorts = 1>
ST_1 : Operation 38 [1/1] (2.52ns)   --->   "%add_ln29 = add i31 %i_load, i31 1" [userdma.cpp:29]   --->   Operation 38 'add' 'add_ln29' <Predicate = true> <Delay = 2.52> <CoreInst = "Adder">   --->   Core 1 'Adder' <Latency = 0> <II = 1> <Delay = 2.52> <FuncUnit> <Opcode : 'add' 'sub'> <InPorts = 2> <OutPorts = 1>
ST_1 : Operation 39 [1/1] (0.00ns)   --->   "%br_ln29 = br i1 %icmp_ln29, void %for.end.loopexit_ifconv.exitStub, void %for.body.split" [userdma.cpp:29]   --->   Operation 39 'br' 'br_ln29' <Predicate = true> <Delay = 0.00>
ST_1 : Operation 40 [1/1] (0.00ns)   --->   "%br_ln33 = br i1 %high, void %if.else, void %if.then" [userdma.cpp:33]   --->   Operation 40 'br' 'br_ln33' <Predicate = (icmp_ln29)> <Delay = 0.00>
ST_1 : Operation 41 [1/1] (0.00ns) (grouped into LUT with out node high_1)   --->   "%xor_ln37 = xor i1 %high, i1 1" [userdma.cpp:37]   --->   Operation 41 'xor' 'xor_ln37' <Predicate = (icmp_ln29 & even_read)> <Delay = 0.00> <CoreInst = "LogicGate">   --->   Core 74 'LogicGate' <Latency = 0> <II = 1> <Delay = 0.97> <FuncUnit> <Opcode : 'and' 'or' 'xor'> <InPorts = 2> <OutPorts = 1>
ST_1 : Operation 42 [1/1] (0.99ns) (out node of the LUT)   --->   "%high_1 = select i1 %even_read, i1 %xor_ln37, i1 %high" [userdma.cpp:37]   --->   Operation 42 'select' 'high_1' <Predicate = (icmp_ln29)> <Delay = 0.99> <CoreInst = "Sel">   --->   Core 73 'Sel' <Latency = 0> <II = 1> <Delay = 0.99> <FuncUnit> <Opcode : 'select'> <InPorts = 3> <OutPorts = 1>
ST_1 : Operation 43 [1/1] (1.58ns)   --->   "%store_ln29 = store i31 %add_ln29, i31 %i" [userdma.cpp:29]   --->   Operation 43 'store' 'store_ln29' <Predicate = (icmp_ln29)> <Delay = 1.58>

State 2 <SV = 1> <Delay = 6.07>
ST_2 : Operation 44 [1/1] (3.56ns)   --->   "%inbuf_read = read i33 @_ssdm_op_Read.ap_fifo.volatile.i33P0A, i33 %inbuf" [/tools/Xilinx/Vitis_HLS/2022.1/common/technology/autopilot/hls_stream_39.h:145]   --->   Operation 44 'read' 'inbuf_read' <Predicate = true> <Delay = 3.56> <CoreInst = "FIFO">   --->   Core 78 'FIFO' <Latency = 0> <II = 1> <Delay = 3.56> <Storage> <Opcode : 'read' 'write' 'nbread' 'nbwrite'> <Ports = 0> <Width = 33> <Depth = 64> <FIFO>
ST_2 : Operation 45 [1/1] (0.00ns)   --->   "%in_val_data_filed_V = trunc i33 %inbuf_read" [/tools/Xilinx/Vitis_HLS/2022.1/common/technology/autopilot/hls_stream_39.h:145]   --->   Operation 45 'trunc' 'in_val_data_filed_V' <Predicate = true> <Delay = 0.00>
ST_2 : Operation 46 [1/1] (0.00ns)   --->   "%a_load_1 = load i32 %a" [userdma.cpp:34]   --->   Operation 46 'load' 'a_load_1' <Predicate = true> <Delay = 0.00>
ST_2 : Operation 47 [1/1] (0.00ns)   --->   "%shl_ln2 = bitconcatenate i35 @_ssdm_op_BitConcatenate.i35.i32.i3, i32 %a_load_1, i3 0" [userdma.cpp:36]   --->   Operation 47 'bitconcatenate' 'shl_ln2' <Predicate = (!high)> <Delay = 0.00>
ST_2 : Operation 48 [1/1] (0.00ns)   --->   "%sext_ln36 = sext i35 %shl_ln2" [userdma.cpp:36]   --->   Operation 48 'sext' 'sext_ln36' <Predicate = (!high)> <Delay = 0.00>
ST_2 : Operation 49 [1/1] (3.52ns)   --->   "%add_ln36 = add i64 %out_memory_assign_read, i64 %sext_ln36" [userdma.cpp:36]   --->   Operation 49 'add' 'add_ln36' <Predicate = (!high)> <Delay = 3.52> <CoreInst = "Adder">   --->   Core 1 'Adder' <Latency = 0> <II = 1> <Delay = 3.52> <FuncUnit> <Opcode : 'add' 'sub'> <InPorts = 2> <OutPorts = 1>
ST_2 : Operation 50 [1/1] (0.00ns)   --->   "%trunc_ln2 = partselect i61 @_ssdm_op_PartSelect.i61.i64.i32.i32, i64 %add_ln36, i32 3, i32 63" [userdma.cpp:36]   --->   Operation 50 'partselect' 'trunc_ln2' <Predicate = (!high)> <Delay = 0.00>
ST_2 : Operation 51 [1/1] (2.55ns)   --->   "%add_ln34 = add i32 %a_load_1, i32 4294967295" [userdma.cpp:34]   --->   Operation 51 'add' 'add_ln34' <Predicate = (high)> <Delay = 2.55> <CoreInst = "Adder">   --->   Core 1 'Adder' <Latency = 0> <II = 1> <Delay = 2.55> <FuncUnit> <Opcode : 'add' 'sub'> <InPorts = 2> <OutPorts = 1>
ST_2 : Operation 52 [1/1] (0.00ns) (grouped into LUT with out node add_ln34_1)   --->   "%shl_ln1 = bitconcatenate i35 @_ssdm_op_BitConcatenate.i35.i32.i3, i32 %add_ln34, i3 0" [userdma.cpp:34]   --->   Operation 52 'bitconcatenate' 'shl_ln1' <Predicate = (high)> <Delay = 0.00>
ST_2 : Operation 53 [1/1] (0.00ns) (grouped into LUT with out node add_ln34_1)   --->   "%or_ln34 = or i35 %shl_ln1, i35 4" [userdma.cpp:34]   --->   Operation 53 'or' 'or_ln34' <Predicate = (high)> <Delay = 0.00>
ST_2 : Operation 54 [1/1] (0.00ns) (grouped into LUT with out node add_ln34_1)   --->   "%sext_ln34 = sext i35 %or_ln34" [userdma.cpp:34]   --->   Operation 54 'sext' 'sext_ln34' <Predicate = (high)> <Delay = 0.00>
ST_2 : Operation 55 [1/1] (3.52ns) (out node of the LUT)   --->   "%add_ln34_1 = add i64 %sext_ln34, i64 %out_memory_assign_read" [userdma.cpp:34]   --->   Operation 55 'add' 'add_ln34_1' <Predicate = (high)> <Delay = 3.52> <CoreInst = "Adder">   --->   Core 1 'Adder' <Latency = 0> <II = 1> <Delay = 3.52> <FuncUnit> <Opcode : 'add' 'sub'> <InPorts = 2> <OutPorts = 1>
ST_2 : Operation 56 [1/1] (0.00ns)   --->   "%trunc_ln34_1 = partselect i61 @_ssdm_op_PartSelect.i61.i64.i32.i32, i64 %add_ln34_1, i32 3, i32 63" [userdma.cpp:34]   --->   Operation 56 'partselect' 'trunc_ln34_1' <Predicate = (high)> <Delay = 0.00>
ST_2 : Operation 57 [1/1] (0.00ns)   --->   "%a_load = load i32 %a" [userdma.cpp:39]   --->   Operation 57 'load' 'a_load' <Predicate = (icmp_ln29)> <Delay = 0.00>
ST_2 : Operation 58 [1/1] (2.55ns)   --->   "%add_ln39 = add i32 %a_load, i32 1" [userdma.cpp:39]   --->   Operation 58 'add' 'add_ln39' <Predicate = (icmp_ln29)> <Delay = 2.55> <CoreInst = "Adder">   --->   Core 1 'Adder' <Latency = 0> <II = 1> <Delay = 2.55> <FuncUnit> <Opcode : 'add' 'sub'> <InPorts = 2> <OutPorts = 1>
ST_2 : Operation 59 [1/1] (0.00ns) (grouped into LUT with out node a_1)   --->   "%select_ln39 = select i1 %high_1, i32 %add_ln39, i32 %a_load" [userdma.cpp:39]   --->   Operation 59 'select' 'select_ln39' <Predicate = (icmp_ln29 & even_read)> <Delay = 0.00> <CoreInst = "Sel">   --->   Core 73 'Sel' <Latency = 0> <II = 1> <Delay = 0.69> <FuncUnit> <Opcode : 'select'> <InPorts = 3> <OutPorts = 1>
ST_2 : Operation 60 [1/1] (0.69ns) (out node of the LUT)   --->   "%a_1 = select i1 %even_read, i32 %select_ln39, i32 %add_ln39" [userdma.cpp:39]   --->   Operation 60 'select' 'a_1' <Predicate = (icmp_ln29)> <Delay = 0.69> <CoreInst = "Sel">   --->   Core 73 'Sel' <Latency = 0> <II = 1> <Delay = 0.69> <FuncUnit> <Opcode : 'select'> <InPorts = 3> <OutPorts = 1>
ST_2 : Operation 61 [1/1] (1.58ns)   --->   "%store_ln29 = store i32 %a_1, i32 %a" [userdma.cpp:29]   --->   Operation 61 'store' 'store_ln29' <Predicate = (icmp_ln29)> <Delay = 1.58>
ST_2 : Operation 62 [1/1] (0.00ns)   --->   "%br_ln29 = br void %for.body" [userdma.cpp:29]   --->   Operation 62 'br' 'br_ln29' <Predicate = (icmp_ln29)> <Delay = 0.00>

State 3 <SV = 2> <Delay = 7.30>
ST_3 : Operation 63 [1/1] (0.00ns)   --->   "%specpipeline_ln30 = specpipeline void @_ssdm_op_SpecPipeline, i32 4294967295, i32 0, i32 0, i32 0, void @empty_3" [userdma.cpp:30]   --->   Operation 63 'specpipeline' 'specpipeline_ln30' <Predicate = true> <Delay = 0.00>
ST_3 : Operation 64 [1/1] (0.00ns)   --->   "%specloopname_ln15 = specloopname void @_ssdm_op_SpecLoopName, void @empty_17" [userdma.cpp:15]   --->   Operation 64 'specloopname' 'specloopname_ln15' <Predicate = true> <Delay = 0.00>
ST_3 : Operation 65 [1/1] (0.00ns)   --->   "%zext_ln36 = zext i32 %in_val_data_filed_V" [userdma.cpp:36]   --->   Operation 65 'zext' 'zext_ln36' <Predicate = true> <Delay = 0.00>
ST_3 : Operation 66 [1/1] (0.00ns)   --->   "%sext_ln36_1 = sext i61 %trunc_ln2" [userdma.cpp:36]   --->   Operation 66 'sext' 'sext_ln36_1' <Predicate = (!high)> <Delay = 0.00>
ST_3 : Operation 67 [1/1] (0.00ns)   --->   "%gmem0_addr_1 = getelementptr i64 %gmem0, i64 %sext_ln36_1" [userdma.cpp:36]   --->   Operation 67 'getelementptr' 'gmem0_addr_1' <Predicate = (!high)> <Delay = 0.00>
ST_3 : Operation 68 [1/1] (7.30ns)   --->   "%empty_43 = writereq i1 @_ssdm_op_WriteReq.m_axi.p1i64, i64 %gmem0_addr_1, i32 1" [userdma.cpp:36]   --->   Operation 68 'writereq' 'empty_43' <Predicate = (!high)> <Delay = 7.30> <CoreInst = "m_axi">   --->   Core 113 'm_axi' <Latency = 0> <II = 1> <Delay = 1.00> <Adapter> <Opcode : 'read' 'write' 'readreq' 'writereq' 'writeresp'>
ST_3 : Operation 69 [1/1] (4.42ns)   --->   "%shl_ln34 = shl i64 %zext_ln36, i64 %zext_ln34_1_cast" [userdma.cpp:34]   --->   Operation 69 'shl' 'shl_ln34' <Predicate = (high)> <Delay = 4.42> <CoreInst = "Shifter">   --->   Core 75 'Shifter' <Latency = 0> <II = 1> <Delay = 4.42> <FuncUnit> <Opcode : 'shl' 'lshr' 'ashr'> <InPorts = 2> <OutPorts = 1>
ST_3 : Operation 70 [1/1] (0.00ns)   --->   "%sext_ln34_1 = sext i61 %trunc_ln34_1" [userdma.cpp:34]   --->   Operation 70 'sext' 'sext_ln34_1' <Predicate = (high)> <Delay = 0.00>
ST_3 : Operation 71 [1/1] (0.00ns)   --->   "%gmem0_addr = getelementptr i64 %gmem0, i64 %sext_ln34_1" [userdma.cpp:34]   --->   Operation 71 'getelementptr' 'gmem0_addr' <Predicate = (high)> <Delay = 0.00>
ST_3 : Operation 72 [1/1] (7.30ns)   --->   "%empty = writereq i1 @_ssdm_op_WriteReq.m_axi.p1i64, i64 %gmem0_addr, i32 1" [userdma.cpp:34]   --->   Operation 72 'writereq' 'empty' <Predicate = (high)> <Delay = 7.30> <CoreInst = "m_axi">   --->   Core 113 'm_axi' <Latency = 0> <II = 1> <Delay = 1.00> <Adapter> <Opcode : 'read' 'write' 'readreq' 'writereq' 'writeresp'>

State 4 <SV = 3> <Delay = 7.30>
ST_4 : Operation 73 [1/1] (7.30ns)   --->   "%write_ln36 = write void @_ssdm_op_Write.m_axi.p1i64, i64 %gmem0_addr_1, i64 %zext_ln36, i8 15" [userdma.cpp:36]   --->   Operation 73 'write' 'write_ln36' <Predicate = (!high)> <Delay = 7.30> <CoreInst = "m_axi">   --->   Core 113 'm_axi' <Latency = 0> <II = 1> <Delay = 1.00> <Adapter> <Opcode : 'read' 'write' 'readreq' 'writereq' 'writeresp'>
ST_4 : Operation 74 [1/1] (7.30ns)   --->   "%write_ln34 = write void @_ssdm_op_Write.m_axi.p1i64, i64 %gmem0_addr, i64 %shl_ln34, i8 %shl_ln34_1_read" [userdma.cpp:34]   --->   Operation 74 'write' 'write_ln34' <Predicate = (high)> <Delay = 7.30> <CoreInst = "m_axi">   --->   Core 113 'm_axi' <Latency = 0> <II = 1> <Delay = 1.00> <Adapter> <Opcode : 'read' 'write' 'readreq' 'writereq' 'writeresp'>

State 5 <SV = 4> <Delay = 7.30>
ST_5 : Operation 75 [14/14] (7.30ns)   --->   "%empty_44 = writeresp i1 @_ssdm_op_WriteResp.m_axi.p1i64, i64 %gmem0_addr_1" [userdma.cpp:36]   --->   Operation 75 'writeresp' 'empty_44' <Predicate = (!high)> <Delay = 7.30> <CoreInst = "m_axi">   --->   Core 113 'm_axi' <Latency = 0> <II = 1> <Delay = 1.00> <Adapter> <Opcode : 'read' 'write' 'readreq' 'writereq' 'writeresp'>
ST_5 : Operation 76 [14/14] (7.30ns)   --->   "%empty_42 = writeresp i1 @_ssdm_op_WriteResp.m_axi.p1i64, i64 %gmem0_addr" [userdma.cpp:34]   --->   Operation 76 'writeresp' 'empty_42' <Predicate = (high)> <Delay = 7.30> <CoreInst = "m_axi">   --->   Core 113 'm_axi' <Latency = 0> <II = 1> <Delay = 1.00> <Adapter> <Opcode : 'read' 'write' 'readreq' 'writereq' 'writeresp'>

State 6 <SV = 5> <Delay = 7.30>
ST_6 : Operation 77 [13/14] (7.30ns)   --->   "%empty_44 = writeresp i1 @_ssdm_op_WriteResp.m_axi.p1i64, i64 %gmem0_addr_1" [userdma.cpp:36]   --->   Operation 77 'writeresp' 'empty_44' <Predicate = (!high)> <Delay = 7.30> <CoreInst = "m_axi">   --->   Core 113 'm_axi' <Latency = 0> <II = 1> <Delay = 1.00> <Adapter> <Opcode : 'read' 'write' 'readreq' 'writereq' 'writeresp'>
ST_6 : Operation 78 [13/14] (7.30ns)   --->   "%empty_42 = writeresp i1 @_ssdm_op_WriteResp.m_axi.p1i64, i64 %gmem0_addr" [userdma.cpp:34]   --->   Operation 78 'writeresp' 'empty_42' <Predicate = (high)> <Delay = 7.30> <CoreInst = "m_axi">   --->   Core 113 'm_axi' <Latency = 0> <II = 1> <Delay = 1.00> <Adapter> <Opcode : 'read' 'write' 'readreq' 'writereq' 'writeresp'>

State 7 <SV = 6> <Delay = 7.30>
ST_7 : Operation 79 [12/14] (7.30ns)   --->   "%empty_44 = writeresp i1 @_ssdm_op_WriteResp.m_axi.p1i64, i64 %gmem0_addr_1" [userdma.cpp:36]   --->   Operation 79 'writeresp' 'empty_44' <Predicate = (!high)> <Delay = 7.30> <CoreInst = "m_axi">   --->   Core 113 'm_axi' <Latency = 0> <II = 1> <Delay = 1.00> <Adapter> <Opcode : 'read' 'write' 'readreq' 'writereq' 'writeresp'>
ST_7 : Operation 80 [12/14] (7.30ns)   --->   "%empty_42 = writeresp i1 @_ssdm_op_WriteResp.m_axi.p1i64, i64 %gmem0_addr" [userdma.cpp:34]   --->   Operation 80 'writeresp' 'empty_42' <Predicate = (high)> <Delay = 7.30> <CoreInst = "m_axi">   --->   Core 113 'm_axi' <Latency = 0> <II = 1> <Delay = 1.00> <Adapter> <Opcode : 'read' 'write' 'readreq' 'writereq' 'writeresp'>

State 8 <SV = 7> <Delay = 7.30>
ST_8 : Operation 81 [11/14] (7.30ns)   --->   "%empty_44 = writeresp i1 @_ssdm_op_WriteResp.m_axi.p1i64, i64 %gmem0_addr_1" [userdma.cpp:36]   --->   Operation 81 'writeresp' 'empty_44' <Predicate = (!high)> <Delay = 7.30> <CoreInst = "m_axi">   --->   Core 113 'm_axi' <Latency = 0> <II = 1> <Delay = 1.00> <Adapter> <Opcode : 'read' 'write' 'readreq' 'writereq' 'writeresp'>
ST_8 : Operation 82 [11/14] (7.30ns)   --->   "%empty_42 = writeresp i1 @_ssdm_op_WriteResp.m_axi.p1i64, i64 %gmem0_addr" [userdma.cpp:34]   --->   Operation 82 'writeresp' 'empty_42' <Predicate = (high)> <Delay = 7.30> <CoreInst = "m_axi">   --->   Core 113 'm_axi' <Latency = 0> <II = 1> <Delay = 1.00> <Adapter> <Opcode : 'read' 'write' 'readreq' 'writereq' 'writeresp'>

State 9 <SV = 8> <Delay = 7.30>
ST_9 : Operation 83 [10/14] (7.30ns)   --->   "%empty_44 = writeresp i1 @_ssdm_op_WriteResp.m_axi.p1i64, i64 %gmem0_addr_1" [userdma.cpp:36]   --->   Operation 83 'writeresp' 'empty_44' <Predicate = (!high)> <Delay = 7.30> <CoreInst = "m_axi">   --->   Core 113 'm_axi' <Latency = 0> <II = 1> <Delay = 1.00> <Adapter> <Opcode : 'read' 'write' 'readreq' 'writereq' 'writeresp'>
ST_9 : Operation 84 [10/14] (7.30ns)   --->   "%empty_42 = writeresp i1 @_ssdm_op_WriteResp.m_axi.p1i64, i64 %gmem0_addr" [userdma.cpp:34]   --->   Operation 84 'writeresp' 'empty_42' <Predicate = (high)> <Delay = 7.30> <CoreInst = "m_axi">   --->   Core 113 'm_axi' <Latency = 0> <II = 1> <Delay = 1.00> <Adapter> <Opcode : 'read' 'write' 'readreq' 'writereq' 'writeresp'>

State 10 <SV = 9> <Delay = 7.30>
ST_10 : Operation 85 [9/14] (7.30ns)   --->   "%empty_44 = writeresp i1 @_ssdm_op_WriteResp.m_axi.p1i64, i64 %gmem0_addr_1" [userdma.cpp:36]   --->   Operation 85 'writeresp' 'empty_44' <Predicate = (!high)> <Delay = 7.30> <CoreInst = "m_axi">   --->   Core 113 'm_axi' <Latency = 0> <II = 1> <Delay = 1.00> <Adapter> <Opcode : 'read' 'write' 'readreq' 'writereq' 'writeresp'>
ST_10 : Operation 86 [9/14] (7.30ns)   --->   "%empty_42 = writeresp i1 @_ssdm_op_WriteResp.m_axi.p1i64, i64 %gmem0_addr" [userdma.cpp:34]   --->   Operation 86 'writeresp' 'empty_42' <Predicate = (high)> <Delay = 7.30> <CoreInst = "m_axi">   --->   Core 113 'm_axi' <Latency = 0> <II = 1> <Delay = 1.00> <Adapter> <Opcode : 'read' 'write' 'readreq' 'writereq' 'writeresp'>

State 11 <SV = 10> <Delay = 7.30>
ST_11 : Operation 87 [8/14] (7.30ns)   --->   "%empty_44 = writeresp i1 @_ssdm_op_WriteResp.m_axi.p1i64, i64 %gmem0_addr_1" [userdma.cpp:36]   --->   Operation 87 'writeresp' 'empty_44' <Predicate = (!high)> <Delay = 7.30> <CoreInst = "m_axi">   --->   Core 113 'm_axi' <Latency = 0> <II = 1> <Delay = 1.00> <Adapter> <Opcode : 'read' 'write' 'readreq' 'writereq' 'writeresp'>
ST_11 : Operation 88 [8/14] (7.30ns)   --->   "%empty_42 = writeresp i1 @_ssdm_op_WriteResp.m_axi.p1i64, i64 %gmem0_addr" [userdma.cpp:34]   --->   Operation 88 'writeresp' 'empty_42' <Predicate = (high)> <Delay = 7.30> <CoreInst = "m_axi">   --->   Core 113 'm_axi' <Latency = 0> <II = 1> <Delay = 1.00> <Adapter> <Opcode : 'read' 'write' 'readreq' 'writereq' 'writeresp'>

State 12 <SV = 11> <Delay = 7.30>
ST_12 : Operation 89 [7/14] (7.30ns)   --->   "%empty_44 = writeresp i1 @_ssdm_op_WriteResp.m_axi.p1i64, i64 %gmem0_addr_1" [userdma.cpp:36]   --->   Operation 89 'writeresp' 'empty_44' <Predicate = (!high)> <Delay = 7.30> <CoreInst = "m_axi">   --->   Core 113 'm_axi' <Latency = 0> <II = 1> <Delay = 1.00> <Adapter> <Opcode : 'read' 'write' 'readreq' 'writereq' 'writeresp'>
ST_12 : Operation 90 [7/14] (7.30ns)   --->   "%empty_42 = writeresp i1 @_ssdm_op_WriteResp.m_axi.p1i64, i64 %gmem0_addr" [userdma.cpp:34]   --->   Operation 90 'writeresp' 'empty_42' <Predicate = (high)> <Delay = 7.30> <CoreInst = "m_axi">   --->   Core 113 'm_axi' <Latency = 0> <II = 1> <Delay = 1.00> <Adapter> <Opcode : 'read' 'write' 'readreq' 'writereq' 'writeresp'>

State 13 <SV = 12> <Delay = 7.30>
ST_13 : Operation 91 [6/14] (7.30ns)   --->   "%empty_44 = writeresp i1 @_ssdm_op_WriteResp.m_axi.p1i64, i64 %gmem0_addr_1" [userdma.cpp:36]   --->   Operation 91 'writeresp' 'empty_44' <Predicate = (!high)> <Delay = 7.30> <CoreInst = "m_axi">   --->   Core 113 'm_axi' <Latency = 0> <II = 1> <Delay = 1.00> <Adapter> <Opcode : 'read' 'write' 'readreq' 'writereq' 'writeresp'>
ST_13 : Operation 92 [6/14] (7.30ns)   --->   "%empty_42 = writeresp i1 @_ssdm_op_WriteResp.m_axi.p1i64, i64 %gmem0_addr" [userdma.cpp:34]   --->   Operation 92 'writeresp' 'empty_42' <Predicate = (high)> <Delay = 7.30> <CoreInst = "m_axi">   --->   Core 113 'm_axi' <Latency = 0> <II = 1> <Delay = 1.00> <Adapter> <Opcode : 'read' 'write' 'readreq' 'writereq' 'writeresp'>

State 14 <SV = 13> <Delay = 7.30>
ST_14 : Operation 93 [5/14] (7.30ns)   --->   "%empty_44 = writeresp i1 @_ssdm_op_WriteResp.m_axi.p1i64, i64 %gmem0_addr_1" [userdma.cpp:36]   --->   Operation 93 'writeresp' 'empty_44' <Predicate = (!high)> <Delay = 7.30> <CoreInst = "m_axi">   --->   Core 113 'm_axi' <Latency = 0> <II = 1> <Delay = 1.00> <Adapter> <Opcode : 'read' 'write' 'readreq' 'writereq' 'writeresp'>
ST_14 : Operation 94 [5/14] (7.30ns)   --->   "%empty_42 = writeresp i1 @_ssdm_op_WriteResp.m_axi.p1i64, i64 %gmem0_addr" [userdma.cpp:34]   --->   Operation 94 'writeresp' 'empty_42' <Predicate = (high)> <Delay = 7.30> <CoreInst = "m_axi">   --->   Core 113 'm_axi' <Latency = 0> <II = 1> <Delay = 1.00> <Adapter> <Opcode : 'read' 'write' 'readreq' 'writereq' 'writeresp'>

State 15 <SV = 14> <Delay = 7.30>
ST_15 : Operation 95 [4/14] (7.30ns)   --->   "%empty_44 = writeresp i1 @_ssdm_op_WriteResp.m_axi.p1i64, i64 %gmem0_addr_1" [userdma.cpp:36]   --->   Operation 95 'writeresp' 'empty_44' <Predicate = (!high)> <Delay = 7.30> <CoreInst = "m_axi">   --->   Core 113 'm_axi' <Latency = 0> <II = 1> <Delay = 1.00> <Adapter> <Opcode : 'read' 'write' 'readreq' 'writereq' 'writeresp'>
ST_15 : Operation 96 [4/14] (7.30ns)   --->   "%empty_42 = writeresp i1 @_ssdm_op_WriteResp.m_axi.p1i64, i64 %gmem0_addr" [userdma.cpp:34]   --->   Operation 96 'writeresp' 'empty_42' <Predicate = (high)> <Delay = 7.30> <CoreInst = "m_axi">   --->   Core 113 'm_axi' <Latency = 0> <II = 1> <Delay = 1.00> <Adapter> <Opcode : 'read' 'write' 'readreq' 'writereq' 'writeresp'>

State 16 <SV = 15> <Delay = 7.30>
ST_16 : Operation 97 [3/14] (7.30ns)   --->   "%empty_44 = writeresp i1 @_ssdm_op_WriteResp.m_axi.p1i64, i64 %gmem0_addr_1" [userdma.cpp:36]   --->   Operation 97 'writeresp' 'empty_44' <Predicate = (!high)> <Delay = 7.30> <CoreInst = "m_axi">   --->   Core 113 'm_axi' <Latency = 0> <II = 1> <Delay = 1.00> <Adapter> <Opcode : 'read' 'write' 'readreq' 'writereq' 'writeresp'>
ST_16 : Operation 98 [3/14] (7.30ns)   --->   "%empty_42 = writeresp i1 @_ssdm_op_WriteResp.m_axi.p1i64, i64 %gmem0_addr" [userdma.cpp:34]   --->   Operation 98 'writeresp' 'empty_42' <Predicate = (high)> <Delay = 7.30> <CoreInst = "m_axi">   --->   Core 113 'm_axi' <Latency = 0> <II = 1> <Delay = 1.00> <Adapter> <Opcode : 'read' 'write' 'readreq' 'writereq' 'writeresp'>

State 17 <SV = 16> <Delay = 7.30>
ST_17 : Operation 99 [2/14] (7.30ns)   --->   "%empty_44 = writeresp i1 @_ssdm_op_WriteResp.m_axi.p1i64, i64 %gmem0_addr_1" [userdma.cpp:36]   --->   Operation 99 'writeresp' 'empty_44' <Predicate = (!high)> <Delay = 7.30> <CoreInst = "m_axi">   --->   Core 113 'm_axi' <Latency = 0> <II = 1> <Delay = 1.00> <Adapter> <Opcode : 'read' 'write' 'readreq' 'writereq' 'writeresp'>
ST_17 : Operation 100 [2/14] (7.30ns)   --->   "%empty_42 = writeresp i1 @_ssdm_op_WriteResp.m_axi.p1i64, i64 %gmem0_addr" [userdma.cpp:34]   --->   Operation 100 'writeresp' 'empty_42' <Predicate = (high)> <Delay = 7.30> <CoreInst = "m_axi">   --->   Core 113 'm_axi' <Latency = 0> <II = 1> <Delay = 1.00> <Adapter> <Opcode : 'read' 'write' 'readreq' 'writereq' 'writeresp'>
ST_17 : Operation 105 [1/1] (0.00ns)   --->   "%ret_ln0 = ret"   --->   Operation 105 'ret' 'ret_ln0' <Predicate = (!icmp_ln29)> <Delay = 0.00>

State 18 <SV = 17> <Delay = 7.30>
ST_18 : Operation 101 [1/14] (7.30ns)   --->   "%empty_44 = writeresp i1 @_ssdm_op_WriteResp.m_axi.p1i64, i64 %gmem0_addr_1" [userdma.cpp:36]   --->   Operation 101 'writeresp' 'empty_44' <Predicate = (!high)> <Delay = 7.30> <CoreInst = "m_axi">   --->   Core 113 'm_axi' <Latency = 0> <II = 1> <Delay = 1.00> <Adapter> <Opcode : 'read' 'write' 'readreq' 'writereq' 'writeresp'>
ST_18 : Operation 102 [1/1] (0.00ns)   --->   "%br_ln0 = br void %if.end"   --->   Operation 102 'br' 'br_ln0' <Predicate = (!high)> <Delay = 0.00>
ST_18 : Operation 103 [1/14] (7.30ns)   --->   "%empty_42 = writeresp i1 @_ssdm_op_WriteResp.m_axi.p1i64, i64 %gmem0_addr" [userdma.cpp:34]   --->   Operation 103 'writeresp' 'empty_42' <Predicate = (high)> <Delay = 7.30> <CoreInst = "m_axi">   --->   Core 113 'm_axi' <Latency = 0> <II = 1> <Delay = 1.00> <Adapter> <Opcode : 'read' 'write' 'readreq' 'writereq' 'writeresp'>
ST_18 : Operation 104 [1/1] (0.00ns)   --->   "%br_ln34 = br void %if.end" [userdma.cpp:34]   --->   Operation 104 'br' 'br_ln34' <Predicate = (high)> <Delay = 0.00>


============================================================
+ Verbose Summary: Timing violations
============================================================
Target clock period: 10ns, clock uncertainty: 2.7ns.

 <State 1>: 4.11ns
The critical path consists of the following:
	'alloca' operation ('i') [9]  (0 ns)
	'load' operation ('i_load', userdma.cpp:29) on local variable 'i' [23]  (0 ns)
	'add' operation ('add_ln29', userdma.cpp:29) [26]  (2.52 ns)
	'store' operation ('store_ln29', userdma.cpp:29) of variable 'add_ln29', userdma.cpp:29 on local variable 'i' [68]  (1.59 ns)

 <State 2>: 6.07ns
The critical path consists of the following:
	'load' operation ('a_load_1', userdma.cpp:34) on local variable 'a' [34]  (0 ns)
	'add' operation ('add_ln34', userdma.cpp:34) [48]  (2.55 ns)
	'or' operation ('or_ln34', userdma.cpp:34) [50]  (0 ns)
	'add' operation ('add_ln34_1', userdma.cpp:34) [52]  (3.52 ns)

 <State 3>: 7.3ns
The critical path consists of the following:
	'getelementptr' operation ('gmem0_addr_1', userdma.cpp:36) [42]  (0 ns)
	bus request operation ('empty_43', userdma.cpp:36) on port 'gmem0' (userdma.cpp:36) [43]  (7.3 ns)

 <State 4>: 7.3ns
The critical path consists of the following:
	bus write operation ('write_ln36', userdma.cpp:36) on port 'gmem0' (userdma.cpp:36) [44]  (7.3 ns)

 <State 5>: 7.3ns
The critical path consists of the following:
	bus response operation ('empty_44', userdma.cpp:36) on port 'gmem0' (userdma.cpp:36) [45]  (7.3 ns)

 <State 6>: 7.3ns
The critical path consists of the following:
	bus response operation ('empty_44', userdma.cpp:36) on port 'gmem0' (userdma.cpp:36) [45]  (7.3 ns)

 <State 7>: 7.3ns
The critical path consists of the following:
	bus response operation ('empty_44', userdma.cpp:36) on port 'gmem0' (userdma.cpp:36) [45]  (7.3 ns)

 <State 8>: 7.3ns
The critical path consists of the following:
	bus response operation ('empty_44', userdma.cpp:36) on port 'gmem0' (userdma.cpp:36) [45]  (7.3 ns)

 <State 9>: 7.3ns
The critical path consists of the following:
	bus response operation ('empty_44', userdma.cpp:36) on port 'gmem0' (userdma.cpp:36) [45]  (7.3 ns)

 <State 10>: 7.3ns
The critical path consists of the following:
	bus response operation ('empty_44', userdma.cpp:36) on port 'gmem0' (userdma.cpp:36) [45]  (7.3 ns)

 <State 11>: 7.3ns
The critical path consists of the following:
	bus response operation ('empty_44', userdma.cpp:36) on port 'gmem0' (userdma.cpp:36) [45]  (7.3 ns)

 <State 12>: 7.3ns
The critical path consists of the following:
	bus response operation ('empty_44', userdma.cpp:36) on port 'gmem0' (userdma.cpp:36) [45]  (7.3 ns)

 <State 13>: 7.3ns
The critical path consists of the following:
	bus response operation ('empty_44', userdma.cpp:36) on port 'gmem0' (userdma.cpp:36) [45]  (7.3 ns)

 <State 14>: 7.3ns
The critical path consists of the following:
	bus response operation ('empty_44', userdma.cpp:36) on port 'gmem0' (userdma.cpp:36) [45]  (7.3 ns)

 <State 15>: 7.3ns
The critical path consists of the following:
	bus response operation ('empty_44', userdma.cpp:36) on port 'gmem0' (userdma.cpp:36) [45]  (7.3 ns)

 <State 16>: 7.3ns
The critical path consists of the following:
	bus response operation ('empty_44', userdma.cpp:36) on port 'gmem0' (userdma.cpp:36) [45]  (7.3 ns)

 <State 17>: 7.3ns
The critical path consists of the following:
	bus response operation ('empty_44', userdma.cpp:36) on port 'gmem0' (userdma.cpp:36) [45]  (7.3 ns)

 <State 18>: 7.3ns
The critical path consists of the following:
	bus response operation ('empty_44', userdma.cpp:36) on port 'gmem0' (userdma.cpp:36) [45]  (7.3 ns)


============================================================
+ Verbose Summary: Binding
============================================================
N/A
* FSMD analyzer results:
  - Output states:
 - Input state : 
  - Chain level:
	State 1
	State 2
	State 3
	State 4
	State 5
	State 6
	State 7
	State 8
	State 9
	State 10
	State 11
	State 12
	State 13
	State 14
	State 15
	State 16
	State 17
	State 18


============================================================
+ Verbose Summary: Datapath Resource usage 
============================================================
N/A
