
*** Running vivado
    with args -log design_1_auto_us_0.vds -m64 -product Vivado -mode batch -messageDb vivado.pb -notrace -source design_1_auto_us_0.tcl


****** Vivado v2022.1 (64-bit)
  **** SW Build 3526262 on Mon Apr 18 15:47:01 MDT 2022
  **** IP Build 3524634 on Mon Apr 18 20:55:01 MDT 2022
    ** Copyright 1986-2022 Xilinx, Inc. All Rights Reserved.

source design_1_auto_us_0.tcl -notrace
create_project: Time (s): cpu = 00:00:10 ; elapsed = 00:00:17 . Memory (MB): peak = 2511.715 ; gain = 0.023 ; free physical = 1034 ; free virtual = 1615
INFO: [IP_Flow 19-234] Refreshing IP repositories
INFO: [IP_Flow 19-1700] Loaded user IP repository '/home/ubuntu/testfpga/impl_ASIC/fiFFNTT_sim/vivado/vitis_prj/hls_caravel_ps'.
INFO: [IP_Flow 19-1700] Loaded user IP repository '/home/ubuntu/testfpga/impl_ASIC/fiFFNTT_sim/vivado/vitis_prj/hls_output_pin'.
INFO: [IP_Flow 19-2313] Loaded Vivado IP repository '/tools/Xilinx/Vivado/2022.1/data/ip'.
update_ip_catalog: Time (s): cpu = 00:00:00.58 ; elapsed = 00:00:12 . Memory (MB): peak = 2511.715 ; gain = 0.000 ; free physical = 927 ; free virtual = 1754
Command: synth_design -top design_1_auto_us_0 -part xc7z020clg400-1 -incremental_mode off -mode out_of_context
Starting synth_design
Attempting to get a license for feature 'Synthesis' and/or device 'xc7z020'
INFO: [Common 17-349] Got license for feature 'Synthesis' and/or device 'xc7z020'
INFO: [Device 21-403] Loading part xc7z020clg400-1
INFO: [Synth 8-7079] Multithreading enabled for synth_design using a maximum of 4 processes.
INFO: [Synth 8-7078] Launching helper process for spawning children vivado processes
INFO: [Synth 8-7075] Helper process launched with PID 7080
/tools/Xilinx/Vivado/2022.1/bin/rdiArgs.sh: line 312:  6979 Killed                  "$RDI_PROG" "$@"
Parent process (pid 6979) has died. This helper process will now exit
