#-----------------------------------------------------------
# Vivado v2022.1 (64-bit)
# SW Build 3526262 on Mon Apr 18 15:47:01 MDT 2022
# IP Build 3524634 on Mon Apr 18 20:55:01 MDT 2022
# Start of session at: Mon Mar  4 11:11:42 2024
# Process ID: 31381
# Current directory: /home/ubuntu/falconlab/hls_ip/solution1/.autopilot/db/ip_tmp
# Command line: vivado  -notrace -log vivado.log -mode batch -source run_vivado_gen_ip.tcl
# Log file: /home/ubuntu/falconlab/hls_ip/solution1/.autopilot/db/ip_tmp/vivado.log
# Journal file: /home/ubuntu/falconlab/hls_ip/solution1/.autopilot/db/ip_tmp/vivado.jou
# Running On: ubuntu2004, OS: Linux, CPU Frequency: 1996.807 MHz, CPU Physical cores: 2, Host memory: 8323 MB
#-----------------------------------------------------------
source run_vivado_gen_ip.tcl -notrace
INFO: [IP_Flow 19-234] Refreshing IP repositories
INFO: [IP_Flow 19-1704] No user IP repositories specified
INFO: [IP_Flow 19-2313] Loaded Vivado IP repository '/tools/Xilinx/Vivado/2022.1/data/ip'.
WARNING: [IP_Flow 19-4832] The IP name 'keygen_sitodp_64ns_64_2_no_dsp_1_ip' you have specified is long. The Windows operating system has path length limitations. It is recommended you use shorter names to reduce the likelihood of issues.
INFO: [IP_Flow 19-1686] Generating 'Synthesis' target for IP 'keygen_sitodp_64ns_64_2_no_dsp_1_ip'...
INFO: [IP_Flow 19-1686] Generating 'Simulation' target for IP 'keygen_sitodp_64ns_64_2_no_dsp_1_ip'...
WARNING: [IP_Flow 19-4832] The IP name 'keygen_dsub_64ns_64ns_64_2_full_dsp_1_ip' you have specified is long. The Windows operating system has path length limitations. It is recommended you use shorter names to reduce the likelihood of issues.
INFO: [IP_Flow 19-1686] Generating 'Synthesis' target for IP 'keygen_dsub_64ns_64ns_64_2_full_dsp_1_ip'...
INFO: [IP_Flow 19-1686] Generating 'Simulation' target for IP 'keygen_dsub_64ns_64ns_64_2_full_dsp_1_ip'...
WARNING: [IP_Flow 19-4832] The IP name 'keygen_dadd_64ns_64ns_64_2_full_dsp_1_ip' you have specified is long. The Windows operating system has path length limitations. It is recommended you use shorter names to reduce the likelihood of issues.
INFO: [IP_Flow 19-1686] Generating 'Synthesis' target for IP 'keygen_dadd_64ns_64ns_64_2_full_dsp_1_ip'...
INFO: [IP_Flow 19-1686] Generating 'Simulation' target for IP 'keygen_dadd_64ns_64ns_64_2_full_dsp_1_ip'...
WARNING: [IP_Flow 19-4832] The IP name 'keygen_dadddsub_64ns_64ns_64_2_full_dsp_1_ip' you have specified is long. The Windows operating system has path length limitations. It is recommended you use shorter names to reduce the likelihood of issues.
INFO: [IP_Flow 19-1686] Generating 'Synthesis' target for IP 'keygen_dadddsub_64ns_64ns_64_2_full_dsp_1_ip'...
INFO: [IP_Flow 19-1686] Generating 'Simulation' target for IP 'keygen_dadddsub_64ns_64ns_64_2_full_dsp_1_ip'...
WARNING: [IP_Flow 19-4832] The IP name 'keygen_dmul_64ns_64ns_64_2_max_dsp_1_ip' you have specified is long. The Windows operating system has path length limitations. It is recommended you use shorter names to reduce the likelihood of issues.
INFO: [IP_Flow 19-1686] Generating 'Synthesis' target for IP 'keygen_dmul_64ns_64ns_64_2_max_dsp_1_ip'...
INFO: [IP_Flow 19-1686] Generating 'Simulation' target for IP 'keygen_dmul_64ns_64ns_64_2_max_dsp_1_ip'...
WARNING: [IP_Flow 19-4832] The IP name 'keygen_ddiv_64ns_64ns_64_6_no_dsp_1_ip' you have specified is long. The Windows operating system has path length limitations. It is recommended you use shorter names to reduce the likelihood of issues.
INFO: [IP_Flow 19-1686] Generating 'Synthesis' target for IP 'keygen_ddiv_64ns_64ns_64_6_no_dsp_1_ip'...
INFO: [IP_Flow 19-1686] Generating 'Simulation' target for IP 'keygen_ddiv_64ns_64ns_64_6_no_dsp_1_ip'...
WARNING: [IP_Flow 19-4832] The IP name 'keygen_dcmp_64ns_64ns_1_1_no_dsp_1_ip' you have specified is long. The Windows operating system has path length limitations. It is recommended you use shorter names to reduce the likelihood of issues.
INFO: [IP_Flow 19-1686] Generating 'Synthesis' target for IP 'keygen_dcmp_64ns_64ns_1_1_no_dsp_1_ip'...
INFO: [IP_Flow 19-1686] Generating 'Simulation' target for IP 'keygen_dcmp_64ns_64ns_1_1_no_dsp_1_ip'...
INFO: [Common 17-206] Exiting Vivado at Mon Mar  4 11:12:09 2024...
