

================================================================
== Vitis HLS Report for 'paralleltostreamwithburst_Pipeline_VITIS_LOOP_131_2'
================================================================
* Date:           Fri May 24 01:07:41 2024

* Version:        2022.1 (Build 3526262 on Mon Apr 18 15:47:01 MDT 2022)
* Project:        hls_userdma.prj
* Solution:       solution1 (Vivado IP Flow Target)
* Product family: zynq
* Target device:  xc7z020-clg400-1


================================================================
== Performance Estimates
================================================================
+ Timing: 
    * Summary: 
    +--------+----------+----------+------------+
    |  Clock |  Target  | Estimated| Uncertainty|
    +--------+----------+----------+------------+
    |ap_clk  |  10.00 ns|  7.300 ns|     2.70 ns|
    +--------+----------+----------+------------+

+ Latency: 
    * Summary: 
    +---------+---------+----------+----------+-----+-----+---------+
    |  Latency (cycles) |  Latency (absolute) |  Interval | Pipeline|
    |   min   |   max   |    min   |    max   | min | max |   Type  |
    +---------+---------+----------+----------+-----+-----+---------+
    |        ?|        ?|         ?|         ?|    ?|    ?|       no|
    +---------+---------+----------+----------+-----+-----+---------+

    + Detail: 
        * Instance: 
        N/A

        * Loop: 
        +--------------------+---------+---------+----------+-----------+-----------+------+----------+
        |                    |  Latency (cycles) | Iteration|  Initiation Interval  | Trip |          |
        |      Loop Name     |   min   |   max   |  Latency |  achieved |   target  | Count| Pipelined|
        +--------------------+---------+---------+----------+-----------+-----------+------+----------+
        |- VITIS_LOOP_131_2  |        ?|        ?|        20|          1|          1|     ?|       yes|
        +--------------------+---------+---------+----------+-----------+-----------+------+----------+

============================================================
+ Verbose Summary: Synthesis Manager
============================================================
InlineROM: 1
ExposeGlobal: 0
============================================================
+ Verbose Summary: CDFG Model
============================================================
IsTopModel: 0
ResetActiveHigh: 1
IsCombinational: 0
IsDatapathOnly: 0
HasWiredReturn: 1
HasMFsm: 2
HasVarLatency: 1
IsPipeline: 0
IsRtlPipelined: 0
IsInstanceOverlapped: 0
IsDontTouch: 0
HasImplIP: 0
IsGatedGlobalClock: 0

+ Individual pipeline summary: 
  * Pipeline-0: initiation interval (II) = 1, depth = 21


============================================================
+ Verbose Summary: Schedule
============================================================
* Number of FSM states : 21
* Pipeline : 1
  Pipeline-0 : II = 1, D = 21, States = { 1 2 3 4 5 6 7 8 9 10 11 12 13 14 15 16 17 18 19 20 21 }
* Dataflow Pipeline: 0

* FSM state transitions: 
1 --> 2 
2 --> 3 
3 --> 4 
4 --> 5 
5 --> 6 
6 --> 7 
7 --> 8 
8 --> 9 
9 --> 10 
10 --> 11 
11 --> 12 
12 --> 13 
13 --> 14 
14 --> 15 
15 --> 16 
16 --> 17 
17 --> 18 
18 --> 19 
19 --> 20 
20 --> 21 
21 --> 

* FSM state operations: 

State 1 <SV = 0> <Delay = 1.58>
ST_1 : Operation 23 [1/1] (0.00ns)   --->   "%final_m2s_len = alloca i32 1"   --->   Operation 23 'alloca' 'final_m2s_len' <Predicate = true> <Delay = 0.00>
ST_1 : Operation 24 [1/1] (0.00ns)   --->   "%i = alloca i32 1"   --->   Operation 24 'alloca' 'i' <Predicate = true> <Delay = 0.00>
ST_1 : Operation 25 [1/1] (0.00ns)   --->   "%in_memory_assign_read = read i64 @_ssdm_op_Read.ap_auto.i64, i64 %in_memory_assign"   --->   Operation 25 'read' 'in_memory_assign_read' <Predicate = true> <Delay = 0.00>
ST_1 : Operation 26 [1/1] (0.00ns)   --->   "%icmp_ln113_read = read i1 @_ssdm_op_Read.ap_auto.i1, i1 %icmp_ln113"   --->   Operation 26 'read' 'icmp_ln113_read' <Predicate = true> <Delay = 0.00>
ST_1 : Operation 27 [1/1] (0.00ns)   --->   "%zext_ln131_read = read i6 @_ssdm_op_Read.ap_auto.i6, i6 %zext_ln131"   --->   Operation 27 'read' 'zext_ln131_read' <Predicate = true> <Delay = 0.00>
ST_1 : Operation 28 [1/1] (0.00ns)   --->   "%select_ln111_cast_read = read i12 @_ssdm_op_Read.ap_auto.i12, i12 %select_ln111_cast"   --->   Operation 28 'read' 'select_ln111_cast_read' <Predicate = true> <Delay = 0.00>
ST_1 : Operation 29 [1/1] (0.00ns)   --->   "%sub_read = read i32 @_ssdm_op_Read.ap_auto.i32, i32 %sub"   --->   Operation 29 'read' 'sub_read' <Predicate = true> <Delay = 0.00>
ST_1 : Operation 30 [1/1] (0.00ns)   --->   "%count_1_read = read i32 @_ssdm_op_Read.ap_auto.i32, i32 %count_1"   --->   Operation 30 'read' 'count_1_read' <Predicate = true> <Delay = 0.00>
ST_1 : Operation 31 [1/1] (0.00ns)   --->   "%final_m2s_len_4_read = read i32 @_ssdm_op_Read.ap_auto.i32, i32 %final_m2s_len_4"   --->   Operation 31 'read' 'final_m2s_len_4_read' <Predicate = true> <Delay = 0.00>
ST_1 : Operation 32 [1/1] (0.00ns)   --->   "%zext_ln131_cast = zext i6 %zext_ln131_read"   --->   Operation 32 'zext' 'zext_ln131_cast' <Predicate = true> <Delay = 0.00>
ST_1 : Operation 33 [1/1] (0.00ns)   --->   "%select_ln111_cast_cast = zext i12 %select_ln111_cast_read"   --->   Operation 33 'zext' 'select_ln111_cast_cast' <Predicate = true> <Delay = 0.00>
ST_1 : Operation 34 [1/1] (0.00ns)   --->   "%specinterface_ln0 = specinterface void @_ssdm_op_SpecInterface, i64 %gmem1, void @empty_4, i32 0, i32 0, void @empty_3, i32 10, i32 1024, void @empty_0, void @empty_1, void @empty_3, i32 16, i32 16, i32 32, i32 16, void @empty_3, void @empty_3, i32 4294967295, i32 0"   --->   Operation 34 'specinterface' 'specinterface_ln0' <Predicate = true> <Delay = 0.00>
ST_1 : Operation 35 [1/1] (0.00ns)   --->   "%specinterface_ln0 = specinterface void @_ssdm_op_SpecInterface, i35 %outbuf, void @empty_16, i32 0, i32 0, void @empty_3, i32 0, i32 0, void @empty_3, void @empty_3, void @empty_3, i32 0, i32 0, i32 0, i32 0, void @empty_3, void @empty_3, i32 4294967295, i32 0"   --->   Operation 35 'specinterface' 'specinterface_ln0' <Predicate = true> <Delay = 0.00>
ST_1 : Operation 36 [1/1] (1.58ns)   --->   "%store_ln0 = store i6 0, i6 %i"   --->   Operation 36 'store' 'store_ln0' <Predicate = true> <Delay = 1.58>
ST_1 : Operation 37 [1/1] (1.58ns)   --->   "%store_ln0 = store i32 %final_m2s_len_4_read, i32 %final_m2s_len"   --->   Operation 37 'store' 'store_ln0' <Predicate = true> <Delay = 1.58>
ST_1 : Operation 38 [1/1] (0.00ns)   --->   "%br_ln0 = br void %for.body"   --->   Operation 38 'br' 'br_ln0' <Predicate = true> <Delay = 0.00>

State 2 <SV = 1> <Delay = 7.04>
ST_2 : Operation 39 [1/1] (0.00ns)   --->   "%i_2 = load i6 %i" [userdma.cpp:135]   --->   Operation 39 'load' 'i_2' <Predicate = true> <Delay = 0.00>
ST_2 : Operation 40 [1/1] (0.00ns)   --->   "%zext_ln131_1 = zext i6 %i_2" [userdma.cpp:131]   --->   Operation 40 'zext' 'zext_ln131_1' <Predicate = true> <Delay = 0.00>
ST_2 : Operation 41 [1/1] (2.47ns)   --->   "%icmp_ln131 = icmp_slt  i32 %zext_ln131_1, i32 %count_1_read" [userdma.cpp:131]   --->   Operation 41 'icmp' 'icmp_ln131' <Predicate = true> <Delay = 2.47> <CoreInst = "Cmp">   --->   Core 9 'Cmp' <Latency = 0> <II = 1> <Delay = 2.47> <FuncUnit> <Opcode : 'icmp'> <InPorts = 2> <OutPorts = 1>
ST_2 : Operation 42 [1/1] (1.82ns)   --->   "%add_ln131 = add i6 %i_2, i6 1" [userdma.cpp:131]   --->   Operation 42 'add' 'add_ln131' <Predicate = true> <Delay = 1.82> <CoreInst = "Adder">   --->   Core 1 'Adder' <Latency = 0> <II = 1> <Delay = 1.82> <FuncUnit> <Opcode : 'add' 'sub'> <InPorts = 2> <OutPorts = 1>
ST_2 : Operation 43 [1/1] (0.00ns)   --->   "%br_ln131 = br i1 %icmp_ln131, void %for.end.loopexit.exitStub, void %for.body.split" [userdma.cpp:131]   --->   Operation 43 'br' 'br_ln131' <Predicate = true> <Delay = 0.00>
ST_2 : Operation 44 [1/1] (0.00ns)   --->   "%final_m2s_len_load = load i32 %final_m2s_len" [userdma.cpp:134]   --->   Operation 44 'load' 'final_m2s_len_load' <Predicate = (icmp_ln131)> <Delay = 0.00>
ST_2 : Operation 45 [1/1] (0.00ns)   --->   "%specpipeline_ln132 = specpipeline void @_ssdm_op_SpecPipeline, i32 4294967295, i32 0, i32 0, i32 0, void @empty_3" [userdma.cpp:132]   --->   Operation 45 'specpipeline' 'specpipeline_ln132' <Predicate = (icmp_ln131)> <Delay = 0.00>
ST_2 : Operation 46 [1/1] (0.00ns)   --->   "%specloopname_ln112 = specloopname void @_ssdm_op_SpecLoopName, void @empty_15" [userdma.cpp:112]   --->   Operation 46 'specloopname' 'specloopname_ln112' <Predicate = (icmp_ln131)> <Delay = 0.00>
ST_2 : Operation 47 [1/1] (2.47ns)   --->   "%icmp_ln134 = icmp_slt  i32 %final_m2s_len_load, i32 1025" [userdma.cpp:134]   --->   Operation 47 'icmp' 'icmp_ln134' <Predicate = (icmp_ln131)> <Delay = 2.47> <CoreInst = "Cmp">   --->   Core 9 'Cmp' <Latency = 0> <II = 1> <Delay = 2.47> <FuncUnit> <Opcode : 'icmp'> <InPorts = 2> <OutPorts = 1>
ST_2 : Operation 48 [1/1] (0.97ns)   --->   "%and_ln134 = and i1 %icmp_ln113_read, i1 %icmp_ln134" [userdma.cpp:134]   --->   Operation 48 'and' 'and_ln134' <Predicate = (icmp_ln131)> <Delay = 0.97> <CoreInst = "LogicGate">   --->   Core 74 'LogicGate' <Latency = 0> <II = 1> <Delay = 0.97> <FuncUnit> <Opcode : 'and' 'or' 'xor'> <InPorts = 2> <OutPorts = 1>
ST_2 : Operation 49 [1/1] (0.00ns)   --->   "%trunc_ln135 = trunc i6 %i_2" [userdma.cpp:135]   --->   Operation 49 'trunc' 'trunc_ln135' <Predicate = (icmp_ln131)> <Delay = 0.00>
ST_2 : Operation 50 [1/1] (0.00ns)   --->   "%shl_ln135_1 = bitconcatenate i8 @_ssdm_op_BitConcatenate.i8.i5.i3, i5 %trunc_ln135, i3 0" [userdma.cpp:135]   --->   Operation 50 'bitconcatenate' 'shl_ln135_1' <Predicate = (icmp_ln131)> <Delay = 0.00>
ST_2 : Operation 51 [1/1] (0.00ns)   --->   "%zext_ln135 = zext i8 %shl_ln135_1" [userdma.cpp:135]   --->   Operation 51 'zext' 'zext_ln135' <Predicate = (icmp_ln131)> <Delay = 0.00>
ST_2 : Operation 52 [1/1] (3.52ns)   --->   "%add_ln135 = add i64 %in_memory_assign_read, i64 %zext_ln135" [userdma.cpp:135]   --->   Operation 52 'add' 'add_ln135' <Predicate = (icmp_ln131)> <Delay = 3.52> <CoreInst = "Adder">   --->   Core 1 'Adder' <Latency = 0> <II = 1> <Delay = 3.52> <FuncUnit> <Opcode : 'add' 'sub'> <InPorts = 2> <OutPorts = 1>
ST_2 : Operation 53 [1/1] (0.00ns)   --->   "%br_ln134 = br i1 %and_ln134, void %if.else30, void %if.then27" [userdma.cpp:134]   --->   Operation 53 'br' 'br_ln134' <Predicate = (icmp_ln131)> <Delay = 0.00>
ST_2 : Operation 54 [1/1] (0.00ns)   --->   "%trunc_ln4 = partselect i61 @_ssdm_op_PartSelect.i61.i64.i32.i32, i64 %add_ln135, i32 3, i32 63" [userdma.cpp:137]   --->   Operation 54 'partselect' 'trunc_ln4' <Predicate = (icmp_ln131 & !and_ln134)> <Delay = 0.00>
ST_2 : Operation 55 [1/1] (3.52ns)   --->   "%add_ln135_1 = add i64 %add_ln135, i64 4" [userdma.cpp:135]   --->   Operation 55 'add' 'add_ln135_1' <Predicate = (icmp_ln131 & and_ln134)> <Delay = 3.52> <CoreInst = "Adder">   --->   Core 1 'Adder' <Latency = 0> <II = 1> <Delay = 3.52> <FuncUnit> <Opcode : 'add' 'sub'> <InPorts = 2> <OutPorts = 1>
ST_2 : Operation 56 [1/1] (0.00ns)   --->   "%trunc_ln3 = partselect i61 @_ssdm_op_PartSelect.i61.i64.i32.i32, i64 %add_ln135_1, i32 3, i32 63" [userdma.cpp:135]   --->   Operation 56 'partselect' 'trunc_ln3' <Predicate = (icmp_ln131 & and_ln134)> <Delay = 0.00>
ST_2 : Operation 57 [1/1] (0.00ns)   --->   "%final_m2s_len_load_1 = load i32 %final_m2s_len" [userdma.cpp:149]   --->   Operation 57 'load' 'final_m2s_len_load_1' <Predicate = (icmp_ln131)> <Delay = 0.00>
ST_2 : Operation 58 [1/1] (2.47ns)   --->   "%icmp_ln140 = icmp_slt  i32 %final_m2s_len_load_1, i32 33" [userdma.cpp:140]   --->   Operation 58 'icmp' 'icmp_ln140' <Predicate = (icmp_ln131)> <Delay = 2.47> <CoreInst = "Cmp">   --->   Core 9 'Cmp' <Latency = 0> <II = 1> <Delay = 2.47> <FuncUnit> <Opcode : 'icmp'> <InPorts = 2> <OutPorts = 1>
ST_2 : Operation 59 [1/1] (2.47ns)   --->   "%icmp_ln140_1 = icmp_eq  i32 %zext_ln131_1, i32 %sub_read" [userdma.cpp:140]   --->   Operation 59 'icmp' 'icmp_ln140_1' <Predicate = (icmp_ln131)> <Delay = 2.47> <CoreInst = "Cmp">   --->   Core 9 'Cmp' <Latency = 0> <II = 1> <Delay = 2.47> <FuncUnit> <Opcode : 'icmp'> <InPorts = 2> <OutPorts = 1>
ST_2 : Operation 60 [1/1] (0.97ns)   --->   "%out_val_last_V = and i1 %icmp_ln140, i1 %icmp_ln140_1" [userdma.cpp:140]   --->   Operation 60 'and' 'out_val_last_V' <Predicate = (icmp_ln131)> <Delay = 0.97> <CoreInst = "LogicGate">   --->   Core 74 'LogicGate' <Latency = 0> <II = 1> <Delay = 0.97> <FuncUnit> <Opcode : 'and' 'or' 'xor'> <InPorts = 2> <OutPorts = 1>
ST_2 : Operation 61 [1/1] (2.47ns)   --->   "%icmp_ln145 = icmp_eq  i32 %final_m2s_len_load_1, i32 %select_ln111_cast_cast" [userdma.cpp:145]   --->   Operation 61 'icmp' 'icmp_ln145' <Predicate = (icmp_ln131)> <Delay = 2.47> <CoreInst = "Cmp">   --->   Core 9 'Cmp' <Latency = 0> <II = 1> <Delay = 2.47> <FuncUnit> <Opcode : 'icmp'> <InPorts = 2> <OutPorts = 1>
ST_2 : Operation 62 [1/1] (2.55ns)   --->   "%final_m2s_len_1 = add i32 %final_m2s_len_load_1, i32 4294967295" [userdma.cpp:149]   --->   Operation 62 'add' 'final_m2s_len_1' <Predicate = (icmp_ln131)> <Delay = 2.55> <CoreInst = "Adder">   --->   Core 1 'Adder' <Latency = 0> <II = 1> <Delay = 2.55> <FuncUnit> <Opcode : 'add' 'sub'> <InPorts = 2> <OutPorts = 1>
ST_2 : Operation 63 [1/1] (1.58ns)   --->   "%store_ln131 = store i6 %add_ln131, i6 %i" [userdma.cpp:131]   --->   Operation 63 'store' 'store_ln131' <Predicate = (icmp_ln131)> <Delay = 1.58>
ST_2 : Operation 64 [1/1] (1.58ns)   --->   "%store_ln131 = store i32 %final_m2s_len_1, i32 %final_m2s_len" [userdma.cpp:131]   --->   Operation 64 'store' 'store_ln131' <Predicate = (icmp_ln131)> <Delay = 1.58>

State 3 <SV = 2> <Delay = 7.30>
ST_3 : Operation 65 [1/1] (0.00ns)   --->   "%sext_ln137 = sext i61 %trunc_ln4" [userdma.cpp:137]   --->   Operation 65 'sext' 'sext_ln137' <Predicate = (icmp_ln131 & !and_ln134)> <Delay = 0.00>
ST_3 : Operation 66 [1/1] (0.00ns)   --->   "%gmem1_addr_1 = getelementptr i64 %gmem1, i64 %sext_ln137" [userdma.cpp:137]   --->   Operation 66 'getelementptr' 'gmem1_addr_1' <Predicate = (icmp_ln131 & !and_ln134)> <Delay = 0.00>
ST_3 : Operation 67 [16/16] (7.30ns)   --->   "%gmem1_load_1_req = readreq i1 @_ssdm_op_ReadReq.m_axi.i64P1A, i64 %gmem1_addr_1, i32 1" [userdma.cpp:137]   --->   Operation 67 'readreq' 'gmem1_load_1_req' <Predicate = (icmp_ln131 & !and_ln134)> <Delay = 7.30> <CoreInst = "m_axi">   --->   Core 113 'm_axi' <Latency = 0> <II = 1> <Delay = 1.00> <Adapter> <Opcode : 'read' 'write' 'readreq' 'writereq' 'writeresp'>
ST_3 : Operation 68 [1/1] (0.00ns)   --->   "%sext_ln135 = sext i61 %trunc_ln3" [userdma.cpp:135]   --->   Operation 68 'sext' 'sext_ln135' <Predicate = (icmp_ln131 & and_ln134)> <Delay = 0.00>
ST_3 : Operation 69 [1/1] (0.00ns)   --->   "%gmem1_addr = getelementptr i64 %gmem1, i64 %sext_ln135" [userdma.cpp:135]   --->   Operation 69 'getelementptr' 'gmem1_addr' <Predicate = (icmp_ln131 & and_ln134)> <Delay = 0.00>
ST_3 : Operation 70 [16/16] (7.30ns)   --->   "%gmem1_load_req = readreq i1 @_ssdm_op_ReadReq.m_axi.i64P1A, i64 %gmem1_addr, i32 1" [userdma.cpp:135]   --->   Operation 70 'readreq' 'gmem1_load_req' <Predicate = (icmp_ln131 & and_ln134)> <Delay = 7.30> <CoreInst = "m_axi">   --->   Core 113 'm_axi' <Latency = 0> <II = 1> <Delay = 1.00> <Adapter> <Opcode : 'read' 'write' 'readreq' 'writereq' 'writeresp'>

State 4 <SV = 3> <Delay = 7.30>
ST_4 : Operation 71 [15/16] (7.30ns)   --->   "%gmem1_load_1_req = readreq i1 @_ssdm_op_ReadReq.m_axi.i64P1A, i64 %gmem1_addr_1, i32 1" [userdma.cpp:137]   --->   Operation 71 'readreq' 'gmem1_load_1_req' <Predicate = (icmp_ln131 & !and_ln134)> <Delay = 7.30> <CoreInst = "m_axi">   --->   Core 113 'm_axi' <Latency = 0> <II = 1> <Delay = 1.00> <Adapter> <Opcode : 'read' 'write' 'readreq' 'writereq' 'writeresp'>
ST_4 : Operation 72 [15/16] (7.30ns)   --->   "%gmem1_load_req = readreq i1 @_ssdm_op_ReadReq.m_axi.i64P1A, i64 %gmem1_addr, i32 1" [userdma.cpp:135]   --->   Operation 72 'readreq' 'gmem1_load_req' <Predicate = (icmp_ln131 & and_ln134)> <Delay = 7.30> <CoreInst = "m_axi">   --->   Core 113 'm_axi' <Latency = 0> <II = 1> <Delay = 1.00> <Adapter> <Opcode : 'read' 'write' 'readreq' 'writereq' 'writeresp'>

State 5 <SV = 4> <Delay = 7.30>
ST_5 : Operation 73 [14/16] (7.30ns)   --->   "%gmem1_load_1_req = readreq i1 @_ssdm_op_ReadReq.m_axi.i64P1A, i64 %gmem1_addr_1, i32 1" [userdma.cpp:137]   --->   Operation 73 'readreq' 'gmem1_load_1_req' <Predicate = (icmp_ln131 & !and_ln134)> <Delay = 7.30> <CoreInst = "m_axi">   --->   Core 113 'm_axi' <Latency = 0> <II = 1> <Delay = 1.00> <Adapter> <Opcode : 'read' 'write' 'readreq' 'writereq' 'writeresp'>
ST_5 : Operation 74 [14/16] (7.30ns)   --->   "%gmem1_load_req = readreq i1 @_ssdm_op_ReadReq.m_axi.i64P1A, i64 %gmem1_addr, i32 1" [userdma.cpp:135]   --->   Operation 74 'readreq' 'gmem1_load_req' <Predicate = (icmp_ln131 & and_ln134)> <Delay = 7.30> <CoreInst = "m_axi">   --->   Core 113 'm_axi' <Latency = 0> <II = 1> <Delay = 1.00> <Adapter> <Opcode : 'read' 'write' 'readreq' 'writereq' 'writeresp'>

State 6 <SV = 5> <Delay = 7.30>
ST_6 : Operation 75 [13/16] (7.30ns)   --->   "%gmem1_load_1_req = readreq i1 @_ssdm_op_ReadReq.m_axi.i64P1A, i64 %gmem1_addr_1, i32 1" [userdma.cpp:137]   --->   Operation 75 'readreq' 'gmem1_load_1_req' <Predicate = (icmp_ln131 & !and_ln134)> <Delay = 7.30> <CoreInst = "m_axi">   --->   Core 113 'm_axi' <Latency = 0> <II = 1> <Delay = 1.00> <Adapter> <Opcode : 'read' 'write' 'readreq' 'writereq' 'writeresp'>
ST_6 : Operation 76 [13/16] (7.30ns)   --->   "%gmem1_load_req = readreq i1 @_ssdm_op_ReadReq.m_axi.i64P1A, i64 %gmem1_addr, i32 1" [userdma.cpp:135]   --->   Operation 76 'readreq' 'gmem1_load_req' <Predicate = (icmp_ln131 & and_ln134)> <Delay = 7.30> <CoreInst = "m_axi">   --->   Core 113 'm_axi' <Latency = 0> <II = 1> <Delay = 1.00> <Adapter> <Opcode : 'read' 'write' 'readreq' 'writereq' 'writeresp'>

State 7 <SV = 6> <Delay = 7.30>
ST_7 : Operation 77 [12/16] (7.30ns)   --->   "%gmem1_load_1_req = readreq i1 @_ssdm_op_ReadReq.m_axi.i64P1A, i64 %gmem1_addr_1, i32 1" [userdma.cpp:137]   --->   Operation 77 'readreq' 'gmem1_load_1_req' <Predicate = (icmp_ln131 & !and_ln134)> <Delay = 7.30> <CoreInst = "m_axi">   --->   Core 113 'm_axi' <Latency = 0> <II = 1> <Delay = 1.00> <Adapter> <Opcode : 'read' 'write' 'readreq' 'writereq' 'writeresp'>
ST_7 : Operation 78 [12/16] (7.30ns)   --->   "%gmem1_load_req = readreq i1 @_ssdm_op_ReadReq.m_axi.i64P1A, i64 %gmem1_addr, i32 1" [userdma.cpp:135]   --->   Operation 78 'readreq' 'gmem1_load_req' <Predicate = (icmp_ln131 & and_ln134)> <Delay = 7.30> <CoreInst = "m_axi">   --->   Core 113 'm_axi' <Latency = 0> <II = 1> <Delay = 1.00> <Adapter> <Opcode : 'read' 'write' 'readreq' 'writereq' 'writeresp'>

State 8 <SV = 7> <Delay = 7.30>
ST_8 : Operation 79 [11/16] (7.30ns)   --->   "%gmem1_load_1_req = readreq i1 @_ssdm_op_ReadReq.m_axi.i64P1A, i64 %gmem1_addr_1, i32 1" [userdma.cpp:137]   --->   Operation 79 'readreq' 'gmem1_load_1_req' <Predicate = (icmp_ln131 & !and_ln134)> <Delay = 7.30> <CoreInst = "m_axi">   --->   Core 113 'm_axi' <Latency = 0> <II = 1> <Delay = 1.00> <Adapter> <Opcode : 'read' 'write' 'readreq' 'writereq' 'writeresp'>
ST_8 : Operation 80 [11/16] (7.30ns)   --->   "%gmem1_load_req = readreq i1 @_ssdm_op_ReadReq.m_axi.i64P1A, i64 %gmem1_addr, i32 1" [userdma.cpp:135]   --->   Operation 80 'readreq' 'gmem1_load_req' <Predicate = (icmp_ln131 & and_ln134)> <Delay = 7.30> <CoreInst = "m_axi">   --->   Core 113 'm_axi' <Latency = 0> <II = 1> <Delay = 1.00> <Adapter> <Opcode : 'read' 'write' 'readreq' 'writereq' 'writeresp'>

State 9 <SV = 8> <Delay = 7.30>
ST_9 : Operation 81 [10/16] (7.30ns)   --->   "%gmem1_load_1_req = readreq i1 @_ssdm_op_ReadReq.m_axi.i64P1A, i64 %gmem1_addr_1, i32 1" [userdma.cpp:137]   --->   Operation 81 'readreq' 'gmem1_load_1_req' <Predicate = (icmp_ln131 & !and_ln134)> <Delay = 7.30> <CoreInst = "m_axi">   --->   Core 113 'm_axi' <Latency = 0> <II = 1> <Delay = 1.00> <Adapter> <Opcode : 'read' 'write' 'readreq' 'writereq' 'writeresp'>
ST_9 : Operation 82 [10/16] (7.30ns)   --->   "%gmem1_load_req = readreq i1 @_ssdm_op_ReadReq.m_axi.i64P1A, i64 %gmem1_addr, i32 1" [userdma.cpp:135]   --->   Operation 82 'readreq' 'gmem1_load_req' <Predicate = (icmp_ln131 & and_ln134)> <Delay = 7.30> <CoreInst = "m_axi">   --->   Core 113 'm_axi' <Latency = 0> <II = 1> <Delay = 1.00> <Adapter> <Opcode : 'read' 'write' 'readreq' 'writereq' 'writeresp'>

State 10 <SV = 9> <Delay = 7.30>
ST_10 : Operation 83 [9/16] (7.30ns)   --->   "%gmem1_load_1_req = readreq i1 @_ssdm_op_ReadReq.m_axi.i64P1A, i64 %gmem1_addr_1, i32 1" [userdma.cpp:137]   --->   Operation 83 'readreq' 'gmem1_load_1_req' <Predicate = (icmp_ln131 & !and_ln134)> <Delay = 7.30> <CoreInst = "m_axi">   --->   Core 113 'm_axi' <Latency = 0> <II = 1> <Delay = 1.00> <Adapter> <Opcode : 'read' 'write' 'readreq' 'writereq' 'writeresp'>
ST_10 : Operation 84 [9/16] (7.30ns)   --->   "%gmem1_load_req = readreq i1 @_ssdm_op_ReadReq.m_axi.i64P1A, i64 %gmem1_addr, i32 1" [userdma.cpp:135]   --->   Operation 84 'readreq' 'gmem1_load_req' <Predicate = (icmp_ln131 & and_ln134)> <Delay = 7.30> <CoreInst = "m_axi">   --->   Core 113 'm_axi' <Latency = 0> <II = 1> <Delay = 1.00> <Adapter> <Opcode : 'read' 'write' 'readreq' 'writereq' 'writeresp'>

State 11 <SV = 10> <Delay = 7.30>
ST_11 : Operation 85 [8/16] (7.30ns)   --->   "%gmem1_load_1_req = readreq i1 @_ssdm_op_ReadReq.m_axi.i64P1A, i64 %gmem1_addr_1, i32 1" [userdma.cpp:137]   --->   Operation 85 'readreq' 'gmem1_load_1_req' <Predicate = (icmp_ln131 & !and_ln134)> <Delay = 7.30> <CoreInst = "m_axi">   --->   Core 113 'm_axi' <Latency = 0> <II = 1> <Delay = 1.00> <Adapter> <Opcode : 'read' 'write' 'readreq' 'writereq' 'writeresp'>
ST_11 : Operation 86 [8/16] (7.30ns)   --->   "%gmem1_load_req = readreq i1 @_ssdm_op_ReadReq.m_axi.i64P1A, i64 %gmem1_addr, i32 1" [userdma.cpp:135]   --->   Operation 86 'readreq' 'gmem1_load_req' <Predicate = (icmp_ln131 & and_ln134)> <Delay = 7.30> <CoreInst = "m_axi">   --->   Core 113 'm_axi' <Latency = 0> <II = 1> <Delay = 1.00> <Adapter> <Opcode : 'read' 'write' 'readreq' 'writereq' 'writeresp'>

State 12 <SV = 11> <Delay = 7.30>
ST_12 : Operation 87 [7/16] (7.30ns)   --->   "%gmem1_load_1_req = readreq i1 @_ssdm_op_ReadReq.m_axi.i64P1A, i64 %gmem1_addr_1, i32 1" [userdma.cpp:137]   --->   Operation 87 'readreq' 'gmem1_load_1_req' <Predicate = (icmp_ln131 & !and_ln134)> <Delay = 7.30> <CoreInst = "m_axi">   --->   Core 113 'm_axi' <Latency = 0> <II = 1> <Delay = 1.00> <Adapter> <Opcode : 'read' 'write' 'readreq' 'writereq' 'writeresp'>
ST_12 : Operation 88 [7/16] (7.30ns)   --->   "%gmem1_load_req = readreq i1 @_ssdm_op_ReadReq.m_axi.i64P1A, i64 %gmem1_addr, i32 1" [userdma.cpp:135]   --->   Operation 88 'readreq' 'gmem1_load_req' <Predicate = (icmp_ln131 & and_ln134)> <Delay = 7.30> <CoreInst = "m_axi">   --->   Core 113 'm_axi' <Latency = 0> <II = 1> <Delay = 1.00> <Adapter> <Opcode : 'read' 'write' 'readreq' 'writereq' 'writeresp'>

State 13 <SV = 12> <Delay = 7.30>
ST_13 : Operation 89 [6/16] (7.30ns)   --->   "%gmem1_load_1_req = readreq i1 @_ssdm_op_ReadReq.m_axi.i64P1A, i64 %gmem1_addr_1, i32 1" [userdma.cpp:137]   --->   Operation 89 'readreq' 'gmem1_load_1_req' <Predicate = (icmp_ln131 & !and_ln134)> <Delay = 7.30> <CoreInst = "m_axi">   --->   Core 113 'm_axi' <Latency = 0> <II = 1> <Delay = 1.00> <Adapter> <Opcode : 'read' 'write' 'readreq' 'writereq' 'writeresp'>
ST_13 : Operation 90 [6/16] (7.30ns)   --->   "%gmem1_load_req = readreq i1 @_ssdm_op_ReadReq.m_axi.i64P1A, i64 %gmem1_addr, i32 1" [userdma.cpp:135]   --->   Operation 90 'readreq' 'gmem1_load_req' <Predicate = (icmp_ln131 & and_ln134)> <Delay = 7.30> <CoreInst = "m_axi">   --->   Core 113 'm_axi' <Latency = 0> <II = 1> <Delay = 1.00> <Adapter> <Opcode : 'read' 'write' 'readreq' 'writereq' 'writeresp'>

State 14 <SV = 13> <Delay = 7.30>
ST_14 : Operation 91 [5/16] (7.30ns)   --->   "%gmem1_load_1_req = readreq i1 @_ssdm_op_ReadReq.m_axi.i64P1A, i64 %gmem1_addr_1, i32 1" [userdma.cpp:137]   --->   Operation 91 'readreq' 'gmem1_load_1_req' <Predicate = (icmp_ln131 & !and_ln134)> <Delay = 7.30> <CoreInst = "m_axi">   --->   Core 113 'm_axi' <Latency = 0> <II = 1> <Delay = 1.00> <Adapter> <Opcode : 'read' 'write' 'readreq' 'writereq' 'writeresp'>
ST_14 : Operation 92 [5/16] (7.30ns)   --->   "%gmem1_load_req = readreq i1 @_ssdm_op_ReadReq.m_axi.i64P1A, i64 %gmem1_addr, i32 1" [userdma.cpp:135]   --->   Operation 92 'readreq' 'gmem1_load_req' <Predicate = (icmp_ln131 & and_ln134)> <Delay = 7.30> <CoreInst = "m_axi">   --->   Core 113 'm_axi' <Latency = 0> <II = 1> <Delay = 1.00> <Adapter> <Opcode : 'read' 'write' 'readreq' 'writereq' 'writeresp'>

State 15 <SV = 14> <Delay = 7.30>
ST_15 : Operation 93 [4/16] (7.30ns)   --->   "%gmem1_load_1_req = readreq i1 @_ssdm_op_ReadReq.m_axi.i64P1A, i64 %gmem1_addr_1, i32 1" [userdma.cpp:137]   --->   Operation 93 'readreq' 'gmem1_load_1_req' <Predicate = (icmp_ln131 & !and_ln134)> <Delay = 7.30> <CoreInst = "m_axi">   --->   Core 113 'm_axi' <Latency = 0> <II = 1> <Delay = 1.00> <Adapter> <Opcode : 'read' 'write' 'readreq' 'writereq' 'writeresp'>
ST_15 : Operation 94 [4/16] (7.30ns)   --->   "%gmem1_load_req = readreq i1 @_ssdm_op_ReadReq.m_axi.i64P1A, i64 %gmem1_addr, i32 1" [userdma.cpp:135]   --->   Operation 94 'readreq' 'gmem1_load_req' <Predicate = (icmp_ln131 & and_ln134)> <Delay = 7.30> <CoreInst = "m_axi">   --->   Core 113 'm_axi' <Latency = 0> <II = 1> <Delay = 1.00> <Adapter> <Opcode : 'read' 'write' 'readreq' 'writereq' 'writeresp'>

State 16 <SV = 15> <Delay = 7.30>
ST_16 : Operation 95 [3/16] (7.30ns)   --->   "%gmem1_load_1_req = readreq i1 @_ssdm_op_ReadReq.m_axi.i64P1A, i64 %gmem1_addr_1, i32 1" [userdma.cpp:137]   --->   Operation 95 'readreq' 'gmem1_load_1_req' <Predicate = (icmp_ln131 & !and_ln134)> <Delay = 7.30> <CoreInst = "m_axi">   --->   Core 113 'm_axi' <Latency = 0> <II = 1> <Delay = 1.00> <Adapter> <Opcode : 'read' 'write' 'readreq' 'writereq' 'writeresp'>
ST_16 : Operation 96 [3/16] (7.30ns)   --->   "%gmem1_load_req = readreq i1 @_ssdm_op_ReadReq.m_axi.i64P1A, i64 %gmem1_addr, i32 1" [userdma.cpp:135]   --->   Operation 96 'readreq' 'gmem1_load_req' <Predicate = (icmp_ln131 & and_ln134)> <Delay = 7.30> <CoreInst = "m_axi">   --->   Core 113 'm_axi' <Latency = 0> <II = 1> <Delay = 1.00> <Adapter> <Opcode : 'read' 'write' 'readreq' 'writereq' 'writeresp'>

State 17 <SV = 16> <Delay = 7.30>
ST_17 : Operation 97 [2/16] (7.30ns)   --->   "%gmem1_load_1_req = readreq i1 @_ssdm_op_ReadReq.m_axi.i64P1A, i64 %gmem1_addr_1, i32 1" [userdma.cpp:137]   --->   Operation 97 'readreq' 'gmem1_load_1_req' <Predicate = (icmp_ln131 & !and_ln134)> <Delay = 7.30> <CoreInst = "m_axi">   --->   Core 113 'm_axi' <Latency = 0> <II = 1> <Delay = 1.00> <Adapter> <Opcode : 'read' 'write' 'readreq' 'writereq' 'writeresp'>
ST_17 : Operation 98 [2/16] (7.30ns)   --->   "%gmem1_load_req = readreq i1 @_ssdm_op_ReadReq.m_axi.i64P1A, i64 %gmem1_addr, i32 1" [userdma.cpp:135]   --->   Operation 98 'readreq' 'gmem1_load_req' <Predicate = (icmp_ln131 & and_ln134)> <Delay = 7.30> <CoreInst = "m_axi">   --->   Core 113 'm_axi' <Latency = 0> <II = 1> <Delay = 1.00> <Adapter> <Opcode : 'read' 'write' 'readreq' 'writereq' 'writeresp'>

State 18 <SV = 17> <Delay = 7.30>
ST_18 : Operation 99 [1/16] (7.30ns)   --->   "%gmem1_load_1_req = readreq i1 @_ssdm_op_ReadReq.m_axi.i64P1A, i64 %gmem1_addr_1, i32 1" [userdma.cpp:137]   --->   Operation 99 'readreq' 'gmem1_load_1_req' <Predicate = (icmp_ln131 & !and_ln134)> <Delay = 7.30> <CoreInst = "m_axi">   --->   Core 113 'm_axi' <Latency = 0> <II = 1> <Delay = 1.00> <Adapter> <Opcode : 'read' 'write' 'readreq' 'writereq' 'writeresp'>
ST_18 : Operation 100 [1/16] (7.30ns)   --->   "%gmem1_load_req = readreq i1 @_ssdm_op_ReadReq.m_axi.i64P1A, i64 %gmem1_addr, i32 1" [userdma.cpp:135]   --->   Operation 100 'readreq' 'gmem1_load_req' <Predicate = (icmp_ln131 & and_ln134)> <Delay = 7.30> <CoreInst = "m_axi">   --->   Core 113 'm_axi' <Latency = 0> <II = 1> <Delay = 1.00> <Adapter> <Opcode : 'read' 'write' 'readreq' 'writereq' 'writeresp'>

State 19 <SV = 18> <Delay = 7.30>
ST_19 : Operation 101 [1/1] (7.30ns)   --->   "%gmem1_addr_1_read = read i64 @_ssdm_op_Read.m_axi.i64P1A, i64 %gmem1_addr_1" [userdma.cpp:137]   --->   Operation 101 'read' 'gmem1_addr_1_read' <Predicate = (icmp_ln131 & !and_ln134)> <Delay = 7.30> <CoreInst = "m_axi">   --->   Core 113 'm_axi' <Latency = 0> <II = 1> <Delay = 1.00> <Adapter> <Opcode : 'read' 'write' 'readreq' 'writereq' 'writeresp'>
ST_19 : Operation 102 [1/1] (7.30ns)   --->   "%gmem1_addr_read = read i64 @_ssdm_op_Read.m_axi.i64P1A, i64 %gmem1_addr" [userdma.cpp:135]   --->   Operation 102 'read' 'gmem1_addr_read' <Predicate = (icmp_ln131 & and_ln134)> <Delay = 7.30> <CoreInst = "m_axi">   --->   Core 113 'm_axi' <Latency = 0> <II = 1> <Delay = 1.00> <Adapter> <Opcode : 'read' 'write' 'readreq' 'writereq' 'writeresp'>

State 20 <SV = 19> <Delay = 4.59>
ST_20 : Operation 103 [1/1] (1.58ns)   --->   "%br_ln0 = br void %if.end36"   --->   Operation 103 'br' 'br_ln0' <Predicate = (icmp_ln131 & !and_ln134)> <Delay = 1.58>
ST_20 : Operation 104 [1/1] (4.59ns)   --->   "%lshr_ln135 = lshr i64 %gmem1_addr_read, i64 %zext_ln131_cast" [userdma.cpp:135]   --->   Operation 104 'lshr' 'lshr_ln135' <Predicate = (icmp_ln131 & and_ln134)> <Delay = 4.59> <CoreInst = "Shifter">   --->   Core 75 'Shifter' <Latency = 0> <II = 1> <Delay = 4.59> <FuncUnit> <Opcode : 'shl' 'lshr' 'ashr'> <InPorts = 2> <OutPorts = 1>
ST_20 : Operation 105 [1/1] (1.58ns)   --->   "%br_ln135 = br void %if.end36" [userdma.cpp:135]   --->   Operation 105 'br' 'br_ln135' <Predicate = (icmp_ln131 & and_ln134)> <Delay = 1.58>
ST_20 : Operation 111 [1/1] (0.00ns)   --->   "%ret_ln0 = ret"   --->   Operation 111 'ret' 'ret_ln0' <Predicate = (!icmp_ln131)> <Delay = 0.00>

State 21 <SV = 20> <Delay = 3.56>
ST_21 : Operation 106 [1/1] (0.00ns)   --->   "%phi_ln108 = phi i64 %lshr_ln135, void %if.then27, i64 %gmem1_addr_1_read, void %if.else30" [userdma.cpp:108]   --->   Operation 106 'phi' 'phi_ln108' <Predicate = true> <Delay = 0.00>
ST_21 : Operation 107 [1/1] (0.00ns)   --->   "%out_val_data_filed_V = trunc i64 %phi_ln108" [userdma.cpp:108]   --->   Operation 107 'trunc' 'out_val_data_filed_V' <Predicate = true> <Delay = 0.00>
ST_21 : Operation 108 [1/1] (0.00ns)   --->   "%p_0 = bitconcatenate i35 @_ssdm_op_BitConcatenate.i35.i1.i1.i1.i32, i1 %out_val_last_V, i1 0, i1 %icmp_ln145, i32 %out_val_data_filed_V" [/tools/Xilinx/Vitis_HLS/2022.1/common/technology/autopilot/hls_stream_39.h:174]   --->   Operation 108 'bitconcatenate' 'p_0' <Predicate = true> <Delay = 0.00>
ST_21 : Operation 109 [1/1] (3.56ns)   --->   "%write_ln174 = write void @_ssdm_op_Write.ap_fifo.volatile.i35P0A, i35 %outbuf, i35 %p_0" [/tools/Xilinx/Vitis_HLS/2022.1/common/technology/autopilot/hls_stream_39.h:174]   --->   Operation 109 'write' 'write_ln174' <Predicate = true> <Delay = 3.56> <CoreInst = "FIFO">   --->   Core 78 'FIFO' <Latency = 0> <II = 1> <Delay = 3.56> <Storage> <Opcode : 'read' 'write' 'nbread' 'nbwrite'> <Ports = 0> <Width = 35> <Depth = 64> <FIFO>
ST_21 : Operation 110 [1/1] (0.00ns)   --->   "%br_ln131 = br void %for.body" [userdma.cpp:131]   --->   Operation 110 'br' 'br_ln131' <Predicate = true> <Delay = 0.00>


============================================================
+ Verbose Summary: Timing violations
============================================================
Target clock period: 10ns, clock uncertainty: 2.7ns.

 <State 1>: 1.59ns
The critical path consists of the following:
	'alloca' operation ('i') [11]  (0 ns)
	'store' operation ('store_ln0') of constant 0 on local variable 'i' [23]  (1.59 ns)

 <State 2>: 7.04ns
The critical path consists of the following:
	'load' operation ('i', userdma.cpp:135) on local variable 'i' [27]  (0 ns)
	'add' operation ('add_ln135', userdma.cpp:135) [41]  (3.52 ns)
	'add' operation ('add_ln135_1', userdma.cpp:135) [51]  (3.52 ns)

 <State 3>: 7.3ns
The critical path consists of the following:
	'getelementptr' operation ('gmem1_addr_1', userdma.cpp:137) [46]  (0 ns)
	bus request operation ('gmem1_load_1_req', userdma.cpp:137) on port 'gmem1' (userdma.cpp:137) [47]  (7.3 ns)

 <State 4>: 7.3ns
The critical path consists of the following:
	bus request operation ('gmem1_load_1_req', userdma.cpp:137) on port 'gmem1' (userdma.cpp:137) [47]  (7.3 ns)

 <State 5>: 7.3ns
The critical path consists of the following:
	bus request operation ('gmem1_load_1_req', userdma.cpp:137) on port 'gmem1' (userdma.cpp:137) [47]  (7.3 ns)

 <State 6>: 7.3ns
The critical path consists of the following:
	bus request operation ('gmem1_load_1_req', userdma.cpp:137) on port 'gmem1' (userdma.cpp:137) [47]  (7.3 ns)

 <State 7>: 7.3ns
The critical path consists of the following:
	bus request operation ('gmem1_load_1_req', userdma.cpp:137) on port 'gmem1' (userdma.cpp:137) [47]  (7.3 ns)

 <State 8>: 7.3ns
The critical path consists of the following:
	bus request operation ('gmem1_load_1_req', userdma.cpp:137) on port 'gmem1' (userdma.cpp:137) [47]  (7.3 ns)

 <State 9>: 7.3ns
The critical path consists of the following:
	bus request operation ('gmem1_load_1_req', userdma.cpp:137) on port 'gmem1' (userdma.cpp:137) [47]  (7.3 ns)

 <State 10>: 7.3ns
The critical path consists of the following:
	bus request operation ('gmem1_load_1_req', userdma.cpp:137) on port 'gmem1' (userdma.cpp:137) [47]  (7.3 ns)

 <State 11>: 7.3ns
The critical path consists of the following:
	bus request operation ('gmem1_load_1_req', userdma.cpp:137) on port 'gmem1' (userdma.cpp:137) [47]  (7.3 ns)

 <State 12>: 7.3ns
The critical path consists of the following:
	bus request operation ('gmem1_load_1_req', userdma.cpp:137) on port 'gmem1' (userdma.cpp:137) [47]  (7.3 ns)

 <State 13>: 7.3ns
The critical path consists of the following:
	bus request operation ('gmem1_load_1_req', userdma.cpp:137) on port 'gmem1' (userdma.cpp:137) [47]  (7.3 ns)

 <State 14>: 7.3ns
The critical path consists of the following:
	bus request operation ('gmem1_load_1_req', userdma.cpp:137) on port 'gmem1' (userdma.cpp:137) [47]  (7.3 ns)

 <State 15>: 7.3ns
The critical path consists of the following:
	bus request operation ('gmem1_load_1_req', userdma.cpp:137) on port 'gmem1' (userdma.cpp:137) [47]  (7.3 ns)

 <State 16>: 7.3ns
The critical path consists of the following:
	bus request operation ('gmem1_load_1_req', userdma.cpp:137) on port 'gmem1' (userdma.cpp:137) [47]  (7.3 ns)

 <State 17>: 7.3ns
The critical path consists of the following:
	bus request operation ('gmem1_load_1_req', userdma.cpp:137) on port 'gmem1' (userdma.cpp:137) [47]  (7.3 ns)

 <State 18>: 7.3ns
The critical path consists of the following:
	bus request operation ('gmem1_load_1_req', userdma.cpp:137) on port 'gmem1' (userdma.cpp:137) [47]  (7.3 ns)

 <State 19>: 7.3ns
The critical path consists of the following:
	bus read operation ('gmem1_addr_1_read', userdma.cpp:137) on port 'gmem1' (userdma.cpp:137) [48]  (7.3 ns)

 <State 20>: 4.59ns
The critical path consists of the following:
	'lshr' operation ('lshr_ln135', userdma.cpp:135) [57]  (4.59 ns)

 <State 21>: 3.56ns
The critical path consists of the following:
	'phi' operation ('phi_ln108', userdma.cpp:108) with incoming values : ('gmem1_addr_1_read', userdma.cpp:137) ('lshr_ln135', userdma.cpp:135) [60]  (0 ns)
	fifo write operation ('write_ln174', /tools/Xilinx/Vitis_HLS/2022.1/common/technology/autopilot/hls_stream_39.h:174) on port 'outbuf' (/tools/Xilinx/Vitis_HLS/2022.1/common/technology/autopilot/hls_stream_39.h:174) [68]  (3.56 ns)


============================================================
+ Verbose Summary: Binding
============================================================
N/A
* FSMD analyzer results:
  - Output states:
 - Input state : 
  - Chain level:
	State 1
	State 2
	State 3
	State 4
	State 5
	State 6
	State 7
	State 8
	State 9
	State 10
	State 11
	State 12
	State 13
	State 14
	State 15
	State 16
	State 17
	State 18
	State 19
	State 20
	State 21


============================================================
+ Verbose Summary: Datapath Resource usage 
============================================================
N/A
