-- Catapult Ultra Synthesis: Report                                              
-- ------------------------- ---------------------------------------------------
-- Version:                  2024.1/1091966 Production Release                   
-- Build Date:               Wed Feb 14 09:07:18 PST 2024                        
                                                                                 
-- Generated by:             u110020015@pc407                                    
-- Generated date:           Tue May 21 17:01:30 CST 2024                        

Solution Settings: PE.v8
  Current state: schedule
  Project: Catapult

Design Input Files Specified
  $PROJECT_HOME/hls_c/PE.h
    $PROJECT_HOME/hls_c/header.h
      $MGC_HOME/shared/include/ac_int.h
      $MGC_HOME/shared/include/ac_math.h
        $MGC_HOME/shared/include/ac_math/ac_abs.h
          $MGC_HOME/shared/include/ac_fixed.h
          $MGC_HOME/shared/include/ac_float.h
          $MGC_HOME/shared/include/ac_complex.h
          $MGC_HOME/shared/include/ac_math/ac_sqrt_pwl.h
            $MGC_HOME/shared/include/ac_math/ac_shift.h
            $MGC_HOME/shared/include/ac_math/ac_normalize.h
        $MGC_HOME/shared/include/ac_math/ac_arccos_cordic.h
          $MGC_HOME/shared/include/ac_std_float.h
        $MGC_HOME/shared/include/ac_math/ac_arcsin_cordic.h
        $MGC_HOME/shared/include/ac_math/ac_atan_pwl.h
          $MGC_HOME/shared/include/ac_math/ac_reciprocal_pwl.h
        $MGC_HOME/shared/include/ac_math/ac_atan_pwl_ha.h
          $MGC_HOME/shared/include/ac_math/ac_reciprocal_pwl_ha.h
        $MGC_HOME/shared/include/ac_math/ac_atan2_cordic.h
        $MGC_HOME/shared/include/ac_math/ac_barrel_shift.h
        $MGC_HOME/shared/include/ac_math/ac_div.h
        $MGC_HOME/shared/include/ac_math/ac_hcordic.h
        $MGC_HOME/shared/include/ac_math/ac_inverse_sqrt_pwl.h
        $MGC_HOME/shared/include/ac_math/ac_log_pwl.h
        $MGC_HOME/shared/include/ac_math/ac_pow_pwl.h
        $MGC_HOME/shared/include/ac_math/ac_sigmoid_pwl.h
        $MGC_HOME/shared/include/ac_math/ac_sincos_cordic.h
        $MGC_HOME/shared/include/ac_math/ac_sincos_lut.h
        $MGC_HOME/shared/include/ac_math/ac_sqrt.h
        $MGC_HOME/shared/include/ac_math/ac_tan_pwl.h
        $MGC_HOME/shared/include/ac_math/ac_tanh_pwl.h
        $MGC_HOME/shared/include/ac_math/ac_softmax_pwl.h
        $MGC_HOME/shared/include/ac_float_add_tree.h
      $MGC_HOME/shared/include/ac_channel.h
      $MGC_HOME/shared/include/ac_shared.h
    $MGC_HOME/shared/include/mc_scverify.h

Processes/Blocks in Design
  Process       Real Operation(s) count Latency Throughput Reset Length II Comments 
  ------------- ----------------------- ------- ---------- ------------ -- --------
  /PE/run                          2429    9217       9218            1  0        ? 
  Design Total:                    2429    9217       9218            1  0          
  
Clock Information
  Clock Signal Edge   Period Sharing Alloc (%) Uncertainty Used by Processes/Blocks 
  ------------ ------ ------ ----------------- ----------- ------------------------
  clk          rising 10.000             20.00    0.000000 /PE/run                  
  
I/O Data Ranges
  Port              Mode DeclType DeclWidth DeclRange ActType ActWidth ActRange 
  ----------------- ---- -------- --------- --------- ------- -------- --------
  clk               IN   Unsigned         1                                     
  rst               IN   Unsigned         1                                     
  arst_n            IN   Unsigned         1                                     
  ap_start:rsc.dat  IN   Unsigned         1                                     
  ap_start:rsc.vld  IN   Unsigned         1                                     
  ap_done:rsc.rdy   IN   Unsigned         1                                     
  t_in:rsc.dat      IN   Unsigned        16                                     
  m_in:rsc.dat      IN   Unsigned        16                                     
  mode1:rsc.dat     IN   Unsigned        16                                     
  in.f.d:rsc.q      IN   Unsigned        64                                     
  in.u:rsc.q        IN   Unsigned        16                                     
  out.f.d:rsc.q     IN   Unsigned        64                                     
  out.u:rsc.q       IN   Unsigned        16                                     
  ap_start:rsc.rdy  OUT  Unsigned         1                                     
  ap_done:rsc.dat   OUT  Unsigned         1                                     
  ap_done:rsc.vld   OUT  Unsigned         1                                     
  t_in.triosy.lz    OUT  Unsigned         1                                     
  m_in.triosy.lz    OUT  Unsigned         1                                     
  mode1.triosy.lz   OUT  Unsigned         1                                     
  in.f.d:rsc.adr    OUT  Unsigned        10                                     
  in.f.d:rsc.d      OUT  Unsigned        64                                     
  in.f.d:rsc.we     OUT  Unsigned         1                                     
  in.f.d:rsc.en     OUT  Unsigned         1                                     
  in.f.d.triosy.lz  OUT  Unsigned         1                                     
  in.u:rsc.adr      OUT  Unsigned        10                                     
  in.u:rsc.d        OUT  Unsigned        16                                     
  in.u:rsc.we       OUT  Unsigned         1                                     
  in.u:rsc.en       OUT  Unsigned         1                                     
  in.u.triosy.lz    OUT  Unsigned         1                                     
  out.f.d:rsc.adr   OUT  Unsigned        10                                     
  out.f.d:rsc.d     OUT  Unsigned        64                                     
  out.f.d:rsc.we    OUT  Unsigned         1                                     
  out.f.d:rsc.en    OUT  Unsigned         1                                     
  out.f.d.triosy.lz OUT  Unsigned         1                                     
  out.u:rsc.adr     OUT  Unsigned        10                                     
  out.u:rsc.d       OUT  Unsigned        16                                     
  out.u:rsc.we      OUT  Unsigned         1                                     
  out.u:rsc.en      OUT  Unsigned         1                                     
  out.u.triosy.lz   OUT  Unsigned         1                                     
  
Memory Resources
  Resource Name: /PE/ap_start:rsc
    Memory Component: ccs_in_wait                  Size:         1 x 1
    External:         true                         Packing Mode: sidebyside
    Memory Map:
    Variable     Indices Phys Memory Address     
    ------------ ------- -----------------------
    /PE/ap_start     0:0 00000000-00000000 (0-0) 
    
  Resource Name: /PE/ap_done:rsc
    Memory Component: ccs_out_wait                 Size:         1 x 1
    External:         true                         Packing Mode: sidebyside
    Memory Map:
    Variable    Indices Phys Memory Address     
    ----------- ------- -----------------------
    /PE/ap_done     0:0 00000000-00000000 (0-0) 
    
  Resource Name: /PE/t_in:rsc
    Memory Component: ccs_in                       Size:         1 x 16
    External:         true                         Packing Mode: sidebyside
    Memory Map:
    Variable Indices Phys Memory Address     
    -------- ------- -----------------------
    /PE/t_in    0:15 00000000-00000000 (0-0) 
    
  Resource Name: /PE/m_in:rsc
    Memory Component: ccs_in                       Size:         1 x 16
    External:         true                         Packing Mode: sidebyside
    Memory Map:
    Variable Indices Phys Memory Address     
    -------- ------- -----------------------
    /PE/m_in    0:15 00000000-00000000 (0-0) 
    
  Resource Name: /PE/mode1:rsc
    Memory Component: ccs_in                       Size:         1 x 16
    External:         true                         Packing Mode: sidebyside
    Memory Map:
    Variable  Indices Phys Memory Address     
    --------- ------- -----------------------
    /PE/mode1    0:15 00000000-00000000 (0-0) 
    
  Resource Name: /PE/in.f.d:rsc
    Memory Component: ccs_ram_sync_singleport      Size:         1024 x 64
    External:         false                        Packing Mode: absolute
    Memory Map:
    Variable   Indices Phys Memory Address        
    ---------- ------- --------------------------
    /PE/in.f.d    0:63 000003ff-00000000 (1023-0) 
    
  Resource Name: /PE/in.u:rsc
    Memory Component: ccs_ram_sync_singleport      Size:         1024 x 16
    External:         false                        Packing Mode: absolute
    Memory Map:
    Variable Indices Phys Memory Address        
    -------- ------- --------------------------
    /PE/in.u    0:15 000003ff-00000000 (1023-0) 
    
  Resource Name: /PE/out.f.d:rsc
    Memory Component: ccs_ram_sync_singleport      Size:         1024 x 64
    External:         false                        Packing Mode: absolute
    Memory Map:
    Variable    Indices Phys Memory Address        
    ----------- ------- --------------------------
    /PE/out.f.d    0:63 000003ff-00000000 (1023-0) 
    
  Resource Name: /PE/out.u:rsc
    Memory Component: ccs_ram_sync_singleport      Size:         1024 x 16
    External:         false                        Packing Mode: absolute
    Memory Map:
    Variable  Indices Phys Memory Address        
    --------- ------- --------------------------
    /PE/out.u    0:15 000003ff-00000000 (1023-0) 
    
C++ to Interface Mappings
  Resource/Fields C++ Type Interface Range Range Expression(x) x=step+offset Expression Limits 
  --------------- -------- --------------- ------------------- ------------- -----------------
  
Multi-Cycle (Combinational) Component Usage
  Instance Component Name Cycles 
  -------- -------------- ------
  
Loops
  Process Loop             Iterations C-Steps Total Cycles  Duration  Unroll Init Comments 
  ------- ---------------- ---------- ------- ------------- --------- ------ ---- --------
  /PE/run run:rlp            Infinite       1       9219 ?  92.19 us                       
  /PE/run  main              Infinite       2       9218 ?  92.18 us                       
  /PE/run   BUTTERFLY             512      18       9216 ?  92.16 us                       
  
Loop Execution Profile
  Process Loop             Total Cycles % of Overall Design Cycles Throughput Cycles Comments 
  ------- ---------------- ------------ -------------------------- ----------------- --------
  /PE/run run:rlp                  1 ?                        0.01           9218 ?           
  /PE/run  main                    2 ?                        0.02           9218 ?           
  /PE/run   BUTTERFLY           9216 ?                       99.97           9216 ?           
  
End of Report
