
*** Running vivado
    with args -log design_1_caravel_ps_0_0.vds -m64 -product Vivado -mode batch -messageDb vivado.pb -notrace -source design_1_caravel_ps_0_0.tcl


****** Vivado v2022.1 (64-bit)
  **** SW Build 3526262 on Mon Apr 18 15:47:01 MDT 2022
  **** IP Build 3524634 on Mon Apr 18 20:55:01 MDT 2022
    ** Copyright 1986-2022 Xilinx, Inc. All Rights Reserved.

source design_1_caravel_ps_0_0.tcl -notrace
create_project: Time (s): cpu = 00:00:12 ; elapsed = 00:00:22 . Memory (MB): peak = 2508.766 ; gain = 0.023 ; free physical = 576 ; free virtual = 1254
INFO: [IP_Flow 19-234] Refreshing IP repositories
INFO: [IP_Flow 19-1700] Loaded user IP repository '/home/ubuntu/testfpga/impl_ASIC/fiFFNTT_sim/vivado/vitis_prj/hls_caravel_ps'.
INFO: [IP_Flow 19-1700] Loaded user IP repository '/home/ubuntu/testfpga/impl_ASIC/fiFFNTT_sim/vivado/vitis_prj/hls_output_pin'.
INFO: [IP_Flow 19-2313] Loaded Vivado IP repository '/tools/Xilinx/Vivado/2022.1/data/ip'.
update_ip_catalog: Time (s): cpu = 00:00:01 ; elapsed = 00:00:07 . Memory (MB): peak = 2508.766 ; gain = 0.000 ; free physical = 926 ; free virtual = 1753
Command: synth_design -top design_1_caravel_ps_0_0 -part xc7z020clg400-1 -incremental_mode off -mode out_of_context
Starting synth_design
Attempting to get a license for feature 'Synthesis' and/or device 'xc7z020'
INFO: [Common 17-349] Got license for feature 'Synthesis' and/or device 'xc7z020'
INFO: [Device 21-403] Loading part xc7z020clg400-1
INFO: [Synth 8-7079] Multithreading enabled for synth_design using a maximum of 4 processes.
INFO: [Synth 8-7078] Launching helper process for spawning children vivado processes
INFO: [Synth 8-7075] Helper process launched with PID 7081
WARNING: [Synth 8-9501] generate block is allowed only inside loop and conditional generate in SystemVerilog mode [/tools/Xilinx/Vivado/2022.1/data/ip/xpm/xpm_fifo/hdl/xpm_fifo.sv:4023]
---------------------------------------------------------------------------------
Starting RTL Elaboration : Time (s): cpu = 00:00:08 ; elapsed = 00:00:08 . Memory (MB): peak = 2640.562 ; gain = 131.797 ; free physical = 800 ; free virtual = 1319
---------------------------------------------------------------------------------
INFO: [Synth 8-6157] synthesizing module 'design_1_caravel_ps_0_0' [/home/ubuntu/testfpga/impl_ASIC/fiFFNTT_sim/vivado/vvd_caravel_fpga/vvd_caravel_fpga.gen/sources_1/bd/design_1/ip/design_1_caravel_ps_0_0/synth/design_1_caravel_ps_0_0.v:53]
INFO: [Synth 8-6157] synthesizing module 'caravel_ps' [/home/ubuntu/testfpga/impl_ASIC/fiFFNTT_sim/vivado/vvd_caravel_fpga/vvd_caravel_fpga.gen/sources_1/bd/design_1/ipshared/178d/hdl/verilog/caravel_ps.v:10]
INFO: [Synth 8-6157] synthesizing module 'caravel_ps_control_s_axi' [/home/ubuntu/testfpga/impl_ASIC/fiFFNTT_sim/vivado/vvd_caravel_fpga/vvd_caravel_fpga.gen/sources_1/bd/design_1/ipshared/178d/hdl/verilog/caravel_ps_control_s_axi.v:7]
INFO: [Synth 8-155] case statement is not full and has no default [/home/ubuntu/testfpga/impl_ASIC/fiFFNTT_sim/vivado/vvd_caravel_fpga/vvd_caravel_fpga.gen/sources_1/bd/design_1/ipshared/178d/hdl/verilog/caravel_ps_control_s_axi.v:196]
INFO: [Synth 8-6155] done synthesizing module 'caravel_ps_control_s_axi' (0#1) [/home/ubuntu/testfpga/impl_ASIC/fiFFNTT_sim/vivado/vvd_caravel_fpga/vvd_caravel_fpga.gen/sources_1/bd/design_1/ipshared/178d/hdl/verilog/caravel_ps_control_s_axi.v:7]
INFO: [Synth 8-6155] done synthesizing module 'caravel_ps' (0#1) [/home/ubuntu/testfpga/impl_ASIC/fiFFNTT_sim/vivado/vvd_caravel_fpga/vvd_caravel_fpga.gen/sources_1/bd/design_1/ipshared/178d/hdl/verilog/caravel_ps.v:10]
INFO: [Synth 8-6155] done synthesizing module 'design_1_caravel_ps_0_0' (0#1) [/home/ubuntu/testfpga/impl_ASIC/fiFFNTT_sim/vivado/vvd_caravel_fpga/vvd_caravel_fpga.gen/sources_1/bd/design_1/ip/design_1_caravel_ps_0_0/synth/design_1_caravel_ps_0_0.v:53]
---------------------------------------------------------------------------------
Finished RTL Elaboration : Time (s): cpu = 00:00:11 ; elapsed = 00:00:11 . Memory (MB): peak = 2705.500 ; gain = 196.734 ; free physical = 327 ; free virtual = 980
---------------------------------------------------------------------------------
---------------------------------------------------------------------------------
Start Handling Custom Attributes
---------------------------------------------------------------------------------
---------------------------------------------------------------------------------
Finished Handling Custom Attributes : Time (s): cpu = 00:00:11 ; elapsed = 00:00:11 . Memory (MB): peak = 2723.312 ; gain = 214.547 ; free physical = 207 ; free virtual = 899
---------------------------------------------------------------------------------
---------------------------------------------------------------------------------
Finished RTL Optimization Phase 1 : Time (s): cpu = 00:00:11 ; elapsed = 00:00:11 . Memory (MB): peak = 2723.312 ; gain = 214.547 ; free physical = 206 ; free virtual = 898
---------------------------------------------------------------------------------
Netlist sorting complete. Time (s): cpu = 00:00:00.01 ; elapsed = 00:00:00 . Memory (MB): peak = 2723.312 ; gain = 0.000 ; free physical = 159 ; free virtual = 866
INFO: [Project 1-570] Preparing netlist for logic optimization

Processing XDC Constraints
Initializing timing engine
Parsing XDC File [/home/ubuntu/testfpga/impl_ASIC/fiFFNTT_sim/vivado/vvd_caravel_fpga/vvd_caravel_fpga.gen/sources_1/bd/design_1/ip/design_1_caravel_ps_0_0/constraints/caravel_ps_ooc.xdc] for cell 'inst'
Finished Parsing XDC File [/home/ubuntu/testfpga/impl_ASIC/fiFFNTT_sim/vivado/vvd_caravel_fpga/vvd_caravel_fpga.gen/sources_1/bd/design_1/ip/design_1_caravel_ps_0_0/constraints/caravel_ps_ooc.xdc] for cell 'inst'
Parsing XDC File [/home/ubuntu/testfpga/impl_ASIC/fiFFNTT_sim/vivado/vvd_caravel_fpga/vvd_caravel_fpga.runs/design_1_caravel_ps_0_0_synth_1/dont_touch.xdc]
Finished Parsing XDC File [/home/ubuntu/testfpga/impl_ASIC/fiFFNTT_sim/vivado/vvd_caravel_fpga/vvd_caravel_fpga.runs/design_1_caravel_ps_0_0_synth_1/dont_touch.xdc]
Completed Processing XDC Constraints

Netlist sorting complete. Time (s): cpu = 00:00:00 ; elapsed = 00:00:00 . Memory (MB): peak = 2874.062 ; gain = 0.000 ; free physical = 1888 ; free virtual = 2196
INFO: [Project 1-111] Unisim Transformation Summary:
No Unisim elements were transformed.

Constraint Validation Runtime : Time (s): cpu = 00:00:00.26 ; elapsed = 00:00:01 . Memory (MB): peak = 2874.062 ; gain = 0.000 ; free physical = 1849 ; free virtual = 2184
INFO: [Designutils 20-5008] Incremental synthesis strategy off
---------------------------------------------------------------------------------
Finished Constraint Validation : Time (s): cpu = 00:00:35 ; elapsed = 00:01:17 . Memory (MB): peak = 2874.062 ; gain = 365.297 ; free physical = 128 ; free virtual = 927
---------------------------------------------------------------------------------
---------------------------------------------------------------------------------
Start Loading Part and Timing Information
---------------------------------------------------------------------------------
Loading part: xc7z020clg400-1
---------------------------------------------------------------------------------
Finished Loading Part and Timing Information : Time (s): cpu = 00:00:36 ; elapsed = 00:01:17 . Memory (MB): peak = 2874.062 ; gain = 365.297 ; free physical = 131 ; free virtual = 926
---------------------------------------------------------------------------------
---------------------------------------------------------------------------------
Start Applying 'set_property' XDC Constraints
---------------------------------------------------------------------------------
Applied set_property KEEP_HIERARCHY = SOFT for inst. (constraint file  /home/ubuntu/testfpga/impl_ASIC/fiFFNTT_sim/vivado/vvd_caravel_fpga/vvd_caravel_fpga.runs/design_1_caravel_ps_0_0_synth_1/dont_touch.xdc, line 9).
---------------------------------------------------------------------------------
Finished applying 'set_property' XDC Constraints : Time (s): cpu = 00:00:36 ; elapsed = 00:01:17 . Memory (MB): peak = 2874.062 ; gain = 365.297 ; free physical = 123 ; free virtual = 920
---------------------------------------------------------------------------------
INFO: [Synth 8-802] inferred FSM for state register 'wstate_reg' in module 'caravel_ps_control_s_axi'
INFO: [Synth 8-802] inferred FSM for state register 'rstate_reg' in module 'caravel_ps_control_s_axi'
---------------------------------------------------------------------------------------------------
                   State |                     New Encoding |                Previous Encoding 
---------------------------------------------------------------------------------------------------
                  iSTATE |                             0001 |                               11
*
                  WRIDLE |                             0010 |                               00
                  WRDATA |                             0100 |                               01
                  WRRESP |                             1000 |                               10
---------------------------------------------------------------------------------------------------
INFO: [Synth 8-3354] encoded FSM with state register 'wstate_reg' using encoding 'one-hot' in module 'caravel_ps_control_s_axi'
---------------------------------------------------------------------------------------------------
                   State |                     New Encoding |                Previous Encoding 
---------------------------------------------------------------------------------------------------
                  iSTATE |                              001 |                               10
*
                  RDIDLE |                              010 |                               00
                  RDDATA |                              100 |                               01
---------------------------------------------------------------------------------------------------
INFO: [Synth 8-3354] encoded FSM with state register 'rstate_reg' using encoding 'one-hot' in module 'caravel_ps_control_s_axi'
---------------------------------------------------------------------------------
Finished RTL Optimization Phase 2 : Time (s): cpu = 00:00:36 ; elapsed = 00:01:18 . Memory (MB): peak = 2874.062 ; gain = 365.297 ; free physical = 112 ; free virtual = 875
---------------------------------------------------------------------------------
---------------------------------------------------------------------------------
Start RTL Component Statistics 
---------------------------------------------------------------------------------
Detailed RTL Component Info : 
+---Registers : 
	               38 Bit    Registers := 2     
	               32 Bit    Registers := 2     
	                6 Bit    Registers := 2     
	                1 Bit    Registers := 2     
+---Muxes : 
	   9 Input   32 Bit        Muxes := 1     
	   4 Input    4 Bit        Muxes := 1     
	   2 Input    4 Bit        Muxes := 3     
	   9 Input    4 Bit        Muxes := 1     
	   3 Input    3 Bit        Muxes := 1     
	   2 Input    3 Bit        Muxes := 2     
	   2 Input    1 Bit        Muxes := 40    
---------------------------------------------------------------------------------
Finished RTL Component Statistics 
---------------------------------------------------------------------------------
---------------------------------------------------------------------------------
Start Part Resource Summary
---------------------------------------------------------------------------------
Part Resources:
DSPs: 220 (col length:60)
BRAMs: 280 (col length: RAMB18 60 RAMB36 30)
---------------------------------------------------------------------------------
Finished Part Resource Summary
---------------------------------------------------------------------------------
---------------------------------------------------------------------------------
Start Cross Boundary and Area Optimization
---------------------------------------------------------------------------------
WARNING: [Synth 8-7080] Parallel synthesis criteria is not met
WARNING: [Synth 8-3332] Sequential element (control_s_axi_U/FSM_onehot_wstate_reg[0]) is unused and will be removed from module caravel_ps.
WARNING: [Synth 8-3332] Sequential element (control_s_axi_U/FSM_onehot_rstate_reg[0]) is unused and will be removed from module caravel_ps.
---------------------------------------------------------------------------------
Finished Cross Boundary and Area Optimization : Time (s): cpu = 00:00:42 ; elapsed = 00:01:27 . Memory (MB): peak = 2874.062 ; gain = 365.297 ; free physical = 1277 ; free virtual = 2143
---------------------------------------------------------------------------------
---------------------------------------------------------------------------------
Start Applying XDC Timing Constraints
---------------------------------------------------------------------------------
---------------------------------------------------------------------------------
Finished Applying XDC Timing Constraints : Time (s): cpu = 00:00:52 ; elapsed = 00:01:37 . Memory (MB): peak = 2874.062 ; gain = 365.297 ; free physical = 1022 ; free virtual = 1989
---------------------------------------------------------------------------------
---------------------------------------------------------------------------------
Start Timing Optimization
---------------------------------------------------------------------------------
---------------------------------------------------------------------------------
Finished Timing Optimization : Time (s): cpu = 00:00:52 ; elapsed = 00:01:37 . Memory (MB): peak = 2874.062 ; gain = 365.297 ; free physical = 1021 ; free virtual = 1989
---------------------------------------------------------------------------------
---------------------------------------------------------------------------------
Start Technology Mapping
---------------------------------------------------------------------------------
---------------------------------------------------------------------------------
Finished Technology Mapping : Time (s): cpu = 00:00:52 ; elapsed = 00:01:37 . Memory (MB): peak = 2874.062 ; gain = 365.297 ; free physical = 1019 ; free virtual = 1988
---------------------------------------------------------------------------------
---------------------------------------------------------------------------------
Start IO Insertion
---------------------------------------------------------------------------------
---------------------------------------------------------------------------------
Start Flattening Before IO Insertion
---------------------------------------------------------------------------------
---------------------------------------------------------------------------------
Finished Flattening Before IO Insertion
---------------------------------------------------------------------------------
---------------------------------------------------------------------------------
Start Final Netlist Cleanup
---------------------------------------------------------------------------------
---------------------------------------------------------------------------------
Finished Final Netlist Cleanup
---------------------------------------------------------------------------------
---------------------------------------------------------------------------------
Finished IO Insertion : Time (s): cpu = 00:00:57 ; elapsed = 00:01:42 . Memory (MB): peak = 2874.062 ; gain = 365.297 ; free physical = 1921 ; free virtual = 2913
---------------------------------------------------------------------------------
---------------------------------------------------------------------------------
Start Renaming Generated Instances
---------------------------------------------------------------------------------
---------------------------------------------------------------------------------
Finished Renaming Generated Instances : Time (s): cpu = 00:00:57 ; elapsed = 00:01:42 . Memory (MB): peak = 2874.062 ; gain = 365.297 ; free physical = 1920 ; free virtual = 2913
---------------------------------------------------------------------------------
---------------------------------------------------------------------------------
Start Rebuilding User Hierarchy
---------------------------------------------------------------------------------
---------------------------------------------------------------------------------
Finished Rebuilding User Hierarchy : Time (s): cpu = 00:00:57 ; elapsed = 00:01:42 . Memory (MB): peak = 2874.062 ; gain = 365.297 ; free physical = 1919 ; free virtual = 2912
---------------------------------------------------------------------------------
---------------------------------------------------------------------------------
Start Renaming Generated Ports
---------------------------------------------------------------------------------
---------------------------------------------------------------------------------
Finished Renaming Generated Ports : Time (s): cpu = 00:00:57 ; elapsed = 00:01:42 . Memory (MB): peak = 2874.062 ; gain = 365.297 ; free physical = 1919 ; free virtual = 2911
---------------------------------------------------------------------------------
---------------------------------------------------------------------------------
Start Handling Custom Attributes
---------------------------------------------------------------------------------
---------------------------------------------------------------------------------
Finished Handling Custom Attributes : Time (s): cpu = 00:00:57 ; elapsed = 00:01:42 . Memory (MB): peak = 2874.062 ; gain = 365.297 ; free physical = 1919 ; free virtual = 2911
---------------------------------------------------------------------------------
---------------------------------------------------------------------------------
Start Renaming Generated Nets
---------------------------------------------------------------------------------
---------------------------------------------------------------------------------
Finished Renaming Generated Nets : Time (s): cpu = 00:00:57 ; elapsed = 00:01:42 . Memory (MB): peak = 2874.062 ; gain = 365.297 ; free physical = 1919 ; free virtual = 2911
---------------------------------------------------------------------------------
---------------------------------------------------------------------------------
Start Writing Synthesis Report
---------------------------------------------------------------------------------

Report BlackBoxes: 
+-+--------------+----------+
| |BlackBox name |Instances |
+-+--------------+----------+
+-+--------------+----------+

Report Cell Usage: 
+------+-----+------+
|      |Cell |Count |
+------+-----+------+
|1     |LUT1 |     1|
|2     |LUT2 |     8|
|3     |LUT3 |    79|
|4     |LUT4 |     4|
|5     |LUT5 |     1|
|6     |LUT6 |    46|
|7     |FDRE |   158|
+------+-----+------+
---------------------------------------------------------------------------------
Finished Writing Synthesis Report : Time (s): cpu = 00:00:57 ; elapsed = 00:01:42 . Memory (MB): peak = 2874.062 ; gain = 365.297 ; free physical = 1918 ; free virtual = 2911
---------------------------------------------------------------------------------
Synthesis finished with 0 errors, 0 critical warnings and 3 warnings.
Synthesis Optimization Runtime : Time (s): cpu = 00:00:49 ; elapsed = 00:00:57 . Memory (MB): peak = 2874.062 ; gain = 214.547 ; free physical = 1966 ; free virtual = 2963
Synthesis Optimization Complete : Time (s): cpu = 00:00:57 ; elapsed = 00:01:42 . Memory (MB): peak = 2874.062 ; gain = 365.297 ; free physical = 1964 ; free virtual = 2961
INFO: [Project 1-571] Translating synthesized netlist
Netlist sorting complete. Time (s): cpu = 00:00:00.01 ; elapsed = 00:00:00.01 . Memory (MB): peak = 2874.062 ; gain = 0.000 ; free physical = 1948 ; free virtual = 2951
INFO: [Project 1-570] Preparing netlist for logic optimization
INFO: [Opt 31-138] Pushed 0 inverter(s) to 0 load pin(s).
Netlist sorting complete. Time (s): cpu = 00:00:00.01 ; elapsed = 00:00:00 . Memory (MB): peak = 2874.062 ; gain = 0.000 ; free physical = 1956 ; free virtual = 2970
INFO: [Project 1-111] Unisim Transformation Summary:
No Unisim elements were transformed.

Synth Design complete, checksum: 539db9b2
INFO: [Common 17-83] Releasing license: Synthesis
28 Infos, 4 Warnings, 0 Critical Warnings and 0 Errors encountered.
synth_design completed successfully
synth_design: Time (s): cpu = 00:01:20 ; elapsed = 00:02:10 . Memory (MB): peak = 2874.062 ; gain = 365.297 ; free physical = 2158 ; free virtual = 3173
INFO: [Common 17-1381] The checkpoint '/home/ubuntu/testfpga/impl_ASIC/fiFFNTT_sim/vivado/vvd_caravel_fpga/vvd_caravel_fpga.runs/design_1_caravel_ps_0_0_synth_1/design_1_caravel_ps_0_0.dcp' has been generated.
INFO: [Coretcl 2-1648] Added synthesis output to IP cache for IP design_1_caravel_ps_0_0, cache-ID = fa6890231fa7b6ee
INFO: [Coretcl 2-1174] Renamed 2 cell refs.
INFO: [Common 17-1381] The checkpoint '/home/ubuntu/testfpga/impl_ASIC/fiFFNTT_sim/vivado/vvd_caravel_fpga/vvd_caravel_fpga.runs/design_1_caravel_ps_0_0_synth_1/design_1_caravel_ps_0_0.dcp' has been generated.
INFO: [runtcl-4] Executing : report_utilization -file design_1_caravel_ps_0_0_utilization_synth.rpt -pb design_1_caravel_ps_0_0_utilization_synth.pb
INFO: [Common 17-206] Exiting Vivado at Sun May 26 16:05:10 2024...
